INFO: [VRFC 10-163] Analyzing VHDL file "C:/Work/Vivado/15.1/Nexys4OLEDdemo/Nexys4OLEDdemo.srcs/sources_1/ip/charLib/blk_mem_gen_v8_2/simulation/blk_mem_gen_v8_2.vhd" into library blk_mem_gen_v8_2
INFO: [VRFC 10-307] analyzing entity blk_mem_axi_regs_fwd_v8_2
INFO: [VRFC 10-307] analyzing entity blk_mem_axi_write_wrapper_beh
INFO: [VRFC 10-307] analyzing entity write_netlist
INFO: [VRFC 10-307] analyzing entity blk_mem_axi_read_wrapper_beh
INFO: [VRFC 10-307] analyzing entity read_netlist
INFO: [VRFC 10-307] analyzing entity BLK_MEM_GEN_v8_2_output_stage
INFO: [VRFC 10-307] analyzing entity BLK_MEM_GEN_v8_2_softecc_output_reg_stage
INFO: [VRFC 10-307] analyzing entity BLK_MEM_GEN_v8_2_mem_module
INFO: [VRFC 10-307] analyzing entity blk_mem_gen_v8_2
INFO: [VRFC 10-307] analyzing entity beh_ff_clr
INFO: [VRFC 10-307] analyzing entity beh_ff_ce
INFO: [VRFC 10-307] analyzing entity beh_ff_pre
INFO: [VRFC 10-307] analyzing entity beh_muxf7
INFO: [VRFC 10-307] analyzing entity STATE_LOGIC
INFO: [VRFC 10-163] Analyzing VHDL file "C:/Work/Vivado/15.1/Nexys4OLEDdemo/Nexys4OLEDdemo.srcs/sources_1/ip/charLib/sim/charLib.vhd" into library xil_defaultlib
INFO: [VRFC 10-307] analyzing entity charLib
INFO: [VRFC 10-163] Analyzing VHDL file "C:/Work/Vivado/15.1/Nexys4OLEDdemo/Nexys4OLEDdemo.srcs/sources_1/imports/PmodOLED_Source/SpiCtrl.vhd" into library xil_defaultlib
INFO: [VRFC 10-307] analyzing entity SpiCtrl
INFO: [VRFC 10-163] Analyzing VHDL file "C:/Work/Vivado/15.1/Nexys4OLEDdemo/Nexys4OLEDdemo.srcs/sources_1/imports/PmodOLED_Source/Delay.vhd" into library xil_defaultlib
INFO: [VRFC 10-307] analyzing entity Delay
INFO: [VRFC 10-163] Analyzing VHDL file "C:/Work/Vivado/15.1/Nexys4OLEDdemo/Nexys4OLEDdemo.srcs/sources_1/imports/PmodOLED_Source/OledExample.vhd" into library xil_defaultlib
INFO: [VRFC 10-307] analyzing entity OledEx
INFO: [VRFC 10-163] Analyzing VHDL file "C:/Work/Vivado/15.1/Nexys4OLEDdemo/Nexys4OLEDdemo.srcs/sources_1/imports/PmodOLED_Source/OledInit.vhd" into library xil_defaultlib
INFO: [VRFC 10-307] analyzing entity OledInit
INFO: [VRFC 10-163] Analyzing VHDL file "C:/Work/Vivado/15.1/Nexys4OLEDdemo/Nexys4OLEDdemo.srcs/sources_1/imports/PmodOLED_Source/PmodOLEDCtrl.vhd" into library xil_defaultlib
INFO: [VRFC 10-307] analyzing entity PmodOLEDCtrl
