                             latency        interval
transaction       0:          312653          312654
transaction       1:           11303           11304
transaction       2:          584603          584604
transaction       3:           16387           16388
transaction       4:             807             808
transaction       5:           30447           30448
transaction       6:          580015          580016
transaction       7:           20775           20776
transaction       8:         1084695         1084696
transaction       9:           10975           10976
transaction      10:             438             439
transaction      11:           20484           20485
transaction      12:             479             480
transaction      13:              28              29
transaction      14:             886             887
transaction      15:           20447           20448
transaction      16:             808             809
transaction      17:           38170           38171
transaction      18:          584899          584900
transaction      19:           21108           21109
transaction      20:         1093686         1093687
transaction      21:           30743           30744
transaction      22:            1510            1511
transaction      23:           57124           57125
transaction      24:         1084991         1084992
transaction      25:           38794           38795
transaction      26:         2029120               x
