Copyright 1986-2018 Xilinx, Inc. All Rights Reserved.
------------------------------------------------------------------------------------
| Tool Version : Vivado v.2018.2 (win64) Build 2258646 Thu Jun 14 20:03:12 MDT 2018
| Date         : Sat Sep 22 15:44:11 2018
| Host         : Jay running 64-bit major release  (build 9200)
| Command      : report_control_sets -verbose -file top_control_sets_placed.rpt
| Design       : top
| Device       : xc7z020
------------------------------------------------------------------------------------

Control Set Information

Table of Contents
-----------------
1. Summary
2. Histogram
3. Flip-Flop Distribution
4. Detailed Control Set Information

1. Summary
----------

+----------------------------------------------------------+-------+
|                          Status                          | Count |
+----------------------------------------------------------+-------+
| Number of unique control sets                            |   137 |
| Unused register locations in slices containing registers |   154 |
+----------------------------------------------------------+-------+


2. Histogram
------------

+--------+--------------+
| Fanout | Control Sets |
+--------+--------------+
|      2 |            2 |
|      4 |            1 |
|      6 |            2 |
|      8 |           13 |
|     10 |            9 |
|     12 |            3 |
|     14 |            2 |
|    16+ |          105 |
+--------+--------------+


3. Flip-Flop Distribution
-------------------------

+--------------+-----------------------+------------------------+-----------------+--------------+
| Clock Enable | Synchronous Set/Reset | Asynchronous Set/Reset | Total Registers | Total Slices |
+--------------+-----------------------+------------------------+-----------------+--------------+
| No           | No                    | No                     |            1436 |          188 |
| No           | No                    | Yes                    |               0 |            0 |
| No           | Yes                   | No                     |             458 |           69 |
| Yes          | No                    | No                     |            1010 |          117 |
| Yes          | No                    | Yes                    |               0 |            0 |
| Yes          | Yes                   | No                     |            2494 |          320 |
+--------------+-----------------------+------------------------+-----------------+--------------+


4. Detailed Control Set Information
-----------------------------------

+------------------------------------------------------------+---------------------------------------------------------------------------------------------------------------------------------------------------------------------------+-------------------------------------------------------------------------------------------------------------------------------------------------------+------------------+----------------+
|                        Clock Signal                        |                                                                               Enable Signal                                                                               |                                                                    Set/Reset Signal                                                                   | Slice Load Count | Bel Load Count |
+------------------------------------------------------------+---------------------------------------------------------------------------------------------------------------------------------------------------------------------------+-------------------------------------------------------------------------------------------------------------------------------------------------------+------------------+----------------+
|  clka_0_IBUF_BUFG                                          | P1/Init/temp_vbat_i_1_n_0                                                                                                                                                 |                                                                                                                                                       |                1 |              2 |
|  clka_0_IBUF_BUFG                                          | P1/Init/temp_vdd_i_1_n_0                                                                                                                                                  |                                                                                                                                                       |                1 |              2 |
|  design_1_i/design_1_i/processing_system7_0/inst/FCLK_CLK0 | design_1_i/design_1_i/ps7_0_axi_periph/s00_couplers/auto_pc/inst/gen_axilite.gen_b2s_conv.axilite_b2s/WR.b_channel_0/bid_fifo_0/bresp_push                                |                                                                                                                                                       |                1 |              4 |
|  clka_0_IBUF_BUFG                                          | P1/Init/DELAY_COMP/FSM_onehot_current_state[3]_i_1__0_n_0                                                                                                                 | P1/Init/DELAY_COMP/SR[0]                                                                                                                              |                1 |              6 |
|  clka_0_IBUF_BUFG                                          | P1/Example/DELAY_COMP/FSM_onehot_current_state[3]_i_1__1_n_0                                                                                                              | P1/Init/DELAY_COMP/SR[0]                                                                                                                              |                1 |              6 |
|  clka_0_IBUF_BUFG                                          | P1/Init/E[0]                                                                                                                                                              | P1/Init/DELAY_COMP/SR[0]                                                                                                                              |                1 |              8 |
|  design_1_i/design_1_i/processing_system7_0/inst/FCLK_CLK0 | design_1_i/design_1_i/pspl_0/inst/pspl_v1_0_S00_AXI_inst/axi_awready0                                                                                                     | design_1_i/design_1_i/pspl_0/inst/slv_reg15[31]_i_1_n_0                                                                                               |                1 |              8 |
|  design_1_i/design_1_i/processing_system7_0/inst/FCLK_CLK0 |                                                                                                                                                                           | design_1_i/design_1_i/axi_gpio_0/U0/AXI_LITE_IPIF_I/I_SLAVE_ATTACHMENT/clear                                                                          |                1 |              8 |
|  design_1_i/design_1_i/processing_system7_0/inst/FCLK_CLK0 | design_1_i/design_1_i/ps7_0_axi_periph/s00_couplers/auto_pc/inst/gen_axilite.gen_b2s_conv.axilite_b2s/RD.ar_channel_0/ar_cmd_fsm_0/E[0]                                   | design_1_i/design_1_i/ps7_0_axi_periph/s00_couplers/auto_pc/inst/gen_axilite.gen_b2s_conv.axilite_b2s/RD.ar_channel_0/ar_cmd_fsm_0/axlen_cnt_reg[7]   |                1 |              8 |
|  design_1_i/design_1_i/processing_system7_0/inst/FCLK_CLK0 | design_1_i/design_1_i/ps7_0_axi_periph/s00_couplers/auto_pc/inst/gen_axilite.gen_b2s_conv.axilite_b2s/WR.aw_channel_0/aw_cmd_fsm_0/axaddr_wrap_reg[11][0]                 | design_1_i/design_1_i/ps7_0_axi_periph/s00_couplers/auto_pc/inst/gen_axilite.gen_b2s_conv.axilite_b2s/WR.aw_channel_0/aw_cmd_fsm_0/axlen_cnt_reg[7]_1 |                2 |              8 |
|  design_1_i/design_1_i/processing_system7_0/inst/FCLK_CLK0 |                                                                                                                                                                           | design_1_i/design_1_i/ps7_0_axi_periph/s00_couplers/auto_pc/inst/gen_axilite.gen_b2s_conv.axilite_b2s/SI_REG/ar.ar_pipe/m_valid_i_reg_0               |                2 |              8 |
|  clka_0_IBUF_BUFG                                          | P1/Example/after_char_state                                                                                                                                               | P1/Example/temp_index[3]_i_1_n_0                                                                                                                      |                1 |              8 |
|  design_1_i/design_1_i/processing_system7_0/inst/FCLK_CLK0 |                                                                                                                                                                           | design_1_i/design_1_i/ps7_0_axi_periph/s00_couplers/auto_pc/inst/gen_axilite.gen_b2s_conv.axilite_b2s/SI_REG/aw.aw_pipe/s_ready_i_reg_0               |                3 |              8 |
|  design_1_i/design_1_i/processing_system7_0/inst/FCLK_CLK0 | design_1_i/design_1_i/pspl_0/inst/pspl_v1_0_S00_AXI_inst/axi_arready0                                                                                                     | design_1_i/design_1_i/pspl_0/inst/slv_reg15[31]_i_1_n_0                                                                                               |                1 |              8 |
|  design_1_i/design_1_i/processing_system7_0/inst/FCLK_CLK0 | design_1_i/design_1_i/axi_gpio_0/U0/AXI_LITE_IPIF_I/I_SLAVE_ATTACHMENT/bus2ip_addr_i[8]_i_1_n_0                                                                           | design_1_i/design_1_i/axi_gpio_0/U0/AXI_LITE_IPIF_I/I_SLAVE_ATTACHMENT/SR[0]                                                                          |                2 |              8 |
|  clka_0_IBUF_BUFG                                          | P1/Example/temp_spi_data[5]_i_1_n_0                                                                                                                                       |                                                                                                                                                       |                1 |              8 |
|  clka_0_IBUF_BUFG                                          | P1/Example/temp_spi_data[5]_i_1_n_0                                                                                                                                       | P1/Example/temp_spi_data[7]_i_1__0_n_0                                                                                                                |                1 |              8 |
|  design_1_i/design_1_i/processing_system7_0/inst/FCLK_CLK0 | design_1_i/design_1_i/axi_gpio_0/U0/AXI_LITE_IPIF_I/I_SLAVE_ATTACHMENT/start2                                                                                             | design_1_i/design_1_i/axi_gpio_0/U0/AXI_LITE_IPIF_I/I_SLAVE_ATTACHMENT/I_DECODER/cs_ce_clr                                                            |                1 |              8 |
|  clka_0_IBUF_BUFG                                          |                                                                                                                                                                           | P1/Init/SPI_COMP/counter                                                                                                                              |                1 |             10 |
|  clka_0_IBUF_BUFG                                          |                                                                                                                                                                           | P1/Example/SPI_COMP/counter                                                                                                                           |                1 |             10 |
|  clka_0_IBUF_BUFG                                          | P1/Init/DELAY_COMP/E[0]                                                                                                                                                   | P1/Init/DELAY_COMP/SR[0]                                                                                                                              |                2 |             10 |
|  clka_0_IBUF_BUFG                                          | P1/Init/SPI_COMP/temp_sdo                                                                                                                                                 | P1/Init/SPI_COMP/shift_counter[3]_i_1__0_n_0                                                                                                          |                2 |             10 |
|  clka_0_IBUF_BUFG                                          | P1/Init/after_state[4]_i_1__0_n_0                                                                                                                                         |                                                                                                                                                       |                2 |             10 |
|  clka_0_IBUF_BUFG                                          | P1/Example/g0_b0_n_0                                                                                                                                                      |                                                                                                                                                       |                3 |             10 |
|  design_1_i/design_1_i/processing_system7_0/inst/FCLK_CLK0 |                                                                                                                                                                           | design_1_i/design_1_i/rst_ps7_0_100M/U0/EXT_LPF/lpf_int                                                                                               |                3 |             10 |
|  clka_0_IBUF_BUFG                                          | P1/Example/SPI_COMP/temp_sdo                                                                                                                                              | P1/Example/SPI_COMP/SR[0]                                                                                                                             |                2 |             10 |
|  design_1_i/design_1_i/processing_system7_0/inst/FCLK_CLK0 | design_1_i/design_1_i/axi_gpio_0/U0/AXI_LITE_IPIF_I/I_SLAVE_ATTACHMENT/I_DECODER/Dual.gpio_OE_reg[0][0]                                                                   | design_1_i/design_1_i/axi_gpio_0/U0/AXI_LITE_IPIF_I/I_SLAVE_ATTACHMENT/SR[0]                                                                          |                1 |             10 |
|  design_1_i/design_1_i/processing_system7_0/inst/FCLK_CLK0 |                                                                                                                                                                           | design_1_i/design_1_i/pspl_0/inst/slv_reg15[31]_i_1_n_0                                                                                               |                2 |             12 |
|  design_1_i/design_1_i/processing_system7_0/inst/FCLK_CLK0 | design_1_i/design_1_i/rst_ps7_0_100M/U0/SEQ/seq_cnt_en                                                                                                                    | design_1_i/design_1_i/rst_ps7_0_100M/U0/SEQ/SEQ_COUNTER/clear                                                                                         |                1 |             12 |
|  clka_0_IBUF_BUFG                                          | P1/Example/after_page_state                                                                                                                                               | P1/Example/after_page_state[4]_i_1_n_0                                                                                                                |                1 |             12 |
|  clka_0_IBUF_BUFG                                          |                                                                                                                                                                           | P1/Init/DELAY_COMP/SR[0]                                                                                                                              |                2 |             14 |
|  clka_0_IBUF_BUFG                                          | P1/Example/SPI_COMP/E[0]                                                                                                                                                  |                                                                                                                                                       |                2 |             14 |
|  design_1_i/design_1_i/processing_system7_0/inst/FCLK_CLK0 | design_1_i/design_1_i/pspl_0/inst/pspl_v1_0_S00_AXI_inst/p_1_in[7]                                                                                                        | design_1_i/design_1_i/pspl_0/inst/slv_reg15[31]_i_1_n_0                                                                                               |                1 |             16 |
|  design_1_i/design_1_i/processing_system7_0/inst/FCLK_CLK0 | design_1_i/design_1_i/pspl_0/inst/pspl_v1_0_S00_AXI_inst/p_1_in[31]                                                                                                       | design_1_i/design_1_i/pspl_0/inst/slv_reg15[31]_i_1_n_0                                                                                               |                2 |             16 |
|  design_1_i/design_1_i/processing_system7_0/inst/FCLK_CLK0 | design_1_i/design_1_i/pspl_0/inst/pspl_v1_0_S00_AXI_inst/p_1_in[15]                                                                                                       | design_1_i/design_1_i/pspl_0/inst/slv_reg15[31]_i_1_n_0                                                                                               |                1 |             16 |
|  clka_0_IBUF_BUFG                                          | P1/Init/SPI_COMP/shift_register_0                                                                                                                                         |                                                                                                                                                       |                2 |             16 |
|  clka_0_IBUF_BUFG                                          | P1/Init/temp_spi_data[7]_i_1_n_0                                                                                                                                          |                                                                                                                                                       |                2 |             16 |
|  design_1_i/design_1_i/processing_system7_0/inst/FCLK_CLK0 | design_1_i/design_1_i/pspl_0/inst/pspl_v1_0_S00_AXI_inst/slv_reg14[31]_i_1_n_0                                                                                            | design_1_i/design_1_i/pspl_0/inst/slv_reg15[31]_i_1_n_0                                                                                               |                1 |             16 |
|  clka_0_IBUF_BUFG                                          | P1/Example/SPI_COMP/shift_register                                                                                                                                        |                                                                                                                                                       |                2 |             16 |
|  design_1_i/design_1_i/processing_system7_0/inst/FCLK_CLK0 | design_1_i/design_1_i/pspl_0/inst/pspl_v1_0_S00_AXI_inst/p_1_in[23]                                                                                                       | design_1_i/design_1_i/pspl_0/inst/slv_reg15[31]_i_1_n_0                                                                                               |                2 |             16 |
|  design_1_i/design_1_i/processing_system7_0/inst/FCLK_CLK0 | design_1_i/design_1_i/pspl_0/inst/pspl_v1_0_S00_AXI_inst/slv_reg2[23]_i_1_n_0                                                                                             | design_1_i/design_1_i/pspl_0/inst/slv_reg15[31]_i_1_n_0                                                                                               |                2 |             16 |
|  design_1_i/design_1_i/processing_system7_0/inst/FCLK_CLK0 | design_1_i/design_1_i/pspl_0/inst/pspl_v1_0_S00_AXI_inst/slv_reg2[15]_i_1_n_0                                                                                             | design_1_i/design_1_i/pspl_0/inst/slv_reg15[31]_i_1_n_0                                                                                               |                1 |             16 |
|  design_1_i/design_1_i/processing_system7_0/inst/FCLK_CLK0 | design_1_i/design_1_i/pspl_0/inst/pspl_v1_0_S00_AXI_inst/slv_reg1[7]_i_1_n_0                                                                                              | design_1_i/design_1_i/pspl_0/inst/slv_reg15[31]_i_1_n_0                                                                                               |                2 |             16 |
|  design_1_i/design_1_i/processing_system7_0/inst/FCLK_CLK0 | design_1_i/design_1_i/ps7_0_axi_periph/s00_couplers/auto_pc/inst/gen_axilite.gen_b2s_conv.axilite_b2s/WR.b_channel_0/mhandshake_r                                         | design_1_i/design_1_i/ps7_0_axi_periph/s00_couplers/auto_pc/inst/gen_axilite.gen_b2s_conv.axilite_b2s/WR.b_channel_0/bid_fifo_0/SR[0]                 |                3 |             16 |
|  design_1_i/design_1_i/processing_system7_0/inst/FCLK_CLK0 | design_1_i/design_1_i/pspl_0/inst/pspl_v1_0_S00_AXI_inst/slv_reg1[31]_i_1_n_0                                                                                             | design_1_i/design_1_i/pspl_0/inst/slv_reg15[31]_i_1_n_0                                                                                               |                2 |             16 |
|  design_1_i/design_1_i/processing_system7_0/inst/FCLK_CLK0 | design_1_i/design_1_i/pspl_0/inst/pspl_v1_0_S00_AXI_inst/slv_reg1[23]_i_1_n_0                                                                                             | design_1_i/design_1_i/pspl_0/inst/slv_reg15[31]_i_1_n_0                                                                                               |                2 |             16 |
|  design_1_i/design_1_i/processing_system7_0/inst/FCLK_CLK0 | design_1_i/design_1_i/pspl_0/inst/pspl_v1_0_S00_AXI_inst/slv_reg15[15]_i_1_n_0                                                                                            | design_1_i/design_1_i/pspl_0/inst/slv_reg15[31]_i_1_n_0                                                                                               |                1 |             16 |
|  design_1_i/design_1_i/processing_system7_0/inst/FCLK_CLK0 | design_1_i/design_1_i/pspl_0/inst/pspl_v1_0_S00_AXI_inst/slv_reg13[31]_i_1_n_0                                                                                            | design_1_i/design_1_i/pspl_0/inst/slv_reg15[31]_i_1_n_0                                                                                               |                1 |             16 |
|  design_1_i/design_1_i/processing_system7_0/inst/FCLK_CLK0 | design_1_i/design_1_i/pspl_0/inst/pspl_v1_0_S00_AXI_inst/slv_reg12[7]_i_1_n_0                                                                                             | design_1_i/design_1_i/pspl_0/inst/slv_reg15[31]_i_1_n_0                                                                                               |                2 |             16 |
|  design_1_i/design_1_i/processing_system7_0/inst/FCLK_CLK0 | design_1_i/design_1_i/pspl_0/inst/pspl_v1_0_S00_AXI_inst/slv_reg12[23]_i_1_n_0                                                                                            | design_1_i/design_1_i/pspl_0/inst/slv_reg15[31]_i_1_n_0                                                                                               |                1 |             16 |
|  design_1_i/design_1_i/processing_system7_0/inst/FCLK_CLK0 | design_1_i/design_1_i/pspl_0/inst/pspl_v1_0_S00_AXI_inst/slv_reg12[31]_i_1_n_0                                                                                            | design_1_i/design_1_i/pspl_0/inst/slv_reg15[31]_i_1_n_0                                                                                               |                1 |             16 |
|  design_1_i/design_1_i/processing_system7_0/inst/FCLK_CLK0 | design_1_i/design_1_i/pspl_0/inst/pspl_v1_0_S00_AXI_inst/slv_reg2[31]_i_1_n_0                                                                                             | design_1_i/design_1_i/pspl_0/inst/slv_reg15[31]_i_1_n_0                                                                                               |                1 |             16 |
|  design_1_i/design_1_i/processing_system7_0/inst/FCLK_CLK0 | design_1_i/design_1_i/pspl_0/inst/pspl_v1_0_S00_AXI_inst/slv_reg2[7]_i_1_n_0                                                                                              | design_1_i/design_1_i/pspl_0/inst/slv_reg15[31]_i_1_n_0                                                                                               |                1 |             16 |
|  design_1_i/design_1_i/processing_system7_0/inst/FCLK_CLK0 | design_1_i/design_1_i/pspl_0/inst/pspl_v1_0_S00_AXI_inst/slv_reg3[15]_i_1_n_0                                                                                             | design_1_i/design_1_i/pspl_0/inst/slv_reg15[31]_i_1_n_0                                                                                               |                2 |             16 |
|  design_1_i/design_1_i/processing_system7_0/inst/FCLK_CLK0 | design_1_i/design_1_i/pspl_0/inst/pspl_v1_0_S00_AXI_inst/slv_reg10[31]_i_1_n_0                                                                                            | design_1_i/design_1_i/pspl_0/inst/slv_reg15[31]_i_1_n_0                                                                                               |                2 |             16 |
|  design_1_i/design_1_i/processing_system7_0/inst/FCLK_CLK0 | design_1_i/design_1_i/pspl_0/inst/pspl_v1_0_S00_AXI_inst/slv_reg11[15]_i_1_n_0                                                                                            | design_1_i/design_1_i/pspl_0/inst/slv_reg15[31]_i_1_n_0                                                                                               |                1 |             16 |
|  design_1_i/design_1_i/processing_system7_0/inst/FCLK_CLK0 | design_1_i/design_1_i/pspl_0/inst/pspl_v1_0_S00_AXI_inst/slv_reg14[15]_i_1_n_0                                                                                            | design_1_i/design_1_i/pspl_0/inst/slv_reg15[31]_i_1_n_0                                                                                               |                2 |             16 |
|  design_1_i/design_1_i/processing_system7_0/inst/FCLK_CLK0 | design_1_i/design_1_i/pspl_0/inst/pspl_v1_0_S00_AXI_inst/slv_reg12[15]_i_1_n_0                                                                                            | design_1_i/design_1_i/pspl_0/inst/slv_reg15[31]_i_1_n_0                                                                                               |                2 |             16 |
|  design_1_i/design_1_i/processing_system7_0/inst/FCLK_CLK0 | design_1_i/design_1_i/pspl_0/inst/pspl_v1_0_S00_AXI_inst/slv_reg15[7]_i_1_n_0                                                                                             | design_1_i/design_1_i/pspl_0/inst/slv_reg15[31]_i_1_n_0                                                                                               |                1 |             16 |
|  design_1_i/design_1_i/processing_system7_0/inst/FCLK_CLK0 | design_1_i/design_1_i/pspl_0/inst/pspl_v1_0_S00_AXI_inst/slv_reg1[15]_i_1_n_0                                                                                             | design_1_i/design_1_i/pspl_0/inst/slv_reg15[31]_i_1_n_0                                                                                               |                1 |             16 |
|  design_1_i/design_1_i/processing_system7_0/inst/FCLK_CLK0 | design_1_i/design_1_i/pspl_0/inst/pspl_v1_0_S00_AXI_inst/slv_reg11[7]_i_1_n_0                                                                                             | design_1_i/design_1_i/pspl_0/inst/slv_reg15[31]_i_1_n_0                                                                                               |                2 |             16 |
|  design_1_i/design_1_i/processing_system7_0/inst/FCLK_CLK0 | design_1_i/design_1_i/pspl_0/inst/pspl_v1_0_S00_AXI_inst/slv_reg14[23]_i_1_n_0                                                                                            | design_1_i/design_1_i/pspl_0/inst/slv_reg15[31]_i_1_n_0                                                                                               |                2 |             16 |
|  design_1_i/design_1_i/processing_system7_0/inst/FCLK_CLK0 | design_1_i/design_1_i/pspl_0/inst/pspl_v1_0_S00_AXI_inst/slv_reg10[23]_i_1_n_0                                                                                            | design_1_i/design_1_i/pspl_0/inst/slv_reg15[31]_i_1_n_0                                                                                               |                2 |             16 |
|  design_1_i/design_1_i/processing_system7_0/inst/FCLK_CLK0 | design_1_i/design_1_i/pspl_0/inst/pspl_v1_0_S00_AXI_inst/slv_reg15[23]_i_1_n_0                                                                                            | design_1_i/design_1_i/pspl_0/inst/slv_reg15[31]_i_1_n_0                                                                                               |                2 |             16 |
|  design_1_i/design_1_i/processing_system7_0/inst/FCLK_CLK0 | design_1_i/design_1_i/pspl_0/inst/pspl_v1_0_S00_AXI_inst/slv_reg10[15]_i_1_n_0                                                                                            | design_1_i/design_1_i/pspl_0/inst/slv_reg15[31]_i_1_n_0                                                                                               |                1 |             16 |
|  design_1_i/design_1_i/processing_system7_0/inst/FCLK_CLK0 | design_1_i/design_1_i/pspl_0/inst/pspl_v1_0_S00_AXI_inst/slv_reg13[15]_i_1_n_0                                                                                            | design_1_i/design_1_i/pspl_0/inst/slv_reg15[31]_i_1_n_0                                                                                               |                2 |             16 |
|  design_1_i/design_1_i/processing_system7_0/inst/FCLK_CLK0 | design_1_i/design_1_i/pspl_0/inst/pspl_v1_0_S00_AXI_inst/slv_reg13[23]_i_1_n_0                                                                                            | design_1_i/design_1_i/pspl_0/inst/slv_reg15[31]_i_1_n_0                                                                                               |                1 |             16 |
|  design_1_i/design_1_i/processing_system7_0/inst/FCLK_CLK0 | design_1_i/design_1_i/pspl_0/inst/pspl_v1_0_S00_AXI_inst/slv_reg13[7]_i_1_n_0                                                                                             | design_1_i/design_1_i/pspl_0/inst/slv_reg15[31]_i_1_n_0                                                                                               |                2 |             16 |
|  design_1_i/design_1_i/processing_system7_0/inst/FCLK_CLK0 | design_1_i/design_1_i/pspl_0/inst/pspl_v1_0_S00_AXI_inst/slv_reg10[7]_i_1_n_0                                                                                             | design_1_i/design_1_i/pspl_0/inst/slv_reg15[31]_i_1_n_0                                                                                               |                1 |             16 |
|  design_1_i/design_1_i/processing_system7_0/inst/FCLK_CLK0 | design_1_i/design_1_i/pspl_0/inst/pspl_v1_0_S00_AXI_inst/slv_reg15[31]_i_2_n_0                                                                                            | design_1_i/design_1_i/pspl_0/inst/slv_reg15[31]_i_1_n_0                                                                                               |                2 |             16 |
|  design_1_i/design_1_i/processing_system7_0/inst/FCLK_CLK0 | design_1_i/design_1_i/pspl_0/inst/pspl_v1_0_S00_AXI_inst/slv_reg11[23]_i_1_n_0                                                                                            | design_1_i/design_1_i/pspl_0/inst/slv_reg15[31]_i_1_n_0                                                                                               |                1 |             16 |
|  design_1_i/design_1_i/processing_system7_0/inst/FCLK_CLK0 | design_1_i/design_1_i/pspl_0/inst/pspl_v1_0_S00_AXI_inst/slv_reg11[31]_i_1_n_0                                                                                            | design_1_i/design_1_i/pspl_0/inst/slv_reg15[31]_i_1_n_0                                                                                               |                2 |             16 |
|  design_1_i/design_1_i/processing_system7_0/inst/FCLK_CLK0 | design_1_i/design_1_i/pspl_0/inst/pspl_v1_0_S00_AXI_inst/slv_reg14[7]_i_1_n_0                                                                                             | design_1_i/design_1_i/pspl_0/inst/slv_reg15[31]_i_1_n_0                                                                                               |                1 |             16 |
|  design_1_i/design_1_i/processing_system7_0/inst/FCLK_CLK0 | design_1_i/design_1_i/pspl_0/inst/pspl_v1_0_S00_AXI_inst/slv_reg8[15]_i_1_n_0                                                                                             | design_1_i/design_1_i/pspl_0/inst/slv_reg15[31]_i_1_n_0                                                                                               |                1 |             16 |
|  design_1_i/design_1_i/processing_system7_0/inst/FCLK_CLK0 | design_1_i/design_1_i/pspl_0/inst/pspl_v1_0_S00_AXI_inst/slv_reg6[7]_i_1_n_0                                                                                              | design_1_i/design_1_i/pspl_0/inst/slv_reg15[31]_i_1_n_0                                                                                               |                1 |             16 |
|  design_1_i/design_1_i/processing_system7_0/inst/FCLK_CLK0 | design_1_i/design_1_i/pspl_0/inst/pspl_v1_0_S00_AXI_inst/slv_reg9[23]_i_1_n_0                                                                                             | design_1_i/design_1_i/pspl_0/inst/slv_reg15[31]_i_1_n_0                                                                                               |                2 |             16 |
|  design_1_i/design_1_i/processing_system7_0/inst/FCLK_CLK0 | design_1_i/design_1_i/pspl_0/inst/pspl_v1_0_S00_AXI_inst/slv_reg7[15]_i_1_n_0                                                                                             | design_1_i/design_1_i/pspl_0/inst/slv_reg15[31]_i_1_n_0                                                                                               |                3 |             16 |
|  design_1_i/design_1_i/processing_system7_0/inst/FCLK_CLK0 | design_1_i/design_1_i/pspl_0/inst/pspl_v1_0_S00_AXI_inst/slv_reg9[7]_i_1_n_0                                                                                              | design_1_i/design_1_i/pspl_0/inst/slv_reg15[31]_i_1_n_0                                                                                               |                2 |             16 |
|  design_1_i/design_1_i/processing_system7_0/inst/FCLK_CLK0 | design_1_i/design_1_i/pspl_0/inst/pspl_v1_0_S00_AXI_inst/slv_reg5[31]_i_1_n_0                                                                                             | design_1_i/design_1_i/pspl_0/inst/slv_reg15[31]_i_1_n_0                                                                                               |                1 |             16 |
|  design_1_i/design_1_i/processing_system7_0/inst/FCLK_CLK0 | design_1_i/design_1_i/pspl_0/inst/pspl_v1_0_S00_AXI_inst/slv_reg5[7]_i_1_n_0                                                                                              | design_1_i/design_1_i/pspl_0/inst/slv_reg15[31]_i_1_n_0                                                                                               |                1 |             16 |
|  design_1_i/design_1_i/processing_system7_0/inst/FCLK_CLK0 | design_1_i/design_1_i/pspl_0/inst/pspl_v1_0_S00_AXI_inst/slv_reg9[31]_i_1_n_0                                                                                             | design_1_i/design_1_i/pspl_0/inst/slv_reg15[31]_i_1_n_0                                                                                               |                2 |             16 |
|  design_1_i/design_1_i/processing_system7_0/inst/FCLK_CLK0 | design_1_i/design_1_i/pspl_0/inst/pspl_v1_0_S00_AXI_inst/slv_reg4[15]_i_1_n_0                                                                                             | design_1_i/design_1_i/pspl_0/inst/slv_reg15[31]_i_1_n_0                                                                                               |                1 |             16 |
|  design_1_i/design_1_i/processing_system7_0/inst/FCLK_CLK0 | design_1_i/design_1_i/pspl_0/inst/pspl_v1_0_S00_AXI_inst/slv_reg3[31]_i_1_n_0                                                                                             | design_1_i/design_1_i/pspl_0/inst/slv_reg15[31]_i_1_n_0                                                                                               |                2 |             16 |
|  design_1_i/design_1_i/processing_system7_0/inst/FCLK_CLK0 | design_1_i/design_1_i/pspl_0/inst/pspl_v1_0_S00_AXI_inst/slv_reg4[23]_i_1_n_0                                                                                             | design_1_i/design_1_i/pspl_0/inst/slv_reg15[31]_i_1_n_0                                                                                               |                2 |             16 |
|  design_1_i/design_1_i/processing_system7_0/inst/FCLK_CLK0 | design_1_i/design_1_i/pspl_0/inst/pspl_v1_0_S00_AXI_inst/slv_reg5[23]_i_1_n_0                                                                                             | design_1_i/design_1_i/pspl_0/inst/slv_reg15[31]_i_1_n_0                                                                                               |                2 |             16 |
|  design_1_i/design_1_i/processing_system7_0/inst/FCLK_CLK0 | design_1_i/design_1_i/pspl_0/inst/pspl_v1_0_S00_AXI_inst/slv_reg6[15]_i_1_n_0                                                                                             | design_1_i/design_1_i/pspl_0/inst/slv_reg15[31]_i_1_n_0                                                                                               |                2 |             16 |
|  design_1_i/design_1_i/processing_system7_0/inst/FCLK_CLK0 | design_1_i/design_1_i/pspl_0/inst/pspl_v1_0_S00_AXI_inst/slv_reg7[7]_i_1_n_0                                                                                              | design_1_i/design_1_i/pspl_0/inst/slv_reg15[31]_i_1_n_0                                                                                               |                2 |             16 |
|  design_1_i/design_1_i/processing_system7_0/inst/FCLK_CLK0 | design_1_i/design_1_i/pspl_0/inst/pspl_v1_0_S00_AXI_inst/slv_reg8[7]_i_1_n_0                                                                                              | design_1_i/design_1_i/pspl_0/inst/slv_reg15[31]_i_1_n_0                                                                                               |                2 |             16 |
|  design_1_i/design_1_i/processing_system7_0/inst/FCLK_CLK0 | design_1_i/design_1_i/pspl_0/inst/pspl_v1_0_S00_AXI_inst/slv_reg7[31]_i_1_n_0                                                                                             | design_1_i/design_1_i/pspl_0/inst/slv_reg15[31]_i_1_n_0                                                                                               |                2 |             16 |
|  design_1_i/design_1_i/processing_system7_0/inst/FCLK_CLK0 | design_1_i/design_1_i/pspl_0/inst/pspl_v1_0_S00_AXI_inst/slv_reg3[7]_i_1_n_0                                                                                              | design_1_i/design_1_i/pspl_0/inst/slv_reg15[31]_i_1_n_0                                                                                               |                1 |             16 |
|  design_1_i/design_1_i/processing_system7_0/inst/FCLK_CLK0 | design_1_i/design_1_i/pspl_0/inst/pspl_v1_0_S00_AXI_inst/slv_reg8[31]_i_1_n_0                                                                                             | design_1_i/design_1_i/pspl_0/inst/slv_reg15[31]_i_1_n_0                                                                                               |                1 |             16 |
|  design_1_i/design_1_i/processing_system7_0/inst/FCLK_CLK0 | design_1_i/design_1_i/pspl_0/inst/pspl_v1_0_S00_AXI_inst/slv_reg5[15]_i_1_n_0                                                                                             | design_1_i/design_1_i/pspl_0/inst/slv_reg15[31]_i_1_n_0                                                                                               |                2 |             16 |
|  design_1_i/design_1_i/processing_system7_0/inst/FCLK_CLK0 | design_1_i/design_1_i/pspl_0/inst/pspl_v1_0_S00_AXI_inst/slv_reg4[7]_i_1_n_0                                                                                              | design_1_i/design_1_i/pspl_0/inst/slv_reg15[31]_i_1_n_0                                                                                               |                1 |             16 |
|  design_1_i/design_1_i/processing_system7_0/inst/FCLK_CLK0 | design_1_i/design_1_i/pspl_0/inst/pspl_v1_0_S00_AXI_inst/slv_reg6[31]_i_1_n_0                                                                                             | design_1_i/design_1_i/pspl_0/inst/slv_reg15[31]_i_1_n_0                                                                                               |                2 |             16 |
|  design_1_i/design_1_i/processing_system7_0/inst/FCLK_CLK0 | design_1_i/design_1_i/pspl_0/inst/pspl_v1_0_S00_AXI_inst/slv_reg3[23]_i_1_n_0                                                                                             | design_1_i/design_1_i/pspl_0/inst/slv_reg15[31]_i_1_n_0                                                                                               |                2 |             16 |
|  design_1_i/design_1_i/processing_system7_0/inst/FCLK_CLK0 | design_1_i/design_1_i/pspl_0/inst/pspl_v1_0_S00_AXI_inst/slv_reg9[15]_i_1_n_0                                                                                             | design_1_i/design_1_i/pspl_0/inst/slv_reg15[31]_i_1_n_0                                                                                               |                2 |             16 |
|  design_1_i/design_1_i/processing_system7_0/inst/FCLK_CLK0 | design_1_i/design_1_i/pspl_0/inst/pspl_v1_0_S00_AXI_inst/slv_reg6[23]_i_1_n_0                                                                                             | design_1_i/design_1_i/pspl_0/inst/slv_reg15[31]_i_1_n_0                                                                                               |                1 |             16 |
|  design_1_i/design_1_i/processing_system7_0/inst/FCLK_CLK0 | design_1_i/design_1_i/pspl_0/inst/pspl_v1_0_S00_AXI_inst/slv_reg8[23]_i_1_n_0                                                                                             | design_1_i/design_1_i/pspl_0/inst/slv_reg15[31]_i_1_n_0                                                                                               |                1 |             16 |
|  design_1_i/design_1_i/processing_system7_0/inst/FCLK_CLK0 | design_1_i/design_1_i/pspl_0/inst/pspl_v1_0_S00_AXI_inst/slv_reg4[31]_i_1_n_0                                                                                             | design_1_i/design_1_i/pspl_0/inst/slv_reg15[31]_i_1_n_0                                                                                               |                2 |             16 |
|  design_1_i/design_1_i/processing_system7_0/inst/FCLK_CLK0 | design_1_i/design_1_i/pspl_0/inst/pspl_v1_0_S00_AXI_inst/slv_reg7[23]_i_1_n_0                                                                                             | design_1_i/design_1_i/pspl_0/inst/slv_reg15[31]_i_1_n_0                                                                                               |                2 |             16 |
|  clka_0_IBUF_BUFG                                          | P1/Example/after_char_state                                                                                                                                               |                                                                                                                                                       |                5 |             20 |
|  clka_0_IBUF_BUFG                                          | P1/Example/g0_b0__0_n_0                                                                                                                                                   |                                                                                                                                                       |                2 |             22 |
|  design_1_i/design_1_i/processing_system7_0/inst/FCLK_CLK0 |                                                                                                                                                                           | design_1_i/design_1_i/ps7_0_axi_periph/xbar/inst/gen_sasd.crossbar_sasd_0/addr_arbiter_inst/SR[0]                                                     |                5 |             22 |
|  clka_0_IBUF_BUFG                                          | P1/Init/DELAY_COMP/ms_counter[0]_i_2_n_0                                                                                                                                  | P1/Init/DELAY_COMP/ms_counter                                                                                                                         |                3 |             24 |
|  design_1_i/design_1_i/processing_system7_0/inst/FCLK_CLK0 | design_1_i/design_1_i/ps7_0_axi_periph/s00_couplers/auto_pc/inst/gen_axilite.gen_b2s_conv.axilite_b2s/RD.ar_channel_0/ar_cmd_fsm_0/wrap_boundary_axaddr_r_reg[11][0]      |                                                                                                                                                       |                6 |             24 |
|  design_1_i/design_1_i/processing_system7_0/inst/FCLK_CLK0 | design_1_i/design_1_i/ps7_0_axi_periph/s00_couplers/auto_pc/inst/gen_axilite.gen_b2s_conv.axilite_b2s/RD.ar_channel_0/ar_cmd_fsm_0/axaddr_incr_reg[0][0]                  |                                                                                                                                                       |                2 |             24 |
|  design_1_i/design_1_i/processing_system7_0/inst/FCLK_CLK0 | design_1_i/design_1_i/ps7_0_axi_periph/s00_couplers/auto_pc/inst/gen_axilite.gen_b2s_conv.axilite_b2s/WR.aw_channel_0/aw_cmd_fsm_0/E[0]                                   |                                                                                                                                                       |                5 |             24 |
|  design_1_i/design_1_i/processing_system7_0/inst/FCLK_CLK0 | design_1_i/design_1_i/ps7_0_axi_periph/s00_couplers/auto_pc/inst/gen_axilite.gen_b2s_conv.axilite_b2s/WR.aw_channel_0/cmd_translator_0/incr_cmd_0/axaddr_incr[11]_i_1_n_0 |                                                                                                                                                       |                3 |             24 |
|  clka_0_IBUF_BUFG                                          | P1/Example/DELAY_COMP/ms_counter[0]_i_2__0_n_0                                                                                                                            | P1/Example/DELAY_COMP/ms_counter                                                                                                                      |                3 |             24 |
|  design_1_i/design_1_i/processing_system7_0/inst/FCLK_CLK0 | design_1_i/design_1_i/ps7_0_axi_periph/s00_couplers/auto_pc/inst/gen_axilite.gen_b2s_conv.axilite_b2s/RD.r_channel_0/r_push_r                                             |                                                                                                                                                       |                4 |             26 |
|  design_1_i/design_1_i/processing_system7_0/inst/FCLK_CLK0 | design_1_i/design_1_i/ps7_0_axi_periph/s00_couplers/auto_pc/inst/gen_axilite.gen_b2s_conv.axilite_b2s/SI_REG/b.b_pipe/p_1_in                                              |                                                                                                                                                       |                2 |             28 |
|  design_1_i/design_1_i/processing_system7_0/inst/FCLK_CLK0 | design_1_i/design_1_i/ps7_0_axi_periph/s00_couplers/auto_pc/inst/gen_axilite.gen_b2s_conv.axilite_b2s/SI_REG/b.b_pipe/skid_buffer_reg[0]_0                                |                                                                                                                                                       |                2 |             28 |
|  design_1_i/design_1_i/processing_system7_0/inst/FCLK_CLK0 | design_1_i/design_1_i/ps7_0_axi_periph/s00_couplers/auto_pc/inst/gen_axilite.gen_b2s_conv.axilite_b2s/WR.aw_channel_0/aw_cmd_fsm_0/b_push                                 |                                                                                                                                                       |                3 |             32 |
|  clka_0_IBUF_BUFG                                          |                                                                                                                                                                           | P1/Init/DELAY_COMP/clk_counter[0]_i_1_n_0                                                                                                             |                5 |             34 |
|  clka_0_IBUF_BUFG                                          |                                                                                                                                                                           | P1/Example/DELAY_COMP/clk_counter[0]_i_1__0_n_0                                                                                                       |                5 |             34 |
|  design_1_i/design_1_i/processing_system7_0/inst/FCLK_CLK0 | design_1_i/design_1_i/ps7_0_axi_periph/s00_couplers/auto_pc/inst/gen_axilite.gen_b2s_conv.axilite_b2s/WR.aw_channel_0/aw_cmd_fsm_0/axaddr_wrap_reg[11][0]                 |                                                                                                                                                       |                7 |             40 |
|  design_1_i/design_1_i/processing_system7_0/inst/FCLK_CLK0 | design_1_i/design_1_i/ps7_0_axi_periph/s00_couplers/auto_pc/inst/gen_axilite.gen_b2s_conv.axilite_b2s/RD.ar_channel_0/ar_cmd_fsm_0/E[0]                                   |                                                                                                                                                       |                8 |             40 |
|  design_1_i/design_1_i/processing_system7_0/inst/FCLK_CLK0 | design_1_i/design_1_i/ps7_0_axi_periph/xbar/inst/gen_sasd.crossbar_sasd_0/addr_arbiter_inst/p_0_in1_in                                                                    | design_1_i/design_1_i/ps7_0_axi_periph/xbar/inst/gen_sasd.crossbar_sasd_0/addr_arbiter_inst/SR[0]                                                     |                8 |             42 |
|  clka_0_IBUF_BUFG                                          | P1/Example/after_update_state                                                                                                                                             | P1/Example/current_screen[1,0][5]_i_1_n_0                                                                                                             |                8 |             52 |
|  design_1_i/design_1_i/processing_system7_0/inst/FCLK_CLK0 | design_1_i/design_1_i/axi_gpio_0/U0/AXI_LITE_IPIF_I/I_SLAVE_ATTACHMENT/s_axi_rresp_i                                                                                      | design_1_i/design_1_i/axi_gpio_0/U0/AXI_LITE_IPIF_I/I_SLAVE_ATTACHMENT/SR[0]                                                                          |                7 |             64 |
|  design_1_i/design_1_i/processing_system7_0/inst/FCLK_CLK0 | design_1_i/design_1_i/axi_gpio_0/U0/AXI_LITE_IPIF_I/I_SLAVE_ATTACHMENT/I_DECODER/E[0]                                                                                     | design_1_i/design_1_i/axi_gpio_0/U0/AXI_LITE_IPIF_I/I_SLAVE_ATTACHMENT/SR[0]                                                                          |                5 |             64 |
|  design_1_i/design_1_i/processing_system7_0/inst/FCLK_CLK0 | design_1_i/design_1_i/pspl_0/inst/pspl_v1_0_S00_AXI_inst/slv_reg_rden__0                                                                                                  | design_1_i/design_1_i/pspl_0/inst/slv_reg15[31]_i_1_n_0                                                                                               |               32 |             64 |
|  design_1_i/design_1_i/processing_system7_0/inst/FCLK_CLK0 | design_1_i/design_1_i/ps7_0_axi_periph/s00_couplers/auto_pc/inst/gen_axilite.gen_b2s_conv.axilite_b2s/RD.r_channel_0/rd_data_fifo_0/wr_en0                                |                                                                                                                                                       |               10 |             68 |
|  design_1_i/design_1_i/processing_system7_0/inst/FCLK_CLK0 | design_1_i/design_1_i/ps7_0_axi_periph/xbar/inst/gen_sasd.crossbar_sasd_0/addr_arbiter_inst/E[0]                                                                          |                                                                                                                                                       |                7 |             70 |
|  design_1_i/design_1_i/processing_system7_0/inst/FCLK_CLK0 |                                                                                                                                                                           | design_1_i/design_1_i/axi_gpio_0/U0/AXI_LITE_IPIF_I/I_SLAVE_ATTACHMENT/I_DECODER/Dual.ALLOUT1_ND_G2.READ_REG2_GEN[0].reg3_reg[0]                      |                7 |             74 |
|  design_1_i/design_1_i/processing_system7_0/inst/FCLK_CLK0 |                                                                                                                                                                           | design_1_i/design_1_i/axi_gpio_0/U0/AXI_LITE_IPIF_I/I_SLAVE_ATTACHMENT/SR[0]                                                                          |               16 |             94 |
|  design_1_i/design_1_i/processing_system7_0/inst/FCLK_CLK0 | design_1_i/design_1_i/ps7_0_axi_periph/s00_couplers/auto_pc/inst/gen_axilite.gen_b2s_conv.axilite_b2s/SI_REG/r.r_pipe/p_1_in                                              |                                                                                                                                                       |                7 |             94 |
|  design_1_i/design_1_i/processing_system7_0/inst/FCLK_CLK0 | design_1_i/design_1_i/ps7_0_axi_periph/s00_couplers/auto_pc/inst/gen_axilite.gen_b2s_conv.axilite_b2s/SI_REG/r.r_pipe/skid_buffer_reg[0]_0                                |                                                                                                                                                       |                9 |             94 |
|  design_1_i/design_1_i/processing_system7_0/inst/FCLK_CLK0 | design_1_i/design_1_i/ps7_0_axi_periph/s00_couplers/auto_pc/inst/gen_axilite.gen_b2s_conv.axilite_b2s/RD.ar_channel_0/ar_cmd_fsm_0/m_payload_i_reg[0]_1[0]                |                                                                                                                                                       |                9 |             96 |
|  design_1_i/design_1_i/processing_system7_0/inst/FCLK_CLK0 | design_1_i/design_1_i/ps7_0_axi_periph/s00_couplers/auto_pc/inst/gen_axilite.gen_b2s_conv.axilite_b2s/WR.aw_channel_0/aw_cmd_fsm_0/m_payload_i_reg[0][0]                  |                                                                                                                                                       |                7 |             96 |
|  design_1_i/design_1_i/processing_system7_0/inst/FCLK_CLK0 | design_1_i/design_1_i/ps7_0_axi_periph/s00_couplers/auto_pc/inst/gen_axilite.gen_b2s_conv.axilite_b2s/SI_REG/ar.ar_pipe/s_axi_arready                                     |                                                                                                                                                       |                8 |             96 |
|  design_1_i/design_1_i/processing_system7_0/inst/FCLK_CLK0 | design_1_i/design_1_i/ps7_0_axi_periph/s00_couplers/auto_pc/inst/gen_axilite.gen_b2s_conv.axilite_b2s/SI_REG/aw.aw_pipe/s_axi_awready                                     |                                                                                                                                                       |               12 |             96 |
|  design_1_i/design_1_i/processing_system7_0/inst/FCLK_CLK0 |                                                                                                                                                                           | design_1_i/design_1_i/ps7_0_axi_periph/s00_couplers/auto_pc/inst/gen_axilite.gen_b2s_conv.axilite_b2s/areset_d1                                       |               16 |            120 |
|  design_1_i/design_1_i/processing_system7_0/inst/FCLK_CLK0 |                                                                                                                                                                           |                                                                                                                                                       |               64 |            380 |
|  clka_0_IBUF_BUFG                                          | P1/Example/after_update_state                                                                                                                                             | P1/Example/current_screen[3,0][7]_i_1_n_0                                                                                                             |               64 |            478 |
|  clka_0_IBUF_BUFG                                          | P1/Example/after_update_state                                                                                                                                             | P1/Example/after_update_state[4]_i_1_n_0                                                                                                              |               64 |            494 |
|  clka_0_IBUF_BUFG                                          |                                                                                                                                                                           |                                                                                                                                                       |              125 |           1058 |
+------------------------------------------------------------+---------------------------------------------------------------------------------------------------------------------------------------------------------------------------+-------------------------------------------------------------------------------------------------------------------------------------------------------+------------------+----------------+


