INFO-FLOW: Workspace C:/Users/Patel/Downloads/ECE527/exp/MP3/PartB/solution1 opened at Fri Oct 05 00:37:41 -0500 2018
Execute     config_clock -quiet -name default -period 10 -default=false 
INFO: [SYN 201-201] Setting up clock 'default' with a period of 10ns.
Execute     open_platform DefaultPlatform 
Execute     import_lib C:/Xilinx/Vivado/2018.2/common/technology/xilinx/zynq/zynq 
Execute       source C:/Xilinx/Vivado/2018.2/common/technology/xilinx/common/xilinx.lib 
Execute         source C:/Xilinx/Vivado/2018.2/common/technology/xilinx/interface/xilinx_interface.lib 
Execute           source C:/Xilinx/Vivado/2018.2/common/technology/xilinx/interface/plb46.lib 
Execute           source C:/Xilinx/Vivado/2018.2/common/technology/xilinx/interface/fsl.lib 
Execute           source C:/Xilinx/Vivado/2018.2/common/technology/xilinx/interface/axi4.lib 
Execute           source C:/Xilinx/Vivado/2018.2/common/technology/xilinx/interface/maxi.lib 
Execute           source C:/Xilinx/Vivado/2018.2/common/technology/xilinx/interface/saxilite.lib 
Execute         source C:/Xilinx/Vivado/2018.2/common/technology/xilinx/common/dsp48.lib 
Execute         source C:/Xilinx/Vivado/2018.2/common/technology/xilinx/ip/dds_compiler.lib 
Execute         source C:/Xilinx/Vivado/2018.2/common/technology/xilinx/ip/xfft.lib 
Execute         source C:/Xilinx/Vivado/2018.2/common/technology/xilinx/ip/xfir.lib 
Command       ap_source done; 0.127 sec.
Execute       source C:/Xilinx/Vivado/2018.2/common/technology/xilinx/common/xilinx_old.lib 
Execute       source C:/Xilinx/Vivado/2018.2/common/technology/xilinx/common/xilinx_vivado.lib 
Execute       source C:/Xilinx/Vivado/2018.2/common/technology/xilinx/common/xilinx.hlp 
Execute         source C:/Xilinx/Vivado/2018.2/common/technology/xilinx/common/target_info.tcl 
Execute         source C:/Xilinx/Vivado/2018.2/common/technology/xilinx/interface/xilinx_interface.hlp 
Execute           source C:/Xilinx/Vivado/2018.2/common/technology/xilinx/interface/maxi.hlp 
Execute           source C:/Xilinx/Vivado/2018.2/common/technology/xilinx/interface/saxilite.hlp 
Execute         source C:/Xilinx/Vivado/2018.2/common/technology/xilinx/common/dsp48.hlp 
Command       ap_source done; 0.162 sec.
Execute       source C:/Xilinx/Vivado/2018.2/common/technology/xilinx/zynq/dsp48e1.hlp 
Execute       get_default_platform 
Execute       config_chip_info -quiet -resource  {SLICE 13300}  {LUT 53200}     {FF 106400} {DSP48E 220}   {BRAM 280}  
Execute       config_chip_info -quiet -speed medium 
Execute       source C:/Xilinx/Vivado/2018.2/common/technology/xilinx/common/xilinx.hlp 
Execute         source C:/Xilinx/Vivado/2018.2/common/technology/xilinx/common/target_info.tcl 
Execute         source C:/Xilinx/Vivado/2018.2/common/technology/xilinx/interface/xilinx_interface.hlp 
Execute           source C:/Xilinx/Vivado/2018.2/common/technology/xilinx/interface/maxi.hlp 
Execute           source C:/Xilinx/Vivado/2018.2/common/technology/xilinx/interface/saxilite.hlp 
Execute         source C:/Xilinx/Vivado/2018.2/common/technology/xilinx/common/dsp48.hlp 
Command     import_lib done; 0.401 sec.
Execute     source C:/Xilinx/Vivado/2018.2/common/technology/xilinx/zynq/zynq.gen 
Execute       source C:/Xilinx/Vivado/2018.2/common/technology/xilinx/common/virtex.gen 
Execute         source C:/Xilinx/Vivado/2018.2/common/technology/xilinx/common/xilinx.gen 
Execute           source C:/Xilinx/Vivado/2018.2/common/technology/xilinx/interface/plb46.gen 
Execute           source C:/Xilinx/Vivado/2018.2/common/technology/xilinx/interface/fsl.gen 
Execute           source C:/Xilinx/Vivado/2018.2/common/technology/xilinx/interface/axi4.gen 
Execute           source C:/Xilinx/Vivado/2018.2/common/technology/xilinx/interface/nativeAXI4.gen 
Execute             source C:/Xilinx/Vivado/2018.2/common/technology/xilinx/interface/saxilite.gen 
Execute             source C:/Xilinx/Vivado/2018.2/common/technology/xilinx/interface/maxi.gen 
Execute           source C:/Xilinx/Vivado/2018.2/common/technology/xilinx/scripts/xilinxcoregen.gen 
Command           ap_source done; 0.234 sec.
Execute           source C:/Xilinx/Vivado/2018.2/common/technology/xilinx/interface/XilEDKCoreGen.gen 
Execute           source C:/Xilinx/Vivado/2018.2/common/technology/xilinx/ip/dds_compiler.gen 
Execute           source C:/Xilinx/Vivado/2018.2/common/technology/xilinx/ip/util.gen 
Execute           source C:/Xilinx/Vivado/2018.2/common/technology/xilinx/ip/xfft.gen 
Command           ap_source done; 0.106 sec.
Execute           source C:/Xilinx/Vivado/2018.2/common/technology/xilinx/ip/xfir.gen 
Command         ap_source done; 0.43 sec.
Execute         source C:/Xilinx/Vivado/2018.2/common/technology/xilinx/common/dsp48.gen 
Command       ap_source done; 0.482 sec.
Command     ap_source done; 0.483 sec.
Execute     open_platform DefaultPlatform 
Execute     import_lib C:/Xilinx/Vivado/2018.2/common/technology/xilinx/zynq/zynq_fpv6 
Execute       source C:/Xilinx/Vivado/2018.2/common/technology/xilinx/common/xilinx_fpv7.lib 
Execute         source C:/Xilinx/Vivado/2018.2/common/technology/xilinx/common/xilinx_hp.lib 
Execute       source C:/Xilinx/Vivado/2018.2/common/technology/xilinx/common/xilinx_fpv.hlp 
Execute         source C:/Xilinx/Vivado/2018.2/common/technology/xilinx/common/xilinx.hlp 
Execute           source C:/Xilinx/Vivado/2018.2/common/technology/xilinx/common/target_info.tcl 
Execute           source C:/Xilinx/Vivado/2018.2/common/technology/xilinx/interface/xilinx_interface.hlp 
Execute             source C:/Xilinx/Vivado/2018.2/common/technology/xilinx/interface/maxi.hlp 
Execute             source C:/Xilinx/Vivado/2018.2/common/technology/xilinx/interface/saxilite.hlp 
Execute           source C:/Xilinx/Vivado/2018.2/common/technology/xilinx/common/dsp48.hlp 
Execute       source C:/Xilinx/Vivado/2018.2/common/technology/xilinx/zynq/zynq_hp.hlp 
Execute     source C:/Xilinx/Vivado/2018.2/common/technology/xilinx/zynq/zynq_fpv6.gen 
Execute       source C:/Xilinx/Vivado/2018.2/common/technology/xilinx/common/xilinx_fpv6.gen 
Execute     set_part xc7z020clg484-1 
Execute       add_library xilinx/zynq/zynq:xc7z020:clg484:-1 
Execute         get_default_platform 
Execute         license_isbetapart xc7z020 
Command         license_isbetapart done; error code: 1; 
Execute         get_default_platform 
Execute         config_chip_info -quiet -resource  {SLICE 13300}  {LUT 53200}     {FF 106400} {DSP48E 220}   {BRAM 280}  
Execute         config_chip_info -quiet -speed slow 
Execute       add_library xilinx/zynq/zynq_fpv6 
Execute         get_default_platform 
INFO: [HLS 200-10] Setting target device to 'xc7z020clg484-1'
Execute       get_default_platform 
Execute     get_default_platform 
Execute     config_chip_info -quiet -resource  {SLICE 13300}  {LUT 53200}     {FF 106400} {DSP48E 220}   {BRAM 280}  
Execute     config_chip_info -quiet -speed slow 
Command   open_solution done; 1.088 sec.
Execute   set_part xc7z020clg484-1 -tool vivado 
Execute     add_library xilinx/zynq/zynq:xc7z020:clg484:-1 
Execute       get_default_platform 
Execute       license_isbetapart xc7z020 
Command       license_isbetapart done; error code: 1; 
Execute       get_default_platform 
Execute       config_chip_info -quiet -resource  {SLICE 13300}  {LUT 53200}     {FF 106400} {DSP48E 220}   {BRAM 280}  
Execute       config_chip_info -quiet -speed slow 
Execute     add_library xilinx/zynq/zynq_fpv6 
Execute       get_default_platform 
Execute     get_default_platform 
Execute   create_clock -period 10 -name default 
Execute   csynth_design 
Execute     get_config_compile -effort 
Execute     get_config_compile -enable_clang39 
Execute     get_config_compile -g 
Execute     get_config_compile -lm 
Execute     get_config_compile -ng 
Execute     get_config_compile -opt_fp 
Execute     get_config_compile -skip_cdt 
Execute     get_config_compile -skip_syncheck 
Execute     get_config_compile -skip_transform 
Execute     get_config_compile -keep_printf 
Execute     elaborate -effort=medium -skip_syncheck=0 -keep_printf=0 -lm=0 -skip_cdt=0 -skip_transform=0 -ng=0 -g=0 -opt_fp=0 -from_csynth_design=1 
Execute       get_config_schedule -relax_ii_for_timing 
Execute       get_config_schedule -suppress_dependence_error_break 
INFO: [HLS 200-10] Analyzing design file 'PartB/gold.cpp' ... 
INFO-FLOW: Compiling one TU...
Execute       is_m_axi_addr64 
INFO-FLOW: Handling PartB/gold.cpp as C++
Execute       get_default_platform 
Execute       is_encrypted PartB/gold.cpp 
Execute       get_default_platform 
INFO-FLOW: Source preprocessing
Execute       clang  -fno-limit-debug-info -gcc-toolchain "C:/Xilinx/Vivado/2018.2/msys" -hls  -fno-exceptions  -D__llvm__  -E "PartB/gold.cpp"     -fno-math-errno -c -emit-llvm -O0  -mllvm -disable-llvm-optzns -fno-threadsafe-statics  -fno-use-cxa-atexit  -fno-threadsafe-statics -fno-use-cxa-atexit -D__CLANG_3_1__ -D__cdecl= -DAESL_SYN -D__SYNTHESIS__ -D__HLS_SYN__ -I "C:/Xilinx/Vivado/2018.2/common/technology/autopilot" -I "C:/Xilinx/Vivado/2018.2/common/technology/autopilot/ap_sysc" -include etc/autopilot_ssdm_op.h -D__DSP48E1__  -o "C:/Users/Patel/Downloads/ECE527/exp/MP3/PartB/solution1/.autopilot/db/gold.pp.0.cpp" 
INFO-FLOW: exec C:/Xilinx/Vivado/2018.2/win64/tools/clang/bin/clang -fno-limit-debug-info -gcc-toolchain C:/Xilinx/Vivado/2018.2/msys -hls -fno-exceptions -D__llvm__ -E PartB/gold.cpp -fno-math-errno -c -emit-llvm -O0 -mllvm -disable-llvm-optzns -fno-threadsafe-statics -fno-use-cxa-atexit -fno-threadsafe-statics -fno-use-cxa-atexit -D__CLANG_3_1__ -D__cdecl= -DAESL_SYN -D__SYNTHESIS__ -D__HLS_SYN__ -I C:/Xilinx/Vivado/2018.2/common/technology/autopilot -I C:/Xilinx/Vivado/2018.2/common/technology/autopilot/ap_sysc -include etc/autopilot_ssdm_op.h -D__DSP48E1__ -o C:/Users/Patel/Downloads/ECE527/exp/MP3/PartB/solution1/.autopilot/db/gold.pp.0.cpp
Command       clang done; 1.098 sec.
INFO-FLOW: Syntax Checking before pre-processing...
Execute       clang  -fno-limit-debug-info -gcc-toolchain "C:/Xilinx/Vivado/2018.2/msys" -hls    -fno-math-errno -c -emit-llvm -O0  -mllvm -disable-llvm-optzns -fno-threadsafe-statics  -fno-use-cxa-atexit  -fno-threadsafe-statics -fno-use-cxa-atexit -D__CLANG_3_1__ -D__cdecl= -DAESL_SYN -D__SYNTHESIS__ -D__HLS_SYN__ -I "C:/Xilinx/Vivado/2018.2/common/technology/autopilot" -I "C:/Xilinx/Vivado/2018.2/common/technology/autopilot/ap_sysc" -include etc/autopilot_ssdm_op.h -D__DSP48E1__  "C:/Users/Patel/Downloads/ECE527/exp/MP3/PartB/solution1/.autopilot/db/gold.pp.0.cpp"  -o "C:/Users/Patel/Downloads/ECE527/exp/MP3/PartB/solution1/.autopilot/db/useless.bc"  
INFO-FLOW: exec C:/Xilinx/Vivado/2018.2/win64/tools/clang/bin/clang -fno-limit-debug-info -gcc-toolchain C:/Xilinx/Vivado/2018.2/msys -hls -fno-math-errno -c -emit-llvm -O0 -mllvm -disable-llvm-optzns -fno-threadsafe-statics -fno-use-cxa-atexit -fno-threadsafe-statics -fno-use-cxa-atexit -D__CLANG_3_1__ -D__cdecl= -DAESL_SYN -D__SYNTHESIS__ -D__HLS_SYN__ -I C:/Xilinx/Vivado/2018.2/common/technology/autopilot -I C:/Xilinx/Vivado/2018.2/common/technology/autopilot/ap_sysc -include etc/autopilot_ssdm_op.h -D__DSP48E1__ C:/Users/Patel/Downloads/ECE527/exp/MP3/PartB/solution1/.autopilot/db/gold.pp.0.cpp -o C:/Users/Patel/Downloads/ECE527/exp/MP3/PartB/solution1/.autopilot/db/useless.bc
Command       clang done; 1.091 sec.
INFO-FLOW: GCC PP time: 2 seconds per iteration
Execute       list_core -type functional_unit 
Execute       tidy_31 xilinx-systemc-detector C:/Users/Patel/Downloads/ECE527/exp/MP3/PartB/solution1/.autopilot/db/gold.pp.0.cpp std=gnu++98 -directive=C:/Users/Patel/Downloads/ECE527/exp/MP3/PartB/solution1/.autopilot/db/.systemc_flag 
INFO-FLOW: exec C:/Xilinx/Vivado/2018.2/win64/tools/clang-3.9-csynth/bin/tidy-3.1 -header-filter=.* --checks=-*,xilinx-systemc-detector -import-directive=C:/Users/Patel/Downloads/ECE527/exp/MP3/PartB/solution1/.autopilot/db/.systemc_flag -quiet -fix-errors C:/Users/Patel/Downloads/ECE527/exp/MP3/PartB/solution1/.autopilot/db/gold.pp.0.cpp -- -std=gnu++98 -fhls -ferror-limit=0
INFO-FLOW: CDT Preprocessing with tidy-3.1...
Execute       tidy_31 xilinx-directive2pragma C:/Users/Patel/Downloads/ECE527/exp/MP3/PartB/solution1/.autopilot/db/gold.pp.0.cpp std=gnu++98 -directive=C:/Users/Patel/Downloads/ECE527/exp/MP3/PartB/solution1/solution1.json 
INFO-FLOW: exec C:/Xilinx/Vivado/2018.2/win64/tools/clang-3.9-csynth/bin/tidy-3.1 -header-filter=.* --checks=-*,xilinx-directive2pragma -import-directive=C:/Users/Patel/Downloads/ECE527/exp/MP3/PartB/solution1/solution1.json -quiet -fix-errors C:/Users/Patel/Downloads/ECE527/exp/MP3/PartB/solution1/.autopilot/db/gold.pp.0.cpp -- -std=gnu++98 -fhls -ferror-limit=0
Execute       get_config_dataflow -strict_mode 
Execute       ap_eval exec -ignorestderr C:/Xilinx/Vivado/2018.2/win64/tools/clang-3.9-csynth/bin/xilinx-dataflow-lawyer -export-fixes=C:/Users/Patel/Downloads/ECE527/exp/MP3/PartB/solution1/.autopilot/db/xilinx-dataflow-lawyer.gold.pp.0.cpp.diag.yml C:/Users/Patel/Downloads/ECE527/exp/MP3/PartB/solution1/.autopilot/db/gold.pp.0.cpp -- -std=gnu++98 -fhls -ferror-limit=0 -fstrict-dataflow > C:/Users/Patel/Downloads/ECE527/exp/MP3/PartB/solution1/.autopilot/db/xilinx-dataflow-lawyer.gold.pp.0.cpp.out.log 2> C:/Users/Patel/Downloads/ECE527/exp/MP3/PartB/solution1/.autopilot/db/xilinx-dataflow-lawyer.gold.pp.0.cpp.err.log 
Execute       tidy_31 -errorcheck xilinx-constantarray-param,xilinx-resource-pragma-transformer C:/Users/Patel/Downloads/ECE527/exp/MP3/PartB/solution1/.autopilot/db/gold.pp.0.cpp std=gnu++98 
INFO-FLOW: exec C:/Xilinx/Vivado/2018.2/win64/tools/clang-3.9-csynth/bin/tidy-3.1 -header-filter=.* --checks=-*,xilinx-constantarray-param,xilinx-resource-pragma-transformer -quiet -fix-errors C:/Users/Patel/Downloads/ECE527/exp/MP3/PartB/solution1/.autopilot/db/gold.pp.0.cpp -- -std=gnu++98 -fhls -ferror-limit=0
INFO-FLOW: exec C:/Xilinx/Vivado/2018.2/win64/tools/clang-3.9-csynth/bin/xilinx-legacy-rewriter C:/Users/Patel/Downloads/ECE527/exp/MP3/PartB/solution1/.autopilot/db/gold.pp.0.cpp -- -std=gnu++98 -fhls -ferror-limit=0
Command       tidy_31 done; 0.167 sec.
INFO-FLOW: tidy-3.1 time 0 seconds per iteration
INFO-FLOW: Pragma Handling...
Execute       tidy_31 xilinx-ssdm-intrinsics-arguments C:/Users/Patel/Downloads/ECE527/exp/MP3/PartB/solution1/.autopilot/db/gold.pragma.1.cpp std=gnu++98 
INFO-FLOW: exec C:/Xilinx/Vivado/2018.2/win64/tools/clang-3.9-csynth/bin/tidy-3.1 -header-filter=.* --checks=-*,xilinx-ssdm-intrinsics-arguments -quiet -fix-errors C:/Users/Patel/Downloads/ECE527/exp/MP3/PartB/solution1/.autopilot/db/gold.pragma.1.cpp -- -std=gnu++98 -fhls -ferror-limit=0
INFO-FLOW: Source preprocessing
Execute       clang  -fno-limit-debug-info -gcc-toolchain "C:/Xilinx/Vivado/2018.2/msys" -hls  -fno-exceptions  -D__llvm__  -E "C:/Users/Patel/Downloads/ECE527/exp/MP3/PartB/solution1/.autopilot/db/gold.pragma.1.cpp"     -fno-math-errno -c -emit-llvm -O0  -mllvm -disable-llvm-optzns -fno-threadsafe-statics  -fno-use-cxa-atexit  -fno-threadsafe-statics -fno-use-cxa-atexit -D__CLANG_3_1__ -D__cdecl= -DAESL_SYN -D__SYNTHESIS__ -D__HLS_SYN__ -I "C:/Xilinx/Vivado/2018.2/common/technology/autopilot" -I "C:/Xilinx/Vivado/2018.2/common/technology/autopilot/ap_sysc" -include etc/autopilot_ssdm_op.h -D__DSP48E1__  -o "C:/Users/Patel/Downloads/ECE527/exp/MP3/PartB/solution1/.autopilot/db/gold.pragma.2.cpp" 
INFO-FLOW: exec C:/Xilinx/Vivado/2018.2/win64/tools/clang/bin/clang -fno-limit-debug-info -gcc-toolchain C:/Xilinx/Vivado/2018.2/msys -hls -fno-exceptions -D__llvm__ -E C:/Users/Patel/Downloads/ECE527/exp/MP3/PartB/solution1/.autopilot/db/gold.pragma.1.cpp -fno-math-errno -c -emit-llvm -O0 -mllvm -disable-llvm-optzns -fno-threadsafe-statics -fno-use-cxa-atexit -fno-threadsafe-statics -fno-use-cxa-atexit -D__CLANG_3_1__ -D__cdecl= -DAESL_SYN -D__SYNTHESIS__ -D__HLS_SYN__ -I C:/Xilinx/Vivado/2018.2/common/technology/autopilot -I C:/Xilinx/Vivado/2018.2/common/technology/autopilot/ap_sysc -include etc/autopilot_ssdm_op.h -D__DSP48E1__ -o C:/Users/Patel/Downloads/ECE527/exp/MP3/PartB/solution1/.autopilot/db/gold.pragma.2.cpp
Command       clang done; 1.355 sec.
Execute       get_default_platform 
INFO-FLOW: Processing labels
Execute       clang -src C:/Users/Patel/Downloads/ECE527/exp/MP3/PartB/solution1/.autopilot/db/gold.pragma.2.cpp  -fno-limit-debug-info -gcc-toolchain C:/Xilinx/Vivado/2018.2/msys -hls -hls-analyze-label -hls-analyze-pragma -fno-exceptions  -D__llvm__  -w  "C:/Users/Patel/Downloads/ECE527/exp/MP3/PartB/solution1/.autopilot/db/gold.pragma.2.cpp"    -fno-math-errno -c -emit-llvm -O0  -mllvm -disable-llvm-optzns -fno-threadsafe-statics  -fno-use-cxa-atexit -DAESL_SYN -D__SYNTHESIS__ -D__HLS_SYN__ -I "C:/Xilinx/Vivado/2018.2/common/technology/autopilot" -I "C:/Xilinx/Vivado/2018.2/common/technology/autopilot/ap_sysc" -include etc/autopilot_ssdm_op.h -D__DSP48E1__ -g -o "C:/Users/Patel/Downloads/ECE527/exp/MP3/PartB/solution1/.autopilot/db/gold.bc" 
INFO-FLOW: exec C:/Xilinx/Vivado/2018.2/win64/tools/clang/bin/clang -fno-limit-debug-info -gcc-toolchain C:/Xilinx/Vivado/2018.2/msys -hls -hls-analyze-label -hls-analyze-pragma -fno-exceptions -D__llvm__ -w C:/Users/Patel/Downloads/ECE527/exp/MP3/PartB/solution1/.autopilot/db/gold.pragma.2.cpp -fno-math-errno -c -emit-llvm -O0 -mllvm -disable-llvm-optzns -fno-threadsafe-statics -fno-use-cxa-atexit -DAESL_SYN -D__SYNTHESIS__ -D__HLS_SYN__ -I C:/Xilinx/Vivado/2018.2/common/technology/autopilot -I C:/Xilinx/Vivado/2018.2/common/technology/autopilot/ap_sysc -include etc/autopilot_ssdm_op.h -D__DSP48E1__ -g -o C:/Users/Patel/Downloads/ECE527/exp/MP3/PartB/solution1/.autopilot/db/gold.bc
Command       clang done; 1.309 sec.
INFO: [HLS 200-10] Analyzing design file 'PartB/partb.cpp' ... 
INFO-FLOW: Compiling one TU...
Execute       is_m_axi_addr64 
INFO-FLOW: Handling PartB/partb.cpp as C++
Execute       get_default_platform 
Execute       is_encrypted PartB/partb.cpp 
Execute       get_default_platform 
INFO-FLOW: Source preprocessing
Execute       clang  -fno-limit-debug-info -gcc-toolchain "C:/Xilinx/Vivado/2018.2/msys" -hls  -fno-exceptions  -D__llvm__  -E "PartB/partb.cpp"     -fno-math-errno -c -emit-llvm -O0  -mllvm -disable-llvm-optzns -fno-threadsafe-statics  -fno-use-cxa-atexit  -fno-threadsafe-statics -fno-use-cxa-atexit -D__CLANG_3_1__ -D__cdecl= -DAESL_SYN -D__SYNTHESIS__ -D__HLS_SYN__ -I "C:/Xilinx/Vivado/2018.2/common/technology/autopilot" -I "C:/Xilinx/Vivado/2018.2/common/technology/autopilot/ap_sysc" -include etc/autopilot_ssdm_op.h -D__DSP48E1__  -o "C:/Users/Patel/Downloads/ECE527/exp/MP3/PartB/solution1/.autopilot/db/partb.pp.0.cpp" 
INFO-FLOW: exec C:/Xilinx/Vivado/2018.2/win64/tools/clang/bin/clang -fno-limit-debug-info -gcc-toolchain C:/Xilinx/Vivado/2018.2/msys -hls -fno-exceptions -D__llvm__ -E PartB/partb.cpp -fno-math-errno -c -emit-llvm -O0 -mllvm -disable-llvm-optzns -fno-threadsafe-statics -fno-use-cxa-atexit -fno-threadsafe-statics -fno-use-cxa-atexit -D__CLANG_3_1__ -D__cdecl= -DAESL_SYN -D__SYNTHESIS__ -D__HLS_SYN__ -I C:/Xilinx/Vivado/2018.2/common/technology/autopilot -I C:/Xilinx/Vivado/2018.2/common/technology/autopilot/ap_sysc -include etc/autopilot_ssdm_op.h -D__DSP48E1__ -o C:/Users/Patel/Downloads/ECE527/exp/MP3/PartB/solution1/.autopilot/db/partb.pp.0.cpp
Command       clang done; 1.238 sec.
INFO-FLOW: Syntax Checking before pre-processing...
Execute       clang  -fno-limit-debug-info -gcc-toolchain "C:/Xilinx/Vivado/2018.2/msys" -hls    -fno-math-errno -c -emit-llvm -O0  -mllvm -disable-llvm-optzns -fno-threadsafe-statics  -fno-use-cxa-atexit  -fno-threadsafe-statics -fno-use-cxa-atexit -D__CLANG_3_1__ -D__cdecl= -DAESL_SYN -D__SYNTHESIS__ -D__HLS_SYN__ -I "C:/Xilinx/Vivado/2018.2/common/technology/autopilot" -I "C:/Xilinx/Vivado/2018.2/common/technology/autopilot/ap_sysc" -include etc/autopilot_ssdm_op.h -D__DSP48E1__  "C:/Users/Patel/Downloads/ECE527/exp/MP3/PartB/solution1/.autopilot/db/partb.pp.0.cpp"  -o "C:/Users/Patel/Downloads/ECE527/exp/MP3/PartB/solution1/.autopilot/db/useless.bc"  
INFO-FLOW: exec C:/Xilinx/Vivado/2018.2/win64/tools/clang/bin/clang -fno-limit-debug-info -gcc-toolchain C:/Xilinx/Vivado/2018.2/msys -hls -fno-math-errno -c -emit-llvm -O0 -mllvm -disable-llvm-optzns -fno-threadsafe-statics -fno-use-cxa-atexit -fno-threadsafe-statics -fno-use-cxa-atexit -D__CLANG_3_1__ -D__cdecl= -DAESL_SYN -D__SYNTHESIS__ -D__HLS_SYN__ -I C:/Xilinx/Vivado/2018.2/common/technology/autopilot -I C:/Xilinx/Vivado/2018.2/common/technology/autopilot/ap_sysc -include etc/autopilot_ssdm_op.h -D__DSP48E1__ C:/Users/Patel/Downloads/ECE527/exp/MP3/PartB/solution1/.autopilot/db/partb.pp.0.cpp -o C:/Users/Patel/Downloads/ECE527/exp/MP3/PartB/solution1/.autopilot/db/useless.bc
Command       clang done; 1.122 sec.
INFO-FLOW: GCC PP time: 2 seconds per iteration
Execute       list_core -type functional_unit 
Execute       tidy_31 xilinx-systemc-detector C:/Users/Patel/Downloads/ECE527/exp/MP3/PartB/solution1/.autopilot/db/partb.pp.0.cpp std=gnu++98 -directive=C:/Users/Patel/Downloads/ECE527/exp/MP3/PartB/solution1/.autopilot/db/.systemc_flag 
INFO-FLOW: exec C:/Xilinx/Vivado/2018.2/win64/tools/clang-3.9-csynth/bin/tidy-3.1 -header-filter=.* --checks=-*,xilinx-systemc-detector -import-directive=C:/Users/Patel/Downloads/ECE527/exp/MP3/PartB/solution1/.autopilot/db/.systemc_flag -quiet -fix-errors C:/Users/Patel/Downloads/ECE527/exp/MP3/PartB/solution1/.autopilot/db/partb.pp.0.cpp -- -std=gnu++98 -fhls -ferror-limit=0
INFO-FLOW: CDT Preprocessing with tidy-3.1...
Execute       tidy_31 xilinx-directive2pragma C:/Users/Patel/Downloads/ECE527/exp/MP3/PartB/solution1/.autopilot/db/partb.pp.0.cpp std=gnu++98 -directive=C:/Users/Patel/Downloads/ECE527/exp/MP3/PartB/solution1/solution1.json 
INFO-FLOW: exec C:/Xilinx/Vivado/2018.2/win64/tools/clang-3.9-csynth/bin/tidy-3.1 -header-filter=.* --checks=-*,xilinx-directive2pragma -import-directive=C:/Users/Patel/Downloads/ECE527/exp/MP3/PartB/solution1/solution1.json -quiet -fix-errors C:/Users/Patel/Downloads/ECE527/exp/MP3/PartB/solution1/.autopilot/db/partb.pp.0.cpp -- -std=gnu++98 -fhls -ferror-limit=0
Execute       get_config_dataflow -strict_mode 
Execute       ap_eval exec -ignorestderr C:/Xilinx/Vivado/2018.2/win64/tools/clang-3.9-csynth/bin/xilinx-dataflow-lawyer -export-fixes=C:/Users/Patel/Downloads/ECE527/exp/MP3/PartB/solution1/.autopilot/db/xilinx-dataflow-lawyer.partb.pp.0.cpp.diag.yml C:/Users/Patel/Downloads/ECE527/exp/MP3/PartB/solution1/.autopilot/db/partb.pp.0.cpp -- -std=gnu++98 -fhls -ferror-limit=0 -fstrict-dataflow > C:/Users/Patel/Downloads/ECE527/exp/MP3/PartB/solution1/.autopilot/db/xilinx-dataflow-lawyer.partb.pp.0.cpp.out.log 2> C:/Users/Patel/Downloads/ECE527/exp/MP3/PartB/solution1/.autopilot/db/xilinx-dataflow-lawyer.partb.pp.0.cpp.err.log 
Execute       tidy_31 -errorcheck xilinx-constantarray-param,xilinx-resource-pragma-transformer C:/Users/Patel/Downloads/ECE527/exp/MP3/PartB/solution1/.autopilot/db/partb.pp.0.cpp std=gnu++98 
INFO-FLOW: exec C:/Xilinx/Vivado/2018.2/win64/tools/clang-3.9-csynth/bin/tidy-3.1 -header-filter=.* --checks=-*,xilinx-constantarray-param,xilinx-resource-pragma-transformer -quiet -fix-errors C:/Users/Patel/Downloads/ECE527/exp/MP3/PartB/solution1/.autopilot/db/partb.pp.0.cpp -- -std=gnu++98 -fhls -ferror-limit=0
INFO-FLOW: exec C:/Xilinx/Vivado/2018.2/win64/tools/clang-3.9-csynth/bin/xilinx-legacy-rewriter C:/Users/Patel/Downloads/ECE527/exp/MP3/PartB/solution1/.autopilot/db/partb.pp.0.cpp -- -std=gnu++98 -fhls -ferror-limit=0
Command       tidy_31 done; 0.165 sec.
INFO-FLOW: tidy-3.1 time 0 seconds per iteration
INFO-FLOW: Pragma Handling...
Execute       tidy_31 xilinx-ssdm-intrinsics-arguments C:/Users/Patel/Downloads/ECE527/exp/MP3/PartB/solution1/.autopilot/db/partb.pragma.1.cpp std=gnu++98 
INFO-FLOW: exec C:/Xilinx/Vivado/2018.2/win64/tools/clang-3.9-csynth/bin/tidy-3.1 -header-filter=.* --checks=-*,xilinx-ssdm-intrinsics-arguments -quiet -fix-errors C:/Users/Patel/Downloads/ECE527/exp/MP3/PartB/solution1/.autopilot/db/partb.pragma.1.cpp -- -std=gnu++98 -fhls -ferror-limit=0
INFO-FLOW: Source preprocessing
Execute       clang  -fno-limit-debug-info -gcc-toolchain "C:/Xilinx/Vivado/2018.2/msys" -hls  -fno-exceptions  -D__llvm__  -E "C:/Users/Patel/Downloads/ECE527/exp/MP3/PartB/solution1/.autopilot/db/partb.pragma.1.cpp"     -fno-math-errno -c -emit-llvm -O0  -mllvm -disable-llvm-optzns -fno-threadsafe-statics  -fno-use-cxa-atexit  -fno-threadsafe-statics -fno-use-cxa-atexit -D__CLANG_3_1__ -D__cdecl= -DAESL_SYN -D__SYNTHESIS__ -D__HLS_SYN__ -I "C:/Xilinx/Vivado/2018.2/common/technology/autopilot" -I "C:/Xilinx/Vivado/2018.2/common/technology/autopilot/ap_sysc" -include etc/autopilot_ssdm_op.h -D__DSP48E1__  -o "C:/Users/Patel/Downloads/ECE527/exp/MP3/PartB/solution1/.autopilot/db/partb.pragma.2.cpp" 
INFO-FLOW: exec C:/Xilinx/Vivado/2018.2/win64/tools/clang/bin/clang -fno-limit-debug-info -gcc-toolchain C:/Xilinx/Vivado/2018.2/msys -hls -fno-exceptions -D__llvm__ -E C:/Users/Patel/Downloads/ECE527/exp/MP3/PartB/solution1/.autopilot/db/partb.pragma.1.cpp -fno-math-errno -c -emit-llvm -O0 -mllvm -disable-llvm-optzns -fno-threadsafe-statics -fno-use-cxa-atexit -fno-threadsafe-statics -fno-use-cxa-atexit -D__CLANG_3_1__ -D__cdecl= -DAESL_SYN -D__SYNTHESIS__ -D__HLS_SYN__ -I C:/Xilinx/Vivado/2018.2/common/technology/autopilot -I C:/Xilinx/Vivado/2018.2/common/technology/autopilot/ap_sysc -include etc/autopilot_ssdm_op.h -D__DSP48E1__ -o C:/Users/Patel/Downloads/ECE527/exp/MP3/PartB/solution1/.autopilot/db/partb.pragma.2.cpp
Command       clang done; 1.203 sec.
Execute       get_default_platform 
INFO-FLOW: Processing labels
Execute       clang -src C:/Users/Patel/Downloads/ECE527/exp/MP3/PartB/solution1/.autopilot/db/partb.pragma.2.cpp  -fno-limit-debug-info -gcc-toolchain C:/Xilinx/Vivado/2018.2/msys -hls -hls-analyze-label -hls-analyze-pragma -fno-exceptions  -D__llvm__  -w  "C:/Users/Patel/Downloads/ECE527/exp/MP3/PartB/solution1/.autopilot/db/partb.pragma.2.cpp"    -fno-math-errno -c -emit-llvm -O0  -mllvm -disable-llvm-optzns -fno-threadsafe-statics  -fno-use-cxa-atexit -DAESL_SYN -D__SYNTHESIS__ -D__HLS_SYN__ -I "C:/Xilinx/Vivado/2018.2/common/technology/autopilot" -I "C:/Xilinx/Vivado/2018.2/common/technology/autopilot/ap_sysc" -include etc/autopilot_ssdm_op.h -D__DSP48E1__ -g -o "C:/Users/Patel/Downloads/ECE527/exp/MP3/PartB/solution1/.autopilot/db/partb.bc" 
INFO-FLOW: exec C:/Xilinx/Vivado/2018.2/win64/tools/clang/bin/clang -fno-limit-debug-info -gcc-toolchain C:/Xilinx/Vivado/2018.2/msys -hls -hls-analyze-label -hls-analyze-pragma -fno-exceptions -D__llvm__ -w C:/Users/Patel/Downloads/ECE527/exp/MP3/PartB/solution1/.autopilot/db/partb.pragma.2.cpp -fno-math-errno -c -emit-llvm -O0 -mllvm -disable-llvm-optzns -fno-threadsafe-statics -fno-use-cxa-atexit -DAESL_SYN -D__SYNTHESIS__ -D__HLS_SYN__ -I C:/Xilinx/Vivado/2018.2/common/technology/autopilot -I C:/Xilinx/Vivado/2018.2/common/technology/autopilot/ap_sysc -include etc/autopilot_ssdm_op.h -D__DSP48E1__ -g -o C:/Users/Patel/Downloads/ECE527/exp/MP3/PartB/solution1/.autopilot/db/partb.bc
Command       clang done; 1.161 sec.
INFO-FLOW: Linking Debug ...
Execute       llvm-ld C:/Users/Patel/Downloads/ECE527/exp/MP3/PartB/solution1/.autopilot/db/gold.g.bc C:/Users/Patel/Downloads/ECE527/exp/MP3/PartB/solution1/.autopilot/db/partb.g.bc -hls-opt -except-internalize partb -LC:/Xilinx/Vivado/2018.2/win64/lib -lhlsm -lhlsmc++ -o C:/Users/Patel/Downloads/ECE527/exp/MP3/PartB/solution1/.autopilot/db/a.g 
Command       llvm-ld done; 1.267 sec.
INFO: [HLS 200-111] Finished Linking Time (s): cpu = 00:00:01 ; elapsed = 00:00:16 . Memory (MB): peak = 102.922 ; gain = 45.715
INFO: [HLS 200-111] Finished Checking Pragmas Time (s): cpu = 00:00:01 ; elapsed = 00:00:16 . Memory (MB): peak = 102.922 ; gain = 45.715
Execute       ::config_rtl 
Execute       opt_and_import_c a -opt_level=2 -skip_syncheck=0 -ng=0 -keep_printf=0 
Execute         cleanup_all_models 
INFO: [HLS 200-10] Starting code transformations ...
Execute         transform -promote-dbg-pointer C:/Users/Patel/Downloads/ECE527/exp/MP3/PartB/solution1/.autopilot/db/a.pp.bc -o C:/Users/Patel/Downloads/ECE527/exp/MP3/PartB/solution1/.autopilot/db/a.pp.0.bc -f 
Execute         llvm-ld C:/Users/Patel/Downloads/ECE527/exp/MP3/PartB/solution1/.autopilot/db/a.pp.0.bc -disable-opt -LC:/Xilinx/Vivado/2018.2/win64/lib -lfloatconversion -o C:/Users/Patel/Downloads/ECE527/exp/MP3/PartB/solution1/.autopilot/db/a.g.0 
Command         llvm-ld done; 0.578 sec.
INFO-FLOW: Running Standard Transforms...
Execute         transform -hls -share-std-xform -demangle-name -inline-byval-memcpy -always-inline -promote-dbg-pointer -interface-preproc -scalarrepl -mem2reg -keep-read-access -instcombine -dce -promote-dbg-pointer -bitop-raise -loop-simplify -indvarspre -indvars -loop-simplify -xunroll -constprop -instcombine -simplifycfg -indvars -simplifycfg -dce -globaldce -basicaa -simplifycfg -mem2reg -globalopt -global-constprop -deadargelim -instcombine -simplifycfg -prune-eh -simplifycfg -scalarrepl -instcombine -reassociate -licm -simplifycfg -loop-simplify -indvars -instcombine -simplifycfg -mem2reg -loop-simplify -indvars -instcombine -gvn -gvn -instcombine -adce -break-crit-edges -simplifycfg -loop-delete -global-array-opt -dce -dse -adce -find-syn-modules -top partb -deadargelim -mem2reg -instcombine -dce -presyn-prepare -auto-rom-infer -interface-preproc -syn-check -check-rec-only -find-region -simplifycfg -func-extr -function-inline -globaldce -mem2reg -instcombine -dce -gvn -globaldce -adce -adse -constprop -instcombine -bit-constprop -instcombine -dce -simplifycfg -bitop-raise -simplifycfg -dce -loop-delete -reassociate -globalopt -global-privatize -mem2reg -dce -global-constprop -pointer-simplify -constprop -dce -func-inst -deadargelim -auto-shift-reg-idiom -promote-dbg-pointer -norm-name C:/Users/Patel/Downloads/ECE527/exp/MP3/PartB/solution1/.autopilot/db/a.g.0.bc -o C:/Users/Patel/Downloads/ECE527/exp/MP3/PartB/solution1/.autopilot/db/a.g.1.bc -f -phase std-opt 
INFO: [HLS 200-111] Finished Standard Transforms Time (s): cpu = 00:00:01 ; elapsed = 00:00:16 . Memory (MB): peak = 104.641 ; gain = 47.434
INFO: [HLS 200-10] Checking synthesizability ...
INFO-FLOW: Checking Synthesizability 1/2..
Execute         transform -hls -syn-check -check-rec-only -disaggr -scalarrepl -norm-name -dce -mem2reg -instcombine -function-uniquify -directive-preproc -mem2reg -dse -dce -auto-rom-infer -dce -array-normalize -instcombine -dce -warn-fifo-pointer -array-seg-normalize -instcombine -dce -array-flatten -instcombine -dce -array-burst -dce -deadargelim -promote-global-argument -simplifycfg -mem2reg -globaldce -resolve-double-ptr -dce -deadargelim -dce -instcombine -function-inline -globaldce -dce -doublePtrSimplify -doublePtrElim -dce -doublePtrSimplify -promote-dbg-pointer -dce -scalarrepl -dse -adse -instcombine -ptrLegalization -simplifycfg -dce -instcombine -pointer-simplify -ptrArgReplace -dce -instcombine -disaggr -scalarrepl -norm-name -dce -mem2reg -instcombine -ptrLegalization -simplifycfg -deadargelim -instcombine -dce -inst-simplify -function-uniquify -directive-preproc -mem2reg -dse -dce -globaldce C:/Users/Patel/Downloads/ECE527/exp/MP3/PartB/solution1/.autopilot/db/a.g.1.bc -o C:/Users/Patel/Downloads/ECE527/exp/MP3/PartB/solution1/.autopilot/db/a.g.2.prechk.bc -f 
INFO-FLOW: Checking Synthesizability 2/2..
Execute         transform -syn-check C:/Users/Patel/Downloads/ECE527/exp/MP3/PartB/solution1/.autopilot/db/a.g.2.prechk.bc -o C:/Users/Patel/Downloads/ECE527/exp/MP3/PartB/solution1/.autopilot/db/a.g.2.bc -f -phase syn-check 
INFO: [HLS 200-111] Finished Checking Synthesizability Time (s): cpu = 00:00:01 ; elapsed = 00:00:17 . Memory (MB): peak = 104.895 ; gain = 47.688
INFO-FLOW: Compiler optimizing ...
INFO-FLOW: Share syncheck's 1.bc for syn flow: copy C:/Users/Patel/Downloads/ECE527/exp/MP3/PartB/solution1/.autopilot/db/a.g.1.bc to C:/Users/Patel/Downloads/ECE527/exp/MP3/PartB/solution1/.autopilot/db/a.o.1.bc
INFO-FLOW: Presyn 1...
Execute         transform -hls -tmp C:/Users/Patel/Downloads/ECE527/exp/MP3/PartB/solution1/.autopilot/db -interface-port-rename -type-info -function-uniquify -directive-preproc -mem2reg -dse -dce -disaggr -scalarrepl -norm-name -deadargelim -mem2reg -instcombine -dce -simplifycfg -auto-rom-infer -dce -function-uniquify -resource-proc -simplifycfg -mem2reg -globaldce -resolve-double-ptr -dce -deadargelim -dce -instcombine -clib-intrinsic-prepare -dce -func-buffer -dce -array-normalize -func-legal -instcombine -gvn -constprop -dce -ptrArgReplace -mem2reg -instcombine -dce -array-seg-normalize -deadargelim -instcombine -dce -pointer-simplify -dce -port-alignment -dce -interface-preproc -data-pack -instcombine -dce -basicaa -aggr-aa -aggrmodref-aa -aggr-aa -gvn -gvn -basicaa -aggr-aa -aggrmodref-aa -aggr-aa -dse -adse -adce -loop-simplify -indvars -instcombine -gvn -loop-simplify -mem2reg -dce -find-region -instcombine -auto-loop-pipeline -inst-simplify -interface-preproc -cfgopt -instcombine -indvars -auto-loop-unroll -loop-simplify -loop-bound -xunroll -constprop -instcombine -simplifycfg -indvars -simplifycfg -dce -globaldce -clean-region -attach-range -gvn -inst-simplify -constprop -simplifycfg -dce -pointer-simplify -dce -globalopt -constprop -dce -array-promote -constprop -instcombine -dce -ptrArgReplace -mem2reg -instcombine -simplifycfg -dce -auto-par -instcombine -dce -array-transform-check -array-reshape -instcombine -simplifycfg -dce -ptrArgReplace -deadargelim -mem2reg -instcombine -simplifycfg -dce -indvars -loop-simplify -loop-bound -xunroll -constprop -instcombine -simplifycfg -indvars -simplifycfg -dce -globaldce -duplicate-dataflow-processes -globaldce -instcombine -array-partition -instcombine -simplifycfg -dce -ptrArgReplace -global-constprop -deadargelim -mem2reg -func-legal -instcombine -dce -global-constprop -deadargelim -mem2reg -instcombine -simplifycfg -dce -merge-param -deadargelim -globalopt -constprop -dce -array-promote -constprop -instcombine -dce -ptrArgReplace -mem2reg -instcombine -simplifycfg -dce -mem-intrinsic-preproc -dce -global-internalize -global-privatize -mem2reg -globaldce -promote-global-argument -ptrArgReplace -mem2reg -instcombine -dce -globalopt -mergereturn -simplify-global-access -mem2reg -dce -pointer-simplify -dce -functionattrs -basicaa -aggr-aa -aggrmodref-aa -aggr-aa -gvn -gvn -basicaa -aggr-aa -aggrmodref-aa -aggr-aa -dse -adse -adce -inst-simplify -dce -norm-name -function-inline -globaldce -func-inst -constprop -instcombine -simplifycfg -dce -func-legal -dce -loop-bound -arraycheck -bitwidthmin -on-by-dataflow -loop-delete -instcombine -simplifycfg -globaldce -dce -gvn -deadargelim -dce -loop-simplify -clean-region -simplifycfg -propagate-stable-arguments -loop-stream -instcombine -simplifycfg -dce -globaldce -duplicate-dataflow-processes -stream-intrinsic-preproc -dce -check-ap-stream -loop-simplify -eliminate-keepreads -extract-dataflow-in-loop -loop-simplify -dce -gvn -deadargelim -dse -check-dataflow-syntax -legalize-stream-variable -legalize-global -extract-subproc -dce -dead-channel-elimination -canonicalize-gep -globaldce -dce -gvn -deadargelim -annotate-dataflow-channels -scalar-propagation -deadargelim -globaldce -mem2reg -check-dataflow-channels -function-stream -dce -globaldce -prop-fifo-spec -internal-stream-gen -canonicalize-gep -globaldce -dce -gvn -deadargelim -mergereturn -indvars -loop-simplify -instcombine -array-stream -array-seg-normalize -array-partition -func-legal -instcombine -simplifycfg -dce -bundle-memfifo-ops -deadargelim -function-uniquify -directive-preproc -mem2reg -dse -dce -group-axi-access -licm -simplifycfg -dce -loop-delete -norm-name C:/Users/Patel/Downloads/ECE527/exp/MP3/PartB/solution1/.autopilot/db/a.o.1.bc -o C:/Users/Patel/Downloads/ECE527/exp/MP3/PartB/solution1/.autopilot/db/a.o.1.tmp.bc -f 
Command         transform done; 0.123 sec.
INFO-FLOW: Presyn 2...
Execute         transform -hls -keep-callgraph -scalarrepl -mem2reg -port-alignment -attach-range -dce -pipe-mux-gen -indvars -loop-bound -inst-simplify -instcombine -dce -merge-array-access -mem2reg -dce -clean-region -mergereturn -if-conv -instcombine -dce -constprop -basicaa -aggr-aa -aggrmodref-aa -aggr-aa -gvn -gvn -basicaa -aggr-aa -aggrmodref-aa -aggr-aa -dse -adse -adce -scalarrepl -mem2reg -global-constprop -deadargelim -deadargelim -instcombine -dce -simplifycfg -ptrArgReplace -mem2reg -function-inline -globaldce -mem2reg -instcombine -dce -expr-balance -instcombine -dce -bitwidthmin -interface-preproc -directive-preproc -inst-rectify -instcombine -dce -functionattrs -constprop -instcombine -bit-constprop -simplify-global-access -globalopt -globaldce -inst-simplify -instcombine -elimdeaddata -dce -loop-delete -simplifycfg -loop-simplify -auto-burst -norm-name C:/Users/Patel/Downloads/ECE527/exp/MP3/PartB/solution1/.autopilot/db/a.o.1.tmp.bc -o C:/Users/Patel/Downloads/ECE527/exp/MP3/PartB/solution1/.autopilot/db/a.o.2.bc -f -phase presyn 
INFO: [HLS 200-111] Finished Pre-synthesis Time (s): cpu = 00:00:01 ; elapsed = 00:00:17 . Memory (MB): peak = 126.645 ; gain = 69.438
INFO-FLOW: Building ssdm...
Execute         transform -hls -function-uniquify -auto-function-inline -globaldce -ptrArgReplace -mem2reg -instcombine -dce -reset-lda -loop-simplify -indvars -licm -loop-dep -loop-bound -licm -loop-simplify -flattenloopnest -array-flatten -gvn -instcombine -dce -array-map -dce -func-legal -gvn -adce -instcombine -cfgopt -simplifycfg -loop-simplify -array-burst -promote-global-argument -dce -axi4-lower -array-seg-normalize -basicaa -aggrmodref-aa -globalsmodref-aa -aggr-aa -gvn -gvn -basicaa -aggrmodref-aa -globalsmodref-aa -aggr-aa -dse -adse -adce -licm -inst-simplify -dce -globaldce -instcombine -array-stream -eliminate-keepreads -instcombine -dce -deadargelim -doublePtrSimplify -doublePtrElim -dce -doublePtrSimplify -promote-dbg-pointer -dce -scalarrepl -mem2reg -disaggr -norm-name -mem2reg -instcombine -dse -adse -adce -ptrLegalization -dce -auto-rom-infer -array-flatten -dce -instcombine -check-doubleptr -loop-rot -constprop -cfgopt -simplifycfg -loop-simplify -indvars -pointer-simplify -dce -loop-bound -loop-simplify -loop-preproc -constprop -global-constprop -gvn -mem2reg -instcombine -dce -loop-bound -loop-merge -dce -bitwidthmin -deadargelim -dce -canonicalize-dataflow -dce -scalar-propagation -deadargelim -globaldce -mem2reg -read-loop-dep -interface-preproc -directive-preproc -interface-gen -bram-byte-enable -deadargelim -inst-simplify -dce -gvn -mem2reg -instcombine -dce -adse -loop-bound -instcombine -cfgopt -simplifycfg -loop-simplify -clean-region -io-protocol -find-region -mem2reg -bitop-raise -inst-simplify -inst-rectify -instcombine -adce -deadargelim -loop-simplify -phi-opt -bitop-raise -cfgopt -simplifycfg -strip-dead-prototypes -interface-lower -bitop-lower -intrinsic-lower -auto-function-inline -basicaa -aggrmodref-aa -globalsmodref-aa -aggr-aa -inst-simplify -simplifycfg -loop-simplify -mergereturn -inst-simplify -inst-rectify -dce -load-elim -bitop-lower -loop-rewind -pointer-simplify -dce -cfgopt -dce -bitwidth -loop-dep -read-loop-dep -dce -check-stream -norm-name -legalize -validate-dataflow -dead-allocation-elimination -cdfg-build C:/Users/Patel/Downloads/ECE527/exp/MP3/PartB/solution1/.autopilot/db/a.o.2.bc -o C:/Users/Patel/Downloads/ECE527/exp/MP3/PartB/solution1/.autopilot/db/a.o.3.bc -f -phase build-ssdm 
Command         transform done; 0.147 sec.
INFO: [HLS 200-111] Finished Architecture Synthesis Time (s): cpu = 00:00:01 ; elapsed = 00:00:17 . Memory (MB): peak = 126.645 ; gain = 69.438
INFO-FLOW: Finish building internal data model.
Command       opt_and_import_c done; 1.147 sec.
Command     elaborate done; 13.314 sec.
Execute     autosyn -from_csynth_design=1 
INFO: [HLS 200-10] Starting hardware synthesis ...
INFO-FLOW: Synthesizing C/C++ design ...
INFO: [HLS 200-10] Synthesizing 'partb' ...
Execute       ap_set_top_model partb 
Execute       get_model_list partb -filter all-wo-channel -topdown 
Execute       preproc_iomode -model partb 
Execute       get_model_list partb -filter all-wo-channel 
INFO-FLOW: Model list for configure: partb
INFO-FLOW: Configuring Module : partb ...
Execute       set_default_model partb 
Execute       apply_spec_resource_limit partb 
INFO-FLOW: Model list for preprocess: partb
INFO-FLOW: Preprocessing Module: partb ...
Execute       set_default_model partb 
Execute       cdfg_preprocess -model partb 
Execute       rtl_gen_preprocess partb 
INFO-FLOW: Model list for synthesis: partb
INFO: [HLS 200-10] ----------------------------------------------------------------
INFO: [HLS 200-42] -- Implementing module 'partb' 
INFO: [HLS 200-10] ----------------------------------------------------------------
Execute       set_default_model partb 
Execute       schedule -model partb 
INFO: [SCHED 204-11] Starting scheduling ...
INFO: [SCHED 204-11] Finished scheduling.
Command       schedule done; 0.127 sec.
INFO: [HLS 200-111]  Elapsed time: 17.109 seconds; current allocated memory: 76.655 MB.
Execute       report -o C:/Users/Patel/Downloads/ECE527/exp/MP3/PartB/solution1/.autopilot/db/partb.verbose.sched.rpt -verbose -f 
INFO: [HLS 200-434] Only 0 loops out of a total 11 loops have been pipelined in this design.
Execute       db_write -o C:/Users/Patel/Downloads/ECE527/exp/MP3/PartB/solution1/.autopilot/db/partb.sched.adb -f 
INFO-FLOW: Finish scheduling partb.
Execute       set_default_model partb 
Execute       bind -model partb 
BIND OPTION: fu_weight=[ 0.0 -- 1.0 ]
BIND OPTION: model=partb
BIND OPTION: reg_weight=[ 0.0 -- 1.0 ]
INFO: [BIND 205-100] Starting micro-architecture generation ...
INFO: [BIND 205-101] Performing variable lifetime analysis.
INFO: [BIND 205-101] Exploring resource sharing.
INFO: [BIND 205-101] Binding ...
INFO: [BIND 205-100] Finished micro-architecture generation.
INFO: [HLS 200-111]  Elapsed time: 0.174 seconds; current allocated memory: 77.136 MB.
Execute       report -o C:/Users/Patel/Downloads/ECE527/exp/MP3/PartB/solution1/.autopilot/db/partb.verbose.bind.rpt -verbose -f 
Command       report done; 0.134 sec.
Execute       db_write -o C:/Users/Patel/Downloads/ECE527/exp/MP3/PartB/solution1/.autopilot/db/partb.bind.adb -f 
INFO-FLOW: Finish binding partb.
Execute       get_model_list partb -filter all-wo-channel 
INFO-FLOW: Preprocessing for RTLGen ...
Execute       rtl_gen_preprocess partb 
INFO-FLOW: Model list for RTL generation: partb
INFO: [HLS 200-10] ----------------------------------------------------------------
INFO: [HLS 200-10] -- Generating RTL for module 'partb' 
INFO: [HLS 200-10] ----------------------------------------------------------------
Execute       get_config_rtl -prefix 
Execute       get_config_rtl -auto_prefix 
Execute       create_rtl_model partb -vendor xilinx -mg_file C:/Users/Patel/Downloads/ECE527/exp/MP3/PartB/solution1/.autopilot/db/partb.compgen.tcl 
INFO: [RTGEN 206-500] Setting interface mode on port 'partb/A' to 'ap_memory'.
INFO: [RTGEN 206-500] Setting interface mode on port 'partb/B' to 'ap_memory'.
INFO: [RTGEN 206-500] Setting interface mode on port 'partb/C' to 'ap_memory'.
INFO: [RTGEN 206-500] Setting interface mode on port 'partb/mA' to 'ap_none'.
INFO: [RTGEN 206-500] Setting interface mode on port 'partb/nA' to 'ap_none'.
INFO: [RTGEN 206-500] Setting interface mode on port 'partb/mB' to 'ap_none'.
INFO: [RTGEN 206-500] Setting interface mode on port 'partb/nB' to 'ap_none'.
INFO: [RTGEN 206-500] Setting interface mode on port 'partb/mC' to 'ap_none'.
INFO: [RTGEN 206-500] Setting interface mode on port 'partb/nC' to 'ap_none'.
INFO: [RTGEN 206-500] Setting interface mode on function 'partb' to 'ap_ctrl_hs'.
INFO: [RTGEN 206-100] Finished creating RTL model for 'partb'.
Command       create_rtl_model done; 0.156 sec.
INFO: [HLS 200-111]  Elapsed time: 0.444 seconds; current allocated memory: 77.955 MB.
Execute       source C:/Users/Patel/Downloads/ECE527/exp/MP3/PartB/solution1/.autopilot/db/partb.rtl_wrap.cfg.tcl 
Execute       gen_rtl partb -istop -style xilinx -tracefl mytrace -tracefmt vcd -traceopt all -f -lang sc -o C:/Users/Patel/Downloads/ECE527/exp/MP3/PartB/solution1/syn/systemc/partb -synmodules partb 
Execute       gen_rtl partb -istop -style xilinx -f -lang vhdl -o C:/Users/Patel/Downloads/ECE527/exp/MP3/PartB/solution1/syn/vhdl/partb 
Execute       gen_rtl partb -istop -style xilinx -f -lang vlog -o C:/Users/Patel/Downloads/ECE527/exp/MP3/PartB/solution1/syn/verilog/partb 
Execute       export_constraint_db -o C:/Users/Patel/Downloads/ECE527/exp/MP3/PartB/solution1/.autopilot/db/partb.constraint.tcl -f -tool general 
Execute       report -model partb -o C:/Users/Patel/Downloads/ECE527/exp/MP3/PartB/solution1/.autopilot/db/partb.design.xml -verbose -f -dv 
Execute       report -model partb -o C:/Users/Patel/Downloads/ECE527/exp/MP3/PartB/solution1/.autopilot/db/partb.sdaccel.xml -verbose -f -sdaccel 
Execute       gen_tb_info partb -o C:/Users/Patel/Downloads/ECE527/exp/MP3/PartB/solution1/.autopilot/db/partb -p C:/Users/Patel/Downloads/ECE527/exp/MP3/PartB/solution1/.autopilot/db 
Execute       report -model partb -o C:/Users/Patel/Downloads/ECE527/exp/MP3/PartB/solution1/syn/report/partb_csynth.rpt -f 
Execute       report -model partb -o C:/Users/Patel/Downloads/ECE527/exp/MP3/PartB/solution1/syn/report/partb_csynth.xml -f -x 
Execute       report -model partb -o C:/Users/Patel/Downloads/ECE527/exp/MP3/PartB/solution1/.autopilot/db/partb.verbose.rpt -verbose -f 
Command       report done; 0.225 sec.
Execute       db_write -model partb -o C:/Users/Patel/Downloads/ECE527/exp/MP3/PartB/solution1/.autopilot/db/partb.adb -f 
Command       db_write done; 0.19 sec.
Execute       sc_get_clocks partb 
Execute       sc_get_portdomain partb 
INFO-FLOW: Model list for RTL component generation: partb
INFO-FLOW: Handling components in module [partb] ... 
Execute       source C:/Users/Patel/Downloads/ECE527/exp/MP3/PartB/solution1/.autopilot/db/partb.compgen.tcl 
INFO-FLOW: Found component partb_A_i.
INFO-FLOW: Append model partb_A_i
INFO-FLOW: Append model partb
INFO-FLOW: Generating RTL model list ...
INFO-FLOW: All models in this session: partb_A_i partb
INFO-FLOW: To file: write model partb_A_i
INFO-FLOW: To file: write model partb
INFO-FLOW: Finished generating RTL model list.


INFO-FLOW: RTL Generation done.
INFO-FLOW: CAS Generation done.
INFO-FLOW: CBC Generation done.
Execute       get_config_sdx -target 
Execute       source C:/Users/Patel/Downloads/ECE527/exp/MP3/PartB/solution1/.autopilot/db/global.setting.tcl 
Execute       source C:/Xilinx/Vivado/2018.2/common/technology/generic/autopilot/common.gen 
Execute         source C:/Xilinx/Vivado/2018.2/common/technology/generic/autopilot/APCoreGen.gen 
Execute       source C:/Xilinx/Vivado/2018.2/common/technology/generic/autopilot/op.gen 
Execute       source C:/Xilinx/Vivado/2018.2/common/technology/generic/autopilot/op_simcore.gen 
Execute       source C:/Xilinx/Vivado/2018.2/common/technology/generic/autopilot/interface.gen 
Execute       source C:/Users/Patel/Downloads/ECE527/exp/MP3/PartB/solution1/.autopilot/db/global.setting.tcl 
Execute       source C:/Xilinx/Vivado/2018.2/common/technology/xilinx/zynq/zynq.gen 
Execute         source C:/Xilinx/Vivado/2018.2/common/technology/xilinx/common/virtex.gen 
Execute           source C:/Xilinx/Vivado/2018.2/common/technology/xilinx/common/xilinx.gen 
Execute             source C:/Xilinx/Vivado/2018.2/common/technology/xilinx/interface/plb46.gen 
Execute             source C:/Xilinx/Vivado/2018.2/common/technology/xilinx/interface/fsl.gen 
Execute             source C:/Xilinx/Vivado/2018.2/common/technology/xilinx/interface/axi4.gen 
Execute             source C:/Xilinx/Vivado/2018.2/common/technology/xilinx/interface/nativeAXI4.gen 
Execute               source C:/Xilinx/Vivado/2018.2/common/technology/xilinx/interface/saxilite.gen 
Execute               source C:/Xilinx/Vivado/2018.2/common/technology/xilinx/interface/maxi.gen 
Execute             source C:/Xilinx/Vivado/2018.2/common/technology/xilinx/scripts/xilinxcoregen.gen 
Command             ap_source done; 0.19 sec.
Execute             source C:/Xilinx/Vivado/2018.2/common/technology/xilinx/interface/XilEDKCoreGen.gen 
Execute             source C:/Xilinx/Vivado/2018.2/common/technology/xilinx/ip/dds_compiler.gen 
Execute             source C:/Xilinx/Vivado/2018.2/common/technology/xilinx/ip/util.gen 
Execute             source C:/Xilinx/Vivado/2018.2/common/technology/xilinx/ip/xfft.gen 
Command             ap_source done; 0.106 sec.
Execute             source C:/Xilinx/Vivado/2018.2/common/technology/xilinx/ip/xfir.gen 
Command           ap_source done; 0.416 sec.
Execute           source C:/Xilinx/Vivado/2018.2/common/technology/xilinx/common/dsp48.gen 
Command         ap_source done; 0.45 sec.
Command       ap_source done; 0.45 sec.
Execute       source C:/Xilinx/Vivado/2018.2/common/technology/xilinx/zynq/zynq_fpv6.gen 
Execute         source C:/Xilinx/Vivado/2018.2/common/technology/xilinx/common/xilinx_fpv6.gen 
Execute       source C:/Users/Patel/Downloads/ECE527/exp/MP3/PartB/solution1/.autopilot/db/global.setting.tcl 
Execute       source C:/Users/Patel/Downloads/ECE527/exp/MP3/PartB/solution1/.autopilot/db/global.setting.tcl 
Execute       source C:/Users/Patel/Downloads/ECE527/exp/MP3/PartB/solution1/.autopilot/db/global.setting.tcl 
Execute       source C:/Users/Patel/Downloads/ECE527/exp/MP3/PartB/solution1/.autopilot/db/partb.compgen.tcl 
INFO: [RTMG 210-278] Implementing memory 'partb_A_i_ram (RAM)' using block RAMs.
Command       ap_source done; 0.343 sec.
Execute       get_config_sdx -target 
Execute       source C:/Users/Patel/Downloads/ECE527/exp/MP3/PartB/solution1/.autopilot/db/global.setting.tcl 
Execute       source C:/Xilinx/Vivado/2018.2/common/technology/generic/autopilot/common.gen 
Execute         source C:/Xilinx/Vivado/2018.2/common/technology/generic/autopilot/APCoreGen.gen 
Execute       source C:/Xilinx/Vivado/2018.2/common/technology/generic/autopilot/op.gen 
Execute       source C:/Xilinx/Vivado/2018.2/common/technology/generic/autopilot/op_simcore.gen 
Execute       source C:/Xilinx/Vivado/2018.2/common/technology/generic/autopilot/interface.gen 
Execute       source C:/Users/Patel/Downloads/ECE527/exp/MP3/PartB/solution1/.autopilot/db/global.setting.tcl 
Execute       source C:/Xilinx/Vivado/2018.2/common/technology/xilinx/zynq/zynq.gen 
Execute         source C:/Xilinx/Vivado/2018.2/common/technology/xilinx/common/virtex.gen 
Execute           source C:/Xilinx/Vivado/2018.2/common/technology/xilinx/common/xilinx.gen 
Execute             source C:/Xilinx/Vivado/2018.2/common/technology/xilinx/interface/plb46.gen 
Execute             source C:/Xilinx/Vivado/2018.2/common/technology/xilinx/interface/fsl.gen 
Execute             source C:/Xilinx/Vivado/2018.2/common/technology/xilinx/interface/axi4.gen 
Execute             source C:/Xilinx/Vivado/2018.2/common/technology/xilinx/interface/nativeAXI4.gen 
Execute               source C:/Xilinx/Vivado/2018.2/common/technology/xilinx/interface/saxilite.gen 
Execute               source C:/Xilinx/Vivado/2018.2/common/technology/xilinx/interface/maxi.gen 
Execute             source C:/Xilinx/Vivado/2018.2/common/technology/xilinx/scripts/xilinxcoregen.gen 
Execute             source C:/Xilinx/Vivado/2018.2/common/technology/xilinx/interface/XilEDKCoreGen.gen 
Execute             source C:/Xilinx/Vivado/2018.2/common/technology/xilinx/ip/dds_compiler.gen 
Execute             source C:/Xilinx/Vivado/2018.2/common/technology/xilinx/ip/util.gen 
Execute             source C:/Xilinx/Vivado/2018.2/common/technology/xilinx/ip/xfft.gen 
Command             ap_source done; 0.115 sec.
Execute             source C:/Xilinx/Vivado/2018.2/common/technology/xilinx/ip/xfir.gen 
Command           ap_source done; 0.18 sec.
Execute           source C:/Xilinx/Vivado/2018.2/common/technology/xilinx/common/dsp48.gen 
Command         ap_source done; 0.183 sec.
Command       ap_source done; 0.184 sec.
Execute       source C:/Xilinx/Vivado/2018.2/common/technology/xilinx/zynq/zynq_fpv6.gen 
Execute         source C:/Xilinx/Vivado/2018.2/common/technology/xilinx/common/xilinx_fpv6.gen 
Execute       source C:/Users/Patel/Downloads/ECE527/exp/MP3/PartB/solution1/.autopilot/db/partb.rtl_wrap.cfg.tcl 
Execute       source C:/Users/Patel/Downloads/ECE527/exp/MP3/PartB/solution1/.autopilot/db/partb.rtl_wrap.cfg.tcl 
Execute       source C:/Users/Patel/Downloads/ECE527/exp/MP3/PartB/solution1/.autopilot/db/partb.rtl_wrap.cfg.tcl 
Execute       source C:/Users/Patel/Downloads/ECE527/exp/MP3/PartB/solution1/.autopilot/db/partb.tbgen.tcl 
Execute       source C:/Users/Patel/Downloads/ECE527/exp/MP3/PartB/solution1/.autopilot/db/partb.tbgen.tcl 
Execute       source C:/Users/Patel/Downloads/ECE527/exp/MP3/PartB/solution1/.autopilot/db/global.setting.tcl 
Execute       source C:/Users/Patel/Downloads/ECE527/exp/MP3/PartB/solution1/.autopilot/db/partb.compgen.tcl 
Execute       source C:/Users/Patel/Downloads/ECE527/exp/MP3/PartB/solution1/.autopilot/db/global.setting.tcl 
Execute       source C:/Users/Patel/Downloads/ECE527/exp/MP3/PartB/solution1/.autopilot/db/partb.compgen.tcl 
Execute         source C:/Users/Patel/Downloads/ECE527/exp/MP3/PartB/solution1/.autopilot/db/partb.tbgen.tcl 
Execute         source C:/Users/Patel/Downloads/ECE527/exp/MP3/PartB/solution1/.autopilot/db/partb.tbgen.tcl 
Execute         source C:/Users/Patel/Downloads/ECE527/exp/MP3/PartB/solution1/.autopilot/db/partb.tbgen.tcl 
Command       ap_source done; 0.106 sec.
Execute       source C:/Users/Patel/Downloads/ECE527/exp/MP3/PartB/solution1/.autopilot/db/global.setting.tcl 
Execute       source C:/Users/Patel/Downloads/ECE527/exp/MP3/PartB/solution1/.autopilot/db/partb.compgen.tcl 
Execute       source C:/Users/Patel/Downloads/ECE527/exp/MP3/PartB/solution1/.autopilot/db/global.setting.tcl 
Execute       source C:/Users/Patel/Downloads/ECE527/exp/MP3/PartB/solution1/.autopilot/db/partb.constraint.tcl 
Execute       source C:/Users/Patel/Downloads/ECE527/exp/MP3/PartB/solution1/.autopilot/db/partb.tbgen.tcl 
Execute       source C:/Users/Patel/Downloads/ECE527/exp/MP3/PartB/solution1/.autopilot/db/global.setting.tcl 
Execute       source C:/Users/Patel/Downloads/ECE527/exp/MP3/PartB/solution1/.autopilot/db/global.setting.tcl 
Execute       source C:/Users/Patel/Downloads/ECE527/exp/MP3/PartB/solution1/.autopilot/db/global.setting.tcl 
Execute       source C:/Users/Patel/Downloads/ECE527/exp/MP3/PartB/solution1/.autopilot/db/partb.tbgen.tcl 
Execute       source C:/Users/Patel/Downloads/ECE527/exp/MP3/PartB/solution1/.autopilot/db/partb.tbgen.tcl 
Execute       source C:/Users/Patel/Downloads/ECE527/exp/MP3/PartB/solution1/.autopilot/db/global.setting.tcl 
Execute       source C:/Users/Patel/Downloads/ECE527/exp/MP3/PartB/solution1/.autopilot/db/partb.constraint.tcl 
Execute       sc_get_clocks partb 
Execute       source C:/Users/Patel/Downloads/ECE527/exp/MP3/PartB/solution1/.autopilot/db/global.setting.tcl 
Execute       get_config_sdx -target 
Execute       get_config_sdx -profile 
Execute       ::config_rtl 
INFO: [HLS 200-111] Finished generating all RTL models Time (s): cpu = 00:00:02 ; elapsed = 00:00:22 . Memory (MB): peak = 130.480 ; gain = 73.273
INFO: [SYSC 207-301] Generating SystemC RTL for partb.
INFO: [VHDL 208-304] Generating VHDL RTL for partb.
INFO: [VLOG 209-307] Generating Verilog RTL for partb.
Command     autosyn done; 4.764 sec.
Command   csynth_design done; 18.086 sec.
Command ap_source done; 19.324 sec.
Execute cleanup_all 
INFO-FLOW: Workspace C:/Users/Patel/Downloads/ECE527/exp/MP3/PartB/solution1 opened at Fri Oct 05 00:38:36 -0500 2018
Execute     config_clock -quiet -name default -period 10 -default=false 
INFO: [SYN 201-201] Setting up clock 'default' with a period of 10ns.
Execute     open_platform DefaultPlatform 
Execute     import_lib C:/Xilinx/Vivado/2018.2/common/technology/xilinx/zynq/zynq 
Execute       source C:/Xilinx/Vivado/2018.2/common/technology/xilinx/common/xilinx.lib 
Execute         source C:/Xilinx/Vivado/2018.2/common/technology/xilinx/interface/xilinx_interface.lib 
Execute           source C:/Xilinx/Vivado/2018.2/common/technology/xilinx/interface/plb46.lib 
Execute           source C:/Xilinx/Vivado/2018.2/common/technology/xilinx/interface/fsl.lib 
Execute           source C:/Xilinx/Vivado/2018.2/common/technology/xilinx/interface/axi4.lib 
Execute           source C:/Xilinx/Vivado/2018.2/common/technology/xilinx/interface/maxi.lib 
Execute           source C:/Xilinx/Vivado/2018.2/common/technology/xilinx/interface/saxilite.lib 
Command         ap_source done; 0.113 sec.
Execute         source C:/Xilinx/Vivado/2018.2/common/technology/xilinx/common/dsp48.lib 
Execute         source C:/Xilinx/Vivado/2018.2/common/technology/xilinx/ip/dds_compiler.lib 
Execute         source C:/Xilinx/Vivado/2018.2/common/technology/xilinx/ip/xfft.lib 
Execute         source C:/Xilinx/Vivado/2018.2/common/technology/xilinx/ip/xfir.lib 
Command       ap_source done; 0.171 sec.
Execute       source C:/Xilinx/Vivado/2018.2/common/technology/xilinx/common/xilinx_old.lib 
Execute       source C:/Xilinx/Vivado/2018.2/common/technology/xilinx/common/xilinx_vivado.lib 
Execute       source C:/Xilinx/Vivado/2018.2/common/technology/xilinx/common/xilinx.hlp 
Execute         source C:/Xilinx/Vivado/2018.2/common/technology/xilinx/common/target_info.tcl 
Execute         source C:/Xilinx/Vivado/2018.2/common/technology/xilinx/interface/xilinx_interface.hlp 
Execute           source C:/Xilinx/Vivado/2018.2/common/technology/xilinx/interface/maxi.hlp 
Execute           source C:/Xilinx/Vivado/2018.2/common/technology/xilinx/interface/saxilite.hlp 
Execute         source C:/Xilinx/Vivado/2018.2/common/technology/xilinx/common/dsp48.hlp 
Command       ap_source done; 0.157 sec.
Execute       source C:/Xilinx/Vivado/2018.2/common/technology/xilinx/zynq/dsp48e1.hlp 
Execute       get_default_platform 
Execute       config_chip_info -quiet -resource  {SLICE 13300}  {LUT 53200}     {FF 106400} {DSP48E 220}   {BRAM 280}  
Execute       config_chip_info -quiet -speed medium 
Execute       source C:/Xilinx/Vivado/2018.2/common/technology/xilinx/common/xilinx.hlp 
Execute         source C:/Xilinx/Vivado/2018.2/common/technology/xilinx/common/target_info.tcl 
Execute         source C:/Xilinx/Vivado/2018.2/common/technology/xilinx/interface/xilinx_interface.hlp 
Execute           source C:/Xilinx/Vivado/2018.2/common/technology/xilinx/interface/maxi.hlp 
Execute           source C:/Xilinx/Vivado/2018.2/common/technology/xilinx/interface/saxilite.hlp 
Execute         source C:/Xilinx/Vivado/2018.2/common/technology/xilinx/common/dsp48.hlp 
Command     import_lib done; 0.437 sec.
Execute     source C:/Xilinx/Vivado/2018.2/common/technology/xilinx/zynq/zynq.gen 
Execute       source C:/Xilinx/Vivado/2018.2/common/technology/xilinx/common/virtex.gen 
Execute         source C:/Xilinx/Vivado/2018.2/common/technology/xilinx/common/xilinx.gen 
Execute           source C:/Xilinx/Vivado/2018.2/common/technology/xilinx/interface/plb46.gen 
Execute           source C:/Xilinx/Vivado/2018.2/common/technology/xilinx/interface/fsl.gen 
Execute           source C:/Xilinx/Vivado/2018.2/common/technology/xilinx/interface/axi4.gen 
Execute           source C:/Xilinx/Vivado/2018.2/common/technology/xilinx/interface/nativeAXI4.gen 
Execute             source C:/Xilinx/Vivado/2018.2/common/technology/xilinx/interface/saxilite.gen 
Execute             source C:/Xilinx/Vivado/2018.2/common/technology/xilinx/interface/maxi.gen 
Execute           source C:/Xilinx/Vivado/2018.2/common/technology/xilinx/scripts/xilinxcoregen.gen 
Execute           source C:/Xilinx/Vivado/2018.2/common/technology/xilinx/interface/XilEDKCoreGen.gen 
Execute           source C:/Xilinx/Vivado/2018.2/common/technology/xilinx/ip/dds_compiler.gen 
Execute           source C:/Xilinx/Vivado/2018.2/common/technology/xilinx/ip/util.gen 
Execute           source C:/Xilinx/Vivado/2018.2/common/technology/xilinx/ip/xfft.gen 
Command           ap_source done; 0.13 sec.
Execute           source C:/Xilinx/Vivado/2018.2/common/technology/xilinx/ip/xfir.gen 
Command         ap_source done; 0.198 sec.
Execute         source C:/Xilinx/Vivado/2018.2/common/technology/xilinx/common/dsp48.gen 
Command       ap_source done; 0.204 sec.
Command     ap_source done; 0.205 sec.
Execute     open_platform DefaultPlatform 
Execute     import_lib C:/Xilinx/Vivado/2018.2/common/technology/xilinx/zynq/zynq_fpv6 
Execute       source C:/Xilinx/Vivado/2018.2/common/technology/xilinx/common/xilinx_fpv7.lib 
Execute         source C:/Xilinx/Vivado/2018.2/common/technology/xilinx/common/xilinx_hp.lib 
Execute       source C:/Xilinx/Vivado/2018.2/common/technology/xilinx/common/xilinx_fpv.hlp 
Execute         source C:/Xilinx/Vivado/2018.2/common/technology/xilinx/common/xilinx.hlp 
Execute           source C:/Xilinx/Vivado/2018.2/common/technology/xilinx/common/target_info.tcl 
Execute           source C:/Xilinx/Vivado/2018.2/common/technology/xilinx/interface/xilinx_interface.hlp 
Execute             source C:/Xilinx/Vivado/2018.2/common/technology/xilinx/interface/maxi.hlp 
Execute             source C:/Xilinx/Vivado/2018.2/common/technology/xilinx/interface/saxilite.hlp 
Execute           source C:/Xilinx/Vivado/2018.2/common/technology/xilinx/common/dsp48.hlp 
Execute       source C:/Xilinx/Vivado/2018.2/common/technology/xilinx/zynq/zynq_hp.hlp 
Command       ap_source done; 0.142 sec.
Command     import_lib done; 0.251 sec.
Execute     source C:/Xilinx/Vivado/2018.2/common/technology/xilinx/zynq/zynq_fpv6.gen 
Execute       source C:/Xilinx/Vivado/2018.2/common/technology/xilinx/common/xilinx_fpv6.gen 
Execute     set_part xc7z020clg484-1 
Execute       add_library xilinx/zynq/zynq:xc7z020:clg484:-1 
Execute         get_default_platform 
Execute         license_isbetapart xc7z020 
Command         license_isbetapart done; error code: 1; 
Execute         get_default_platform 
Execute         config_chip_info -quiet -resource  {SLICE 13300}  {LUT 53200}     {FF 106400} {DSP48E 220}   {BRAM 280}  
Execute         config_chip_info -quiet -speed slow 
Execute       add_library xilinx/zynq/zynq_fpv6 
Execute         get_default_platform 
INFO: [HLS 200-10] Setting target device to 'xc7z020clg484-1'
Execute       get_default_platform 
Command     set_part done; 0.121 sec.
Execute     get_default_platform 
Execute     config_chip_info -quiet -resource  {SLICE 13300}  {LUT 53200}     {FF 106400} {DSP48E 220}   {BRAM 280}  
Execute     config_chip_info -quiet -speed slow 
Command   open_solution done; 1.052 sec.
Execute   cosim_design 
Execute     source C:/Users/Patel/Downloads/ECE527/exp/MP3/PartB/solution1/.autopilot/db/global.setting.tcl 
Execute     source C:/Users/Patel/Downloads/ECE527/exp/MP3/PartB/solution1/.autopilot/db/global.setting.tcl 
Execute     source C:/Users/Patel/Downloads/ECE527/exp/MP3/PartB/solution1/.autopilot/db/global.setting.tcl 
Execute     source C:/Xilinx/Vivado/2018.2/common/technology/generic/autopilot/common.gen 
Execute       source C:/Xilinx/Vivado/2018.2/common/technology/generic/autopilot/APCoreGen.gen 
Execute     source C:/Xilinx/Vivado/2018.2/common/technology/generic/autopilot/op.gen 
Execute     source C:/Xilinx/Vivado/2018.2/common/technology/generic/autopilot/op_simcore.gen 
Execute     source C:/Xilinx/Vivado/2018.2/common/technology/generic/autopilot/interface.gen 
Execute     source C:/Users/Patel/Downloads/ECE527/exp/MP3/PartB/solution1/.autopilot/db/global.setting.tcl 
Execute     source C:/Xilinx/Vivado/2018.2/common/technology/xilinx/zynq/zynq.gen 
Execute       source C:/Xilinx/Vivado/2018.2/common/technology/xilinx/common/virtex.gen 
Execute         source C:/Xilinx/Vivado/2018.2/common/technology/xilinx/common/xilinx.gen 
Execute           source C:/Xilinx/Vivado/2018.2/common/technology/xilinx/interface/plb46.gen 
Execute           source C:/Xilinx/Vivado/2018.2/common/technology/xilinx/interface/fsl.gen 
Execute           source C:/Xilinx/Vivado/2018.2/common/technology/xilinx/interface/axi4.gen 
Execute           source C:/Xilinx/Vivado/2018.2/common/technology/xilinx/interface/nativeAXI4.gen 
Execute             source C:/Xilinx/Vivado/2018.2/common/technology/xilinx/interface/saxilite.gen 
Execute             source C:/Xilinx/Vivado/2018.2/common/technology/xilinx/interface/maxi.gen 
Execute           source C:/Xilinx/Vivado/2018.2/common/technology/xilinx/scripts/xilinxcoregen.gen 
Execute           source C:/Xilinx/Vivado/2018.2/common/technology/xilinx/interface/XilEDKCoreGen.gen 
Execute           source C:/Xilinx/Vivado/2018.2/common/technology/xilinx/ip/dds_compiler.gen 
Execute           source C:/Xilinx/Vivado/2018.2/common/technology/xilinx/ip/util.gen 
Execute           source C:/Xilinx/Vivado/2018.2/common/technology/xilinx/ip/xfft.gen 
Command           ap_source done; 0.264 sec.
Execute           source C:/Xilinx/Vivado/2018.2/common/technology/xilinx/ip/xfir.gen 
Command         ap_source done; 0.323 sec.
Execute         source C:/Xilinx/Vivado/2018.2/common/technology/xilinx/common/dsp48.gen 
Command       ap_source done; 0.327 sec.
Command     ap_source done; 0.328 sec.
Execute     source C:/Xilinx/Vivado/2018.2/common/technology/xilinx/zynq/zynq_fpv6.gen 
Execute       source C:/Xilinx/Vivado/2018.2/common/technology/xilinx/common/xilinx_fpv6.gen 
Execute     source C:/Users/Patel/Downloads/ECE527/exp/MP3/PartB/solution1/.autopilot/db/global.setting.tcl 
Execute     source C:/Users/Patel/Downloads/ECE527/exp/MP3/PartB/solution1/.autopilot/db/partb.rtl_wrap.cfg.tcl 
Execute     source C:/Users/Patel/Downloads/ECE527/exp/MP3/PartB/solution1/.autopilot/db/partb.tbgen.tcl 
Execute     is_encrypted C:/Users/Patel/Downloads/ECE527/exp/MP3/PartB/partb_tb.cpp 
Execute     is_encrypted C:/Users/Patel/Downloads/ECE527/exp/MP3/PartB/gold.cpp 
Execute     is_encrypted C:/Users/Patel/Downloads/ECE527/exp/MP3/PartB/partb.cpp 
Execute     is_encrypted C:/Users/Patel/Downloads/ECE527/exp/MP3/PartB/partb.h 
Execute     source C:/Users/Patel/Downloads/ECE527/exp/MP3/PartB/solution1/.autopilot/db/partb.tbgen.tcl 
Execute     source C:/Users/Patel/Downloads/ECE527/exp/MP3/PartB/solution1/.autopilot/db/partb.tbgen.tcl 
INFO: [COSIM 212-47] Using XSIM for RTL simulation.
INFO: [COSIM 212-14] Instrumenting C test bench ...
Execute     get_default_platform 
INFO-FLOW: TB processing: C:/Users/Patel/Downloads/ECE527/exp/MP3/PartB/partb_tb.cpp C:/Users/Patel/Downloads/ECE527/exp/MP3/PartB/solution1/./sim/autowrap/testbench/partb_tb.cpp_pre.cpp
INFO-FLOW: Marker-Pragma convertor: C:/Users/Patel/Downloads/ECE527/exp/MP3/PartB/solution1/./sim/autowrap/testbench/partb_tb.cpp_pre.cpp C:/Users/Patel/Downloads/ECE527/exp/MP3/PartB/solution1/./sim/autowrap/testbench/partb_tb.cpp_pre.cpp.line.cpp ./sim/autowrap/testbench/line.tmp 1
INFO-FLOW: Converting Markers to Pragmas...
INFO-FLOW: Marker-Pragma convertor: ./sim/autowrap/testbench/partb_tb.cpp_pre.cpp.tb.cpp.line ./sim/autowrap/testbench/partb_tb.cpp_pre.cpp.tb.cpp ./sim/autowrap/testbench/line.tmp 0
INFO-FLOW: Converting Pragmas to Markers...
Execute     get_default_platform 
INFO-FLOW: TB processing: C:/Users/Patel/Downloads/ECE527/exp/MP3/PartB/gold.cpp C:/Users/Patel/Downloads/ECE527/exp/MP3/PartB/solution1/./sim/autowrap/testbench/gold.cpp_pre.cpp
INFO-FLOW: Marker-Pragma convertor: C:/Users/Patel/Downloads/ECE527/exp/MP3/PartB/solution1/./sim/autowrap/testbench/gold.cpp_pre.cpp C:/Users/Patel/Downloads/ECE527/exp/MP3/PartB/solution1/./sim/autowrap/testbench/gold.cpp_pre.cpp.line.cpp ./sim/autowrap/testbench/line.tmp 1
INFO-FLOW: Converting Markers to Pragmas...
INFO-FLOW: Marker-Pragma convertor: ./sim/autowrap/testbench/gold.cpp_pre.cpp.tb.cpp.line ./sim/autowrap/testbench/gold.cpp_pre.cpp.tb.cpp ./sim/autowrap/testbench/line.tmp 0
INFO-FLOW: Converting Pragmas to Markers...
Execute     get_default_platform 
INFO-FLOW: TB processing: C:/Users/Patel/Downloads/ECE527/exp/MP3/PartB/partb.cpp C:/Users/Patel/Downloads/ECE527/exp/MP3/PartB/solution1/./sim/autowrap/testbench/partb.cpp_pre.cpp
INFO-FLOW: Marker-Pragma convertor: C:/Users/Patel/Downloads/ECE527/exp/MP3/PartB/solution1/./sim/autowrap/testbench/partb.cpp_pre.cpp C:/Users/Patel/Downloads/ECE527/exp/MP3/PartB/solution1/./sim/autowrap/testbench/partb.cpp_pre.cpp.line.cpp ./sim/autowrap/testbench/line.tmp 1
INFO-FLOW: Converting Markers to Pragmas...
INFO-FLOW: Marker-Pragma convertor: ./sim/autowrap/testbench/partb.cpp_pre.cpp.tb.cpp.line ./sim/autowrap/testbench/partb.cpp_pre.cpp.tb.cpp ./sim/autowrap/testbench/line.tmp 0
INFO-FLOW: Converting Pragmas to Markers...
Execute     source C:/Users/Patel/Downloads/ECE527/exp/MP3/PartB/solution1/./sim/autowrap/testbench/tb.status.tcl 
Execute     source C:/Users/Patel/Downloads/ECE527/exp/MP3/PartB/solution1/.autopilot/db/global.setting.tcl 
Execute     source C:/Users/Patel/Downloads/ECE527/exp/MP3/PartB/solution1/.autopilot/db/partb.rtl_wrap.cfg.tcl 
Execute     source C:/Users/Patel/Downloads/ECE527/exp/MP3/PartB/solution1/.autopilot/db/partb.rtl_wrap.cfg.tcl 
Execute     source C:/Users/Patel/Downloads/ECE527/exp/MP3/PartB/solution1/.autopilot/db/partb.rtl_wrap.cfg.tcl 
Execute     source C:/Users/Patel/Downloads/ECE527/exp/MP3/PartB/solution1/.autopilot/db/partb.tbgen.tcl 
Execute     source C:/Users/Patel/Downloads/ECE527/exp/MP3/PartB/solution1/.autopilot/db/partb.tbgen.tcl 
Execute     get_default_platform 
Execute     source .run_sim.tcl 
INFO: [COSIM 212-302] Starting C TB testing ... 
Command     ap_source done; 8.808 sec.
INFO: [COSIM 212-333] Generating C post check test bench ...
Execute     get_default_platform 
INFO: [COSIM 212-12] Generating RTL test bench ...
Execute     source C:/Users/Patel/Downloads/ECE527/exp/MP3/PartB/solution1/.autopilot/db/partb.tbgen.tcl 
Execute     source C:/Users/Patel/Downloads/ECE527/exp/MP3/PartB/solution1/.autopilot/db/partb.tbgen.tcl 
Execute     source C:/Users/Patel/Downloads/ECE527/exp/MP3/PartB/solution1/.autopilot/db/partb.tbgen.tcl 
Execute     source C:/Users/Patel/Downloads/ECE527/exp/MP3/PartB/solution1/.autopilot/db/partb.tbgen.tcl 
Execute     source ../tv/cdatafile/ref.tcl 
Execute     source C:/Users/Patel/Downloads/ECE527/exp/MP3/PartB/solution1/.autopilot/db/partb.tbgen.tcl 
Execute     source C:/Users/Patel/Downloads/ECE527/exp/MP3/PartB/solution1/.autopilot/db/partb.tbgen.tcl 
Execute     source C:/Users/Patel/Downloads/ECE527/exp/MP3/PartB/solution1/.autopilot/db/partb.tbgen.tcl 
Execute     source C:/Users/Patel/Downloads/ECE527/exp/MP3/PartB/solution1/.autopilot/db/partb.tbgen.tcl 
Execute     source C:/Users/Patel/Downloads/ECE527/exp/MP3/PartB/solution1/.autopilot/db/partb.tbgen.tcl 
Execute     source C:/Users/Patel/Downloads/ECE527/exp/MP3/PartB/solution1/.autopilot/db/partb.tbgen.tcl 
Execute     source C:/Users/Patel/Downloads/ECE527/exp/MP3/PartB/solution1/.autopilot/db/partb.tbgen.tcl 
Execute     source C:/Users/Patel/Downloads/ECE527/exp/MP3/PartB/solution1/.autopilot/db/partb.tbgen.tcl 
Execute     source C:/Users/Patel/Downloads/ECE527/exp/MP3/PartB/solution1/.autopilot/db/partb.tbgen.tcl 
Execute     source C:/Users/Patel/Downloads/ECE527/exp/MP3/PartB/solution1/.autopilot/db/partb.tbgen.tcl 
Execute     source C:/Users/Patel/Downloads/ECE527/exp/MP3/PartB/solution1/.autopilot/db/partb.tbgen.tcl 
Execute     source C:/Users/Patel/Downloads/ECE527/exp/MP3/PartB/solution1/.autopilot/db/partb.tbgen.tcl 
Execute     source C:/Users/Patel/Downloads/ECE527/exp/MP3/PartB/solution1/.autopilot/db/partb.tbgen.tcl 
Execute     source C:/Users/Patel/Downloads/ECE527/exp/MP3/PartB/solution1/.autopilot/db/partb.tbgen.tcl 
Execute     source C:/Users/Patel/Downloads/ECE527/exp/MP3/PartB/solution1/.autopilot/db/partb.tbgen.tcl 
Execute     source C:/Users/Patel/Downloads/ECE527/exp/MP3/PartB/solution1/.autopilot/db/partb.tbgen.tcl 
Execute     source ../tv/cdatafile/ref.tcl 
Execute     source C:/Users/Patel/Downloads/ECE527/exp/MP3/PartB/solution1/.autopilot/db/partb.tbgen.tcl 
Execute     source C:/Users/Patel/Downloads/ECE527/exp/MP3/PartB/solution1/.autopilot/db/partb.tbgen.tcl 
Execute     source C:/Users/Patel/Downloads/ECE527/exp/MP3/PartB/solution1/.autopilot/db/partb.tbgen.tcl 
Execute     source C:/Users/Patel/Downloads/ECE527/exp/MP3/PartB/solution1/.autopilot/db/partb.tbgen.tcl 
Execute     source C:/Users/Patel/Downloads/ECE527/exp/MP3/PartB/solution1/.autopilot/db/partb.tbgen.tcl 
Execute     source C:/Users/Patel/Downloads/ECE527/exp/MP3/PartB/solution1/.autopilot/db/partb.tbgen.tcl 
Execute     source C:/Users/Patel/Downloads/ECE527/exp/MP3/PartB/solution1/.autopilot/db/partb.tbgen.tcl 
Execute     source C:/Users/Patel/Downloads/ECE527/exp/MP3/PartB/solution1/.autopilot/db/partb.tbgen.tcl 
Execute     source C:/Users/Patel/Downloads/ECE527/exp/MP3/PartB/solution1/.autopilot/db/partb.tbgen.tcl 
Execute     source C:/Users/Patel/Downloads/ECE527/exp/MP3/PartB/solution1/.autopilot/db/partb.tbgen.tcl 
Execute     source C:/Users/Patel/Downloads/ECE527/exp/MP3/PartB/solution1/.autopilot/db/partb.tbgen.tcl 
Execute     source .run_sim.tcl 
Execute       source check_sim.tcl 
Execute       source .sim.status.tcl 
INFO: [COSIM 212-323] Starting verilog simulation. 
INFO: [COSIM 212-15] Starting XSIM ...
INFO: [COSIM 212-316] Starting C post checking ...
Command     ap_source done; 179.248 sec.
INFO: [COSIM 212-1000] *** C/RTL co-simulation finished: PASS ***
Command   cosim_design done; 215.469 sec.
Command ap_source done; 216.566 sec.
Execute cleanup_all 
