

================================================================
== Vivado HLS Report for 'unop_mm'
================================================================
* Date:           Wed Oct  3 10:49:16 2018

* Version:        2018.2 (Build 2258646 on Thu Jun 14 20:25:20 MDT 2018)
* Project:        PartA
* Solution:       solution1
* Product family: zynq
* Target device:  xc7z020clg484-1


================================================================
== Performance Estimates
================================================================
+ Timing (ns): 
    * Summary: 
    +--------+-------+----------+------------+
    |  Clock | Target| Estimated| Uncertainty|
    +--------+-------+----------+------------+
    |ap_clk  |  10.00|     8.510|        1.25|
    +--------+-------+----------+------------+

+ Latency (clock cycles): 
    * Summary: 
    +-----+-----+-----+-----+---------+
    |  Latency  |  Interval | Pipeline|
    | min | max | min | max |   Type  |
    +-----+-----+-----+-----+---------+
    |    ?|    ?|    ?|    ?|   none  |
    +-----+-----+-----+-----+---------+

    + Detail: 
        * Instance: 
        N/A

        * Loop: 
        +-----------------+-----+-----+----------+-----------+-----------+------+----------+
        |                 |  Latency  | Iteration|  Initiation Interval  | Trip |          |
        |    Loop Name    | min | max |  Latency |  achieved |   target  | Count| Pipelined|
        +-----------------+-----+-----+----------+-----------+-----------+------+----------+
        |- for_c_row      |    ?|    ?|         ?|          -|          -|     ?|    no    |
        | + for_c_col     |    ?|    ?|         ?|          -|          -|     ?|    no    |
        |  ++ for_common  |    ?|    ?|         4|          -|          -|     ?|    no    |
        +-----------------+-----+-----+----------+-----------+-----------+------+----------+



================================================================
== Utilization Estimates
================================================================
* Summary: 
+-----------------+---------+-------+--------+-------+
|       Name      | BRAM_18K| DSP48E|   FF   |  LUT  |
+-----------------+---------+-------+--------+-------+
|DSP              |        -|      -|       -|      -|
|Expression       |        -|      3|       0|    461|
|FIFO             |        -|      -|       -|      -|
|Instance         |        -|      -|       -|      -|
|Memory           |        -|      -|       -|      -|
|Multiplexer      |        -|      -|       -|     95|
|Register         |        -|      -|     558|      -|
+-----------------+---------+-------+--------+-------+
|Total            |        0|      3|     558|    556|
+-----------------+---------+-------+--------+-------+
|Available        |      280|    220|  106400|  53200|
+-----------------+---------+-------+--------+-------+
|Utilization (%)  |        0|      1|   ~0   |      1|
+-----------------+---------+-------+--------+-------+

+ Detail: 
    * Instance: 
    N/A

    * DSP48: 
    N/A

    * Memory: 
    N/A

    * FIFO: 
    N/A

    * Expression: 
    +---------------------+----------+-------+---+----+------------+------------+
    |    Variable Name    | Operation| DSP48E| FF| LUT| Bitwidth P0| Bitwidth P1|
    +---------------------+----------+-------+---+----+------------+------------+
    |tmp_10_fu_268_p2     |     *    |      3|  0|  20|          32|          32|
    |C_d0                 |     +    |      0|  0|  39|          32|          32|
    |i_1_fu_195_p2        |     +    |      0|  0|  38|          31|           1|
    |j_1_fu_210_p2        |     +    |      0|  0|  38|          31|           1|
    |k_1_fu_236_p2        |     +    |      0|  0|  38|          31|           1|
    |next_mul2_fu_181_p2  |     +    |      0|  0|  39|          32|          32|
    |next_mul4_fu_176_p2  |     +    |      0|  0|  39|          32|          32|
    |next_mul_fu_253_p2   |     +    |      0|  0|  39|          32|          32|
    |tmp_4_fu_216_p2      |     +    |      0|  0|  39|          32|          32|
    |tmp_6_fu_258_p2      |     +    |      0|  0|  39|          32|          32|
    |tmp_8_fu_242_p2      |     +    |      0|  0|  39|          32|          32|
    |tmp_3_fu_205_p2      |   icmp   |      0|  0|  18|          32|          32|
    |tmp_7_fu_231_p2      |   icmp   |      0|  0|  18|          32|          32|
    |tmp_fu_190_p2        |   icmp   |      0|  0|  18|          32|          32|
    +---------------------+----------+-------+---+----+------------+------------+
    |Total                |          |      3|  0| 461|         445|         355|
    +---------------------+----------+-------+---+----+------------+------------+

    * Multiplexer: 
    +------------------+----+-----------+-----+-----------+
    |       Name       | LUT| Input Size| Bits| Total Bits|
    +------------------+----+-----------+-----+-----------+
    |ap_NS_fsm         |  41|          8|    1|          8|
    |i_reg_108         |   9|          2|   31|         62|
    |j_reg_143         |   9|          2|   31|         62|
    |k_reg_154         |   9|          2|   31|         62|
    |phi_mul1_reg_119  |   9|          2|   32|         64|
    |phi_mul3_reg_131  |   9|          2|   32|         64|
    |phi_mul_reg_165   |   9|          2|   32|         64|
    +------------------+----+-----------+-----+-----------+
    |Total             |  95|         20|  190|        386|
    +------------------+----+-----------+-----+-----------+

    * Register: 
    +-------------------+----+----+-----+-----------+
    |        Name       | FF | LUT| Bits| Const Bits|
    +-------------------+----+----+-----+-----------+
    |A_load_reg_358     |  32|   0|   32|          0|
    |B_load_reg_363     |  32|   0|   32|          0|
    |C_addr_reg_330     |  14|   0|   14|          0|
    |C_load_reg_373     |  32|   0|   32|          0|
    |ap_CS_fsm          |   7|   0|    7|          0|
    |i_1_reg_312        |  31|   0|   31|          0|
    |i_reg_108          |  31|   0|   31|          0|
    |j_1_reg_325        |  31|   0|   31|          0|
    |j_cast_reg_317     |  31|   0|   32|          1|
    |j_reg_143          |  31|   0|   31|          0|
    |k_1_reg_338        |  31|   0|   31|          0|
    |k_reg_154          |  31|   0|   31|          0|
    |next_mul2_reg_304  |  32|   0|   32|          0|
    |next_mul4_reg_299  |  32|   0|   32|          0|
    |next_mul_reg_348   |  32|   0|   32|          0|
    |phi_mul1_reg_119   |  32|   0|   32|          0|
    |phi_mul3_reg_131   |  32|   0|   32|          0|
    |phi_mul_reg_165    |  32|   0|   32|          0|
    |tmp_10_reg_368     |  32|   0|   32|          0|
    +-------------------+----+----+-----+-----------+
    |Total              | 558|   0|  559|          1|
    +-------------------+----+----+-----+-----------+



================================================================
== Interface
================================================================
* Summary: 
+------------+-----+-----+------------+--------------+--------------+
|  RTL Ports | Dir | Bits|  Protocol  | Source Object|    C Type    |
+------------+-----+-----+------------+--------------+--------------+
|ap_clk      |  in |    1| ap_ctrl_hs |    unop_mm   | return value |
|ap_rst      |  in |    1| ap_ctrl_hs |    unop_mm   | return value |
|ap_start    |  in |    1| ap_ctrl_hs |    unop_mm   | return value |
|ap_done     | out |    1| ap_ctrl_hs |    unop_mm   | return value |
|ap_idle     | out |    1| ap_ctrl_hs |    unop_mm   | return value |
|ap_ready    | out |    1| ap_ctrl_hs |    unop_mm   | return value |
|A_address0  | out |   14|  ap_memory |       A      |     array    |
|A_ce0       | out |    1|  ap_memory |       A      |     array    |
|A_q0        |  in |   32|  ap_memory |       A      |     array    |
|B_address0  | out |   14|  ap_memory |       B      |     array    |
|B_ce0       | out |    1|  ap_memory |       B      |     array    |
|B_q0        |  in |   32|  ap_memory |       B      |     array    |
|C_address0  | out |   14|  ap_memory |       C      |     array    |
|C_ce0       | out |    1|  ap_memory |       C      |     array    |
|C_we0       | out |    1|  ap_memory |       C      |     array    |
|C_d0        | out |   32|  ap_memory |       C      |     array    |
|C_q0        |  in |   32|  ap_memory |       C      |     array    |
|mA          |  in |   32|   ap_none  |      mA      |    scalar    |
|nA          |  in |   32|   ap_none  |      nA      |    scalar    |
|mB          |  in |   32|   ap_none  |      mB      |    scalar    |
|nB          |  in |   32|   ap_none  |      nB      |    scalar    |
|mC          |  in |   32|   ap_none  |      mC      |    scalar    |
|nC          |  in |   32|   ap_none  |      nC      |    scalar    |
+------------+-----+-----+------------+--------------+--------------+

