

================================================================
== Vivado HLS Report for 'parta1_6'
================================================================
* Date:           Thu Oct  4 22:56:37 2018

* Version:        2018.2 (Build 2258646 on Thu Jun 14 20:25:20 MDT 2018)
* Project:        PartA
* Solution:       solution6
* Product family: zynq
* Target device:  xc7z020clg484-1


================================================================
== Performance Estimates
================================================================
+ Timing (ns): 
    * Summary: 
    +--------+-------+----------+------------+
    |  Clock | Target| Estimated| Uncertainty|
    +--------+-------+----------+------------+
    |ap_clk  |  10.00|     8.510|        1.25|
    +--------+-------+----------+------------+

+ Latency (clock cycles): 
    * Summary: 
    +-----+-----+-----+-----+---------+
    |  Latency  |  Interval | Pipeline|
    | min | max | min | max |   Type  |
    +-----+-----+-----+-----+---------+
    |    ?|    ?|    ?|    ?|   none  |
    +-----+-----+-----+-----+---------+

    + Detail: 
        * Instance: 
        N/A

        * Loop: 
        +-----------------+-----+-----+----------+-----------+-----------+------+----------+
        |                 |  Latency  | Iteration|  Initiation Interval  | Trip |          |
        |    Loop Name    | min | max |  Latency |  achieved |   target  | Count| Pipelined|
        +-----------------+-----+-----+----------+-----------+-----------+------+----------+
        |- for_c_row      |    ?|    ?|         ?|          -|          -|     ?|    no    |
        | + for_c_col     |    ?|    ?|         ?|          -|          -|     ?|    no    |
        |  ++ for_common  |    ?|    ?|        13|          -|          -|     ?|    no    |
        +-----------------+-----+-----+----------+-----------+-----------+------+----------+

============================================================
+ Verbose Summary: Synthesis Manager
============================================================
InlineROM: 1
ExposeGlobal: 0
============================================================
+ Verbose Summary: CDFG Model
============================================================
IsTopModel: 1
ResetActiveHigh: 1
IsCombinational: 0
IsDatapathOnly: 0
HasWiredReturn: 1
HasMFsm: 0
HasVarLatency: 1
IsPipeline: 0
IsRtlPipelined: 0
IsInstanceOverlapped: 0
IsDontTouch: 0
HasImplIP: 0
IsGatedGlobalClock: 0


============================================================
+ Verbose Summary: Schedule
============================================================
* Number of FSM states : 16
* Pipeline : 0
* Dataflow Pipeline: 0

* FSM state transitions: 
1 --> 
	2  / true
2 --> 
	3  / (tmp)
3 --> 
	4  / (tmp_2)
	2  / (!tmp_2)
4 --> 
	5  / (!tmp_23)
	13  / (tmp_23)
5 --> 
	6  / true
6 --> 
	7  / true
7 --> 
	8  / (tmp_5_1)
	13  / (!tmp_5_1)
8 --> 
	9  / true
9 --> 
	10  / true
10 --> 
	11  / (tmp_5_2)
	13  / (!tmp_5_2)
11 --> 
	12  / true
12 --> 
	13  / true
13 --> 
	14  / (!tmp_23 & tmp_5_1 & tmp_5_2 & tmp_5_3)
	3  / (tmp_23) | (!tmp_5_1) | (!tmp_5_2) | (!tmp_5_3)
14 --> 
	15  / true
15 --> 
	16  / true
16 --> 
	4  / true

* FSM state operations: 

State 1 <SV = 0> <Delay = 1.76>
ST_1 : Operation 17 [1/1] (0.00ns)   --->   "call void (...)* @_ssdm_op_SpecBitsMap([10000 x i32]* %A) nounwind, !map !7"   --->   Operation 17 'specbitsmap' <Predicate = true> <Delay = 0.00>
ST_1 : Operation 18 [1/1] (0.00ns)   --->   "call void (...)* @_ssdm_op_SpecBitsMap([10000 x i32]* %B) nounwind, !map !13"   --->   Operation 18 'specbitsmap' <Predicate = true> <Delay = 0.00>
ST_1 : Operation 19 [1/1] (0.00ns)   --->   "call void (...)* @_ssdm_op_SpecBitsMap([10000 x i32]* %C) nounwind, !map !17"   --->   Operation 19 'specbitsmap' <Predicate = true> <Delay = 0.00>
ST_1 : Operation 20 [1/1] (0.00ns)   --->   "call void (...)* @_ssdm_op_SpecBitsMap(i32 %mA) nounwind, !map !21"   --->   Operation 20 'specbitsmap' <Predicate = true> <Delay = 0.00>
ST_1 : Operation 21 [1/1] (0.00ns)   --->   "call void (...)* @_ssdm_op_SpecBitsMap(i32 %nA) nounwind, !map !27"   --->   Operation 21 'specbitsmap' <Predicate = true> <Delay = 0.00>
ST_1 : Operation 22 [1/1] (0.00ns)   --->   "call void (...)* @_ssdm_op_SpecBitsMap(i32 %mB) nounwind, !map !31"   --->   Operation 22 'specbitsmap' <Predicate = true> <Delay = 0.00>
ST_1 : Operation 23 [1/1] (0.00ns)   --->   "call void (...)* @_ssdm_op_SpecBitsMap(i32 %nB) nounwind, !map !35"   --->   Operation 23 'specbitsmap' <Predicate = true> <Delay = 0.00>
ST_1 : Operation 24 [1/1] (0.00ns)   --->   "call void (...)* @_ssdm_op_SpecBitsMap(i32 %mC) nounwind, !map !39"   --->   Operation 24 'specbitsmap' <Predicate = true> <Delay = 0.00>
ST_1 : Operation 25 [1/1] (0.00ns)   --->   "call void (...)* @_ssdm_op_SpecBitsMap(i32 %nC) nounwind, !map !43"   --->   Operation 25 'specbitsmap' <Predicate = true> <Delay = 0.00>
ST_1 : Operation 26 [1/1] (0.00ns)   --->   "call void (...)* @_ssdm_op_SpecTopModule([9 x i8]* @parta1_6_str) nounwind"   --->   Operation 26 'spectopmodule' <Predicate = true> <Delay = 0.00>
ST_1 : Operation 27 [1/1] (0.00ns)   --->   "%nC_read = call i32 @_ssdm_op_Read.ap_auto.i32(i32 %nC) nounwind"   --->   Operation 27 'read' 'nC_read' <Predicate = true> <Delay = 0.00>
ST_1 : Operation 28 [1/1] (0.00ns)   --->   "%mC_read = call i32 @_ssdm_op_Read.ap_auto.i32(i32 %mC) nounwind"   --->   Operation 28 'read' 'mC_read' <Predicate = true> <Delay = 0.00>
ST_1 : Operation 29 [1/1] (0.00ns)   --->   "%nA_read = call i32 @_ssdm_op_Read.ap_auto.i32(i32 %nA) nounwind"   --->   Operation 29 'read' 'nA_read' <Predicate = true> <Delay = 0.00>
ST_1 : Operation 30 [1/1] (1.76ns)   --->   "br label %1" [PartA/parta1_6.cpp:7]   --->   Operation 30 'br' <Predicate = true> <Delay = 1.76>

State 2 <SV = 1> <Delay = 2.79>
ST_2 : Operation 31 [1/1] (0.00ns)   --->   "%i = phi i31 [ 0, %0 ], [ %i_1, %11 ]"   --->   Operation 31 'phi' 'i' <Predicate = true> <Delay = 0.00>
ST_2 : Operation 32 [1/1] (0.00ns)   --->   "%phi_mul1 = phi i38 [ 0, %0 ], [ %next_mul2, %11 ]"   --->   Operation 32 'phi' 'phi_mul1' <Predicate = true> <Delay = 0.00>
ST_2 : Operation 33 [1/1] (0.00ns)   --->   "%tmp_1 = trunc i38 %phi_mul1 to i15"   --->   Operation 33 'trunc' 'tmp_1' <Predicate = true> <Delay = 0.00>
ST_2 : Operation 34 [1/1] (0.00ns)   --->   "%phi_mul1_cast = zext i38 %phi_mul1 to i64"   --->   Operation 34 'zext' 'phi_mul1_cast' <Predicate = true> <Delay = 0.00>
ST_2 : Operation 35 [1/1] (2.79ns)   --->   "%next_mul2 = add i38 100, %phi_mul1"   --->   Operation 35 'add' 'next_mul2' <Predicate = true> <Delay = 2.79> <Core = "AddSub">   --->   Core 14 'AddSub' <Latency = 0> <II = 1> <Delay = 2.55> <FuncUnit> <Opcode : 'add' 'sub'> <InPorts = 2> <OutPorts = 1>
ST_2 : Operation 36 [1/1] (0.00ns)   --->   "%i_cast = zext i31 %i to i32" [PartA/parta1_6.cpp:7]   --->   Operation 36 'zext' 'i_cast' <Predicate = true> <Delay = 0.00>
ST_2 : Operation 37 [1/1] (2.47ns)   --->   "%tmp = icmp slt i32 %i_cast, %mC_read" [PartA/parta1_6.cpp:7]   --->   Operation 37 'icmp' 'tmp' <Predicate = true> <Delay = 2.47> <Core = "Cmp">   --->   Core 25 'Cmp' <Latency = 0> <II = 1> <Delay = 2.47> <FuncUnit> <Opcode : 'icmp'> <InPorts = 2> <OutPorts = 1>
ST_2 : Operation 38 [1/1] (2.52ns)   --->   "%i_1 = add i31 1, %i" [PartA/parta1_6.cpp:7]   --->   Operation 38 'add' 'i_1' <Predicate = true> <Delay = 2.52> <Core = "AddSub">   --->   Core 14 'AddSub' <Latency = 0> <II = 1> <Delay = 2.55> <FuncUnit> <Opcode : 'add' 'sub'> <InPorts = 2> <OutPorts = 1>
ST_2 : Operation 39 [1/1] (0.00ns)   --->   "br i1 %tmp, label %2, label %12" [PartA/parta1_6.cpp:7]   --->   Operation 39 'br' <Predicate = true> <Delay = 0.00>
ST_2 : Operation 40 [1/1] (0.00ns)   --->   "call void (...)* @_ssdm_op_SpecLoopName([10 x i8]* @p_str3) nounwind" [PartA/parta1_6.cpp:8]   --->   Operation 40 'specloopname' <Predicate = (tmp)> <Delay = 0.00>
ST_2 : Operation 41 [1/1] (0.00ns)   --->   "%tmp_4 = call i32 (...)* @_ssdm_op_SpecRegionBegin([10 x i8]* @p_str3) nounwind" [PartA/parta1_6.cpp:8]   --->   Operation 41 'specregionbegin' 'tmp_4' <Predicate = (tmp)> <Delay = 0.00>
ST_2 : Operation 42 [1/1] (0.00ns)   --->   "%A_addr = getelementptr [10000 x i32]* %A, i64 0, i64 %phi_mul1_cast" [PartA/parta1_6.cpp:12]   --->   Operation 42 'getelementptr' 'A_addr' <Predicate = (tmp)> <Delay = 0.00>
ST_2 : Operation 43 [1/1] (0.00ns)   --->   "%C_addr = getelementptr [10000 x i32]* %C, i64 0, i64 %phi_mul1_cast" [PartA/parta1_6.cpp:9]   --->   Operation 43 'getelementptr' 'C_addr' <Predicate = (tmp)> <Delay = 0.00>
ST_2 : Operation 44 [1/1] (0.00ns)   --->   "call void (...)* @_ssdm_op_SpecInterface(i32* %C_addr, [8 x i8]* @p_str14, i32 0, i32 0, [1 x i8]* @p_str25, i32 0, i32 0, [1 x i8]* @p_str25, [1 x i8]* @p_str25, [1 x i8]* @p_str25, i32 0, i32 0, i32 0, i32 0, [1 x i8]* @p_str25, [1 x i8]* @p_str25) nounwind" [PartA/parta1_6.cpp:9]   --->   Operation 44 'specinterface' <Predicate = (tmp)> <Delay = 0.00>
ST_2 : Operation 45 [1/1] (1.76ns)   --->   "br label %3" [PartA/parta1_6.cpp:10]   --->   Operation 45 'br' <Predicate = (tmp)> <Delay = 1.76>
ST_2 : Operation 46 [1/1] (0.00ns)   --->   "ret void" [PartA/parta1_6.cpp:20]   --->   Operation 46 'ret' <Predicate = (!tmp)> <Delay = 0.00>

State 3 <SV = 2> <Delay = 5.81>
ST_3 : Operation 47 [1/1] (0.00ns)   --->   "%j = phi i31 [ 0, %2 ], [ %j_1, %10 ]"   --->   Operation 47 'phi' 'j' <Predicate = true> <Delay = 0.00>
ST_3 : Operation 48 [1/1] (0.00ns)   --->   "%phi_mul = phi i38 [ 0, %2 ], [ %next_mul, %10 ]"   --->   Operation 48 'phi' 'phi_mul' <Predicate = true> <Delay = 0.00>
ST_3 : Operation 49 [1/1] (0.00ns)   --->   "%tmp_3 = trunc i38 %phi_mul to i15"   --->   Operation 49 'trunc' 'tmp_3' <Predicate = true> <Delay = 0.00>
ST_3 : Operation 50 [1/1] (0.00ns)   --->   "%phi_mul_cast = zext i38 %phi_mul to i64"   --->   Operation 50 'zext' 'phi_mul_cast' <Predicate = true> <Delay = 0.00>
ST_3 : Operation 51 [1/1] (2.79ns)   --->   "%next_mul = add i38 100, %phi_mul"   --->   Operation 51 'add' 'next_mul' <Predicate = true> <Delay = 2.79> <Core = "AddSub">   --->   Core 14 'AddSub' <Latency = 0> <II = 1> <Delay = 2.55> <FuncUnit> <Opcode : 'add' 'sub'> <InPorts = 2> <OutPorts = 1>
ST_3 : Operation 52 [1/1] (0.00ns)   --->   "%j_cast = zext i31 %j to i32" [PartA/parta1_6.cpp:10]   --->   Operation 52 'zext' 'j_cast' <Predicate = true> <Delay = 0.00>
ST_3 : Operation 53 [1/1] (2.47ns)   --->   "%tmp_2 = icmp slt i32 %j_cast, %nC_read" [PartA/parta1_6.cpp:10]   --->   Operation 53 'icmp' 'tmp_2' <Predicate = true> <Delay = 2.47> <Core = "Cmp">   --->   Core 25 'Cmp' <Latency = 0> <II = 1> <Delay = 2.47> <FuncUnit> <Opcode : 'icmp'> <InPorts = 2> <OutPorts = 1>
ST_3 : Operation 54 [1/1] (2.52ns)   --->   "%j_1 = add i31 1, %j" [PartA/parta1_6.cpp:10]   --->   Operation 54 'add' 'j_1' <Predicate = true> <Delay = 2.52> <Core = "AddSub">   --->   Core 14 'AddSub' <Latency = 0> <II = 1> <Delay = 2.55> <FuncUnit> <Opcode : 'add' 'sub'> <InPorts = 2> <OutPorts = 1>
ST_3 : Operation 55 [1/1] (0.00ns)   --->   "br i1 %tmp_2, label %4, label %11" [PartA/parta1_6.cpp:10]   --->   Operation 55 'br' <Predicate = true> <Delay = 0.00>
ST_3 : Operation 56 [1/1] (0.00ns)   --->   "call void (...)* @_ssdm_op_SpecLoopName([10 x i8]* @p_str36) nounwind" [PartA/parta1_6.cpp:11]   --->   Operation 56 'specloopname' <Predicate = (tmp_2)> <Delay = 0.00>
ST_3 : Operation 57 [1/1] (0.00ns)   --->   "%tmp_5 = call i32 (...)* @_ssdm_op_SpecRegionBegin([10 x i8]* @p_str36) nounwind" [PartA/parta1_6.cpp:11]   --->   Operation 57 'specregionbegin' 'tmp_5' <Predicate = (tmp_2)> <Delay = 0.00>
ST_3 : Operation 58 [1/1] (0.00ns)   --->   "call void (...)* @_ssdm_op_SpecInterface(i32* %A_addr, [8 x i8]* @p_str14, i32 0, i32 0, [1 x i8]* @p_str25, i32 0, i32 0, [1 x i8]* @p_str25, [1 x i8]* @p_str25, [1 x i8]* @p_str25, i32 0, i32 0, i32 0, i32 0, [1 x i8]* @p_str25, [1 x i8]* @p_str25) nounwind" [PartA/parta1_6.cpp:12]   --->   Operation 58 'specinterface' <Predicate = (tmp_2)> <Delay = 0.00>
ST_3 : Operation 59 [1/1] (0.00ns)   --->   "%tmp_6 = trunc i31 %j to i15" [PartA/parta1_6.cpp:12]   --->   Operation 59 'trunc' 'tmp_6' <Predicate = (tmp_2)> <Delay = 0.00>
ST_3 : Operation 60 [1/1] (0.00ns)   --->   "%B_addr = getelementptr [10000 x i32]* %B, i64 0, i64 %phi_mul_cast" [PartA/parta1_6.cpp:12]   --->   Operation 60 'getelementptr' 'B_addr' <Predicate = (tmp_2)> <Delay = 0.00>
ST_3 : Operation 61 [1/1] (1.94ns)   --->   "%tmp_s = add i15 %tmp_6, %tmp_1" [PartA/parta1_6.cpp:16]   --->   Operation 61 'add' 'tmp_s' <Predicate = (tmp_2)> <Delay = 1.94> <Core = "AddSub">   --->   Core 14 'AddSub' <Latency = 0> <II = 1> <Delay = 2.55> <FuncUnit> <Opcode : 'add' 'sub'> <InPorts = 2> <OutPorts = 1>
ST_3 : Operation 62 [1/1] (0.00ns)   --->   "%tmp_11_cast = zext i15 %tmp_s to i64" [PartA/parta1_6.cpp:16]   --->   Operation 62 'zext' 'tmp_11_cast' <Predicate = (tmp_2)> <Delay = 0.00>
ST_3 : Operation 63 [1/1] (0.00ns)   --->   "%C_addr_1 = getelementptr [10000 x i32]* %C, i64 0, i64 %tmp_11_cast" [PartA/parta1_6.cpp:16]   --->   Operation 63 'getelementptr' 'C_addr_1' <Predicate = (tmp_2)> <Delay = 0.00>
ST_3 : Operation 64 [1/1] (0.00ns)   --->   "call void (...)* @_ssdm_op_SpecInterface(i32* %B_addr, [8 x i8]* @p_str14, i32 0, i32 0, [1 x i8]* @p_str25, i32 0, i32 0, [1 x i8]* @p_str25, [1 x i8]* @p_str25, [1 x i8]* @p_str25, i32 0, i32 0, i32 0, i32 0, [1 x i8]* @p_str25, [1 x i8]* @p_str25) nounwind" [PartA/parta1_6.cpp:12]   --->   Operation 64 'specinterface' <Predicate = (tmp_2)> <Delay = 0.00>
ST_3 : Operation 65 [1/1] (0.00ns) (grouped into LUT with out node tmp_21)   --->   "%tmp_9 = call i1 @_ssdm_op_BitSelect.i1.i32.i32(i32 %nA_read, i32 31)"   --->   Operation 65 'bitselect' 'tmp_9' <Predicate = (tmp_2)> <Delay = 0.00>
ST_3 : Operation 66 [1/1] (2.55ns)   --->   "%nA_op_op = add i32 3, %nA_read"   --->   Operation 66 'add' 'nA_op_op' <Predicate = (tmp_2)> <Delay = 2.55> <Core = "AddSub">   --->   Core 14 'AddSub' <Latency = 0> <II = 1> <Delay = 2.55> <FuncUnit> <Opcode : 'add' 'sub'> <InPorts = 2> <OutPorts = 1>
ST_3 : Operation 67 [1/1] (0.00ns) (grouped into LUT with out node tmp_21)   --->   "%tmp_10 = call i1 @_ssdm_op_BitSelect.i1.i32.i32(i32 %nA_op_op, i32 31)"   --->   Operation 67 'bitselect' 'tmp_10' <Predicate = (tmp_2)> <Delay = 0.00>
ST_3 : Operation 68 [1/1] (2.55ns)   --->   "%p_neg = sub i32 -3, %nA_read"   --->   Operation 68 'sub' 'p_neg' <Predicate = (tmp_2)> <Delay = 2.55> <Core = "AddSub">   --->   Core 14 'AddSub' <Latency = 0> <II = 1> <Delay = 2.55> <FuncUnit> <Opcode : 'add' 'sub'> <InPorts = 2> <OutPorts = 1>
ST_3 : Operation 69 [1/1] (0.00ns)   --->   "%p_lshr = call i30 @_ssdm_op_PartSelect.i30.i32.i32.i32(i32 %p_neg, i32 2, i32 31)"   --->   Operation 69 'partselect' 'p_lshr' <Predicate = (tmp_2)> <Delay = 0.00>
ST_3 : Operation 70 [1/1] (2.49ns)   --->   "%p_neg_t = sub i30 0, %p_lshr"   --->   Operation 70 'sub' 'p_neg_t' <Predicate = (tmp_2)> <Delay = 2.49> <Core = "AddSub">   --->   Core 14 'AddSub' <Latency = 0> <II = 1> <Delay = 2.55> <FuncUnit> <Opcode : 'add' 'sub'> <InPorts = 2> <OutPorts = 1>
ST_3 : Operation 71 [1/1] (0.00ns) (grouped into LUT with out node tmp_21)   --->   "%tmp_11 = call i30 @_ssdm_op_PartSelect.i30.i32.i32.i32(i32 %nA_op_op, i32 2, i32 31)"   --->   Operation 71 'partselect' 'tmp_11' <Predicate = (tmp_2)> <Delay = 0.00>
ST_3 : Operation 72 [1/1] (0.00ns) (grouped into LUT with out node tmp_21)   --->   "%tmp_20 = select i1 %tmp_10, i30 %p_neg_t, i30 %tmp_11"   --->   Operation 72 'select' 'tmp_20' <Predicate = (tmp_2)> <Delay = 0.00> <Core = "Sel">   --->   Core 26 'Sel' <Latency = 0> <II = 1> <Delay = 0.76> <FuncUnit> <Opcode : 'select'> <InPorts = 3> <OutPorts = 1>
ST_3 : Operation 73 [1/1] (0.76ns) (out node of the LUT)   --->   "%tmp_21 = select i1 %tmp_9, i30 0, i30 %tmp_20"   --->   Operation 73 'select' 'tmp_21' <Predicate = (tmp_2)> <Delay = 0.76> <Core = "Sel">   --->   Core 26 'Sel' <Latency = 0> <II = 1> <Delay = 0.76> <FuncUnit> <Opcode : 'select'> <InPorts = 3> <OutPorts = 1>
ST_3 : Operation 74 [1/1] (0.00ns)   --->   "%tmp_22 = call i32 @_ssdm_op_BitConcatenate.i32.i30.i2(i30 %tmp_21, i2 0)"   --->   Operation 74 'bitconcatenate' 'tmp_22' <Predicate = (tmp_2)> <Delay = 0.00>
ST_3 : Operation 75 [1/1] (1.76ns)   --->   "br label %5" [PartA/parta1_6.cpp:13]   --->   Operation 75 'br' <Predicate = (tmp_2)> <Delay = 1.76>
ST_3 : Operation 76 [1/1] (0.00ns)   --->   "%empty_4 = call i32 (...)* @_ssdm_op_SpecRegionEnd([10 x i8]* @p_str3, i32 %tmp_4) nounwind" [PartA/parta1_6.cpp:19]   --->   Operation 76 'specregionend' 'empty_4' <Predicate = (!tmp_2)> <Delay = 0.00>
ST_3 : Operation 77 [1/1] (0.00ns)   --->   "br label %1" [PartA/parta1_6.cpp:7]   --->   Operation 77 'br' <Predicate = (!tmp_2)> <Delay = 0.00>

State 4 <SV = 3> <Delay = 5.19>
ST_4 : Operation 78 [1/1] (0.00ns)   --->   "%k = phi i32 [ 0, %4 ], [ %k_1_3, %9 ]" [PartA/parta1_6.cpp:13]   --->   Operation 78 'phi' 'k' <Predicate = true> <Delay = 0.00>
ST_4 : Operation 79 [1/1] (2.47ns)   --->   "%tmp_23 = icmp eq i32 %k, %tmp_22" [PartA/parta1_6.cpp:13]   --->   Operation 79 'icmp' 'tmp_23' <Predicate = true> <Delay = 2.47> <Core = "Cmp">   --->   Core 25 'Cmp' <Latency = 0> <II = 1> <Delay = 2.47> <FuncUnit> <Opcode : 'icmp'> <InPorts = 2> <OutPorts = 1>
ST_4 : Operation 80 [1/1] (0.00ns)   --->   "br i1 %tmp_23, label %10, label %6" [PartA/parta1_6.cpp:13]   --->   Operation 80 'br' <Predicate = true> <Delay = 0.00>
ST_4 : Operation 81 [1/1] (0.00ns)   --->   "%tmp_24 = trunc i32 %k to i15" [PartA/parta1_6.cpp:16]   --->   Operation 81 'trunc' 'tmp_24' <Predicate = (!tmp_23)> <Delay = 0.00>
ST_4 : Operation 82 [1/1] (1.94ns)   --->   "%tmp_12 = add i15 %tmp_1, %tmp_24" [PartA/parta1_6.cpp:16]   --->   Operation 82 'add' 'tmp_12' <Predicate = (!tmp_23)> <Delay = 1.94> <Core = "AddSub">   --->   Core 14 'AddSub' <Latency = 0> <II = 1> <Delay = 2.55> <FuncUnit> <Opcode : 'add' 'sub'> <InPorts = 2> <OutPorts = 1>
ST_4 : Operation 83 [1/1] (0.00ns)   --->   "%tmp_12_cast = zext i15 %tmp_12 to i64" [PartA/parta1_6.cpp:16]   --->   Operation 83 'zext' 'tmp_12_cast' <Predicate = (!tmp_23)> <Delay = 0.00>
ST_4 : Operation 84 [1/1] (0.00ns)   --->   "%A_addr_1 = getelementptr [10000 x i32]* %A, i64 0, i64 %tmp_12_cast" [PartA/parta1_6.cpp:16]   --->   Operation 84 'getelementptr' 'A_addr_1' <Predicate = (!tmp_23)> <Delay = 0.00>
ST_4 : Operation 85 [1/1] (1.94ns)   --->   "%tmp_13 = add i15 %tmp_3, %tmp_24" [PartA/parta1_6.cpp:16]   --->   Operation 85 'add' 'tmp_13' <Predicate = (!tmp_23)> <Delay = 1.94> <Core = "AddSub">   --->   Core 14 'AddSub' <Latency = 0> <II = 1> <Delay = 2.55> <FuncUnit> <Opcode : 'add' 'sub'> <InPorts = 2> <OutPorts = 1>
ST_4 : Operation 86 [1/1] (0.00ns)   --->   "%tmp_13_cast = zext i15 %tmp_13 to i64" [PartA/parta1_6.cpp:16]   --->   Operation 86 'zext' 'tmp_13_cast' <Predicate = (!tmp_23)> <Delay = 0.00>
ST_4 : Operation 87 [1/1] (0.00ns)   --->   "%B_addr_1 = getelementptr [10000 x i32]* %B, i64 0, i64 %tmp_13_cast" [PartA/parta1_6.cpp:16]   --->   Operation 87 'getelementptr' 'B_addr_1' <Predicate = (!tmp_23)> <Delay = 0.00>
ST_4 : Operation 88 [2/2] (3.25ns)   --->   "%A_load = load i32* %A_addr_1, align 4" [PartA/parta1_6.cpp:16]   --->   Operation 88 'load' 'A_load' <Predicate = (!tmp_23)> <Delay = 3.25> <Core = "RAM">   --->   Core 37 'RAM' <Latency = 1> <II = 1> <Delay = 3.25> <Storage> <Opcode : 'load' 'store'> <Ports = 2> <Width = 32> <Depth = 10000> <RAM>
ST_4 : Operation 89 [2/2] (3.25ns)   --->   "%B_load = load i32* %B_addr_1, align 4" [PartA/parta1_6.cpp:16]   --->   Operation 89 'load' 'B_load' <Predicate = (!tmp_23)> <Delay = 3.25> <Core = "RAM">   --->   Core 37 'RAM' <Latency = 1> <II = 1> <Delay = 3.25> <Storage> <Opcode : 'load' 'store'> <Ports = 2> <Width = 32> <Depth = 10000> <RAM>

State 5 <SV = 4> <Delay = 3.25>
ST_5 : Operation 90 [1/2] (3.25ns)   --->   "%A_load = load i32* %A_addr_1, align 4" [PartA/parta1_6.cpp:16]   --->   Operation 90 'load' 'A_load' <Predicate = true> <Delay = 3.25> <Core = "RAM">   --->   Core 37 'RAM' <Latency = 1> <II = 1> <Delay = 3.25> <Storage> <Opcode : 'load' 'store'> <Ports = 2> <Width = 32> <Depth = 10000> <RAM>
ST_5 : Operation 91 [1/2] (3.25ns)   --->   "%B_load = load i32* %B_addr_1, align 4" [PartA/parta1_6.cpp:16]   --->   Operation 91 'load' 'B_load' <Predicate = true> <Delay = 3.25> <Core = "RAM">   --->   Core 37 'RAM' <Latency = 1> <II = 1> <Delay = 3.25> <Storage> <Opcode : 'load' 'store'> <Ports = 2> <Width = 32> <Depth = 10000> <RAM>
ST_5 : Operation 92 [2/2] (3.25ns)   --->   "%C_load = load i32* %C_addr_1, align 4" [PartA/parta1_6.cpp:16]   --->   Operation 92 'load' 'C_load' <Predicate = true> <Delay = 3.25> <Core = "RAM">   --->   Core 37 'RAM' <Latency = 1> <II = 1> <Delay = 3.25> <Storage> <Opcode : 'load' 'store'> <Ports = 2> <Width = 32> <Depth = 10000> <RAM>

State 6 <SV = 5> <Delay = 8.51>
ST_6 : Operation 93 [1/1] (8.51ns)   --->   "%tmp_7 = mul nsw i32 %B_load, %A_load" [PartA/parta1_6.cpp:16]   --->   Operation 93 'mul' 'tmp_7' <Predicate = true> <Delay = 8.51> <Core = "Mul">   --->   Core 16 'Mul' <Latency = 0> <II = 1> <Delay = 8.51> <FuncUnit> <Opcode : 'mul'> <InPorts = 2> <OutPorts = 1>
ST_6 : Operation 94 [1/2] (3.25ns)   --->   "%C_load = load i32* %C_addr_1, align 4" [PartA/parta1_6.cpp:16]   --->   Operation 94 'load' 'C_load' <Predicate = true> <Delay = 3.25> <Core = "RAM">   --->   Core 37 'RAM' <Latency = 1> <II = 1> <Delay = 3.25> <Storage> <Opcode : 'load' 'store'> <Ports = 2> <Width = 32> <Depth = 10000> <RAM>

State 7 <SV = 6> <Delay = 5.80>
ST_7 : Operation 95 [1/1] (0.00ns)   --->   "call void (...)* @_ssdm_op_SpecLoopName([11 x i8]* @p_str4) nounwind" [PartA/parta1_6.cpp:14]   --->   Operation 95 'specloopname' <Predicate = true> <Delay = 0.00>
ST_7 : Operation 96 [1/1] (2.55ns)   --->   "%tmp_8 = add nsw i32 %tmp_7, %C_load" [PartA/parta1_6.cpp:16]   --->   Operation 96 'add' 'tmp_8' <Predicate = true> <Delay = 2.55> <Core = "AddSub">   --->   Core 14 'AddSub' <Latency = 0> <II = 1> <Delay = 2.55> <FuncUnit> <Opcode : 'add' 'sub'> <InPorts = 2> <OutPorts = 1>
ST_7 : Operation 97 [1/1] (3.25ns)   --->   "store i32 %tmp_8, i32* %C_addr_1, align 4" [PartA/parta1_6.cpp:16]   --->   Operation 97 'store' <Predicate = true> <Delay = 3.25> <Core = "RAM">   --->   Core 37 'RAM' <Latency = 1> <II = 1> <Delay = 3.25> <Storage> <Opcode : 'load' 'store'> <Ports = 2> <Width = 32> <Depth = 10000> <RAM>
ST_7 : Operation 98 [1/1] (0.00ns)   --->   "%k_1_s = or i32 %k, 1" [PartA/parta1_6.cpp:13]   --->   Operation 98 'or' 'k_1_s' <Predicate = true> <Delay = 0.00>
ST_7 : Operation 99 [1/1] (2.47ns)   --->   "%tmp_5_1 = icmp slt i32 %k_1_s, %nA_read" [PartA/parta1_6.cpp:13]   --->   Operation 99 'icmp' 'tmp_5_1' <Predicate = true> <Delay = 2.47> <Core = "Cmp">   --->   Core 25 'Cmp' <Latency = 0> <II = 1> <Delay = 2.47> <FuncUnit> <Opcode : 'icmp'> <InPorts = 2> <OutPorts = 1>
ST_7 : Operation 100 [1/1] (0.00ns)   --->   "br i1 %tmp_5_1, label %7, label %10" [PartA/parta1_6.cpp:13]   --->   Operation 100 'br' <Predicate = true> <Delay = 0.00>
ST_7 : Operation 101 [1/1] (0.00ns)   --->   "%tmp_25 = trunc i32 %k_1_s to i15" [PartA/parta1_6.cpp:16]   --->   Operation 101 'trunc' 'tmp_25' <Predicate = (tmp_5_1)> <Delay = 0.00>
ST_7 : Operation 102 [1/1] (1.94ns)   --->   "%tmp_14 = add i15 %tmp_1, %tmp_25" [PartA/parta1_6.cpp:16]   --->   Operation 102 'add' 'tmp_14' <Predicate = (tmp_5_1)> <Delay = 1.94> <Core = "AddSub">   --->   Core 14 'AddSub' <Latency = 0> <II = 1> <Delay = 2.55> <FuncUnit> <Opcode : 'add' 'sub'> <InPorts = 2> <OutPorts = 1>
ST_7 : Operation 103 [1/1] (0.00ns)   --->   "%tmp_14_cast = zext i15 %tmp_14 to i64" [PartA/parta1_6.cpp:16]   --->   Operation 103 'zext' 'tmp_14_cast' <Predicate = (tmp_5_1)> <Delay = 0.00>
ST_7 : Operation 104 [1/1] (0.00ns)   --->   "%A_addr_2 = getelementptr [10000 x i32]* %A, i64 0, i64 %tmp_14_cast" [PartA/parta1_6.cpp:16]   --->   Operation 104 'getelementptr' 'A_addr_2' <Predicate = (tmp_5_1)> <Delay = 0.00>
ST_7 : Operation 105 [1/1] (1.94ns)   --->   "%tmp_15 = add i15 %tmp_3, %tmp_25" [PartA/parta1_6.cpp:16]   --->   Operation 105 'add' 'tmp_15' <Predicate = (tmp_5_1)> <Delay = 1.94> <Core = "AddSub">   --->   Core 14 'AddSub' <Latency = 0> <II = 1> <Delay = 2.55> <FuncUnit> <Opcode : 'add' 'sub'> <InPorts = 2> <OutPorts = 1>
ST_7 : Operation 106 [1/1] (0.00ns)   --->   "%tmp_15_cast = zext i15 %tmp_15 to i64" [PartA/parta1_6.cpp:16]   --->   Operation 106 'zext' 'tmp_15_cast' <Predicate = (tmp_5_1)> <Delay = 0.00>
ST_7 : Operation 107 [1/1] (0.00ns)   --->   "%B_addr_2 = getelementptr [10000 x i32]* %B, i64 0, i64 %tmp_15_cast" [PartA/parta1_6.cpp:16]   --->   Operation 107 'getelementptr' 'B_addr_2' <Predicate = (tmp_5_1)> <Delay = 0.00>
ST_7 : Operation 108 [2/2] (3.25ns)   --->   "%A_load_1 = load i32* %A_addr_2, align 4" [PartA/parta1_6.cpp:16]   --->   Operation 108 'load' 'A_load_1' <Predicate = (tmp_5_1)> <Delay = 3.25> <Core = "RAM">   --->   Core 37 'RAM' <Latency = 1> <II = 1> <Delay = 3.25> <Storage> <Opcode : 'load' 'store'> <Ports = 2> <Width = 32> <Depth = 10000> <RAM>
ST_7 : Operation 109 [2/2] (3.25ns)   --->   "%B_load_1 = load i32* %B_addr_2, align 4" [PartA/parta1_6.cpp:16]   --->   Operation 109 'load' 'B_load_1' <Predicate = (tmp_5_1)> <Delay = 3.25> <Core = "RAM">   --->   Core 37 'RAM' <Latency = 1> <II = 1> <Delay = 3.25> <Storage> <Opcode : 'load' 'store'> <Ports = 2> <Width = 32> <Depth = 10000> <RAM>

State 8 <SV = 7> <Delay = 3.25>
ST_8 : Operation 110 [1/2] (3.25ns)   --->   "%A_load_1 = load i32* %A_addr_2, align 4" [PartA/parta1_6.cpp:16]   --->   Operation 110 'load' 'A_load_1' <Predicate = true> <Delay = 3.25> <Core = "RAM">   --->   Core 37 'RAM' <Latency = 1> <II = 1> <Delay = 3.25> <Storage> <Opcode : 'load' 'store'> <Ports = 2> <Width = 32> <Depth = 10000> <RAM>
ST_8 : Operation 111 [1/2] (3.25ns)   --->   "%B_load_1 = load i32* %B_addr_2, align 4" [PartA/parta1_6.cpp:16]   --->   Operation 111 'load' 'B_load_1' <Predicate = true> <Delay = 3.25> <Core = "RAM">   --->   Core 37 'RAM' <Latency = 1> <II = 1> <Delay = 3.25> <Storage> <Opcode : 'load' 'store'> <Ports = 2> <Width = 32> <Depth = 10000> <RAM>

State 9 <SV = 8> <Delay = 8.51>
ST_9 : Operation 112 [1/1] (8.51ns)   --->   "%tmp_7_1 = mul nsw i32 %B_load_1, %A_load_1" [PartA/parta1_6.cpp:16]   --->   Operation 112 'mul' 'tmp_7_1' <Predicate = true> <Delay = 8.51> <Core = "Mul">   --->   Core 16 'Mul' <Latency = 0> <II = 1> <Delay = 8.51> <FuncUnit> <Opcode : 'mul'> <InPorts = 2> <OutPorts = 1>

State 10 <SV = 9> <Delay = 5.80>
ST_10 : Operation 113 [1/1] (2.55ns)   --->   "%tmp_8_1 = add nsw i32 %tmp_8, %tmp_7_1" [PartA/parta1_6.cpp:16]   --->   Operation 113 'add' 'tmp_8_1' <Predicate = true> <Delay = 2.55> <Core = "AddSub">   --->   Core 14 'AddSub' <Latency = 0> <II = 1> <Delay = 2.55> <FuncUnit> <Opcode : 'add' 'sub'> <InPorts = 2> <OutPorts = 1>
ST_10 : Operation 114 [1/1] (3.25ns)   --->   "store i32 %tmp_8_1, i32* %C_addr_1, align 4" [PartA/parta1_6.cpp:16]   --->   Operation 114 'store' <Predicate = true> <Delay = 3.25> <Core = "RAM">   --->   Core 37 'RAM' <Latency = 1> <II = 1> <Delay = 3.25> <Storage> <Opcode : 'load' 'store'> <Ports = 2> <Width = 32> <Depth = 10000> <RAM>
ST_10 : Operation 115 [1/1] (0.00ns)   --->   "%k_1_1 = or i32 %k, 2" [PartA/parta1_6.cpp:13]   --->   Operation 115 'or' 'k_1_1' <Predicate = true> <Delay = 0.00>
ST_10 : Operation 116 [1/1] (2.47ns)   --->   "%tmp_5_2 = icmp slt i32 %k_1_1, %nA_read" [PartA/parta1_6.cpp:13]   --->   Operation 116 'icmp' 'tmp_5_2' <Predicate = true> <Delay = 2.47> <Core = "Cmp">   --->   Core 25 'Cmp' <Latency = 0> <II = 1> <Delay = 2.47> <FuncUnit> <Opcode : 'icmp'> <InPorts = 2> <OutPorts = 1>
ST_10 : Operation 117 [1/1] (0.00ns)   --->   "br i1 %tmp_5_2, label %8, label %10" [PartA/parta1_6.cpp:13]   --->   Operation 117 'br' <Predicate = true> <Delay = 0.00>
ST_10 : Operation 118 [1/1] (0.00ns)   --->   "%tmp_26 = trunc i32 %k_1_1 to i15" [PartA/parta1_6.cpp:16]   --->   Operation 118 'trunc' 'tmp_26' <Predicate = (tmp_5_2)> <Delay = 0.00>
ST_10 : Operation 119 [1/1] (1.94ns)   --->   "%tmp_16 = add i15 %tmp_1, %tmp_26" [PartA/parta1_6.cpp:16]   --->   Operation 119 'add' 'tmp_16' <Predicate = (tmp_5_2)> <Delay = 1.94> <Core = "AddSub">   --->   Core 14 'AddSub' <Latency = 0> <II = 1> <Delay = 2.55> <FuncUnit> <Opcode : 'add' 'sub'> <InPorts = 2> <OutPorts = 1>
ST_10 : Operation 120 [1/1] (0.00ns)   --->   "%tmp_16_cast = zext i15 %tmp_16 to i64" [PartA/parta1_6.cpp:16]   --->   Operation 120 'zext' 'tmp_16_cast' <Predicate = (tmp_5_2)> <Delay = 0.00>
ST_10 : Operation 121 [1/1] (0.00ns)   --->   "%A_addr_3 = getelementptr [10000 x i32]* %A, i64 0, i64 %tmp_16_cast" [PartA/parta1_6.cpp:16]   --->   Operation 121 'getelementptr' 'A_addr_3' <Predicate = (tmp_5_2)> <Delay = 0.00>
ST_10 : Operation 122 [1/1] (1.94ns)   --->   "%tmp_17 = add i15 %tmp_3, %tmp_26" [PartA/parta1_6.cpp:16]   --->   Operation 122 'add' 'tmp_17' <Predicate = (tmp_5_2)> <Delay = 1.94> <Core = "AddSub">   --->   Core 14 'AddSub' <Latency = 0> <II = 1> <Delay = 2.55> <FuncUnit> <Opcode : 'add' 'sub'> <InPorts = 2> <OutPorts = 1>
ST_10 : Operation 123 [1/1] (0.00ns)   --->   "%tmp_17_cast = zext i15 %tmp_17 to i64" [PartA/parta1_6.cpp:16]   --->   Operation 123 'zext' 'tmp_17_cast' <Predicate = (tmp_5_2)> <Delay = 0.00>
ST_10 : Operation 124 [1/1] (0.00ns)   --->   "%B_addr_3 = getelementptr [10000 x i32]* %B, i64 0, i64 %tmp_17_cast" [PartA/parta1_6.cpp:16]   --->   Operation 124 'getelementptr' 'B_addr_3' <Predicate = (tmp_5_2)> <Delay = 0.00>
ST_10 : Operation 125 [2/2] (3.25ns)   --->   "%A_load_2 = load i32* %A_addr_3, align 4" [PartA/parta1_6.cpp:16]   --->   Operation 125 'load' 'A_load_2' <Predicate = (tmp_5_2)> <Delay = 3.25> <Core = "RAM">   --->   Core 37 'RAM' <Latency = 1> <II = 1> <Delay = 3.25> <Storage> <Opcode : 'load' 'store'> <Ports = 2> <Width = 32> <Depth = 10000> <RAM>
ST_10 : Operation 126 [2/2] (3.25ns)   --->   "%B_load_2 = load i32* %B_addr_3, align 4" [PartA/parta1_6.cpp:16]   --->   Operation 126 'load' 'B_load_2' <Predicate = (tmp_5_2)> <Delay = 3.25> <Core = "RAM">   --->   Core 37 'RAM' <Latency = 1> <II = 1> <Delay = 3.25> <Storage> <Opcode : 'load' 'store'> <Ports = 2> <Width = 32> <Depth = 10000> <RAM>

State 11 <SV = 10> <Delay = 3.25>
ST_11 : Operation 127 [1/2] (3.25ns)   --->   "%A_load_2 = load i32* %A_addr_3, align 4" [PartA/parta1_6.cpp:16]   --->   Operation 127 'load' 'A_load_2' <Predicate = true> <Delay = 3.25> <Core = "RAM">   --->   Core 37 'RAM' <Latency = 1> <II = 1> <Delay = 3.25> <Storage> <Opcode : 'load' 'store'> <Ports = 2> <Width = 32> <Depth = 10000> <RAM>
ST_11 : Operation 128 [1/2] (3.25ns)   --->   "%B_load_2 = load i32* %B_addr_3, align 4" [PartA/parta1_6.cpp:16]   --->   Operation 128 'load' 'B_load_2' <Predicate = true> <Delay = 3.25> <Core = "RAM">   --->   Core 37 'RAM' <Latency = 1> <II = 1> <Delay = 3.25> <Storage> <Opcode : 'load' 'store'> <Ports = 2> <Width = 32> <Depth = 10000> <RAM>

State 12 <SV = 11> <Delay = 8.51>
ST_12 : Operation 129 [1/1] (8.51ns)   --->   "%tmp_7_2 = mul nsw i32 %B_load_2, %A_load_2" [PartA/parta1_6.cpp:16]   --->   Operation 129 'mul' 'tmp_7_2' <Predicate = true> <Delay = 8.51> <Core = "Mul">   --->   Core 16 'Mul' <Latency = 0> <II = 1> <Delay = 8.51> <FuncUnit> <Opcode : 'mul'> <InPorts = 2> <OutPorts = 1>

State 13 <SV = 12> <Delay = 5.80>
ST_13 : Operation 130 [1/1] (2.55ns)   --->   "%tmp_8_2 = add nsw i32 %tmp_8_1, %tmp_7_2" [PartA/parta1_6.cpp:16]   --->   Operation 130 'add' 'tmp_8_2' <Predicate = (!tmp_23 & tmp_5_1 & tmp_5_2)> <Delay = 2.55> <Core = "AddSub">   --->   Core 14 'AddSub' <Latency = 0> <II = 1> <Delay = 2.55> <FuncUnit> <Opcode : 'add' 'sub'> <InPorts = 2> <OutPorts = 1>
ST_13 : Operation 131 [1/1] (3.25ns)   --->   "store i32 %tmp_8_2, i32* %C_addr_1, align 4" [PartA/parta1_6.cpp:16]   --->   Operation 131 'store' <Predicate = (!tmp_23 & tmp_5_1 & tmp_5_2)> <Delay = 3.25> <Core = "RAM">   --->   Core 37 'RAM' <Latency = 1> <II = 1> <Delay = 3.25> <Storage> <Opcode : 'load' 'store'> <Ports = 2> <Width = 32> <Depth = 10000> <RAM>
ST_13 : Operation 132 [1/1] (0.00ns)   --->   "%k_1_2 = or i32 %k, 3" [PartA/parta1_6.cpp:13]   --->   Operation 132 'or' 'k_1_2' <Predicate = (!tmp_23 & tmp_5_1 & tmp_5_2)> <Delay = 0.00>
ST_13 : Operation 133 [1/1] (2.47ns)   --->   "%tmp_5_3 = icmp slt i32 %k_1_2, %nA_read" [PartA/parta1_6.cpp:13]   --->   Operation 133 'icmp' 'tmp_5_3' <Predicate = (!tmp_23 & tmp_5_1 & tmp_5_2)> <Delay = 2.47> <Core = "Cmp">   --->   Core 25 'Cmp' <Latency = 0> <II = 1> <Delay = 2.47> <FuncUnit> <Opcode : 'icmp'> <InPorts = 2> <OutPorts = 1>
ST_13 : Operation 134 [1/1] (0.00ns)   --->   "br i1 %tmp_5_3, label %9, label %10" [PartA/parta1_6.cpp:13]   --->   Operation 134 'br' <Predicate = (!tmp_23 & tmp_5_1 & tmp_5_2)> <Delay = 0.00>
ST_13 : Operation 135 [1/1] (0.00ns)   --->   "%tmp_27 = trunc i32 %k_1_2 to i15" [PartA/parta1_6.cpp:16]   --->   Operation 135 'trunc' 'tmp_27' <Predicate = (!tmp_23 & tmp_5_1 & tmp_5_2 & tmp_5_3)> <Delay = 0.00>
ST_13 : Operation 136 [1/1] (1.94ns)   --->   "%tmp_18 = add i15 %tmp_1, %tmp_27" [PartA/parta1_6.cpp:16]   --->   Operation 136 'add' 'tmp_18' <Predicate = (!tmp_23 & tmp_5_1 & tmp_5_2 & tmp_5_3)> <Delay = 1.94> <Core = "AddSub">   --->   Core 14 'AddSub' <Latency = 0> <II = 1> <Delay = 2.55> <FuncUnit> <Opcode : 'add' 'sub'> <InPorts = 2> <OutPorts = 1>
ST_13 : Operation 137 [1/1] (0.00ns)   --->   "%tmp_18_cast = zext i15 %tmp_18 to i64" [PartA/parta1_6.cpp:16]   --->   Operation 137 'zext' 'tmp_18_cast' <Predicate = (!tmp_23 & tmp_5_1 & tmp_5_2 & tmp_5_3)> <Delay = 0.00>
ST_13 : Operation 138 [1/1] (0.00ns)   --->   "%A_addr_4 = getelementptr [10000 x i32]* %A, i64 0, i64 %tmp_18_cast" [PartA/parta1_6.cpp:16]   --->   Operation 138 'getelementptr' 'A_addr_4' <Predicate = (!tmp_23 & tmp_5_1 & tmp_5_2 & tmp_5_3)> <Delay = 0.00>
ST_13 : Operation 139 [1/1] (1.94ns)   --->   "%tmp_19 = add i15 %tmp_3, %tmp_27" [PartA/parta1_6.cpp:16]   --->   Operation 139 'add' 'tmp_19' <Predicate = (!tmp_23 & tmp_5_1 & tmp_5_2 & tmp_5_3)> <Delay = 1.94> <Core = "AddSub">   --->   Core 14 'AddSub' <Latency = 0> <II = 1> <Delay = 2.55> <FuncUnit> <Opcode : 'add' 'sub'> <InPorts = 2> <OutPorts = 1>
ST_13 : Operation 140 [1/1] (0.00ns)   --->   "%tmp_19_cast = zext i15 %tmp_19 to i64" [PartA/parta1_6.cpp:16]   --->   Operation 140 'zext' 'tmp_19_cast' <Predicate = (!tmp_23 & tmp_5_1 & tmp_5_2 & tmp_5_3)> <Delay = 0.00>
ST_13 : Operation 141 [1/1] (0.00ns)   --->   "%B_addr_4 = getelementptr [10000 x i32]* %B, i64 0, i64 %tmp_19_cast" [PartA/parta1_6.cpp:16]   --->   Operation 141 'getelementptr' 'B_addr_4' <Predicate = (!tmp_23 & tmp_5_1 & tmp_5_2 & tmp_5_3)> <Delay = 0.00>
ST_13 : Operation 142 [2/2] (3.25ns)   --->   "%A_load_3 = load i32* %A_addr_4, align 4" [PartA/parta1_6.cpp:16]   --->   Operation 142 'load' 'A_load_3' <Predicate = (!tmp_23 & tmp_5_1 & tmp_5_2 & tmp_5_3)> <Delay = 3.25> <Core = "RAM">   --->   Core 37 'RAM' <Latency = 1> <II = 1> <Delay = 3.25> <Storage> <Opcode : 'load' 'store'> <Ports = 2> <Width = 32> <Depth = 10000> <RAM>
ST_13 : Operation 143 [2/2] (3.25ns)   --->   "%B_load_3 = load i32* %B_addr_4, align 4" [PartA/parta1_6.cpp:16]   --->   Operation 143 'load' 'B_load_3' <Predicate = (!tmp_23 & tmp_5_1 & tmp_5_2 & tmp_5_3)> <Delay = 3.25> <Core = "RAM">   --->   Core 37 'RAM' <Latency = 1> <II = 1> <Delay = 3.25> <Storage> <Opcode : 'load' 'store'> <Ports = 2> <Width = 32> <Depth = 10000> <RAM>
ST_13 : Operation 144 [1/1] (2.55ns)   --->   "%k_1_3 = add nsw i32 4, %k" [PartA/parta1_6.cpp:13]   --->   Operation 144 'add' 'k_1_3' <Predicate = (!tmp_23 & tmp_5_1 & tmp_5_2 & tmp_5_3)> <Delay = 2.55> <Core = "AddSub">   --->   Core 14 'AddSub' <Latency = 0> <II = 1> <Delay = 2.55> <FuncUnit> <Opcode : 'add' 'sub'> <InPorts = 2> <OutPorts = 1>
ST_13 : Operation 145 [1/1] (0.00ns)   --->   "%empty = call i32 (...)* @_ssdm_op_SpecRegionEnd([10 x i8]* @p_str36, i32 %tmp_5) nounwind" [PartA/parta1_6.cpp:18]   --->   Operation 145 'specregionend' 'empty' <Predicate = (tmp_23) | (!tmp_5_1) | (!tmp_5_2) | (!tmp_5_3)> <Delay = 0.00>
ST_13 : Operation 146 [1/1] (0.00ns)   --->   "br label %3" [PartA/parta1_6.cpp:10]   --->   Operation 146 'br' <Predicate = (tmp_23) | (!tmp_5_1) | (!tmp_5_2) | (!tmp_5_3)> <Delay = 0.00>

State 14 <SV = 13> <Delay = 3.25>
ST_14 : Operation 147 [1/2] (3.25ns)   --->   "%A_load_3 = load i32* %A_addr_4, align 4" [PartA/parta1_6.cpp:16]   --->   Operation 147 'load' 'A_load_3' <Predicate = true> <Delay = 3.25> <Core = "RAM">   --->   Core 37 'RAM' <Latency = 1> <II = 1> <Delay = 3.25> <Storage> <Opcode : 'load' 'store'> <Ports = 2> <Width = 32> <Depth = 10000> <RAM>
ST_14 : Operation 148 [1/2] (3.25ns)   --->   "%B_load_3 = load i32* %B_addr_4, align 4" [PartA/parta1_6.cpp:16]   --->   Operation 148 'load' 'B_load_3' <Predicate = true> <Delay = 3.25> <Core = "RAM">   --->   Core 37 'RAM' <Latency = 1> <II = 1> <Delay = 3.25> <Storage> <Opcode : 'load' 'store'> <Ports = 2> <Width = 32> <Depth = 10000> <RAM>

State 15 <SV = 14> <Delay = 8.51>
ST_15 : Operation 149 [1/1] (8.51ns)   --->   "%tmp_7_3 = mul nsw i32 %B_load_3, %A_load_3" [PartA/parta1_6.cpp:16]   --->   Operation 149 'mul' 'tmp_7_3' <Predicate = true> <Delay = 8.51> <Core = "Mul">   --->   Core 16 'Mul' <Latency = 0> <II = 1> <Delay = 8.51> <FuncUnit> <Opcode : 'mul'> <InPorts = 2> <OutPorts = 1>

State 16 <SV = 15> <Delay = 5.80>
ST_16 : Operation 150 [1/1] (2.55ns)   --->   "%tmp_8_3 = add nsw i32 %tmp_8_2, %tmp_7_3" [PartA/parta1_6.cpp:16]   --->   Operation 150 'add' 'tmp_8_3' <Predicate = true> <Delay = 2.55> <Core = "AddSub">   --->   Core 14 'AddSub' <Latency = 0> <II = 1> <Delay = 2.55> <FuncUnit> <Opcode : 'add' 'sub'> <InPorts = 2> <OutPorts = 1>
ST_16 : Operation 151 [1/1] (3.25ns)   --->   "store i32 %tmp_8_3, i32* %C_addr_1, align 4" [PartA/parta1_6.cpp:16]   --->   Operation 151 'store' <Predicate = true> <Delay = 3.25> <Core = "RAM">   --->   Core 37 'RAM' <Latency = 1> <II = 1> <Delay = 3.25> <Storage> <Opcode : 'load' 'store'> <Ports = 2> <Width = 32> <Depth = 10000> <RAM>
ST_16 : Operation 152 [1/1] (0.00ns)   --->   "br label %5" [PartA/parta1_6.cpp:13]   --->   Operation 152 'br' <Predicate = true> <Delay = 0.00>


============================================================
+ Verbose Summary: Timing violations
============================================================
Target clock period: 10ns, clock uncertainty: 1.25ns.

 <State 1>: 1.77ns
The critical path consists of the following:
	multiplexor before 'phi' operation ('i') with incoming values : ('i', PartA/parta1_6.cpp:7) [25]  (1.77 ns)

 <State 2>: 2.8ns
The critical path consists of the following:
	'phi' operation ('phi_mul1') with incoming values : ('next_mul2') [26]  (0 ns)
	'add' operation ('next_mul2') [29]  (2.8 ns)

 <State 3>: 5.81ns
The critical path consists of the following:
	'sub' operation ('p_neg') [64]  (2.55 ns)
	'sub' operation ('p_neg_t') [66]  (2.49 ns)
	'select' operation ('tmp_20') [68]  (0 ns)
	'select' operation ('tmp_21') [69]  (0.768 ns)

 <State 4>: 5.2ns
The critical path consists of the following:
	'phi' operation ('k', PartA/parta1_6.cpp:13) with incoming values : ('k_1_3', PartA/parta1_6.cpp:13) [73]  (0 ns)
	'add' operation ('tmp_12', PartA/parta1_6.cpp:16) [79]  (1.94 ns)
	'getelementptr' operation ('A_addr_1', PartA/parta1_6.cpp:16) [81]  (0 ns)
	'load' operation ('A_load', PartA/parta1_6.cpp:16) on array 'A' [85]  (3.25 ns)

 <State 5>: 3.25ns
The critical path consists of the following:
	'load' operation ('A_load', PartA/parta1_6.cpp:16) on array 'A' [85]  (3.25 ns)

 <State 6>: 8.51ns
The critical path consists of the following:
	'mul' operation ('tmp_7', PartA/parta1_6.cpp:16) [87]  (8.51 ns)

 <State 7>: 5.81ns
The critical path consists of the following:
	'add' operation ('tmp_8', PartA/parta1_6.cpp:16) [89]  (2.55 ns)
	'store' operation (PartA/parta1_6.cpp:16) of variable 'tmp_8', PartA/parta1_6.cpp:16 on array 'C' [90]  (3.25 ns)

 <State 8>: 3.25ns
The critical path consists of the following:
	'load' operation ('A_load_1', PartA/parta1_6.cpp:16) on array 'A' [102]  (3.25 ns)

 <State 9>: 8.51ns
The critical path consists of the following:
	'mul' operation ('tmp_7_1', PartA/parta1_6.cpp:16) [104]  (8.51 ns)

 <State 10>: 5.81ns
The critical path consists of the following:
	'add' operation ('tmp_8_1', PartA/parta1_6.cpp:16) [105]  (2.55 ns)
	'store' operation (PartA/parta1_6.cpp:16) of variable 'tmp_8_1', PartA/parta1_6.cpp:16 on array 'C' [106]  (3.25 ns)

 <State 11>: 3.25ns
The critical path consists of the following:
	'load' operation ('A_load_2', PartA/parta1_6.cpp:16) on array 'A' [118]  (3.25 ns)

 <State 12>: 8.51ns
The critical path consists of the following:
	'mul' operation ('tmp_7_2', PartA/parta1_6.cpp:16) [120]  (8.51 ns)

 <State 13>: 5.81ns
The critical path consists of the following:
	'add' operation ('tmp_8_2', PartA/parta1_6.cpp:16) [121]  (2.55 ns)
	'store' operation (PartA/parta1_6.cpp:16) of variable 'tmp_8_2', PartA/parta1_6.cpp:16 on array 'C' [122]  (3.25 ns)

 <State 14>: 3.25ns
The critical path consists of the following:
	'load' operation ('A_load_3', PartA/parta1_6.cpp:16) on array 'A' [134]  (3.25 ns)

 <State 15>: 8.51ns
The critical path consists of the following:
	'mul' operation ('tmp_7_3', PartA/parta1_6.cpp:16) [136]  (8.51 ns)

 <State 16>: 5.81ns
The critical path consists of the following:
	'add' operation ('tmp_8_3', PartA/parta1_6.cpp:16) [137]  (2.55 ns)
	'store' operation (PartA/parta1_6.cpp:16) of variable 'tmp_8_3', PartA/parta1_6.cpp:16 on array 'C' [138]  (3.25 ns)


============================================================
+ Verbose Summary: Binding
============================================================
N/A
* FSMD analyzer results:
  - Output states:
 - Input state : 
  - Chain level:
	State 1
	State 2
	State 3
	State 4
	State 5
	State 6
	State 7
	State 8
	State 9
	State 10
	State 11
	State 12
	State 13
	State 14
	State 15
	State 16


============================================================
+ Verbose Summary: Datapath Resource usage 
============================================================
N/A
