Copyright 1986-2018 Xilinx, Inc. All Rights Reserved.
------------------------------------------------------------------------------------
| Tool Version : Vivado v.2018.2 (win64) Build 2258646 Thu Jun 14 20:03:12 MDT 2018
| Date         : Thu Oct 25 23:39:17 2018
| Host         : Jay running 64-bit major release  (build 9200)
| Command      : upgrade_ip
| Device       : xc7z020clg484-1
------------------------------------------------------------------------------------

Upgrade Log for IP 'design_1_conv1_0_1'

1. Summary
----------

SUCCESS in the upgrade of design_1_conv1_0_1 (xilinx.com:hls:conv1:1.0) from (Rev. 1810252051) to (Rev. 1810252334)






Copyright 1986-2018 Xilinx, Inc. All Rights Reserved.
------------------------------------------------------------------------------------
| Tool Version : Vivado v.2018.2 (win64) Build 2258646 Thu Jun 14 20:03:12 MDT 2018
| Date         : Thu Oct 25 20:56:09 2018
| Host         : Jay running 64-bit major release  (build 9200)
| Command      : upgrade_ip
| Device       : xc7z020clg484-1
------------------------------------------------------------------------------------

Upgrade Log for IP 'design_1_conv1_0_1'

1. Summary
----------

SUCCESS in the upgrade of design_1_conv1_0_1 (xilinx.com:hls:conv1:1.0) from (Rev. 1810251953) to (Rev. 1810252051)






Copyright 1986-2018 Xilinx, Inc. All Rights Reserved.
------------------------------------------------------------------------------------
| Tool Version : Vivado v.2018.2 (win64) Build 2258646 Thu Jun 14 20:03:12 MDT 2018
| Date         : Thu Oct 25 19:56:30 2018
| Host         : Jay running 64-bit major release  (build 9200)
| Command      : upgrade_ip
| Device       : xc7z020clg484-1
------------------------------------------------------------------------------------

Upgrade Log for IP 'design_1_conv1_0_1'

1. Summary
----------

CAUTION (success, with warnings) in the upgrade of design_1_conv1_0_1 (xilinx.com:hls:conv1:1.0) from (Rev. 1810251932) to (Rev. 1810251953)

After upgrade, an IP may have parameter and port differences compared to the original customization. Please review the parameters within the IP customization GUI to ensure proper functionality. Also, please review the updated IP instantiation template to ensure proper connectivity, and update your design if required.

2. Interface Information
------------------------

Detected external interface differences while upgrading 'design_1_conv1_0_1'.


-Upgrade has removed interface 'bias_3_address0'

-Upgrade has removed interface 'bias_3_q0'


3. Connection Warnings
----------------------

Detected external port differences while upgrading 'design_1_conv1_0_1'. These changes may impact your design.


-Upgraded port 's_axi_CTL_ARADDR' width 7 differs from original width 6

-Upgraded port 's_axi_CTL_AWADDR' width 7 differs from original width 6

-Upgrade has removed port 'bias_3_address0'

-Upgrade has removed port 'bias_3_ce0'

-Upgrade has removed port 'bias_3_q0'







Copyright 1986-2018 Xilinx, Inc. All Rights Reserved.
------------------------------------------------------------------------------------
| Tool Version : Vivado v.2018.2 (win64) Build 2258646 Thu Jun 14 20:03:12 MDT 2018
| Date         : Thu Oct 25 19:42:22 2018
| Host         : Jay running 64-bit major release  (build 9200)
| Command      : upgrade_ip
| Device       : xc7z020clg484-1
------------------------------------------------------------------------------------

Upgrade Log for IP 'design_1_conv1_0_1'

1. Summary
----------

CAUTION (success, with warnings) in the upgrade of design_1_conv1_0_1 (xilinx.com:hls:conv1:1.0) from (Rev. 1810251535) to (Rev. 1810251932)

After upgrade, an IP may have parameter and port differences compared to the original customization. Please review the parameters within the IP customization GUI to ensure proper functionality. Also, please review the updated IP instantiation template to ensure proper connectivity, and update your design if required.

2. Interface Information
------------------------

Detected external interface differences while upgrading 'design_1_conv1_0_1'.


-Upgrade has added interface 'bias_3_address0' (xilinx.com:signal:data:1.0)

-Upgrade has added interface 'bias_3_q0' (xilinx.com:signal:data:1.0)


3. Connection Warnings
----------------------

Detected external port differences while upgrading 'design_1_conv1_0_1'. These changes may impact your design.


-Upgrade has added port 'bias_3_address0'

-Upgrade has added port 'bias_3_ce0'

-Upgrade has added port 'bias_3_q0'







Copyright 1986-2018 Xilinx, Inc. All Rights Reserved.
------------------------------------------------------------------------------------
| Tool Version : Vivado v.2018.2 (win64) Build 2258646 Thu Jun 14 20:03:12 MDT 2018
| Date         : Thu Oct 25 15:45:51 2018
| Host         : Jay running 64-bit major release  (build 9200)
| Command      : upgrade_ip
| Device       : xc7z020clg484-1
------------------------------------------------------------------------------------

Upgrade Log for IP 'design_1_conv1_0_1'

1. Summary
----------

SUCCESS in the upgrade of design_1_conv1_0_1 (xilinx.com:hls:conv1:1.0) from (Rev. 1810250223) to (Rev. 1810251535)






Copyright 1986-2018 Xilinx, Inc. All Rights Reserved.
------------------------------------------------------------------------------------
| Tool Version : Vivado v.2018.2 (win64) Build 2258646 Thu Jun 14 20:03:12 MDT 2018
| Date         : Thu Oct 25 02:28:02 2018
| Host         : Jay running 64-bit major release  (build 9200)
| Command      : upgrade_ip
| Device       : xc7z020clg484-1
------------------------------------------------------------------------------------

Upgrade Log for IP 'design_1_conv1_0_0'

1. Summary
----------

SUCCESS in the upgrade of design_1_conv1_0_0 (xilinx.com:hls:conv1:1.0) from (Rev. 1810250142) to (Rev. 1810250223)

