#-----------------------------------------------------------
# Vivado v2018.2 (64-bit)
# SW Build 2258646 on Thu Jun 14 20:03:12 MDT 2018
# IP Build 2256618 on Thu Jun 14 22:10:49 MDT 2018
# Start of session at: Fri Oct 26 11:25:20 2018
# Process ID: 10924
# Current directory: C:/Users/nados/OneDrive/Documents/UIUC/Fall2018/ECE527/exp/MP4/lenet
# Command line: vivado.exe -gui_launcher_event rodinguilauncherevent11268 C:\Users\nados\OneDrive\Documents\UIUC\Fall2018\ECE527\exp\MP4\lenet\Lenet.xpr
# Log file: C:/Users/nados/OneDrive/Documents/UIUC/Fall2018/ECE527/exp/MP4/lenet/vivado.log
# Journal file: C:/Users/nados/OneDrive/Documents/UIUC/Fall2018/ECE527/exp/MP4/lenet\vivado.jou
#-----------------------------------------------------------
start_gui
open_project C:/Users/nados/OneDrive/Documents/UIUC/Fall2018/ECE527/exp/MP4/lenet/Lenet.xpr
INFO: [Project 1-313] Project file moved from 'C:/Users/Patel/Downloads/ECE527/exp/MP4/lenet' since last save.
Scanning sources...
Finished scanning sources
INFO: [IP_Flow 19-234] Refreshing IP repositories
INFO: [IP_Flow 19-1700] Loaded user IP repository 'c:/Users/nados/OneDrive/Documents/UIUC/Fall2018/ECE527/exp/MP4/lenet'.
INFO: [IP_Flow 19-2313] Loaded Vivado IP repository 'C:/Xilinx/Vivado/2018.2/data/ip'.
open_project: Time (s): cpu = 00:00:59 ; elapsed = 00:00:49 . Memory (MB): peak = 967.145 ; gain = 256.219
update_compile_order -fileset sources_1
exit
INFO: [Common 17-206] Exiting Vivado at Fri Oct 26 11:26:57 2018...
