                             latency        interval
transaction       0:           60070           60071
transaction       1:            4966            4967
transaction       2:          109798          109799
transaction       3:           17860           17861
transaction       4:             599             600
transaction       5:           33437           33438
transaction       6:           96484           96485
transaction       7:            8867            8868
transaction       8:          175553          175554
transaction       9:            3162            3163
transaction      10:             169             170
transaction      11:            5863            5864
transaction      12:             476             477
transaction      13:              25              26
transaction      14:             883             884
transaction      15:            5546            5547
transaction      16:             298             299
transaction      17:           10282           10283
transaction      18:          111426          111427
transaction      19:            9295            9296
transaction      20:          203593          203594
transaction      21:           33548           33549
transaction      22:            1117            1118
transaction      23:           62815           62816
transaction      24:          178550          178551
transaction      25:           16600           16601
transaction      26:          324700               x
