#-----------------------------------------------------------
# Webtalk v2018.2 (64-bit)
# SW Build 2258646 on Thu Jun 14 20:03:12 MDT 2018
# 
# Start of session at: Thu Oct 25 20:34:14 2018
# Process ID: 6180
# Current directory: C:/Users/Patel/Downloads/ECE527/exp/MP4/lenet/Lenet.sdk/webtalk
# Command line: wbtcv.exe -mode batch -source sdk_webtalk.tcl
# Log file: C:/Users/Patel/Downloads/ECE527/exp/MP4/lenet/Lenet.sdk/webtalk/webtalk.log
# Journal file: C:/Users/Patel/Downloads/ECE527/exp/MP4/lenet/Lenet.sdk/webtalk\webtalk.jou
#-----------------------------------------------------------
source sdk_webtalk.tcl
# webtalk_init -webtalk_dir C:\\Users\\Patel\\Downloads\\ECE527\\exp\\MP4\\lenet\\Lenet.sdk\\webtalk
# webtalk_register_client -client project
# webtalk_add_data -client project -key date_generated -value "2018-10-25 20:34:11" -context "software_version_and_target_device"
# webtalk_add_data -client project -key product_version -value "SDK v2018.2" -context "software_version_and_target_device"
# webtalk_add_data -client project -key build_version -value "2018.2" -context "software_version_and_target_device"
# webtalk_add_data -client project -key os_platform -value "amd64" -context "software_version_and_target_device"
# webtalk_add_data -client project -key registration_id -value "" -context "software_version_and_target_device"
# webtalk_add_data -client project -key tool_flow -value "SDK" -context "software_version_and_target_device"
# webtalk_add_data -client project -key beta -value "false" -context "software_version_and_target_device"
# webtalk_add_data -client project -key route_design -value "NA" -context "software_version_and_target_device"
# webtalk_add_data -client project -key target_family -value "NA" -context "software_version_and_target_device"
# webtalk_add_data -client project -key target_device -value "NA" -context "software_version_and_target_device"
# webtalk_add_data -client project -key target_package -value "NA" -context "software_version_and_target_device"
# webtalk_add_data -client project -key target_speed -value "NA" -context "software_version_and_target_device"
# webtalk_add_data -client project -key random_id -value "fk83fagv6jk7hqhg1ns7sqkjf9" -context "software_version_and_target_device"
# webtalk_add_data -client project -key project_id -value "2018.2_12" -context "software_version_and_target_device"
# webtalk_add_data -client project -key project_iteration -value "12" -context "software_version_and_target_device"
# webtalk_add_data -client project -key os_name -value "Microsoft Windows 8 or later , 64-bit" -context "user_environment"
# webtalk_add_data -client project -key os_release -value "major release  (build 9200)" -context "user_environment"
# webtalk_add_data -client project -key cpu_name -value "Intel(R) Core(TM) i7-4510U CPU @ 2.00GHz" -context "user_environment"
# webtalk_add_data -client project -key cpu_speed -value "2594 MHz" -context "user_environment"
# webtalk_add_data -client project -key total_processors -value "1" -context "user_environment"
# webtalk_add_data -client project -key system_ram -value "8.477 GB" -context "user_environment"
# webtalk_register_client -client sdk
# webtalk_add_data -client sdk -key uid -value "1540517475976" -context "sdk\\\\bsp/1540517475976"
# webtalk_add_data -client sdk -key hwid -value "1540504751733" -context "sdk\\\\bsp/1540517475976"
# webtalk_add_data -client sdk -key os -value "standalone" -context "sdk\\\\bsp/1540517475976"
# webtalk_add_data -client sdk -key apptemplate -value "null" -context "sdk\\\\bsp/1540517475976"
# webtalk_add_data -client sdk -key RecordType -value "BSPCreation" -context "sdk\\\\bsp/1540517475976"
# webtalk_add_data -client sdk -key uid -value "NA" -context "sdk\\\\bsp/1540517651335"
# webtalk_add_data -client sdk -key RecordType -value "ToolUsage" -context "sdk\\\\bsp/1540517651335"
# webtalk_add_data -client sdk -key BootgenCount -value "0" -context "sdk\\\\bsp/1540517651335"
# webtalk_add_data -client sdk -key DebugCount -value "2" -context "sdk\\\\bsp/1540517651335"
# webtalk_add_data -client sdk -key PerfCount -value "0" -context "sdk\\\\bsp/1540517651335"
# webtalk_add_data -client sdk -key FlashCount -value "0" -context "sdk\\\\bsp/1540517651335"
# webtalk_add_data -client sdk -key CrossTriggCount -value "0" -context "sdk\\\\bsp/1540517651335"
# webtalk_add_data -client sdk -key QemuDebugCount -value "0" -context "sdk\\\\bsp/1540517651335"
# webtalk_transmit -clientid 124480746 -regid "" -xml C:\\Users\\Patel\\Downloads\\ECE527\\exp\\MP4\\lenet\\Lenet.sdk\\webtalk\\usage_statistics_ext_sdk.xml -html C:\\Users\\Patel\\Downloads\\ECE527\\exp\\MP4\\lenet\\Lenet.sdk\\webtalk\\usage_statistics_ext_sdk.html -wdm C:\\Users\\Patel\\Downloads\\ECE527\\exp\\MP4\\lenet\\Lenet.sdk\\webtalk\\sdk_webtalk.wdm -intro "<H3>SDK Usage Report</H3><BR>"
INFO: [Common 17-186] 'C:\Users\Patel\Downloads\ECE527\exp\MP4\lenet\Lenet.sdk\webtalk\usage_statistics_ext_sdk.xml' has been successfully sent to Xilinx on Thu Oct 25 20:34:21 2018. For additional details about this file, please refer to the WebTalk help file at C:/Xilinx/SDK/2018.2/doc/webtalk_introduction.html.
# webtalk_terminate
INFO: [Common 17-206] Exiting Webtalk at Thu Oct 25 20:34:21 2018...
