INFO: [SIM 2] *************** CSIM start ***************
INFO: [SIM 4] CSIM will launch GCC as the compiler.
   Compiling ../../../../ECE527_MP4_Tutorial_Files/Tutorial_Files/accelerator_hls/lenet_acc.cpp in debug mode
   Generating csim.exe
Starting LeNet

Mounting SD

Parsing MNIST images

Opened mnist images data file

Read header from file

Read images from file

Closed images file

Returning...

Back from image load

Parsing MNIST labels

Opened mnist labels data file

Read header from file

Read labels from file

Closed labels file

Parsing parameters

Opened parameter file

Seeked to start

Read conv1_weights from file 1

Read conv1_bias from file

Cant read conv3_weights from file

-0.0936823
-0.0839598
-0.0524191
-0.0706558
-0.00133407
-0.0733836
Starting inference



Test Image: Passed
INFO: [SIM 1] CSim done with 0 errors.
INFO: [SIM 3] *************** CSIM finish ***************
