#-----------------------------------------------------------
# Vivado v2018.2 (64-bit)
# SW Build 2258646 on Thu Jun 14 20:03:12 MDT 2018
# IP Build 2256618 on Thu Jun 14 22:10:49 MDT 2018
# Start of session at: Thu Oct 25 15:37:14 2018
# Process ID: 16276
# Current directory: C:/Users/Patel/Downloads/ECE527/exp/MP4/lenet/lenet/.autopilot/db/ip_tmp
# Command line: vivado.exe  -notrace -mode batch -source run_vivado.tcl
# Log file: C:/Users/Patel/Downloads/ECE527/exp/MP4/lenet/lenet/.autopilot/db/ip_tmp/vivado.log
# Journal file: C:/Users/Patel/Downloads/ECE527/exp/MP4/lenet/lenet/.autopilot/db/ip_tmp\vivado.jou
#-----------------------------------------------------------
source run_vivado.tcl -notrace
create_project: Time (s): cpu = 00:00:02 ; elapsed = 00:00:08 . Memory (MB): peak = 303.176 ; gain = 72.809
INFO: [IP_Flow 19-234] Refreshing IP repositories
INFO: [IP_Flow 19-1704] No user IP repositories specified
INFO: [IP_Flow 19-2313] Loaded Vivado IP repository 'C:/Xilinx/Vivado/2018.2/data/ip'.
WARNING: [IP_Flow 19-4832] The IP name 'conv1_ap_fadd_3_full_dsp_32' you have specified is long. The Windows operating system has path length limitations. It is recommended you use shorter names to reduce the likelihood of issues.
create_ip: Time (s): cpu = 00:00:05 ; elapsed = 00:00:09 . Memory (MB): peak = 345.047 ; gain = 41.871
INFO: [IP_Flow 19-1686] Generating 'Synthesis' target for IP 'conv1_ap_fadd_3_full_dsp_32'...
INFO: [IP_Flow 19-1686] Generating 'Simulation' target for IP 'conv1_ap_fadd_3_full_dsp_32'...
INFO: [IP_Flow 19-1686] Generating 'Synthesis' target for IP 'conv1_ap_fcmp_0_no_dsp_32'...
INFO: [IP_Flow 19-1686] Generating 'Simulation' target for IP 'conv1_ap_fcmp_0_no_dsp_32'...
WARNING: [IP_Flow 19-4832] The IP name 'conv1_ap_fmul_2_max_dsp_32' you have specified is long. The Windows operating system has path length limitations. It is recommended you use shorter names to reduce the likelihood of issues.
INFO: [IP_Flow 19-1686] Generating 'Synthesis' target for IP 'conv1_ap_fmul_2_max_dsp_32'...
INFO: [IP_Flow 19-1686] Generating 'Simulation' target for IP 'conv1_ap_fmul_2_max_dsp_32'...
INFO: [Common 17-206] Exiting Vivado at Thu Oct 25 15:37:56 2018...
