INFO: [XSIM 43-3496] Using init file passed via -initfile option "C:/Xilinx/Vivado/2018.2/data/xsim/ip/xsim_ip.ini".
Vivado Simulator 2018.2
Copyright 1986-1999, 2001-2018 Xilinx, Inc. All Rights Reserved.
Running: C:/Xilinx/Vivado/2018.2/bin/unwrapped/win64.o/xelab.exe xil_defaultlib.apatb_partb_top glbl -prj partb.prj -L smartconnect_v1_0 -L axi_protocol_checker_v1_1_12 -L axi_protocol_checker_v1_1_13 -L axis_protocol_checker_v1_1_11 -L axis_protocol_checker_v1_1_12 -L xil_defaultlib -L unisims_ver -L xpm --initfile C:/Xilinx/Vivado/2018.2/data/xsim/ip/xsim_ip.ini --lib ieee_proposed=./ieee_proposed -s partb 
Multi-threading is on. Using 2 slave threads.
INFO: [VRFC 10-2263] Analyzing SystemVerilog file "C:/Users/Patel/Downloads/ECE527/exp/MP3/PartB/solution2/sim/verilog/glbl.v" into library work
INFO: [VRFC 10-311] analyzing module glbl
INFO: [VRFC 10-2263] Analyzing SystemVerilog file "C:/Users/Patel/Downloads/ECE527/exp/MP3/PartB/solution2/sim/verilog/AESL_automem_A.v" into library xil_defaultlib
INFO: [VRFC 10-311] analyzing module AESL_automem_A
INFO: [VRFC 10-2263] Analyzing SystemVerilog file "C:/Users/Patel/Downloads/ECE527/exp/MP3/PartB/solution2/sim/verilog/AESL_automem_B.v" into library xil_defaultlib
INFO: [VRFC 10-311] analyzing module AESL_automem_B
INFO: [VRFC 10-2263] Analyzing SystemVerilog file "C:/Users/Patel/Downloads/ECE527/exp/MP3/PartB/solution2/sim/verilog/AESL_automem_C.v" into library xil_defaultlib
INFO: [VRFC 10-311] analyzing module AESL_automem_C
INFO: [VRFC 10-2263] Analyzing SystemVerilog file "C:/Users/Patel/Downloads/ECE527/exp/MP3/PartB/solution2/sim/verilog/partb.autotb.v" into library xil_defaultlib
INFO: [VRFC 10-311] analyzing module apatb_partb_top
INFO: [VRFC 10-2263] Analyzing SystemVerilog file "C:/Users/Patel/Downloads/ECE527/exp/MP3/PartB/solution2/sim/verilog/partb.v" into library xil_defaultlib
INFO: [VRFC 10-311] analyzing module partb
INFO: [VRFC 10-2263] Analyzing SystemVerilog file "C:/Users/Patel/Downloads/ECE527/exp/MP3/PartB/solution2/sim/verilog/partb_A_i.v" into library xil_defaultlib
INFO: [VRFC 10-311] analyzing module partb_A_i_ram
INFO: [VRFC 10-311] analyzing module partb_A_i
INFO: [VRFC 10-2263] Analyzing SystemVerilog file "C:/Users/Patel/Downloads/ECE527/exp/MP3/PartB/solution2/sim/verilog/partb_C_i.v" into library xil_defaultlib
INFO: [VRFC 10-311] analyzing module partb_C_i_ram
INFO: [VRFC 10-311] analyzing module partb_C_i
INFO: [VRFC 10-2263] Analyzing SystemVerilog file "C:/Users/Patel/Downloads/ECE527/exp/MP3/PartB/solution2/sim/verilog/partb_mac_muladd_bkb.v" into library xil_defaultlib
INFO: [VRFC 10-311] analyzing module partb_mac_muladd_bkb_DSP48_0
INFO: [VRFC 10-311] analyzing module partb_mac_muladd_bkb
INFO: [VRFC 10-2263] Analyzing SystemVerilog file "C:/Users/Patel/Downloads/ECE527/exp/MP3/PartB/solution2/sim/verilog/partb_mul_mul_8nscud.v" into library xil_defaultlib
INFO: [VRFC 10-311] analyzing module partb_mul_mul_8nscud_DSP48_1
INFO: [VRFC 10-311] analyzing module partb_mul_mul_8nscud
Starting static elaboration
Completed static elaboration
Starting simulation data flow analysis
Completed simulation data flow analysis
Time Resolution for simulation is 1ps
Compiling module xil_defaultlib.partb_A_i_ram
Compiling module xil_defaultlib.partb_A_i(DataWidth=32,AddressRa...
Compiling module xil_defaultlib.partb_C_i_ram
Compiling module xil_defaultlib.partb_C_i(DataWidth=32,AddressRa...
Compiling module xil_defaultlib.partb_mac_muladd_bkb_DSP48_0
Compiling module xil_defaultlib.partb_mac_muladd_bkb(ID=1,NUM_ST...
Compiling module xil_defaultlib.partb_mul_mul_8nscud_DSP48_1
Compiling module xil_defaultlib.partb_mul_mul_8nscud(ID=1,NUM_ST...
Compiling module xil_defaultlib.partb
Compiling module xil_defaultlib.AESL_automem_A
Compiling module xil_defaultlib.AESL_automem_B
Compiling module xil_defaultlib.AESL_automem_C
Compiling module xil_defaultlib.apatb_partb_top
Compiling module work.glbl
Built simulation snapshot partb
