16:04:27 INFO  : Registering command handlers for SDK TCF services
16:04:29 INFO  : Launching XSCT server: xsct.bat -interactive C:\Users\Patel\Downloads\ECE527\exp\MP2\part1\part1.sdk\temp_xsdb_launch_script.tcl
16:04:33 INFO  : XSCT server has started successfully.
16:04:33 INFO  : Processing command line option -hwspec C:/Users/Patel/Downloads/ECE527/exp/MP2/part1/part1.sdk/top.hdf.
16:04:33 INFO  : Successfully done setting XSCT server connection channel  
16:04:33 INFO  : Successfully done setting SDK workspace  
16:15:54 INFO  : 'targets -set -filter {jtag_cable_name =~ "Digilent Zed 210248690957" && level==0} -index 1' command is executed.
16:15:54 INFO  : 'fpga -state' command is executed.
16:15:54 INFO  : Connected to target on host '127.0.0.1' and port '3121'.
16:15:54 INFO  : Jtag cable 'Digilent Zed 210248690957' is selected.
16:15:54 INFO  : 'jtag frequency' command is executed.
16:15:55 INFO  : Sourcing of 'C:/Users/Patel/Downloads/ECE527/exp/MP2/part1/part1.sdk/top_hw_platform_0/ps7_init.tcl' is done.
16:15:55 INFO  : Context for 'APU' is selected.
16:15:55 INFO  : Hardware design information is loaded from 'C:/Users/Patel/Downloads/ECE527/exp/MP2/part1/part1.sdk/top_hw_platform_0/system.hdf'.
16:15:55 INFO  : 'configparams force-mem-access 1' command is executed.
16:15:55 INFO  : Context for 'APU' is selected.
16:15:55 INFO  : 'stop' command is executed.
16:15:55 INFO  : 'ps7_init' command is executed.
16:15:55 INFO  : 'ps7_post_config' command is executed.
16:15:56 INFO  : Context for processor 'ps7_cortexa9_0' is selected.
16:15:56 INFO  : Processor reset is completed for 'ps7_cortexa9_0'.
16:15:56 INFO  : Context for processor 'ps7_cortexa9_0' is selected.
16:15:56 INFO  : The application 'C:/Users/Patel/Downloads/ECE527/exp/MP2/part1/part1.sdk/exp/Debug/exp.elf' is downloaded to processor 'ps7_cortexa9_0'.
16:15:56 INFO  : 'configparams force-mem-access 0' command is executed.
16:15:56 INFO  : ----------------XSDB Script----------------
connect -url tcp:127.0.0.1:3121
source C:/Users/Patel/Downloads/ECE527/exp/MP2/part1/part1.sdk/top_hw_platform_0/ps7_init.tcl
targets -set -nocase -filter {name =~"APU*" && jtag_cable_name =~ "Digilent Zed 210248690957"} -index 0
loadhw -hw C:/Users/Patel/Downloads/ECE527/exp/MP2/part1/part1.sdk/top_hw_platform_0/system.hdf -mem-ranges [list {0x40000000 0xbfffffff}]
configparams force-mem-access 1
targets -set -nocase -filter {name =~"APU*" && jtag_cable_name =~ "Digilent Zed 210248690957"} -index 0
stop
ps7_init
ps7_post_config
targets -set -nocase -filter {name =~ "ARM*#0" && jtag_cable_name =~ "Digilent Zed 210248690957"} -index 0
rst -processor
targets -set -nocase -filter {name =~ "ARM*#0" && jtag_cable_name =~ "Digilent Zed 210248690957"} -index 0
dow C:/Users/Patel/Downloads/ECE527/exp/MP2/part1/part1.sdk/exp/Debug/exp.elf
configparams force-mem-access 0
----------------End of Script----------------

16:15:56 INFO  : Memory regions updated for context APU
16:15:56 INFO  : Context for processor 'ps7_cortexa9_0' is selected.
16:15:56 INFO  : 'con' command is executed.
16:15:56 INFO  : ----------------XSDB Script (After Launch)----------------
targets -set -nocase -filter {name =~ "ARM*#0" && jtag_cable_name =~ "Digilent Zed 210248690957"} -index 0
con
----------------End of Script----------------

16:15:56 INFO  : Launch script is exported to file 'C:\Users\Patel\Downloads\ECE527\exp\MP2\part1\part1.sdk\.sdk\launch_scripts\xilinx_c-c++_application_(system_debugger)\system_debugger_using_debug_exp.elf_on_local.tcl'
16:16:13 INFO  : Disconnected from the channel tcfchan#1.
16:16:14 INFO  : 'targets -set -filter {jtag_cable_name =~ "Digilent Zed 210248690957" && level==0} -index 1' command is executed.
16:16:14 INFO  : 'fpga -state' command is executed.
16:16:14 INFO  : Connected to target on host '127.0.0.1' and port '3121'.
16:16:15 INFO  : Jtag cable 'Digilent Zed 210248690957' is selected.
16:16:15 INFO  : 'jtag frequency' command is executed.
16:16:15 INFO  : Sourcing of 'C:/Users/Patel/Downloads/ECE527/exp/MP2/part1/part1.sdk/top_hw_platform_0/ps7_init.tcl' is done.
16:16:15 INFO  : Context for 'APU' is selected.
16:16:18 INFO  : Hardware design information is loaded from 'C:/Users/Patel/Downloads/ECE527/exp/MP2/part1/part1.sdk/top_hw_platform_0/system.hdf'.
16:16:18 INFO  : 'configparams force-mem-access 1' command is executed.
16:16:18 INFO  : Context for 'APU' is selected.
16:16:18 INFO  : 'stop' command is executed.
16:16:18 INFO  : 'ps7_init' command is executed.
16:16:18 INFO  : 'ps7_post_config' command is executed.
16:16:19 INFO  : Context for processor 'ps7_cortexa9_0' is selected.
16:16:19 INFO  : Processor reset is completed for 'ps7_cortexa9_0'.
16:16:19 INFO  : Context for processor 'ps7_cortexa9_0' is selected.
16:16:19 INFO  : The application 'C:/Users/Patel/Downloads/ECE527/exp/MP2/part1/part1.sdk/exp/Debug/exp.elf' is downloaded to processor 'ps7_cortexa9_0'.
16:16:19 INFO  : 'configparams force-mem-access 0' command is executed.
16:16:19 INFO  : ----------------XSDB Script----------------
connect -url tcp:127.0.0.1:3121
source C:/Users/Patel/Downloads/ECE527/exp/MP2/part1/part1.sdk/top_hw_platform_0/ps7_init.tcl
targets -set -nocase -filter {name =~"APU*" && jtag_cable_name =~ "Digilent Zed 210248690957"} -index 0
loadhw -hw C:/Users/Patel/Downloads/ECE527/exp/MP2/part1/part1.sdk/top_hw_platform_0/system.hdf -mem-ranges [list {0x40000000 0xbfffffff}]
configparams force-mem-access 1
targets -set -nocase -filter {name =~"APU*" && jtag_cable_name =~ "Digilent Zed 210248690957"} -index 0
stop
ps7_init
ps7_post_config
targets -set -nocase -filter {name =~ "ARM*#0" && jtag_cable_name =~ "Digilent Zed 210248690957"} -index 0
rst -processor
targets -set -nocase -filter {name =~ "ARM*#0" && jtag_cable_name =~ "Digilent Zed 210248690957"} -index 0
dow C:/Users/Patel/Downloads/ECE527/exp/MP2/part1/part1.sdk/exp/Debug/exp.elf
configparams force-mem-access 0
----------------End of Script----------------

16:16:19 INFO  : Memory regions updated for context APU
16:16:19 INFO  : Context for processor 'ps7_cortexa9_0' is selected.
16:16:19 INFO  : 'con' command is executed.
16:16:19 INFO  : ----------------XSDB Script (After Launch)----------------
targets -set -nocase -filter {name =~ "ARM*#0" && jtag_cable_name =~ "Digilent Zed 210248690957"} -index 0
con
----------------End of Script----------------

16:16:19 INFO  : Launch script is exported to file 'C:\Users\Patel\Downloads\ECE527\exp\MP2\part1\part1.sdk\.sdk\launch_scripts\xilinx_c-c++_application_(system_debugger)\system_debugger_using_debug_exp.elf_on_local.tcl'
16:25:45 INFO  : Disconnected from the channel tcfchan#2.
16:25:46 INFO  : 'targets -set -filter {jtag_cable_name =~ "Digilent Zed 210248690957" && level==0} -index 1' command is executed.
16:25:46 INFO  : 'fpga -state' command is executed.
16:25:46 INFO  : Connected to target on host '127.0.0.1' and port '3121'.
16:25:47 INFO  : Jtag cable 'Digilent Zed 210248690957' is selected.
16:25:47 INFO  : 'jtag frequency' command is executed.
16:25:47 INFO  : Sourcing of 'C:/Users/Patel/Downloads/ECE527/exp/MP2/part1/part1.sdk/top_hw_platform_0/ps7_init.tcl' is done.
16:25:47 INFO  : Context for 'APU' is selected.
16:25:50 INFO  : Hardware design information is loaded from 'C:/Users/Patel/Downloads/ECE527/exp/MP2/part1/part1.sdk/top_hw_platform_0/system.hdf'.
16:25:50 INFO  : 'configparams force-mem-access 1' command is executed.
16:25:50 INFO  : Context for 'APU' is selected.
16:25:50 INFO  : 'stop' command is executed.
16:25:50 INFO  : 'ps7_init' command is executed.
16:25:50 INFO  : 'ps7_post_config' command is executed.
16:25:50 INFO  : Context for processor 'ps7_cortexa9_0' is selected.
16:25:51 INFO  : Processor reset is completed for 'ps7_cortexa9_0'.
16:25:51 INFO  : Context for processor 'ps7_cortexa9_0' is selected.
16:25:51 INFO  : The application 'C:/Users/Patel/Downloads/ECE527/exp/MP2/part1/part1.sdk/exp/Debug/exp.elf' is downloaded to processor 'ps7_cortexa9_0'.
16:25:51 INFO  : 'configparams force-mem-access 0' command is executed.
16:25:51 INFO  : ----------------XSDB Script----------------
connect -url tcp:127.0.0.1:3121
source C:/Users/Patel/Downloads/ECE527/exp/MP2/part1/part1.sdk/top_hw_platform_0/ps7_init.tcl
targets -set -nocase -filter {name =~"APU*" && jtag_cable_name =~ "Digilent Zed 210248690957"} -index 0
loadhw -hw C:/Users/Patel/Downloads/ECE527/exp/MP2/part1/part1.sdk/top_hw_platform_0/system.hdf -mem-ranges [list {0x40000000 0xbfffffff}]
configparams force-mem-access 1
targets -set -nocase -filter {name =~"APU*" && jtag_cable_name =~ "Digilent Zed 210248690957"} -index 0
stop
ps7_init
ps7_post_config
targets -set -nocase -filter {name =~ "ARM*#0" && jtag_cable_name =~ "Digilent Zed 210248690957"} -index 0
rst -processor
targets -set -nocase -filter {name =~ "ARM*#0" && jtag_cable_name =~ "Digilent Zed 210248690957"} -index 0
dow C:/Users/Patel/Downloads/ECE527/exp/MP2/part1/part1.sdk/exp/Debug/exp.elf
configparams force-mem-access 0
----------------End of Script----------------

16:25:51 INFO  : Memory regions updated for context APU
16:25:51 INFO  : Context for processor 'ps7_cortexa9_0' is selected.
16:25:51 INFO  : 'con' command is executed.
16:25:51 INFO  : ----------------XSDB Script (After Launch)----------------
targets -set -nocase -filter {name =~ "ARM*#0" && jtag_cable_name =~ "Digilent Zed 210248690957"} -index 0
con
----------------End of Script----------------

16:25:51 INFO  : Launch script is exported to file 'C:\Users\Patel\Downloads\ECE527\exp\MP2\part1\part1.sdk\.sdk\launch_scripts\xilinx_c-c++_application_(system_debugger)\system_debugger_using_debug_exp.elf_on_local.tcl'
16:36:15 INFO  : Disconnected from the channel tcfchan#3.
16:36:16 INFO  : 'targets -set -filter {jtag_cable_name =~ "Digilent Zed 210248690957" && level==0} -index 1' command is executed.
16:36:16 INFO  : 'fpga -state' command is executed.
16:36:16 INFO  : Connected to target on host '127.0.0.1' and port '3121'.
16:36:17 INFO  : Jtag cable 'Digilent Zed 210248690957' is selected.
16:36:17 INFO  : 'jtag frequency' command is executed.
16:36:17 INFO  : Sourcing of 'C:/Users/Patel/Downloads/ECE527/exp/MP2/part1/part1.sdk/top_hw_platform_0/ps7_init.tcl' is done.
16:36:17 INFO  : Context for 'APU' is selected.
16:36:20 INFO  : Hardware design information is loaded from 'C:/Users/Patel/Downloads/ECE527/exp/MP2/part1/part1.sdk/top_hw_platform_0/system.hdf'.
16:36:20 INFO  : 'configparams force-mem-access 1' command is executed.
16:36:20 INFO  : Context for 'APU' is selected.
16:36:20 INFO  : 'stop' command is executed.
16:36:21 INFO  : 'ps7_init' command is executed.
16:36:21 INFO  : 'ps7_post_config' command is executed.
16:36:21 INFO  : Context for processor 'ps7_cortexa9_0' is selected.
16:36:21 INFO  : Processor reset is completed for 'ps7_cortexa9_0'.
16:36:21 INFO  : Context for processor 'ps7_cortexa9_0' is selected.
16:36:21 INFO  : The application 'C:/Users/Patel/Downloads/ECE527/exp/MP2/part1/part1.sdk/exp/Debug/exp.elf' is downloaded to processor 'ps7_cortexa9_0'.
16:36:21 INFO  : 'configparams force-mem-access 0' command is executed.
16:36:21 INFO  : ----------------XSDB Script----------------
connect -url tcp:127.0.0.1:3121
source C:/Users/Patel/Downloads/ECE527/exp/MP2/part1/part1.sdk/top_hw_platform_0/ps7_init.tcl
targets -set -nocase -filter {name =~"APU*" && jtag_cable_name =~ "Digilent Zed 210248690957"} -index 0
loadhw -hw C:/Users/Patel/Downloads/ECE527/exp/MP2/part1/part1.sdk/top_hw_platform_0/system.hdf -mem-ranges [list {0x40000000 0xbfffffff}]
configparams force-mem-access 1
targets -set -nocase -filter {name =~"APU*" && jtag_cable_name =~ "Digilent Zed 210248690957"} -index 0
stop
ps7_init
ps7_post_config
targets -set -nocase -filter {name =~ "ARM*#0" && jtag_cable_name =~ "Digilent Zed 210248690957"} -index 0
rst -processor
targets -set -nocase -filter {name =~ "ARM*#0" && jtag_cable_name =~ "Digilent Zed 210248690957"} -index 0
dow C:/Users/Patel/Downloads/ECE527/exp/MP2/part1/part1.sdk/exp/Debug/exp.elf
configparams force-mem-access 0
----------------End of Script----------------

16:36:21 INFO  : Memory regions updated for context APU
16:36:21 INFO  : Context for processor 'ps7_cortexa9_0' is selected.
16:36:21 INFO  : 'con' command is executed.
16:36:21 INFO  : ----------------XSDB Script (After Launch)----------------
targets -set -nocase -filter {name =~ "ARM*#0" && jtag_cable_name =~ "Digilent Zed 210248690957"} -index 0
con
----------------End of Script----------------

16:36:21 INFO  : Launch script is exported to file 'C:\Users\Patel\Downloads\ECE527\exp\MP2\part1\part1.sdk\.sdk\launch_scripts\xilinx_c-c++_application_(system_debugger)\system_debugger_using_debug_exp.elf_on_local.tcl'
16:40:12 INFO  : Registering command handlers for SDK TCF services
16:40:13 INFO  : Launching XSCT server: xsct.bat -interactive C:\Users\Patel\Downloads\ECE527\exp\MP2\part1\part1.sdk\temp_xsdb_launch_script.tcl
16:40:19 INFO  : XSCT server has started successfully.
16:40:20 INFO  : Processing command line option -hwspec C:/Users/Patel/Downloads/ECE527/exp/MP2/part1/part1.sdk/top.hdf.
16:40:20 INFO  : Successfully done setting XSCT server connection channel  
16:40:20 INFO  : Checking for hwspec changes in the project top_hw_platform_0.
16:40:20 INFO  : Successfully done setting SDK workspace  
16:42:24 INFO  : Launching XSCT server: xsct.bat -interactive C:\Users\Patel\Downloads\ECE527\exp\MP2\part1\part1.sdk\temp_xsdb_launch_script.tcl
16:42:27 INFO  : XSCT server has started successfully.
16:42:28 INFO  : Successfully done setting XSCT server connection channel  
16:42:28 INFO  : Successfully done setting SDK workspace  
16:42:34 INFO  : Registering command handlers for SDK TCF services
16:42:34 INFO  : Processing command line option -hwspec C:/Users/Patel/Downloads/ECE527/exp/MP2/part1/part1.sdk/top.hdf.
16:42:35 INFO  : Checking for hwspec changes in the project top_hw_platform_0.
16:44:17 INFO  : Launching XSCT server: xsct.bat -interactive C:\Users\Patel\Downloads\ECE527\exp\MP2\part1\part1.sdk\temp_xsdb_launch_script.tcl
16:44:20 INFO  : XSCT server has started successfully.
16:44:20 INFO  : Successfully done setting XSCT server connection channel  
16:44:20 INFO  : Successfully done setting SDK workspace  
16:44:26 INFO  : Registering command handlers for SDK TCF services
16:44:26 INFO  : Processing command line option -hwspec C:/Users/Patel/Downloads/ECE527/exp/MP2/part1/part1.sdk/top.hdf.
16:44:27 INFO  : Checking for hwspec changes in the project top_hw_platform_0.
16:56:45 INFO  : 'targets -set -filter {jtag_cable_name =~ "Digilent Zed 210248690957" && level==0} -index 1' command is executed.
16:56:45 INFO  : 'fpga -state' command is executed.
16:56:45 INFO  : Connected to target on host '127.0.0.1' and port '3121'.
16:56:45 INFO  : Jtag cable 'Digilent Zed 210248690957' is selected.
16:56:45 INFO  : 'jtag frequency' command is executed.
16:56:45 INFO  : Sourcing of 'C:/Users/Patel/Downloads/ECE527/exp/MP2/part1/part1.sdk/top_hw_platform_0/ps7_init.tcl' is done.
16:56:45 INFO  : Context for 'APU' is selected.
16:56:45 INFO  : Hardware design information is loaded from 'C:/Users/Patel/Downloads/ECE527/exp/MP2/part1/part1.sdk/top_hw_platform_0/system.hdf'.
16:56:45 INFO  : 'configparams force-mem-access 1' command is executed.
16:56:46 INFO  : Context for 'APU' is selected.
16:56:46 INFO  : 'stop' command is executed.
16:56:46 INFO  : 'ps7_init' command is executed.
16:56:46 INFO  : 'ps7_post_config' command is executed.
16:56:46 INFO  : Context for processor 'ps7_cortexa9_0' is selected.
16:56:46 INFO  : Processor reset is completed for 'ps7_cortexa9_0'.
16:56:46 INFO  : Context for processor 'ps7_cortexa9_0' is selected.
16:56:46 INFO  : The application 'C:/Users/Patel/Downloads/ECE527/exp/MP2/part1/part1.sdk/exp/Debug/exp.elf' is downloaded to processor 'ps7_cortexa9_0'.
16:56:46 INFO  : 'configparams force-mem-access 0' command is executed.
16:56:46 INFO  : ----------------XSDB Script----------------
connect -url tcp:127.0.0.1:3121
source C:/Users/Patel/Downloads/ECE527/exp/MP2/part1/part1.sdk/top_hw_platform_0/ps7_init.tcl
targets -set -nocase -filter {name =~"APU*" && jtag_cable_name =~ "Digilent Zed 210248690957"} -index 0
loadhw -hw C:/Users/Patel/Downloads/ECE527/exp/MP2/part1/part1.sdk/top_hw_platform_0/system.hdf -mem-ranges [list {0x40000000 0xbfffffff}]
configparams force-mem-access 1
targets -set -nocase -filter {name =~"APU*" && jtag_cable_name =~ "Digilent Zed 210248690957"} -index 0
stop
ps7_init
ps7_post_config
targets -set -nocase -filter {name =~ "ARM*#0" && jtag_cable_name =~ "Digilent Zed 210248690957"} -index 0
rst -processor
targets -set -nocase -filter {name =~ "ARM*#0" && jtag_cable_name =~ "Digilent Zed 210248690957"} -index 0
dow C:/Users/Patel/Downloads/ECE527/exp/MP2/part1/part1.sdk/exp/Debug/exp.elf
configparams force-mem-access 0
----------------End of Script----------------

16:56:47 INFO  : Memory regions updated for context APU
16:56:47 INFO  : Context for processor 'ps7_cortexa9_0' is selected.
16:56:47 INFO  : 'con' command is executed.
16:56:47 INFO  : ----------------XSDB Script (After Launch)----------------
targets -set -nocase -filter {name =~ "ARM*#0" && jtag_cable_name =~ "Digilent Zed 210248690957"} -index 0
con
----------------End of Script----------------

16:56:47 INFO  : Launch script is exported to file 'C:\Users\Patel\Downloads\ECE527\exp\MP2\part1\part1.sdk\.sdk\launch_scripts\xilinx_c-c++_application_(system_debugger)\system_debugger_using_debug_exp.elf_on_local.tcl'
16:58:09 INFO  : Disconnected from the channel tcfchan#1.
16:58:10 INFO  : 'targets -set -filter {jtag_cable_name =~ "Digilent Zed 210248690957" && level==0} -index 1' command is executed.
16:58:10 INFO  : 'fpga -state' command is executed.
16:58:10 INFO  : Connected to target on host '127.0.0.1' and port '3121'.
16:58:10 INFO  : Jtag cable 'Digilent Zed 210248690957' is selected.
16:58:10 INFO  : 'jtag frequency' command is executed.
16:58:10 INFO  : Sourcing of 'C:/Users/Patel/Downloads/ECE527/exp/MP2/part1/part1.sdk/top_hw_platform_0/ps7_init.tcl' is done.
16:58:10 INFO  : Context for 'APU' is selected.
16:58:14 INFO  : Hardware design information is loaded from 'C:/Users/Patel/Downloads/ECE527/exp/MP2/part1/part1.sdk/top_hw_platform_0/system.hdf'.
16:58:14 INFO  : 'configparams force-mem-access 1' command is executed.
16:58:14 INFO  : Context for 'APU' is selected.
16:58:14 INFO  : 'stop' command is executed.
16:58:14 INFO  : 'ps7_init' command is executed.
16:58:14 INFO  : 'ps7_post_config' command is executed.
16:58:14 INFO  : Context for processor 'ps7_cortexa9_0' is selected.
16:58:15 INFO  : Processor reset is completed for 'ps7_cortexa9_0'.
16:58:15 INFO  : Context for processor 'ps7_cortexa9_0' is selected.
16:58:15 INFO  : The application 'C:/Users/Patel/Downloads/ECE527/exp/MP2/part1/part1.sdk/exp/Debug/exp.elf' is downloaded to processor 'ps7_cortexa9_0'.
16:58:15 INFO  : 'configparams force-mem-access 0' command is executed.
16:58:15 INFO  : ----------------XSDB Script----------------
connect -url tcp:127.0.0.1:3121
source C:/Users/Patel/Downloads/ECE527/exp/MP2/part1/part1.sdk/top_hw_platform_0/ps7_init.tcl
targets -set -nocase -filter {name =~"APU*" && jtag_cable_name =~ "Digilent Zed 210248690957"} -index 0
loadhw -hw C:/Users/Patel/Downloads/ECE527/exp/MP2/part1/part1.sdk/top_hw_platform_0/system.hdf -mem-ranges [list {0x40000000 0xbfffffff}]
configparams force-mem-access 1
targets -set -nocase -filter {name =~"APU*" && jtag_cable_name =~ "Digilent Zed 210248690957"} -index 0
stop
ps7_init
ps7_post_config
targets -set -nocase -filter {name =~ "ARM*#0" && jtag_cable_name =~ "Digilent Zed 210248690957"} -index 0
rst -processor
targets -set -nocase -filter {name =~ "ARM*#0" && jtag_cable_name =~ "Digilent Zed 210248690957"} -index 0
dow C:/Users/Patel/Downloads/ECE527/exp/MP2/part1/part1.sdk/exp/Debug/exp.elf
configparams force-mem-access 0
----------------End of Script----------------

16:58:15 INFO  : Memory regions updated for context APU
16:58:15 INFO  : Context for processor 'ps7_cortexa9_0' is selected.
16:58:15 INFO  : 'con' command is executed.
16:58:15 INFO  : ----------------XSDB Script (After Launch)----------------
targets -set -nocase -filter {name =~ "ARM*#0" && jtag_cable_name =~ "Digilent Zed 210248690957"} -index 0
con
----------------End of Script----------------

16:58:15 INFO  : Launch script is exported to file 'C:\Users\Patel\Downloads\ECE527\exp\MP2\part1\part1.sdk\.sdk\launch_scripts\xilinx_c-c++_application_(system_debugger)\system_debugger_using_debug_exp.elf_on_local.tcl'
17:00:52 INFO  : Disconnected from the channel tcfchan#2.
17:00:53 INFO  : 'targets -set -filter {jtag_cable_name =~ "Digilent Zed 210248690957" && level==0} -index 1' command is executed.
17:00:53 INFO  : 'fpga -state' command is executed.
17:00:53 INFO  : Connected to target on host '127.0.0.1' and port '3121'.
17:00:53 INFO  : Jtag cable 'Digilent Zed 210248690957' is selected.
17:00:53 INFO  : 'jtag frequency' command is executed.
17:00:53 INFO  : Sourcing of 'C:/Users/Patel/Downloads/ECE527/exp/MP2/part1/part1.sdk/top_hw_platform_0/ps7_init.tcl' is done.
17:00:54 INFO  : Context for 'APU' is selected.
17:00:56 INFO  : Hardware design information is loaded from 'C:/Users/Patel/Downloads/ECE527/exp/MP2/part1/part1.sdk/top_hw_platform_0/system.hdf'.
17:00:56 INFO  : 'configparams force-mem-access 1' command is executed.
17:00:56 INFO  : Context for 'APU' is selected.
17:00:56 INFO  : 'stop' command is executed.
17:00:57 INFO  : 'ps7_init' command is executed.
17:00:57 INFO  : 'ps7_post_config' command is executed.
17:00:57 INFO  : Context for processor 'ps7_cortexa9_0' is selected.
17:00:57 INFO  : Processor reset is completed for 'ps7_cortexa9_0'.
17:00:57 INFO  : Context for processor 'ps7_cortexa9_0' is selected.
17:00:57 INFO  : The application 'C:/Users/Patel/Downloads/ECE527/exp/MP2/part1/part1.sdk/exp/Debug/exp.elf' is downloaded to processor 'ps7_cortexa9_0'.
17:00:57 INFO  : 'configparams force-mem-access 0' command is executed.
17:00:57 INFO  : ----------------XSDB Script----------------
connect -url tcp:127.0.0.1:3121
source C:/Users/Patel/Downloads/ECE527/exp/MP2/part1/part1.sdk/top_hw_platform_0/ps7_init.tcl
targets -set -nocase -filter {name =~"APU*" && jtag_cable_name =~ "Digilent Zed 210248690957"} -index 0
loadhw -hw C:/Users/Patel/Downloads/ECE527/exp/MP2/part1/part1.sdk/top_hw_platform_0/system.hdf -mem-ranges [list {0x40000000 0xbfffffff}]
configparams force-mem-access 1
targets -set -nocase -filter {name =~"APU*" && jtag_cable_name =~ "Digilent Zed 210248690957"} -index 0
stop
ps7_init
ps7_post_config
targets -set -nocase -filter {name =~ "ARM*#0" && jtag_cable_name =~ "Digilent Zed 210248690957"} -index 0
rst -processor
targets -set -nocase -filter {name =~ "ARM*#0" && jtag_cable_name =~ "Digilent Zed 210248690957"} -index 0
dow C:/Users/Patel/Downloads/ECE527/exp/MP2/part1/part1.sdk/exp/Debug/exp.elf
configparams force-mem-access 0
----------------End of Script----------------

17:00:57 INFO  : Memory regions updated for context APU
17:00:58 INFO  : Context for processor 'ps7_cortexa9_0' is selected.
17:00:58 INFO  : 'con' command is executed.
17:00:58 INFO  : ----------------XSDB Script (After Launch)----------------
targets -set -nocase -filter {name =~ "ARM*#0" && jtag_cable_name =~ "Digilent Zed 210248690957"} -index 0
con
----------------End of Script----------------

17:00:58 INFO  : Launch script is exported to file 'C:\Users\Patel\Downloads\ECE527\exp\MP2\part1\part1.sdk\.sdk\launch_scripts\xilinx_c-c++_application_(system_debugger)\system_debugger_using_debug_exp.elf_on_local.tcl'
17:01:35 INFO  : Disconnected from the channel tcfchan#3.
17:01:36 INFO  : 'targets -set -filter {jtag_cable_name =~ "Digilent Zed 210248690957" && level==0} -index 1' command is executed.
17:01:36 INFO  : 'fpga -state' command is executed.
17:01:36 INFO  : Connected to target on host '127.0.0.1' and port '3121'.
17:01:36 INFO  : Jtag cable 'Digilent Zed 210248690957' is selected.
17:01:36 INFO  : 'jtag frequency' command is executed.
17:01:36 INFO  : Sourcing of 'C:/Users/Patel/Downloads/ECE527/exp/MP2/part1/part1.sdk/top_hw_platform_0/ps7_init.tcl' is done.
17:01:36 INFO  : Context for 'APU' is selected.
17:01:39 INFO  : Hardware design information is loaded from 'C:/Users/Patel/Downloads/ECE527/exp/MP2/part1/part1.sdk/top_hw_platform_0/system.hdf'.
17:01:39 INFO  : 'configparams force-mem-access 1' command is executed.
17:01:39 INFO  : Context for 'APU' is selected.
17:01:39 INFO  : 'stop' command is executed.
17:01:40 INFO  : 'ps7_init' command is executed.
17:01:40 INFO  : 'ps7_post_config' command is executed.
17:01:40 INFO  : Context for processor 'ps7_cortexa9_0' is selected.
17:01:40 INFO  : Processor reset is completed for 'ps7_cortexa9_0'.
17:01:40 INFO  : Context for processor 'ps7_cortexa9_0' is selected.
17:01:40 INFO  : The application 'C:/Users/Patel/Downloads/ECE527/exp/MP2/part1/part1.sdk/exp/Debug/exp.elf' is downloaded to processor 'ps7_cortexa9_0'.
17:01:40 INFO  : 'configparams force-mem-access 0' command is executed.
17:01:40 INFO  : ----------------XSDB Script----------------
connect -url tcp:127.0.0.1:3121
source C:/Users/Patel/Downloads/ECE527/exp/MP2/part1/part1.sdk/top_hw_platform_0/ps7_init.tcl
targets -set -nocase -filter {name =~"APU*" && jtag_cable_name =~ "Digilent Zed 210248690957"} -index 0
loadhw -hw C:/Users/Patel/Downloads/ECE527/exp/MP2/part1/part1.sdk/top_hw_platform_0/system.hdf -mem-ranges [list {0x40000000 0xbfffffff}]
configparams force-mem-access 1
targets -set -nocase -filter {name =~"APU*" && jtag_cable_name =~ "Digilent Zed 210248690957"} -index 0
stop
ps7_init
ps7_post_config
targets -set -nocase -filter {name =~ "ARM*#0" && jtag_cable_name =~ "Digilent Zed 210248690957"} -index 0
rst -processor
targets -set -nocase -filter {name =~ "ARM*#0" && jtag_cable_name =~ "Digilent Zed 210248690957"} -index 0
dow C:/Users/Patel/Downloads/ECE527/exp/MP2/part1/part1.sdk/exp/Debug/exp.elf
configparams force-mem-access 0
----------------End of Script----------------

17:01:40 INFO  : Memory regions updated for context APU
17:01:41 INFO  : Context for processor 'ps7_cortexa9_0' is selected.
17:01:41 INFO  : 'con' command is executed.
17:01:41 INFO  : ----------------XSDB Script (After Launch)----------------
targets -set -nocase -filter {name =~ "ARM*#0" && jtag_cable_name =~ "Digilent Zed 210248690957"} -index 0
con
----------------End of Script----------------

17:01:41 INFO  : Launch script is exported to file 'C:\Users\Patel\Downloads\ECE527\exp\MP2\part1\part1.sdk\.sdk\launch_scripts\xilinx_c-c++_application_(system_debugger)\system_debugger_using_debug_exp.elf_on_local.tcl'
17:03:47 INFO  : Disconnected from the channel tcfchan#4.
17:03:48 INFO  : 'targets -set -filter {jtag_cable_name =~ "Digilent Zed 210248690957" && level==0} -index 1' command is executed.
17:03:48 INFO  : 'fpga -state' command is executed.
17:03:48 INFO  : Connected to target on host '127.0.0.1' and port '3121'.
17:03:49 INFO  : Jtag cable 'Digilent Zed 210248690957' is selected.
17:03:49 INFO  : 'jtag frequency' command is executed.
17:03:49 INFO  : Sourcing of 'C:/Users/Patel/Downloads/ECE527/exp/MP2/part1/part1.sdk/top_hw_platform_0/ps7_init.tcl' is done.
17:03:49 INFO  : Context for 'APU' is selected.
17:03:51 INFO  : Hardware design information is loaded from 'C:/Users/Patel/Downloads/ECE527/exp/MP2/part1/part1.sdk/top_hw_platform_0/system.hdf'.
17:03:51 INFO  : 'configparams force-mem-access 1' command is executed.
17:03:51 INFO  : Context for 'APU' is selected.
17:03:51 INFO  : 'stop' command is executed.
17:03:52 INFO  : 'ps7_init' command is executed.
17:03:52 INFO  : 'ps7_post_config' command is executed.
17:03:52 INFO  : Context for processor 'ps7_cortexa9_0' is selected.
17:03:52 INFO  : Processor reset is completed for 'ps7_cortexa9_0'.
17:03:52 INFO  : Context for processor 'ps7_cortexa9_0' is selected.
17:03:52 INFO  : The application 'C:/Users/Patel/Downloads/ECE527/exp/MP2/part1/part1.sdk/exp/Debug/exp.elf' is downloaded to processor 'ps7_cortexa9_0'.
17:03:52 INFO  : 'configparams force-mem-access 0' command is executed.
17:03:52 INFO  : ----------------XSDB Script----------------
connect -url tcp:127.0.0.1:3121
source C:/Users/Patel/Downloads/ECE527/exp/MP2/part1/part1.sdk/top_hw_platform_0/ps7_init.tcl
targets -set -nocase -filter {name =~"APU*" && jtag_cable_name =~ "Digilent Zed 210248690957"} -index 0
loadhw -hw C:/Users/Patel/Downloads/ECE527/exp/MP2/part1/part1.sdk/top_hw_platform_0/system.hdf -mem-ranges [list {0x40000000 0xbfffffff}]
configparams force-mem-access 1
targets -set -nocase -filter {name =~"APU*" && jtag_cable_name =~ "Digilent Zed 210248690957"} -index 0
stop
ps7_init
ps7_post_config
targets -set -nocase -filter {name =~ "ARM*#0" && jtag_cable_name =~ "Digilent Zed 210248690957"} -index 0
rst -processor
targets -set -nocase -filter {name =~ "ARM*#0" && jtag_cable_name =~ "Digilent Zed 210248690957"} -index 0
dow C:/Users/Patel/Downloads/ECE527/exp/MP2/part1/part1.sdk/exp/Debug/exp.elf
configparams force-mem-access 0
----------------End of Script----------------

17:03:52 INFO  : Memory regions updated for context APU
17:03:53 INFO  : Context for processor 'ps7_cortexa9_0' is selected.
17:03:53 INFO  : 'con' command is executed.
17:03:53 INFO  : ----------------XSDB Script (After Launch)----------------
targets -set -nocase -filter {name =~ "ARM*#0" && jtag_cable_name =~ "Digilent Zed 210248690957"} -index 0
con
----------------End of Script----------------

17:03:53 INFO  : Launch script is exported to file 'C:\Users\Patel\Downloads\ECE527\exp\MP2\part1\part1.sdk\.sdk\launch_scripts\xilinx_c-c++_application_(system_debugger)\system_debugger_using_debug_exp.elf_on_local.tcl'
17:09:22 INFO  : Disconnected from the channel tcfchan#5.
17:09:24 INFO  : 'targets -set -filter {jtag_cable_name =~ "Digilent Zed 210248690957" && level==0} -index 1' command is executed.
17:09:24 INFO  : 'fpga -state' command is executed.
17:09:24 INFO  : Connected to target on host '127.0.0.1' and port '3121'.
17:09:24 INFO  : Jtag cable 'Digilent Zed 210248690957' is selected.
17:09:24 INFO  : 'jtag frequency' command is executed.
17:09:24 INFO  : Sourcing of 'C:/Users/Patel/Downloads/ECE527/exp/MP2/part1/part1.sdk/top_hw_platform_0/ps7_init.tcl' is done.
17:09:24 INFO  : Context for 'APU' is selected.
17:09:28 INFO  : Hardware design information is loaded from 'C:/Users/Patel/Downloads/ECE527/exp/MP2/part1/part1.sdk/top_hw_platform_0/system.hdf'.
17:09:28 INFO  : 'configparams force-mem-access 1' command is executed.
17:09:28 INFO  : Context for 'APU' is selected.
17:09:28 INFO  : 'stop' command is executed.
17:09:28 INFO  : 'ps7_init' command is executed.
17:09:28 INFO  : 'ps7_post_config' command is executed.
17:09:28 INFO  : Context for processor 'ps7_cortexa9_0' is selected.
17:09:28 INFO  : Processor reset is completed for 'ps7_cortexa9_0'.
17:09:28 INFO  : Context for processor 'ps7_cortexa9_0' is selected.
17:09:28 INFO  : The application 'C:/Users/Patel/Downloads/ECE527/exp/MP2/part1/part1.sdk/exp/Debug/exp.elf' is downloaded to processor 'ps7_cortexa9_0'.
17:09:28 INFO  : 'configparams force-mem-access 0' command is executed.
17:09:28 INFO  : ----------------XSDB Script----------------
connect -url tcp:127.0.0.1:3121
source C:/Users/Patel/Downloads/ECE527/exp/MP2/part1/part1.sdk/top_hw_platform_0/ps7_init.tcl
targets -set -nocase -filter {name =~"APU*" && jtag_cable_name =~ "Digilent Zed 210248690957"} -index 0
loadhw -hw C:/Users/Patel/Downloads/ECE527/exp/MP2/part1/part1.sdk/top_hw_platform_0/system.hdf -mem-ranges [list {0x40000000 0xbfffffff}]
configparams force-mem-access 1
targets -set -nocase -filter {name =~"APU*" && jtag_cable_name =~ "Digilent Zed 210248690957"} -index 0
stop
ps7_init
ps7_post_config
targets -set -nocase -filter {name =~ "ARM*#0" && jtag_cable_name =~ "Digilent Zed 210248690957"} -index 0
rst -processor
targets -set -nocase -filter {name =~ "ARM*#0" && jtag_cable_name =~ "Digilent Zed 210248690957"} -index 0
dow C:/Users/Patel/Downloads/ECE527/exp/MP2/part1/part1.sdk/exp/Debug/exp.elf
configparams force-mem-access 0
----------------End of Script----------------

17:09:29 INFO  : Memory regions updated for context APU
17:09:29 INFO  : Context for processor 'ps7_cortexa9_0' is selected.
17:09:29 INFO  : 'con' command is executed.
17:09:29 INFO  : ----------------XSDB Script (After Launch)----------------
targets -set -nocase -filter {name =~ "ARM*#0" && jtag_cable_name =~ "Digilent Zed 210248690957"} -index 0
con
----------------End of Script----------------

17:09:29 INFO  : Launch script is exported to file 'C:\Users\Patel\Downloads\ECE527\exp\MP2\part1\part1.sdk\.sdk\launch_scripts\xilinx_c-c++_application_(system_debugger)\system_debugger_using_debug_exp.elf_on_local.tcl'
17:21:51 INFO  : Disconnected from the channel tcfchan#6.
17:21:52 INFO  : 'targets -set -filter {jtag_cable_name =~ "Digilent Zed 210248690957" && level==0} -index 1' command is executed.
17:21:52 INFO  : 'fpga -state' command is executed.
17:21:52 INFO  : Connected to target on host '127.0.0.1' and port '3121'.
17:21:52 INFO  : Jtag cable 'Digilent Zed 210248690957' is selected.
17:21:52 INFO  : 'jtag frequency' command is executed.
17:21:52 INFO  : Sourcing of 'C:/Users/Patel/Downloads/ECE527/exp/MP2/part1/part1.sdk/top_hw_platform_0/ps7_init.tcl' is done.
17:21:52 INFO  : Context for 'APU' is selected.
17:21:55 INFO  : Hardware design information is loaded from 'C:/Users/Patel/Downloads/ECE527/exp/MP2/part1/part1.sdk/top_hw_platform_0/system.hdf'.
17:21:55 INFO  : 'configparams force-mem-access 1' command is executed.
17:21:55 INFO  : Context for 'APU' is selected.
17:21:55 INFO  : 'stop' command is executed.
17:21:56 INFO  : 'ps7_init' command is executed.
17:21:56 INFO  : 'ps7_post_config' command is executed.
17:21:56 INFO  : Context for processor 'ps7_cortexa9_0' is selected.
17:21:56 INFO  : Processor reset is completed for 'ps7_cortexa9_0'.
17:21:56 INFO  : Context for processor 'ps7_cortexa9_0' is selected.
17:21:56 INFO  : The application 'C:/Users/Patel/Downloads/ECE527/exp/MP2/part1/part1.sdk/exp/Debug/exp.elf' is downloaded to processor 'ps7_cortexa9_0'.
17:21:56 INFO  : 'configparams force-mem-access 0' command is executed.
17:21:56 INFO  : ----------------XSDB Script----------------
connect -url tcp:127.0.0.1:3121
source C:/Users/Patel/Downloads/ECE527/exp/MP2/part1/part1.sdk/top_hw_platform_0/ps7_init.tcl
targets -set -nocase -filter {name =~"APU*" && jtag_cable_name =~ "Digilent Zed 210248690957"} -index 0
loadhw -hw C:/Users/Patel/Downloads/ECE527/exp/MP2/part1/part1.sdk/top_hw_platform_0/system.hdf -mem-ranges [list {0x40000000 0xbfffffff}]
configparams force-mem-access 1
targets -set -nocase -filter {name =~"APU*" && jtag_cable_name =~ "Digilent Zed 210248690957"} -index 0
stop
ps7_init
ps7_post_config
targets -set -nocase -filter {name =~ "ARM*#0" && jtag_cable_name =~ "Digilent Zed 210248690957"} -index 0
rst -processor
targets -set -nocase -filter {name =~ "ARM*#0" && jtag_cable_name =~ "Digilent Zed 210248690957"} -index 0
dow C:/Users/Patel/Downloads/ECE527/exp/MP2/part1/part1.sdk/exp/Debug/exp.elf
configparams force-mem-access 0
----------------End of Script----------------

17:21:56 INFO  : Memory regions updated for context APU
17:21:56 INFO  : Context for processor 'ps7_cortexa9_0' is selected.
17:21:57 INFO  : 'con' command is executed.
17:21:57 INFO  : ----------------XSDB Script (After Launch)----------------
targets -set -nocase -filter {name =~ "ARM*#0" && jtag_cable_name =~ "Digilent Zed 210248690957"} -index 0
con
----------------End of Script----------------

17:21:57 INFO  : Launch script is exported to file 'C:\Users\Patel\Downloads\ECE527\exp\MP2\part1\part1.sdk\.sdk\launch_scripts\xilinx_c-c++_application_(system_debugger)\system_debugger_using_debug_exp.elf_on_local.tcl'
17:23:17 INFO  : Disconnected from the channel tcfchan#7.
17:23:18 INFO  : 'targets -set -filter {jtag_cable_name =~ "Digilent Zed 210248690957" && level==0} -index 1' command is executed.
17:23:18 INFO  : 'fpga -state' command is executed.
17:23:18 INFO  : Connected to target on host '127.0.0.1' and port '3121'.
17:23:18 INFO  : Jtag cable 'Digilent Zed 210248690957' is selected.
17:23:18 INFO  : 'jtag frequency' command is executed.
17:23:18 INFO  : Sourcing of 'C:/Users/Patel/Downloads/ECE527/exp/MP2/part1/part1.sdk/top_hw_platform_0/ps7_init.tcl' is done.
17:23:18 INFO  : Context for 'APU' is selected.
17:23:21 INFO  : Hardware design information is loaded from 'C:/Users/Patel/Downloads/ECE527/exp/MP2/part1/part1.sdk/top_hw_platform_0/system.hdf'.
17:23:21 INFO  : 'configparams force-mem-access 1' command is executed.
17:23:21 INFO  : Context for 'APU' is selected.
17:23:21 INFO  : 'stop' command is executed.
17:23:22 INFO  : 'ps7_init' command is executed.
17:23:22 INFO  : 'ps7_post_config' command is executed.
17:23:22 INFO  : Context for processor 'ps7_cortexa9_0' is selected.
17:23:22 INFO  : Processor reset is completed for 'ps7_cortexa9_0'.
17:23:22 INFO  : Context for processor 'ps7_cortexa9_0' is selected.
17:23:22 INFO  : The application 'C:/Users/Patel/Downloads/ECE527/exp/MP2/part1/part1.sdk/exp/Debug/exp.elf' is downloaded to processor 'ps7_cortexa9_0'.
17:23:22 INFO  : 'configparams force-mem-access 0' command is executed.
17:23:22 INFO  : ----------------XSDB Script----------------
connect -url tcp:127.0.0.1:3121
source C:/Users/Patel/Downloads/ECE527/exp/MP2/part1/part1.sdk/top_hw_platform_0/ps7_init.tcl
targets -set -nocase -filter {name =~"APU*" && jtag_cable_name =~ "Digilent Zed 210248690957"} -index 0
loadhw -hw C:/Users/Patel/Downloads/ECE527/exp/MP2/part1/part1.sdk/top_hw_platform_0/system.hdf -mem-ranges [list {0x40000000 0xbfffffff}]
configparams force-mem-access 1
targets -set -nocase -filter {name =~"APU*" && jtag_cable_name =~ "Digilent Zed 210248690957"} -index 0
stop
ps7_init
ps7_post_config
targets -set -nocase -filter {name =~ "ARM*#0" && jtag_cable_name =~ "Digilent Zed 210248690957"} -index 0
rst -processor
targets -set -nocase -filter {name =~ "ARM*#0" && jtag_cable_name =~ "Digilent Zed 210248690957"} -index 0
dow C:/Users/Patel/Downloads/ECE527/exp/MP2/part1/part1.sdk/exp/Debug/exp.elf
configparams force-mem-access 0
----------------End of Script----------------

17:23:22 INFO  : Memory regions updated for context APU
17:23:23 INFO  : Context for processor 'ps7_cortexa9_0' is selected.
17:23:23 INFO  : 'con' command is executed.
17:23:23 INFO  : ----------------XSDB Script (After Launch)----------------
targets -set -nocase -filter {name =~ "ARM*#0" && jtag_cable_name =~ "Digilent Zed 210248690957"} -index 0
con
----------------End of Script----------------

17:23:23 INFO  : Launch script is exported to file 'C:\Users\Patel\Downloads\ECE527\exp\MP2\part1\part1.sdk\.sdk\launch_scripts\xilinx_c-c++_application_(system_debugger)\system_debugger_using_debug_exp.elf_on_local.tcl'
17:26:16 INFO  : Disconnected from the channel tcfchan#8.
17:26:18 INFO  : 'targets -set -filter {jtag_cable_name =~ "Digilent Zed 210248690957" && level==0} -index 1' command is executed.
17:26:18 INFO  : 'fpga -state' command is executed.
17:26:18 INFO  : Connected to target on host '127.0.0.1' and port '3121'.
17:26:18 INFO  : Jtag cable 'Digilent Zed 210248690957' is selected.
17:26:18 INFO  : 'jtag frequency' command is executed.
17:26:18 INFO  : Sourcing of 'C:/Users/Patel/Downloads/ECE527/exp/MP2/part1/part1.sdk/top_hw_platform_0/ps7_init.tcl' is done.
17:26:18 INFO  : Context for 'APU' is selected.
17:26:21 INFO  : Hardware design information is loaded from 'C:/Users/Patel/Downloads/ECE527/exp/MP2/part1/part1.sdk/top_hw_platform_0/system.hdf'.
17:26:21 INFO  : 'configparams force-mem-access 1' command is executed.
17:26:21 INFO  : Context for 'APU' is selected.
17:26:21 INFO  : 'stop' command is executed.
17:26:22 INFO  : 'ps7_init' command is executed.
17:26:22 INFO  : 'ps7_post_config' command is executed.
17:26:22 INFO  : Context for processor 'ps7_cortexa9_0' is selected.
17:26:22 INFO  : Processor reset is completed for 'ps7_cortexa9_0'.
17:26:22 INFO  : Context for processor 'ps7_cortexa9_0' is selected.
17:26:22 INFO  : The application 'C:/Users/Patel/Downloads/ECE527/exp/MP2/part1/part1.sdk/exp/Debug/exp.elf' is downloaded to processor 'ps7_cortexa9_0'.
17:26:22 INFO  : 'configparams force-mem-access 0' command is executed.
17:26:22 INFO  : ----------------XSDB Script----------------
connect -url tcp:127.0.0.1:3121
source C:/Users/Patel/Downloads/ECE527/exp/MP2/part1/part1.sdk/top_hw_platform_0/ps7_init.tcl
targets -set -nocase -filter {name =~"APU*" && jtag_cable_name =~ "Digilent Zed 210248690957"} -index 0
loadhw -hw C:/Users/Patel/Downloads/ECE527/exp/MP2/part1/part1.sdk/top_hw_platform_0/system.hdf -mem-ranges [list {0x40000000 0xbfffffff}]
configparams force-mem-access 1
targets -set -nocase -filter {name =~"APU*" && jtag_cable_name =~ "Digilent Zed 210248690957"} -index 0
stop
ps7_init
ps7_post_config
targets -set -nocase -filter {name =~ "ARM*#0" && jtag_cable_name =~ "Digilent Zed 210248690957"} -index 0
rst -processor
targets -set -nocase -filter {name =~ "ARM*#0" && jtag_cable_name =~ "Digilent Zed 210248690957"} -index 0
dow C:/Users/Patel/Downloads/ECE527/exp/MP2/part1/part1.sdk/exp/Debug/exp.elf
configparams force-mem-access 0
----------------End of Script----------------

17:26:22 INFO  : Memory regions updated for context APU
17:26:22 INFO  : Context for processor 'ps7_cortexa9_0' is selected.
17:26:22 INFO  : 'con' command is executed.
17:26:22 INFO  : ----------------XSDB Script (After Launch)----------------
targets -set -nocase -filter {name =~ "ARM*#0" && jtag_cable_name =~ "Digilent Zed 210248690957"} -index 0
con
----------------End of Script----------------

17:26:22 INFO  : Launch script is exported to file 'C:\Users\Patel\Downloads\ECE527\exp\MP2\part1\part1.sdk\.sdk\launch_scripts\xilinx_c-c++_application_(system_debugger)\system_debugger_using_debug_exp.elf_on_local.tcl'
17:28:19 INFO  : Disconnected from the channel tcfchan#9.
17:28:20 INFO  : 'targets -set -filter {jtag_cable_name =~ "Digilent Zed 210248690957" && level==0} -index 1' command is executed.
17:28:21 INFO  : 'fpga -state' command is executed.
17:28:21 INFO  : Connected to target on host '127.0.0.1' and port '3121'.
17:28:21 INFO  : Jtag cable 'Digilent Zed 210248690957' is selected.
17:28:21 INFO  : 'jtag frequency' command is executed.
17:28:21 INFO  : Sourcing of 'C:/Users/Patel/Downloads/ECE527/exp/MP2/part1/part1.sdk/top_hw_platform_0/ps7_init.tcl' is done.
17:28:21 INFO  : Context for 'APU' is selected.
17:28:24 INFO  : Hardware design information is loaded from 'C:/Users/Patel/Downloads/ECE527/exp/MP2/part1/part1.sdk/top_hw_platform_0/system.hdf'.
17:28:24 INFO  : 'configparams force-mem-access 1' command is executed.
17:28:24 INFO  : Context for 'APU' is selected.
17:28:25 INFO  : 'stop' command is executed.
17:28:25 INFO  : 'ps7_init' command is executed.
17:28:25 INFO  : 'ps7_post_config' command is executed.
17:28:25 INFO  : Context for processor 'ps7_cortexa9_0' is selected.
17:28:25 INFO  : Processor reset is completed for 'ps7_cortexa9_0'.
17:28:25 INFO  : Context for processor 'ps7_cortexa9_0' is selected.
17:28:25 INFO  : The application 'C:/Users/Patel/Downloads/ECE527/exp/MP2/part1/part1.sdk/exp/Debug/exp.elf' is downloaded to processor 'ps7_cortexa9_0'.
17:28:25 INFO  : 'configparams force-mem-access 0' command is executed.
17:28:25 INFO  : ----------------XSDB Script----------------
connect -url tcp:127.0.0.1:3121
source C:/Users/Patel/Downloads/ECE527/exp/MP2/part1/part1.sdk/top_hw_platform_0/ps7_init.tcl
targets -set -nocase -filter {name =~"APU*" && jtag_cable_name =~ "Digilent Zed 210248690957"} -index 0
loadhw -hw C:/Users/Patel/Downloads/ECE527/exp/MP2/part1/part1.sdk/top_hw_platform_0/system.hdf -mem-ranges [list {0x40000000 0xbfffffff}]
configparams force-mem-access 1
targets -set -nocase -filter {name =~"APU*" && jtag_cable_name =~ "Digilent Zed 210248690957"} -index 0
stop
ps7_init
ps7_post_config
targets -set -nocase -filter {name =~ "ARM*#0" && jtag_cable_name =~ "Digilent Zed 210248690957"} -index 0
rst -processor
targets -set -nocase -filter {name =~ "ARM*#0" && jtag_cable_name =~ "Digilent Zed 210248690957"} -index 0
dow C:/Users/Patel/Downloads/ECE527/exp/MP2/part1/part1.sdk/exp/Debug/exp.elf
configparams force-mem-access 0
----------------End of Script----------------

17:28:26 INFO  : Memory regions updated for context APU
17:28:26 INFO  : Context for processor 'ps7_cortexa9_0' is selected.
17:28:26 INFO  : 'con' command is executed.
17:28:26 INFO  : ----------------XSDB Script (After Launch)----------------
targets -set -nocase -filter {name =~ "ARM*#0" && jtag_cable_name =~ "Digilent Zed 210248690957"} -index 0
con
----------------End of Script----------------

17:28:26 INFO  : Launch script is exported to file 'C:\Users\Patel\Downloads\ECE527\exp\MP2\part1\part1.sdk\.sdk\launch_scripts\xilinx_c-c++_application_(system_debugger)\system_debugger_using_debug_exp.elf_on_local.tcl'
17:32:10 INFO  : Disconnected from the channel tcfchan#10.
17:32:11 INFO  : 'targets -set -filter {jtag_cable_name =~ "Digilent Zed 210248690957" && level==0} -index 1' command is executed.
17:32:12 INFO  : 'fpga -state' command is executed.
17:32:12 INFO  : Connected to target on host '127.0.0.1' and port '3121'.
17:32:12 INFO  : Jtag cable 'Digilent Zed 210248690957' is selected.
17:32:12 INFO  : 'jtag frequency' command is executed.
17:32:12 INFO  : Sourcing of 'C:/Users/Patel/Downloads/ECE527/exp/MP2/part1/part1.sdk/top_hw_platform_0/ps7_init.tcl' is done.
17:32:12 INFO  : Context for 'APU' is selected.
17:32:15 INFO  : Hardware design information is loaded from 'C:/Users/Patel/Downloads/ECE527/exp/MP2/part1/part1.sdk/top_hw_platform_0/system.hdf'.
17:32:15 INFO  : 'configparams force-mem-access 1' command is executed.
17:32:15 INFO  : Context for 'APU' is selected.
17:32:15 INFO  : 'stop' command is executed.
17:32:16 INFO  : 'ps7_init' command is executed.
17:32:16 INFO  : 'ps7_post_config' command is executed.
17:32:16 INFO  : Context for processor 'ps7_cortexa9_0' is selected.
17:32:16 INFO  : Processor reset is completed for 'ps7_cortexa9_0'.
17:32:16 INFO  : Context for processor 'ps7_cortexa9_0' is selected.
17:32:16 INFO  : The application 'C:/Users/Patel/Downloads/ECE527/exp/MP2/part1/part1.sdk/exp/Debug/exp.elf' is downloaded to processor 'ps7_cortexa9_0'.
17:32:16 INFO  : 'configparams force-mem-access 0' command is executed.
17:32:16 INFO  : ----------------XSDB Script----------------
connect -url tcp:127.0.0.1:3121
source C:/Users/Patel/Downloads/ECE527/exp/MP2/part1/part1.sdk/top_hw_platform_0/ps7_init.tcl
targets -set -nocase -filter {name =~"APU*" && jtag_cable_name =~ "Digilent Zed 210248690957"} -index 0
loadhw -hw C:/Users/Patel/Downloads/ECE527/exp/MP2/part1/part1.sdk/top_hw_platform_0/system.hdf -mem-ranges [list {0x40000000 0xbfffffff}]
configparams force-mem-access 1
targets -set -nocase -filter {name =~"APU*" && jtag_cable_name =~ "Digilent Zed 210248690957"} -index 0
stop
ps7_init
ps7_post_config
targets -set -nocase -filter {name =~ "ARM*#0" && jtag_cable_name =~ "Digilent Zed 210248690957"} -index 0
rst -processor
targets -set -nocase -filter {name =~ "ARM*#0" && jtag_cable_name =~ "Digilent Zed 210248690957"} -index 0
dow C:/Users/Patel/Downloads/ECE527/exp/MP2/part1/part1.sdk/exp/Debug/exp.elf
configparams force-mem-access 0
----------------End of Script----------------

17:32:17 INFO  : Memory regions updated for context APU
17:32:17 INFO  : Context for processor 'ps7_cortexa9_0' is selected.
17:32:17 INFO  : 'con' command is executed.
17:32:17 INFO  : ----------------XSDB Script (After Launch)----------------
targets -set -nocase -filter {name =~ "ARM*#0" && jtag_cable_name =~ "Digilent Zed 210248690957"} -index 0
con
----------------End of Script----------------

17:32:17 INFO  : Launch script is exported to file 'C:\Users\Patel\Downloads\ECE527\exp\MP2\part1\part1.sdk\.sdk\launch_scripts\xilinx_c-c++_application_(system_debugger)\system_debugger_using_debug_exp.elf_on_local.tcl'
17:35:31 INFO  : Disconnected from the channel tcfchan#11.
