

================================================================
== Vivado HLS Report for 'conv1'
================================================================
* Date:           Thu Oct 25 15:27:57 2018

* Version:        2018.2 (Build 2258646 on Thu Jun 14 20:25:20 MDT 2018)
* Project:        lenet
* Solution:       lenet
* Product family: zynq
* Target device:  xc7z020clg484-1


================================================================
== Performance Estimates
================================================================
+ Timing (ns): 
    * Summary: 
    +--------+-------+----------+------------+
    |  Clock | Target| Estimated| Uncertainty|
    +--------+-------+----------+------------+
    |ap_clk  |  10.00|     8.750|        1.25|
    +--------+-------+----------+------------+

+ Latency (clock cycles): 
    * Summary: 
    +--------+--------+--------+--------+---------+
    |     Latency     |     Interval    | Pipeline|
    |   min  |   max  |   min  |   max  |   Type  |
    +--------+--------+--------+--------+---------+
    |  107274|  107274|  107274|  107274|   none  |
    +--------+--------+--------+--------+---------+

    + Detail: 
        * Instance: 
        +--------------------------+---------------+-------+-------+-------+-------+---------+
        |                          |               |    Latency    |    Interval   | Pipeline|
        |         Instance         |     Module    |  min  |  max  |  min  |  max  |   Type  |
        +--------------------------+---------------+-------+-------+-------+-------+---------+
        |grp_convulution1_fu_142   |convulution1   |  61278|  61278|  61278|  61278|   none  |
        |grp_maxpool_2_fu_150      |maxpool_2      |  21349|  21349|  21349|  21349|   none  |
        |grp_relu_1_fu_156         |relu_1         |  14461|  14461|  14461|  14461|   none  |
        |grp_relu_2_fu_161         |relu_2         |   3709|   3709|   3709|   3709|   none  |
        |grp_store_weights_fu_166  |store_weights  |    583|    583|    583|    583|   none  |
        |grp_store_output_fu_175   |store_output   |   4129|   4129|   4129|   4129|   none  |
        |grp_store_input_fu_183    |store_input    |   2337|   2337|   2337|   2337|   none  |
        |grp_store_bias_fu_192     |store_bias     |     19|     19|     19|     19|   none  |
        +--------------------------+---------------+-------+-------+-------+-------+---------+

        * Loop: 
        N/A



================================================================
== Utilization Estimates
================================================================
* Summary: 
+-----------------+---------+-------+--------+-------+
|       Name      | BRAM_18K| DSP48E|   FF   |  LUT  |
+-----------------+---------+-------+--------+-------+
|DSP              |        -|      -|       -|      -|
|Expression       |        -|      -|       0|      2|
|FIFO             |        -|      -|       -|      -|
|Instance         |        8|     10|    7801|   9236|
|Memory           |       24|      -|      64|      3|
|Multiplexer      |        -|      -|       -|    416|
|Register         |        -|      -|     140|      -|
+-----------------+---------+-------+--------+-------+
|Total            |       32|     10|    8005|   9657|
+-----------------+---------+-------+--------+-------+
|Available        |      280|    220|  106400|  53200|
+-----------------+---------+-------+--------+-------+
|Utilization (%)  |       11|      4|       7|     18|
+-----------------+---------+-------+--------+-------+

+ Detail: 
    * Instance: 
    +---------------------------+-------------------------+---------+-------+------+------+
    |          Instance         |          Module         | BRAM_18K| DSP48E|  FF  |  LUT |
    +---------------------------+-------------------------+---------+-------+------+------+
    |conv1_CTL_s_axi_U          |conv1_CTL_s_axi          |        0|      0|   220|   360|
    |conv1_DATA_BIAS_m_axi_U    |conv1_DATA_BIAS_m_axi    |        2|      0|   512|   580|
    |conv1_DATA_INPUT_m_axi_U   |conv1_DATA_INPUT_m_axi   |        2|      0|   512|   580|
    |conv1_DATA_OUTPUT_m_axi_U  |conv1_DATA_OUTPUT_m_axi  |        2|      0|   512|   580|
    |conv1_DATA_WEIGHT_m_axi_U  |conv1_DATA_WEIGHT_m_axi  |        2|      0|   512|   580|
    |grp_convulution1_fu_142    |convulution1             |        0|     10|  4307|  3736|
    |grp_maxpool_2_fu_150       |maxpool_2                |        0|      0|   247|   698|
    |grp_relu_1_fu_156          |relu_1                   |        0|      0|   163|   492|
    |grp_relu_2_fu_161          |relu_2                   |        0|      0|   156|   471|
    |grp_store_bias_fu_192      |store_bias               |        0|      0|    48|   106|
    |grp_store_input_fu_183     |store_input              |        0|      0|   153|   202|
    |grp_store_output_fu_175    |store_output             |        0|      0|   200|   433|
    |grp_store_weights_fu_166   |store_weights            |        0|      0|   259|   418|
    +---------------------------+-------------------------+---------+-------+------+------+
    |Total                      |                         |        8|     10|  7801|  9236|
    +---------------------------+-------------------------+---------+-------+------+------+

    * DSP48: 
    N/A

    * Memory: 
    +----------------+--------------------+---------+----+----+------+-----+------+-------------+
    |     Memory     |       Module       | BRAM_18K| FF | LUT| Words| Bits| Banks| W*Bits*Banks|
    +----------------+--------------------+---------+----+----+------+-----+------+-------------+
    |bias_oc_U       |conv1_bias_oc       |        0|  64|   3|     6|   32|     1|          192|
    |input_oc_0_U    |conv1_input_oc_0    |        2|   0|   0|  1024|   32|     1|        32768|
    |output1_oc_U    |conv1_output1_oc    |       16|   0|   0|  4704|   32|     1|       150528|
    |output2_oc_U    |conv1_output2_oc    |        4|   0|   0|  1176|   32|     1|        37632|
    |weights_oc_0_U  |conv1_weights_oc_0  |        2|   0|   0|   150|   32|     1|         4800|
    +----------------+--------------------+---------+----+----+------+-----+------+-------------+
    |Total           |                    |       24|  64|   3|  7060|  160|     5|       225920|
    +----------------+--------------------+---------+----+----+------+-----+------+-------------+

    * FIFO: 
    N/A

    * Expression: 
    +---------------------------------+----------+-------+---+----+------------+------------+
    |          Variable Name          | Operation| DSP48E| FF| LUT| Bitwidth P0| Bitwidth P1|
    +---------------------------------+----------+-------+---+----+------------+------------+
    |ap_block_state2_on_subcall_done  |    or    |      0|  0|   2|           1|           1|
    +---------------------------------+----------+-------+---+----+------------+------------+
    |Total                            |          |      0|  0|   2|           1|           1|
    +---------------------------------+----------+-------+---+----+------------+------------+

    * Multiplexer: 
    +-----------------------+----+-----------+-----+-----------+
    |          Name         | LUT| Input Size| Bits| Total Bits|
    +-----------------------+----+-----------+-----+-----------+
    |DATA_BIAS_ARVALID      |   9|          2|    1|          2|
    |DATA_BIAS_RREADY       |   9|          2|    1|          2|
    |DATA_INPUT_ARVALID     |   9|          2|    1|          2|
    |DATA_INPUT_RREADY      |   9|          2|    1|          2|
    |DATA_OUTPUT_AWVALID    |   9|          2|    1|          2|
    |DATA_OUTPUT_BREADY     |   9|          2|    1|          2|
    |DATA_OUTPUT_WVALID     |   9|          2|    1|          2|
    |DATA_WEIGHT_ARVALID    |   9|          2|    1|          2|
    |DATA_WEIGHT_RREADY     |   9|          2|    1|          2|
    |ap_NS_fsm              |  56|         13|    1|         13|
    |bias_oc_address0       |  15|          3|    3|          9|
    |bias_oc_ce0            |  15|          3|    1|          3|
    |bias_oc_we0            |   9|          2|    1|          2|
    |input_oc_0_address0    |  15|          3|   10|         30|
    |input_oc_0_ce0         |  15|          3|    1|          3|
    |input_oc_0_ce1         |   9|          2|    1|          2|
    |input_oc_0_we0         |   9|          2|    1|          2|
    |output1_oc_address0    |  21|          4|   13|         52|
    |output1_oc_ce0         |  21|          4|    1|          4|
    |output1_oc_d0          |  15|          3|   32|         96|
    |output1_oc_we0         |  15|          3|    1|          3|
    |output2_oc_address0    |  21|          4|   11|         44|
    |output2_oc_ce0         |  21|          4|    1|          4|
    |output2_oc_d0          |  15|          3|   32|         96|
    |output2_oc_we0         |  15|          3|    1|          3|
    |weights_oc_0_address0  |  15|          3|    8|         24|
    |weights_oc_0_ce0       |  15|          3|    1|          3|
    |weights_oc_0_ce1       |   9|          2|    1|          2|
    |weights_oc_0_we0       |   9|          2|    1|          2|
    +-----------------------+----+-----------+-----+-----------+
    |Total                  | 416|         87|  131|        415|
    +-----------------------+----+-----------+-----+-----------+

    * Register: 
    +---------------------------------------+----+----+-----+-----------+
    |                  Name                 | FF | LUT| Bits| Const Bits|
    +---------------------------------------+----+----+-----+-----------+
    |ap_CS_fsm                              |  12|   0|   12|          0|
    |bias5_reg_249                          |  30|   0|   30|          0|
    |grp_convulution1_fu_142_ap_start_reg   |   1|   0|    1|          0|
    |grp_maxpool_2_fu_150_ap_start_reg      |   1|   0|    1|          0|
    |grp_relu_1_fu_156_ap_start_reg         |   1|   0|    1|          0|
    |grp_relu_2_fu_161_ap_start_reg         |   1|   0|    1|          0|
    |grp_store_bias_fu_192_ap_start_reg     |   1|   0|    1|          0|
    |grp_store_input_fu_183_ap_start_reg    |   1|   0|    1|          0|
    |grp_store_output_fu_175_ap_start_reg   |   1|   0|    1|          0|
    |grp_store_weights_fu_166_ap_start_reg  |   1|   0|    1|          0|
    |input1_reg_259                         |  30|   0|   30|          0|
    |output7_reg_244                        |  30|   0|   30|          0|
    |weights3_reg_254                       |  30|   0|   30|          0|
    +---------------------------------------+----+----+-----+-----------+
    |Total                                  | 140|   0|  140|          0|
    +---------------------------------------+----+----+-----+-----------+



================================================================
== Interface
================================================================
* Summary: 
+----------------------------+-----+-----+------------+--------------+--------------+
|          RTL Ports         | Dir | Bits|  Protocol  | Source Object|    C Type    |
+----------------------------+-----+-----+------------+--------------+--------------+
|s_axi_CTL_AWVALID           |  in |    1|    s_axi   |      CTL     |    scalar    |
|s_axi_CTL_AWREADY           | out |    1|    s_axi   |      CTL     |    scalar    |
|s_axi_CTL_AWADDR            |  in |    6|    s_axi   |      CTL     |    scalar    |
|s_axi_CTL_WVALID            |  in |    1|    s_axi   |      CTL     |    scalar    |
|s_axi_CTL_WREADY            | out |    1|    s_axi   |      CTL     |    scalar    |
|s_axi_CTL_WDATA             |  in |   32|    s_axi   |      CTL     |    scalar    |
|s_axi_CTL_WSTRB             |  in |    4|    s_axi   |      CTL     |    scalar    |
|s_axi_CTL_ARVALID           |  in |    1|    s_axi   |      CTL     |    scalar    |
|s_axi_CTL_ARREADY           | out |    1|    s_axi   |      CTL     |    scalar    |
|s_axi_CTL_ARADDR            |  in |    6|    s_axi   |      CTL     |    scalar    |
|s_axi_CTL_RVALID            | out |    1|    s_axi   |      CTL     |    scalar    |
|s_axi_CTL_RREADY            |  in |    1|    s_axi   |      CTL     |    scalar    |
|s_axi_CTL_RDATA             | out |   32|    s_axi   |      CTL     |    scalar    |
|s_axi_CTL_RRESP             | out |    2|    s_axi   |      CTL     |    scalar    |
|s_axi_CTL_BVALID            | out |    1|    s_axi   |      CTL     |    scalar    |
|s_axi_CTL_BREADY            |  in |    1|    s_axi   |      CTL     |    scalar    |
|s_axi_CTL_BRESP             | out |    2|    s_axi   |      CTL     |    scalar    |
|ap_clk                      |  in |    1| ap_ctrl_hs |     conv1    | return value |
|ap_rst_n                    |  in |    1| ap_ctrl_hs |     conv1    | return value |
|interrupt                   | out |    1| ap_ctrl_hs |     conv1    | return value |
|m_axi_DATA_INPUT_AWVALID    | out |    1|    m_axi   |  DATA_INPUT  |    pointer   |
|m_axi_DATA_INPUT_AWREADY    |  in |    1|    m_axi   |  DATA_INPUT  |    pointer   |
|m_axi_DATA_INPUT_AWADDR     | out |   32|    m_axi   |  DATA_INPUT  |    pointer   |
|m_axi_DATA_INPUT_AWID       | out |    1|    m_axi   |  DATA_INPUT  |    pointer   |
|m_axi_DATA_INPUT_AWLEN      | out |    8|    m_axi   |  DATA_INPUT  |    pointer   |
|m_axi_DATA_INPUT_AWSIZE     | out |    3|    m_axi   |  DATA_INPUT  |    pointer   |
|m_axi_DATA_INPUT_AWBURST    | out |    2|    m_axi   |  DATA_INPUT  |    pointer   |
|m_axi_DATA_INPUT_AWLOCK     | out |    2|    m_axi   |  DATA_INPUT  |    pointer   |
|m_axi_DATA_INPUT_AWCACHE    | out |    4|    m_axi   |  DATA_INPUT  |    pointer   |
|m_axi_DATA_INPUT_AWPROT     | out |    3|    m_axi   |  DATA_INPUT  |    pointer   |
|m_axi_DATA_INPUT_AWQOS      | out |    4|    m_axi   |  DATA_INPUT  |    pointer   |
|m_axi_DATA_INPUT_AWREGION   | out |    4|    m_axi   |  DATA_INPUT  |    pointer   |
|m_axi_DATA_INPUT_AWUSER     | out |    1|    m_axi   |  DATA_INPUT  |    pointer   |
|m_axi_DATA_INPUT_WVALID     | out |    1|    m_axi   |  DATA_INPUT  |    pointer   |
|m_axi_DATA_INPUT_WREADY     |  in |    1|    m_axi   |  DATA_INPUT  |    pointer   |
|m_axi_DATA_INPUT_WDATA      | out |   32|    m_axi   |  DATA_INPUT  |    pointer   |
|m_axi_DATA_INPUT_WSTRB      | out |    4|    m_axi   |  DATA_INPUT  |    pointer   |
|m_axi_DATA_INPUT_WLAST      | out |    1|    m_axi   |  DATA_INPUT  |    pointer   |
|m_axi_DATA_INPUT_WID        | out |    1|    m_axi   |  DATA_INPUT  |    pointer   |
|m_axi_DATA_INPUT_WUSER      | out |    1|    m_axi   |  DATA_INPUT  |    pointer   |
|m_axi_DATA_INPUT_ARVALID    | out |    1|    m_axi   |  DATA_INPUT  |    pointer   |
|m_axi_DATA_INPUT_ARREADY    |  in |    1|    m_axi   |  DATA_INPUT  |    pointer   |
|m_axi_DATA_INPUT_ARADDR     | out |   32|    m_axi   |  DATA_INPUT  |    pointer   |
|m_axi_DATA_INPUT_ARID       | out |    1|    m_axi   |  DATA_INPUT  |    pointer   |
|m_axi_DATA_INPUT_ARLEN      | out |    8|    m_axi   |  DATA_INPUT  |    pointer   |
|m_axi_DATA_INPUT_ARSIZE     | out |    3|    m_axi   |  DATA_INPUT  |    pointer   |
|m_axi_DATA_INPUT_ARBURST    | out |    2|    m_axi   |  DATA_INPUT  |    pointer   |
|m_axi_DATA_INPUT_ARLOCK     | out |    2|    m_axi   |  DATA_INPUT  |    pointer   |
|m_axi_DATA_INPUT_ARCACHE    | out |    4|    m_axi   |  DATA_INPUT  |    pointer   |
|m_axi_DATA_INPUT_ARPROT     | out |    3|    m_axi   |  DATA_INPUT  |    pointer   |
|m_axi_DATA_INPUT_ARQOS      | out |    4|    m_axi   |  DATA_INPUT  |    pointer   |
|m_axi_DATA_INPUT_ARREGION   | out |    4|    m_axi   |  DATA_INPUT  |    pointer   |
|m_axi_DATA_INPUT_ARUSER     | out |    1|    m_axi   |  DATA_INPUT  |    pointer   |
|m_axi_DATA_INPUT_RVALID     |  in |    1|    m_axi   |  DATA_INPUT  |    pointer   |
|m_axi_DATA_INPUT_RREADY     | out |    1|    m_axi   |  DATA_INPUT  |    pointer   |
|m_axi_DATA_INPUT_RDATA      |  in |   32|    m_axi   |  DATA_INPUT  |    pointer   |
|m_axi_DATA_INPUT_RLAST      |  in |    1|    m_axi   |  DATA_INPUT  |    pointer   |
|m_axi_DATA_INPUT_RID        |  in |    1|    m_axi   |  DATA_INPUT  |    pointer   |
|m_axi_DATA_INPUT_RUSER      |  in |    1|    m_axi   |  DATA_INPUT  |    pointer   |
|m_axi_DATA_INPUT_RRESP      |  in |    2|    m_axi   |  DATA_INPUT  |    pointer   |
|m_axi_DATA_INPUT_BVALID     |  in |    1|    m_axi   |  DATA_INPUT  |    pointer   |
|m_axi_DATA_INPUT_BREADY     | out |    1|    m_axi   |  DATA_INPUT  |    pointer   |
|m_axi_DATA_INPUT_BRESP      |  in |    2|    m_axi   |  DATA_INPUT  |    pointer   |
|m_axi_DATA_INPUT_BID        |  in |    1|    m_axi   |  DATA_INPUT  |    pointer   |
|m_axi_DATA_INPUT_BUSER      |  in |    1|    m_axi   |  DATA_INPUT  |    pointer   |
|m_axi_DATA_WEIGHT_AWVALID   | out |    1|    m_axi   |  DATA_WEIGHT |    pointer   |
|m_axi_DATA_WEIGHT_AWREADY   |  in |    1|    m_axi   |  DATA_WEIGHT |    pointer   |
|m_axi_DATA_WEIGHT_AWADDR    | out |   32|    m_axi   |  DATA_WEIGHT |    pointer   |
|m_axi_DATA_WEIGHT_AWID      | out |    1|    m_axi   |  DATA_WEIGHT |    pointer   |
|m_axi_DATA_WEIGHT_AWLEN     | out |    8|    m_axi   |  DATA_WEIGHT |    pointer   |
|m_axi_DATA_WEIGHT_AWSIZE    | out |    3|    m_axi   |  DATA_WEIGHT |    pointer   |
|m_axi_DATA_WEIGHT_AWBURST   | out |    2|    m_axi   |  DATA_WEIGHT |    pointer   |
|m_axi_DATA_WEIGHT_AWLOCK    | out |    2|    m_axi   |  DATA_WEIGHT |    pointer   |
|m_axi_DATA_WEIGHT_AWCACHE   | out |    4|    m_axi   |  DATA_WEIGHT |    pointer   |
|m_axi_DATA_WEIGHT_AWPROT    | out |    3|    m_axi   |  DATA_WEIGHT |    pointer   |
|m_axi_DATA_WEIGHT_AWQOS     | out |    4|    m_axi   |  DATA_WEIGHT |    pointer   |
|m_axi_DATA_WEIGHT_AWREGION  | out |    4|    m_axi   |  DATA_WEIGHT |    pointer   |
|m_axi_DATA_WEIGHT_AWUSER    | out |    1|    m_axi   |  DATA_WEIGHT |    pointer   |
|m_axi_DATA_WEIGHT_WVALID    | out |    1|    m_axi   |  DATA_WEIGHT |    pointer   |
|m_axi_DATA_WEIGHT_WREADY    |  in |    1|    m_axi   |  DATA_WEIGHT |    pointer   |
|m_axi_DATA_WEIGHT_WDATA     | out |   32|    m_axi   |  DATA_WEIGHT |    pointer   |
|m_axi_DATA_WEIGHT_WSTRB     | out |    4|    m_axi   |  DATA_WEIGHT |    pointer   |
|m_axi_DATA_WEIGHT_WLAST     | out |    1|    m_axi   |  DATA_WEIGHT |    pointer   |
|m_axi_DATA_WEIGHT_WID       | out |    1|    m_axi   |  DATA_WEIGHT |    pointer   |
|m_axi_DATA_WEIGHT_WUSER     | out |    1|    m_axi   |  DATA_WEIGHT |    pointer   |
|m_axi_DATA_WEIGHT_ARVALID   | out |    1|    m_axi   |  DATA_WEIGHT |    pointer   |
|m_axi_DATA_WEIGHT_ARREADY   |  in |    1|    m_axi   |  DATA_WEIGHT |    pointer   |
|m_axi_DATA_WEIGHT_ARADDR    | out |   32|    m_axi   |  DATA_WEIGHT |    pointer   |
|m_axi_DATA_WEIGHT_ARID      | out |    1|    m_axi   |  DATA_WEIGHT |    pointer   |
|m_axi_DATA_WEIGHT_ARLEN     | out |    8|    m_axi   |  DATA_WEIGHT |    pointer   |
|m_axi_DATA_WEIGHT_ARSIZE    | out |    3|    m_axi   |  DATA_WEIGHT |    pointer   |
|m_axi_DATA_WEIGHT_ARBURST   | out |    2|    m_axi   |  DATA_WEIGHT |    pointer   |
|m_axi_DATA_WEIGHT_ARLOCK    | out |    2|    m_axi   |  DATA_WEIGHT |    pointer   |
|m_axi_DATA_WEIGHT_ARCACHE   | out |    4|    m_axi   |  DATA_WEIGHT |    pointer   |
|m_axi_DATA_WEIGHT_ARPROT    | out |    3|    m_axi   |  DATA_WEIGHT |    pointer   |
|m_axi_DATA_WEIGHT_ARQOS     | out |    4|    m_axi   |  DATA_WEIGHT |    pointer   |
|m_axi_DATA_WEIGHT_ARREGION  | out |    4|    m_axi   |  DATA_WEIGHT |    pointer   |
|m_axi_DATA_WEIGHT_ARUSER    | out |    1|    m_axi   |  DATA_WEIGHT |    pointer   |
|m_axi_DATA_WEIGHT_RVALID    |  in |    1|    m_axi   |  DATA_WEIGHT |    pointer   |
|m_axi_DATA_WEIGHT_RREADY    | out |    1|    m_axi   |  DATA_WEIGHT |    pointer   |
|m_axi_DATA_WEIGHT_RDATA     |  in |   32|    m_axi   |  DATA_WEIGHT |    pointer   |
|m_axi_DATA_WEIGHT_RLAST     |  in |    1|    m_axi   |  DATA_WEIGHT |    pointer   |
|m_axi_DATA_WEIGHT_RID       |  in |    1|    m_axi   |  DATA_WEIGHT |    pointer   |
|m_axi_DATA_WEIGHT_RUSER     |  in |    1|    m_axi   |  DATA_WEIGHT |    pointer   |
|m_axi_DATA_WEIGHT_RRESP     |  in |    2|    m_axi   |  DATA_WEIGHT |    pointer   |
|m_axi_DATA_WEIGHT_BVALID    |  in |    1|    m_axi   |  DATA_WEIGHT |    pointer   |
|m_axi_DATA_WEIGHT_BREADY    | out |    1|    m_axi   |  DATA_WEIGHT |    pointer   |
|m_axi_DATA_WEIGHT_BRESP     |  in |    2|    m_axi   |  DATA_WEIGHT |    pointer   |
|m_axi_DATA_WEIGHT_BID       |  in |    1|    m_axi   |  DATA_WEIGHT |    pointer   |
|m_axi_DATA_WEIGHT_BUSER     |  in |    1|    m_axi   |  DATA_WEIGHT |    pointer   |
|m_axi_DATA_BIAS_AWVALID     | out |    1|    m_axi   |   DATA_BIAS  |    pointer   |
|m_axi_DATA_BIAS_AWREADY     |  in |    1|    m_axi   |   DATA_BIAS  |    pointer   |
|m_axi_DATA_BIAS_AWADDR      | out |   32|    m_axi   |   DATA_BIAS  |    pointer   |
|m_axi_DATA_BIAS_AWID        | out |    1|    m_axi   |   DATA_BIAS  |    pointer   |
|m_axi_DATA_BIAS_AWLEN       | out |    8|    m_axi   |   DATA_BIAS  |    pointer   |
|m_axi_DATA_BIAS_AWSIZE      | out |    3|    m_axi   |   DATA_BIAS  |    pointer   |
|m_axi_DATA_BIAS_AWBURST     | out |    2|    m_axi   |   DATA_BIAS  |    pointer   |
|m_axi_DATA_BIAS_AWLOCK      | out |    2|    m_axi   |   DATA_BIAS  |    pointer   |
|m_axi_DATA_BIAS_AWCACHE     | out |    4|    m_axi   |   DATA_BIAS  |    pointer   |
|m_axi_DATA_BIAS_AWPROT      | out |    3|    m_axi   |   DATA_BIAS  |    pointer   |
|m_axi_DATA_BIAS_AWQOS       | out |    4|    m_axi   |   DATA_BIAS  |    pointer   |
|m_axi_DATA_BIAS_AWREGION    | out |    4|    m_axi   |   DATA_BIAS  |    pointer   |
|m_axi_DATA_BIAS_AWUSER      | out |    1|    m_axi   |   DATA_BIAS  |    pointer   |
|m_axi_DATA_BIAS_WVALID      | out |    1|    m_axi   |   DATA_BIAS  |    pointer   |
|m_axi_DATA_BIAS_WREADY      |  in |    1|    m_axi   |   DATA_BIAS  |    pointer   |
|m_axi_DATA_BIAS_WDATA       | out |   32|    m_axi   |   DATA_BIAS  |    pointer   |
|m_axi_DATA_BIAS_WSTRB       | out |    4|    m_axi   |   DATA_BIAS  |    pointer   |
|m_axi_DATA_BIAS_WLAST       | out |    1|    m_axi   |   DATA_BIAS  |    pointer   |
|m_axi_DATA_BIAS_WID         | out |    1|    m_axi   |   DATA_BIAS  |    pointer   |
|m_axi_DATA_BIAS_WUSER       | out |    1|    m_axi   |   DATA_BIAS  |    pointer   |
|m_axi_DATA_BIAS_ARVALID     | out |    1|    m_axi   |   DATA_BIAS  |    pointer   |
|m_axi_DATA_BIAS_ARREADY     |  in |    1|    m_axi   |   DATA_BIAS  |    pointer   |
|m_axi_DATA_BIAS_ARADDR      | out |   32|    m_axi   |   DATA_BIAS  |    pointer   |
|m_axi_DATA_BIAS_ARID        | out |    1|    m_axi   |   DATA_BIAS  |    pointer   |
|m_axi_DATA_BIAS_ARLEN       | out |    8|    m_axi   |   DATA_BIAS  |    pointer   |
|m_axi_DATA_BIAS_ARSIZE      | out |    3|    m_axi   |   DATA_BIAS  |    pointer   |
|m_axi_DATA_BIAS_ARBURST     | out |    2|    m_axi   |   DATA_BIAS  |    pointer   |
|m_axi_DATA_BIAS_ARLOCK      | out |    2|    m_axi   |   DATA_BIAS  |    pointer   |
|m_axi_DATA_BIAS_ARCACHE     | out |    4|    m_axi   |   DATA_BIAS  |    pointer   |
|m_axi_DATA_BIAS_ARPROT      | out |    3|    m_axi   |   DATA_BIAS  |    pointer   |
|m_axi_DATA_BIAS_ARQOS       | out |    4|    m_axi   |   DATA_BIAS  |    pointer   |
|m_axi_DATA_BIAS_ARREGION    | out |    4|    m_axi   |   DATA_BIAS  |    pointer   |
|m_axi_DATA_BIAS_ARUSER      | out |    1|    m_axi   |   DATA_BIAS  |    pointer   |
|m_axi_DATA_BIAS_RVALID      |  in |    1|    m_axi   |   DATA_BIAS  |    pointer   |
|m_axi_DATA_BIAS_RREADY      | out |    1|    m_axi   |   DATA_BIAS  |    pointer   |
|m_axi_DATA_BIAS_RDATA       |  in |   32|    m_axi   |   DATA_BIAS  |    pointer   |
|m_axi_DATA_BIAS_RLAST       |  in |    1|    m_axi   |   DATA_BIAS  |    pointer   |
|m_axi_DATA_BIAS_RID         |  in |    1|    m_axi   |   DATA_BIAS  |    pointer   |
|m_axi_DATA_BIAS_RUSER       |  in |    1|    m_axi   |   DATA_BIAS  |    pointer   |
|m_axi_DATA_BIAS_RRESP       |  in |    2|    m_axi   |   DATA_BIAS  |    pointer   |
|m_axi_DATA_BIAS_BVALID      |  in |    1|    m_axi   |   DATA_BIAS  |    pointer   |
|m_axi_DATA_BIAS_BREADY      | out |    1|    m_axi   |   DATA_BIAS  |    pointer   |
|m_axi_DATA_BIAS_BRESP       |  in |    2|    m_axi   |   DATA_BIAS  |    pointer   |
|m_axi_DATA_BIAS_BID         |  in |    1|    m_axi   |   DATA_BIAS  |    pointer   |
|m_axi_DATA_BIAS_BUSER       |  in |    1|    m_axi   |   DATA_BIAS  |    pointer   |
|m_axi_DATA_OUTPUT_AWVALID   | out |    1|    m_axi   |  DATA_OUTPUT |    pointer   |
|m_axi_DATA_OUTPUT_AWREADY   |  in |    1|    m_axi   |  DATA_OUTPUT |    pointer   |
|m_axi_DATA_OUTPUT_AWADDR    | out |   32|    m_axi   |  DATA_OUTPUT |    pointer   |
|m_axi_DATA_OUTPUT_AWID      | out |    1|    m_axi   |  DATA_OUTPUT |    pointer   |
|m_axi_DATA_OUTPUT_AWLEN     | out |    8|    m_axi   |  DATA_OUTPUT |    pointer   |
|m_axi_DATA_OUTPUT_AWSIZE    | out |    3|    m_axi   |  DATA_OUTPUT |    pointer   |
|m_axi_DATA_OUTPUT_AWBURST   | out |    2|    m_axi   |  DATA_OUTPUT |    pointer   |
|m_axi_DATA_OUTPUT_AWLOCK    | out |    2|    m_axi   |  DATA_OUTPUT |    pointer   |
|m_axi_DATA_OUTPUT_AWCACHE   | out |    4|    m_axi   |  DATA_OUTPUT |    pointer   |
|m_axi_DATA_OUTPUT_AWPROT    | out |    3|    m_axi   |  DATA_OUTPUT |    pointer   |
|m_axi_DATA_OUTPUT_AWQOS     | out |    4|    m_axi   |  DATA_OUTPUT |    pointer   |
|m_axi_DATA_OUTPUT_AWREGION  | out |    4|    m_axi   |  DATA_OUTPUT |    pointer   |
|m_axi_DATA_OUTPUT_AWUSER    | out |    1|    m_axi   |  DATA_OUTPUT |    pointer   |
|m_axi_DATA_OUTPUT_WVALID    | out |    1|    m_axi   |  DATA_OUTPUT |    pointer   |
|m_axi_DATA_OUTPUT_WREADY    |  in |    1|    m_axi   |  DATA_OUTPUT |    pointer   |
|m_axi_DATA_OUTPUT_WDATA     | out |   32|    m_axi   |  DATA_OUTPUT |    pointer   |
|m_axi_DATA_OUTPUT_WSTRB     | out |    4|    m_axi   |  DATA_OUTPUT |    pointer   |
|m_axi_DATA_OUTPUT_WLAST     | out |    1|    m_axi   |  DATA_OUTPUT |    pointer   |
|m_axi_DATA_OUTPUT_WID       | out |    1|    m_axi   |  DATA_OUTPUT |    pointer   |
|m_axi_DATA_OUTPUT_WUSER     | out |    1|    m_axi   |  DATA_OUTPUT |    pointer   |
|m_axi_DATA_OUTPUT_ARVALID   | out |    1|    m_axi   |  DATA_OUTPUT |    pointer   |
|m_axi_DATA_OUTPUT_ARREADY   |  in |    1|    m_axi   |  DATA_OUTPUT |    pointer   |
|m_axi_DATA_OUTPUT_ARADDR    | out |   32|    m_axi   |  DATA_OUTPUT |    pointer   |
|m_axi_DATA_OUTPUT_ARID      | out |    1|    m_axi   |  DATA_OUTPUT |    pointer   |
|m_axi_DATA_OUTPUT_ARLEN     | out |    8|    m_axi   |  DATA_OUTPUT |    pointer   |
|m_axi_DATA_OUTPUT_ARSIZE    | out |    3|    m_axi   |  DATA_OUTPUT |    pointer   |
|m_axi_DATA_OUTPUT_ARBURST   | out |    2|    m_axi   |  DATA_OUTPUT |    pointer   |
|m_axi_DATA_OUTPUT_ARLOCK    | out |    2|    m_axi   |  DATA_OUTPUT |    pointer   |
|m_axi_DATA_OUTPUT_ARCACHE   | out |    4|    m_axi   |  DATA_OUTPUT |    pointer   |
|m_axi_DATA_OUTPUT_ARPROT    | out |    3|    m_axi   |  DATA_OUTPUT |    pointer   |
|m_axi_DATA_OUTPUT_ARQOS     | out |    4|    m_axi   |  DATA_OUTPUT |    pointer   |
|m_axi_DATA_OUTPUT_ARREGION  | out |    4|    m_axi   |  DATA_OUTPUT |    pointer   |
|m_axi_DATA_OUTPUT_ARUSER    | out |    1|    m_axi   |  DATA_OUTPUT |    pointer   |
|m_axi_DATA_OUTPUT_RVALID    |  in |    1|    m_axi   |  DATA_OUTPUT |    pointer   |
|m_axi_DATA_OUTPUT_RREADY    | out |    1|    m_axi   |  DATA_OUTPUT |    pointer   |
|m_axi_DATA_OUTPUT_RDATA     |  in |   32|    m_axi   |  DATA_OUTPUT |    pointer   |
|m_axi_DATA_OUTPUT_RLAST     |  in |    1|    m_axi   |  DATA_OUTPUT |    pointer   |
|m_axi_DATA_OUTPUT_RID       |  in |    1|    m_axi   |  DATA_OUTPUT |    pointer   |
|m_axi_DATA_OUTPUT_RUSER     |  in |    1|    m_axi   |  DATA_OUTPUT |    pointer   |
|m_axi_DATA_OUTPUT_RRESP     |  in |    2|    m_axi   |  DATA_OUTPUT |    pointer   |
|m_axi_DATA_OUTPUT_BVALID    |  in |    1|    m_axi   |  DATA_OUTPUT |    pointer   |
|m_axi_DATA_OUTPUT_BREADY    | out |    1|    m_axi   |  DATA_OUTPUT |    pointer   |
|m_axi_DATA_OUTPUT_BRESP     |  in |    2|    m_axi   |  DATA_OUTPUT |    pointer   |
|m_axi_DATA_OUTPUT_BID       |  in |    1|    m_axi   |  DATA_OUTPUT |    pointer   |
|m_axi_DATA_OUTPUT_BUSER     |  in |    1|    m_axi   |  DATA_OUTPUT |    pointer   |
+----------------------------+-----+-----+------------+--------------+--------------+

