

================================================================
== Vivado HLS Report for 'convolution_5'
================================================================
* Date:           Wed Nov  7 21:46:08 2018

* Version:        2018.2 (Build 2258646 on Thu Jun 14 20:25:20 MDT 2018)
* Project:        lenet
* Solution:       lenet
* Product family: zynq
* Target device:  xc7z020clg484-1


================================================================
== Performance Estimates
================================================================
+ Timing (ns): 
    * Summary: 
    +--------+-------+----------+------------+
    |  Clock | Target| Estimated| Uncertainty|
    +--------+-------+----------+------------+
    |ap_clk  |  10.00|     9.043|        1.25|
    +--------+-------+----------+------------+

+ Latency (clock cycles): 
    * Summary: 
    +-------+--------+-------+--------+---------+
    |     Latency    |    Interval    | Pipeline|
    |  min  |   max  |  min  |   max  |   Type  |
    +-------+--------+-------+--------+---------+
    |  58441|  295441|  58441|  295441|   none  |
    +-------+--------+-------+--------+---------+

    + Detail: 
        * Instance: 
        N/A

        * Loop: 
        +-----------------+-------+--------+------------+-----------+-----------+------+----------+
        |                 |     Latency    |  Iteration |  Initiation Interval  | Trip |          |
        |    Loop Name    |  min  |   max  |   Latency  |  achieved |   target  | Count| Pipelined|
        +-----------------+-------+--------+------------+-----------+-----------+------+----------+
        |- Loop 1         |  58440|  295440| 487 ~ 2462 |          -|          -|   120|    no    |
        | + Loop 1.1      |    485|    2460|  97 ~ 492  |          -|          -|     5|    no    |
        |  ++ Loop 1.1.1  |     95|     490|   19 ~ 98  |          -|          -|     5|    no    |
        +-----------------+-------+--------+------------+-----------+-----------+------+----------+



================================================================
== Utilization Estimates
================================================================
* Summary: 
+-----------------+---------+-------+--------+-------+
|       Name      | BRAM_18K| DSP48E|   FF   |  LUT  |
+-----------------+---------+-------+--------+-------+
|DSP              |        -|      -|       -|      -|
|Expression       |        -|      -|       0|   1152|
|FIFO             |        -|      -|       -|      -|
|Instance         |        -|     10|     696|   1422|
|Memory           |        -|      -|       -|      -|
|Multiplexer      |        -|      -|       -|   1226|
|Register         |        -|      -|    3310|      -|
+-----------------+---------+-------+--------+-------+
|Total            |        0|     10|    4006|   3800|
+-----------------+---------+-------+--------+-------+
|Available        |      280|    220|  106400|  53200|
+-----------------+---------+-------+--------+-------+
|Utilization (%)  |        0|      4|       3|      7|
+-----------------+---------+-------+--------+-------+

+ Detail: 
    * Instance: 
    +--------------------------+----------------------+---------+-------+-----+-----+
    |         Instance         |        Module        | BRAM_18K| DSP48E|  FF | LUT |
    +--------------------------+----------------------+---------+-------+-----+-----+
    |conv1_fadd_32ns_3bkb_U59  |conv1_fadd_32ns_3bkb  |        0|      2|  205|  390|
    |conv1_fadd_32ns_3bkb_U60  |conv1_fadd_32ns_3bkb  |        0|      2|  205|  390|
    |conv1_fmul_32ns_3cud_U61  |conv1_fmul_32ns_3cud  |        0|      3|  143|  321|
    |conv1_fmul_32ns_3cud_U62  |conv1_fmul_32ns_3cud  |        0|      3|  143|  321|
    +--------------------------+----------------------+---------+-------+-----+-----+
    |Total                     |                      |        0|     10|  696| 1422|
    +--------------------------+----------------------+---------+-------+-----+-----+

    * DSP48: 
    N/A

    * Memory: 
    N/A

    * FIFO: 
    N/A

    * Expression: 
    +----------------------+----------+-------+---+----+------------+------------+
    |     Variable Name    | Operation| DSP48E| FF| LUT| Bitwidth P0| Bitwidth P1|
    +----------------------+----------+-------+---+----+------------+------------+
    |co_2_fu_991_p2        |     +    |      0|  0|  15|           7|           1|
    |j_10_fu_1226_p2       |     +    |      0|  0|  12|           3|           1|
    |m_fu_1031_p2          |     +    |      0|  0|  12|           3|           1|
    |tmp_128_fu_1019_p2    |     +    |      0|  0|  14|          10|          10|
    |tmp_130_fu_1057_p2    |     +    |      0|  0|  15|           6|           6|
    |tmp_131_fu_1075_p2    |     +    |      0|  0|  15|           6|           5|
    |tmp_132_fu_1085_p2    |     +    |      0|  0|  15|           7|           6|
    |tmp_133_fu_1091_p2    |     +    |      0|  0|  15|           7|           7|
    |tmp_134_fu_1097_p2    |     +    |      0|  0|  15|           8|           7|
    |tmp_135_fu_1103_p2    |     +    |      0|  0|  15|           8|           7|
    |tmp_136_fu_1109_p2    |     +    |      0|  0|  15|           8|           8|
    |tmp_137_fu_1115_p2    |     +    |      0|  0|  15|           8|           8|
    |tmp_138_fu_1139_p2    |     +    |      0|  0|  14|          10|          10|
    |tmp_139_fu_1145_p2    |     +    |      0|  0|  15|           9|           8|
    |tmp_140_fu_1151_p2    |     +    |      0|  0|  15|           9|           8|
    |tmp_141_fu_1157_p2    |     +    |      0|  0|  15|           9|           9|
    |tmp_142_fu_1163_p2    |     +    |      0|  0|  15|           9|           9|
    |tmp_143_fu_1169_p2    |     +    |      0|  0|  15|           9|           9|
    |tmp_144_fu_1175_p2    |     +    |      0|  0|  15|           9|           9|
    |tmp_145_fu_1181_p2    |     +    |      0|  0|  15|           9|           9|
    |tmp_146_fu_1187_p2    |     +    |      0|  0|  14|          10|          10|
    |tmp_147_fu_1208_p2    |     +    |      0|  0|  17|          13|          13|
    |tmp_148_fu_1268_p2    |     +    |      0|  0|  15|           6|           6|
    |tmp_149_fu_1278_p2    |     +    |      0|  0|  15|           7|           7|
    |tmp_150_fu_1288_p2    |     +    |      0|  0|  15|           7|           7|
    |tmp_151_fu_1293_p2    |     +    |      0|  0|  15|           7|           7|
    |tmp_152_fu_1298_p2    |     +    |      0|  0|  15|           8|           8|
    |tmp_153_fu_1303_p2    |     +    |      0|  0|  15|           8|           8|
    |tmp_154_fu_1308_p2    |     +    |      0|  0|  15|           8|           8|
    |tmp_155_fu_1313_p2    |     +    |      0|  0|  15|           8|           8|
    |tmp_156_fu_1318_p2    |     +    |      0|  0|  14|          10|          10|
    |tmp_157_fu_1323_p2    |     +    |      0|  0|  15|           9|           9|
    |tmp_158_fu_1328_p2    |     +    |      0|  0|  15|           9|           9|
    |tmp_159_fu_1333_p2    |     +    |      0|  0|  15|           9|           9|
    |tmp_160_fu_1338_p2    |     +    |      0|  0|  15|           9|           9|
    |tmp_161_fu_1343_p2    |     +    |      0|  0|  15|           9|           9|
    |tmp_162_fu_1348_p2    |     +    |      0|  0|  15|           9|           9|
    |tmp_163_fu_1353_p2    |     +    |      0|  0|  15|           9|           9|
    |tmp_164_fu_1358_p2    |     +    |      0|  0|  17|          13|          13|
    |or_cond3_fu_1375_p2   |    and   |      0|  0|   2|           1|           1|
    |exitcond1_fu_1025_p2  |   icmp   |      0|  0|   9|           3|           3|
    |exitcond2_fu_985_p2   |   icmp   |      0|  0|  11|           7|           5|
    |exitcond_fu_1220_p2   |   icmp   |      0|  0|   9|           3|           3|
    |tmp_20_fu_1214_p2     |   icmp   |      0|  0|   9|           3|           4|
    |tmp_38_fu_1238_p2     |   icmp   |      0|  0|   9|           3|           1|
    |tmp_72_fu_1369_p2     |   icmp   |      0|  0|   9|           3|           4|
    |tmp_37_fu_1232_p2     |    or    |      0|  0|   3|           3|           3|
    |p_10_fu_1468_p3       |  select  |      0|  0|  32|           1|           1|
    |p_11_fu_1476_p3       |  select  |      0|  0|  32|           1|           1|
    |p_12_fu_1444_p3       |  select  |      0|  0|  32|           1|           1|
    |p_13_fu_1452_p3       |  select  |      0|  0|  32|           1|           1|
    |p_14_fu_1420_p3       |  select  |      0|  0|  32|           1|           1|
    |p_15_fu_1428_p3       |  select  |      0|  0|  32|           1|           1|
    |p_1_fu_1507_p3        |  select  |      0|  0|  32|           1|           1|
    |p_2_fu_1514_p3        |  select  |      0|  0|  32|           1|           1|
    |p_3_fu_1521_p3        |  select  |      0|  0|  32|           1|           1|
    |p_4_fu_1528_p3        |  select  |      0|  0|  32|           1|           1|
    |p_5_fu_1535_p3        |  select  |      0|  0|  32|           1|           1|
    |p_6_fu_1542_p3        |  select  |      0|  0|  32|           1|           1|
    |p_7_fu_1550_p3        |  select  |      0|  0|  32|           1|           1|
    |p_8_fu_1484_p3        |  select  |      0|  0|  32|           1|           1|
    |p_9_fu_1492_p3        |  select  |      0|  0|  32|           1|           1|
    |p_s_fu_1500_p3        |  select  |      0|  0|  32|           1|           1|
    +----------------------+----------+-------+---+----+------------+------------+
    |Total                 |          |      0|  0|1152|         364|         346|
    +----------------------+----------+-------+---+----+------------+------------+

    * Multiplexer: 
    +------------------+-----+-----------+-----+-----------+
    |       Name       | LUT | Input Size| Bits| Total Bits|
    +------------------+-----+-----------+-----+-----------+
    |ap_NS_fsm         |  449|        102|    1|        102|
    |co_reg_475        |    9|          2|    7|         14|
    |grp_fu_893_p0     |   50|         11|   32|        352|
    |grp_fu_893_p1     |  105|         22|   32|        704|
    |grp_fu_897_p0     |   44|          9|   32|        288|
    |grp_fu_897_p1     |   33|          6|   32|        192|
    |grp_fu_901_p0     |   44|          9|   32|        288|
    |grp_fu_901_p1     |   27|          5|   32|        160|
    |grp_fu_905_p0     |   44|          9|   32|        288|
    |grp_fu_905_p1     |   27|          5|   32|        160|
    |i_reg_678         |    9|          2|    3|          6|
    |input_r_address0  |   44|          9|    9|         81|
    |input_r_address1  |   44|          9|    9|         81|
    |j_reg_882         |    9|          2|    3|          6|
    |tmp_10_reg_570    |    9|          2|   32|         64|
    |tmp_11_reg_582    |    9|          2|   32|         64|
    |tmp_12_reg_594    |    9|          2|   32|         64|
    |tmp_13_reg_606    |    9|          2|   32|         64|
    |tmp_14_reg_618    |    9|          2|   32|         64|
    |tmp_15_reg_630    |    9|          2|   32|         64|
    |tmp_16_reg_642    |    9|          2|   32|         64|
    |tmp_17_reg_654    |    9|          2|   32|         64|
    |tmp_18_reg_666    |    9|          2|   32|         64|
    |tmp_21_reg_690    |    9|          2|   32|         64|
    |tmp_22_reg_702    |    9|          2|   32|         64|
    |tmp_23_reg_714    |    9|          2|   32|         64|
    |tmp_24_reg_726    |    9|          2|   32|         64|
    |tmp_25_reg_738    |    9|          2|   32|         64|
    |tmp_26_reg_750    |    9|          2|   32|         64|
    |tmp_27_reg_762    |    9|          2|   32|         64|
    |tmp_28_reg_774    |    9|          2|   32|         64|
    |tmp_29_reg_786    |    9|          2|   32|         64|
    |tmp_30_reg_798    |    9|          2|   32|         64|
    |tmp_31_reg_810    |    9|          2|   32|         64|
    |tmp_32_reg_822    |    9|          2|   32|         64|
    |tmp_33_reg_834    |    9|          2|   32|         64|
    |tmp_34_reg_846    |    9|          2|   32|         64|
    |tmp_35_reg_858    |    9|          2|   32|         64|
    |tmp_36_reg_870    |    9|          2|   32|         64|
    |tmp_4_reg_498     |    9|          2|   32|         64|
    |tmp_5_reg_510     |    9|          2|   32|         64|
    |tmp_6_reg_522     |    9|          2|   32|         64|
    |tmp_7_reg_534     |    9|          2|   32|         64|
    |tmp_8_reg_546     |    9|          2|   32|         64|
    |tmp_9_reg_558     |    9|          2|   32|         64|
    |tmp_s_reg_486     |    9|          2|   32|         64|
    +------------------+-----+-----------+-----+-----------+
    |Total             | 1226|        266| 1312|       4770|
    +------------------+-----+-----------+-----+-----------+

    * Register: 
    +--------------------------+-----+----+-----+-----------+
    |           Name           |  FF | LUT| Bits| Const Bits|
    +--------------------------+-----+----+-----+-----------+
    |ap_CS_fsm                 |  101|   0|  101|          0|
    |bias_addr_reg_1571        |    7|   0|    7|          0|
    |bias_load_reg_2235        |   32|   0|   32|          0|
    |co_2_reg_1561             |    7|   0|    7|          0|
    |co_reg_475                |    7|   0|    7|          0|
    |i_reg_678                 |    3|   0|    3|          0|
    |j_10_reg_1682             |    3|   0|    3|          0|
    |j_reg_882                 |    3|   0|    3|          0|
    |m_reg_1584                |    3|   0|    3|          0|
    |or_cond3_reg_1815         |    1|   0|    1|          0|
    |output_0_0_addr_reg_1576  |    7|   0|    7|          0|
    |p_1_reg_2104              |   32|   0|   32|          0|
    |p_2_reg_2109              |   32|   0|   32|          0|
    |p_3_reg_2114              |   32|   0|   32|          0|
    |p_4_reg_2119              |   32|   0|   32|          0|
    |p_5_reg_2124              |   32|   0|   32|          0|
    |p_s_reg_2099              |   32|   0|   32|          0|
    |reg_909                   |   32|   0|   32|          0|
    |reg_914                   |   32|   0|   32|          0|
    |reg_919                   |   32|   0|   32|          0|
    |reg_924                   |   32|   0|   32|          0|
    |reg_929                   |   32|   0|   32|          0|
    |reg_934                   |   32|   0|   32|          0|
    |reg_939                   |   32|   0|   32|          0|
    |reg_944                   |   32|   0|   32|          0|
    |reg_949                   |   32|   0|   32|          0|
    |reg_954                   |   32|   0|   32|          0|
    |reg_959                   |   32|   0|   32|          0|
    |reg_964                   |   32|   0|   32|          0|
    |reg_969                   |   32|   0|   32|          0|
    |reg_974                   |   32|   0|   32|          0|
    |reg_979                   |   32|   0|   32|          0|
    |tmp_10_reg_570            |   32|   0|   32|          0|
    |tmp_11_reg_582            |   32|   0|   32|          0|
    |tmp_128_reg_1566          |   10|   0|   10|          0|
    |tmp_12_reg_594            |   32|   0|   32|          0|
    |tmp_130_reg_1589          |    6|   0|    6|          0|
    |tmp_132_reg_1599          |    7|   0|    7|          0|
    |tmp_133_reg_1604          |    7|   0|    7|          0|
    |tmp_134_reg_1609          |    8|   0|    8|          0|
    |tmp_135_reg_1614          |    8|   0|    8|          0|
    |tmp_136_reg_1619          |    8|   0|    8|          0|
    |tmp_137_reg_1624          |    8|   0|    8|          0|
    |tmp_138_reg_1629          |   10|   0|   10|          0|
    |tmp_139_reg_1634          |    9|   0|    9|          0|
    |tmp_13_reg_606            |   32|   0|   32|          0|
    |tmp_140_reg_1639          |    9|   0|    9|          0|
    |tmp_141_reg_1644          |    9|   0|    9|          0|
    |tmp_142_reg_1649          |    9|   0|    9|          0|
    |tmp_143_reg_1654          |    9|   0|    9|          0|
    |tmp_144_reg_1659          |    9|   0|    9|          0|
    |tmp_145_reg_1664          |    9|   0|    9|          0|
    |tmp_147_reg_1669          |   13|   0|   13|          0|
    |tmp_14_reg_618            |   32|   0|   32|          0|
    |tmp_150_reg_1717          |    7|   0|    7|          0|
    |tmp_151_reg_1722          |    7|   0|    7|          0|
    |tmp_152_reg_1727          |    8|   0|    8|          0|
    |tmp_153_reg_1732          |    8|   0|    8|          0|
    |tmp_154_reg_1737          |    8|   0|    8|          0|
    |tmp_155_reg_1742          |    8|   0|    8|          0|
    |tmp_156_reg_1747          |   10|   0|   10|          0|
    |tmp_157_reg_1752          |    9|   0|    9|          0|
    |tmp_158_reg_1757          |    9|   0|    9|          0|
    |tmp_159_reg_1762          |    9|   0|    9|          0|
    |tmp_15_reg_630            |   32|   0|   32|          0|
    |tmp_160_reg_1767          |    9|   0|    9|          0|
    |tmp_161_reg_1772          |    9|   0|    9|          0|
    |tmp_162_reg_1777          |    9|   0|    9|          0|
    |tmp_163_reg_1782          |    9|   0|    9|          0|
    |tmp_168_cast_reg_1594     |    6|   0|    7|          1|
    |tmp_16_reg_642            |   32|   0|   32|          0|
    |tmp_17_reg_654            |   32|   0|   32|          0|
    |tmp_18_reg_666            |   32|   0|   32|          0|
    |tmp_203_cast_reg_1787     |   13|   0|   64|         51|
    |tmp_20_reg_1674           |    1|   0|    1|          0|
    |tmp_21_reg_690            |   32|   0|   32|          0|
    |tmp_22_reg_702            |   32|   0|   32|          0|
    |tmp_23_reg_714            |   32|   0|   32|          0|
    |tmp_24_reg_726            |   32|   0|   32|          0|
    |tmp_25_reg_738            |   32|   0|   32|          0|
    |tmp_26_reg_750            |   32|   0|   32|          0|
    |tmp_27_reg_762            |   32|   0|   32|          0|
    |tmp_28_reg_774            |   32|   0|   32|          0|
    |tmp_29_reg_786            |   32|   0|   32|          0|
    |tmp_30_reg_798            |   32|   0|   32|          0|
    |tmp_31_reg_810            |   32|   0|   32|          0|
    |tmp_32_reg_822            |   32|   0|   32|          0|
    |tmp_33_reg_834            |   32|   0|   32|          0|
    |tmp_34_reg_846            |   32|   0|   32|          0|
    |tmp_35_reg_858            |   32|   0|   32|          0|
    |tmp_36_reg_870            |   32|   0|   32|          0|
    |tmp_38_reg_1687           |    1|   0|    1|          0|
    |tmp_41_reg_2139           |   32|   0|   32|          0|
    |tmp_43_reg_2145           |   32|   0|   32|          0|
    |tmp_45_reg_2151           |   32|   0|   32|          0|
    |tmp_47_reg_2157           |   32|   0|   32|          0|
    |tmp_49_reg_2163           |   32|   0|   32|          0|
    |tmp_4_reg_498             |   32|   0|   32|          0|
    |tmp_51_reg_2169           |   32|   0|   32|          0|
    |tmp_52_reg_2059           |   32|   0|   32|          0|
    |tmp_53_reg_2175           |   32|   0|   32|          0|
    |tmp_54_reg_2064           |   32|   0|   32|          0|
    |tmp_55_reg_2181           |   32|   0|   32|          0|
    |tmp_56_reg_2089           |   32|   0|   32|          0|
    |tmp_57_reg_2187           |   32|   0|   32|          0|
    |tmp_58_reg_2094           |   32|   0|   32|          0|
    |tmp_59_reg_2193           |   32|   0|   32|          0|
    |tmp_5_reg_510             |   32|   0|   32|          0|
    |tmp_61_reg_2199           |   32|   0|   32|          0|
    |tmp_63_reg_2205           |   32|   0|   32|          0|
    |tmp_65_reg_2211           |   32|   0|   32|          0|
    |tmp_67_reg_2217           |   32|   0|   32|          0|
    |tmp_69_reg_2223           |   32|   0|   32|          0|
    |tmp_6_reg_522             |   32|   0|   32|          0|
    |tmp_71_reg_2229           |   32|   0|   32|          0|
    |tmp_7_reg_534             |   32|   0|   32|          0|
    |tmp_8_reg_546             |   32|   0|   32|          0|
    |tmp_9_reg_558             |   32|   0|   32|          0|
    |tmp_s_reg_486             |   32|   0|   32|          0|
    |weights_0_load_reg_1839   |   32|   0|   32|          0|
    |weights_10_load_reg_1999  |   32|   0|   32|          0|
    |weights_11_load_reg_2004  |   32|   0|   32|          0|
    |weights_12_load_reg_2039  |   32|   0|   32|          0|
    |weights_13_load_reg_2044  |   32|   0|   32|          0|
    |weights_14_load_reg_2069  |   32|   0|   32|          0|
    |weights_15_load_reg_2074  |   32|   0|   32|          0|
    |weights_1_load_reg_1844   |   32|   0|   32|          0|
    |weights_2_load_reg_1869   |   32|   0|   32|          0|
    |weights_3_load_reg_1874   |   32|   0|   32|          0|
    |weights_4_load_reg_1899   |   32|   0|   32|          0|
    |weights_5_load_reg_1904   |   32|   0|   32|          0|
    |weights_6_load_reg_1929   |   32|   0|   32|          0|
    |weights_7_load_reg_1934   |   32|   0|   32|          0|
    |weights_8_load_reg_1959   |   32|   0|   32|          0|
    |weights_9_load_reg_1964   |   32|   0|   32|          0|
    +--------------------------+-----+----+-----+-----------+
    |Total                     | 3310|   0| 3362|         52|
    +--------------------------+-----+----+-----+-----------+



================================================================
== Interface
================================================================
* Summary: 
+---------------------+-----+-----+------------+---------------+--------------+
|      RTL Ports      | Dir | Bits|  Protocol  | Source Object |    C Type    |
+---------------------+-----+-----+------------+---------------+--------------+
|ap_clk               |  in |    1| ap_ctrl_hs | convolution_5 | return value |
|ap_rst               |  in |    1| ap_ctrl_hs | convolution_5 | return value |
|ap_start             |  in |    1| ap_ctrl_hs | convolution_5 | return value |
|ap_done              | out |    1| ap_ctrl_hs | convolution_5 | return value |
|ap_idle              | out |    1| ap_ctrl_hs | convolution_5 | return value |
|ap_ready             | out |    1| ap_ctrl_hs | convolution_5 | return value |
|input_r_address0     | out |    9|  ap_memory |    input_r    |     array    |
|input_r_ce0          | out |    1|  ap_memory |    input_r    |     array    |
|input_r_q0           |  in |   32|  ap_memory |    input_r    |     array    |
|input_r_address1     | out |    9|  ap_memory |    input_r    |     array    |
|input_r_ce1          | out |    1|  ap_memory |    input_r    |     array    |
|input_r_q1           |  in |   32|  ap_memory |    input_r    |     array    |
|weights_0_address0   | out |   12|  ap_memory |   weights_0   |     array    |
|weights_0_ce0        | out |    1|  ap_memory |   weights_0   |     array    |
|weights_0_q0         |  in |   32|  ap_memory |   weights_0   |     array    |
|weights_1_address0   | out |   12|  ap_memory |   weights_1   |     array    |
|weights_1_ce0        | out |    1|  ap_memory |   weights_1   |     array    |
|weights_1_q0         |  in |   32|  ap_memory |   weights_1   |     array    |
|weights_2_address0   | out |   12|  ap_memory |   weights_2   |     array    |
|weights_2_ce0        | out |    1|  ap_memory |   weights_2   |     array    |
|weights_2_q0         |  in |   32|  ap_memory |   weights_2   |     array    |
|weights_3_address0   | out |   12|  ap_memory |   weights_3   |     array    |
|weights_3_ce0        | out |    1|  ap_memory |   weights_3   |     array    |
|weights_3_q0         |  in |   32|  ap_memory |   weights_3   |     array    |
|weights_4_address0   | out |   12|  ap_memory |   weights_4   |     array    |
|weights_4_ce0        | out |    1|  ap_memory |   weights_4   |     array    |
|weights_4_q0         |  in |   32|  ap_memory |   weights_4   |     array    |
|weights_5_address0   | out |   12|  ap_memory |   weights_5   |     array    |
|weights_5_ce0        | out |    1|  ap_memory |   weights_5   |     array    |
|weights_5_q0         |  in |   32|  ap_memory |   weights_5   |     array    |
|weights_6_address0   | out |   12|  ap_memory |   weights_6   |     array    |
|weights_6_ce0        | out |    1|  ap_memory |   weights_6   |     array    |
|weights_6_q0         |  in |   32|  ap_memory |   weights_6   |     array    |
|weights_7_address0   | out |   12|  ap_memory |   weights_7   |     array    |
|weights_7_ce0        | out |    1|  ap_memory |   weights_7   |     array    |
|weights_7_q0         |  in |   32|  ap_memory |   weights_7   |     array    |
|weights_8_address0   | out |   12|  ap_memory |   weights_8   |     array    |
|weights_8_ce0        | out |    1|  ap_memory |   weights_8   |     array    |
|weights_8_q0         |  in |   32|  ap_memory |   weights_8   |     array    |
|weights_9_address0   | out |   12|  ap_memory |   weights_9   |     array    |
|weights_9_ce0        | out |    1|  ap_memory |   weights_9   |     array    |
|weights_9_q0         |  in |   32|  ap_memory |   weights_9   |     array    |
|weights_10_address0  | out |   12|  ap_memory |   weights_10  |     array    |
|weights_10_ce0       | out |    1|  ap_memory |   weights_10  |     array    |
|weights_10_q0        |  in |   32|  ap_memory |   weights_10  |     array    |
|weights_11_address0  | out |   12|  ap_memory |   weights_11  |     array    |
|weights_11_ce0       | out |    1|  ap_memory |   weights_11  |     array    |
|weights_11_q0        |  in |   32|  ap_memory |   weights_11  |     array    |
|weights_12_address0  | out |   12|  ap_memory |   weights_12  |     array    |
|weights_12_ce0       | out |    1|  ap_memory |   weights_12  |     array    |
|weights_12_q0        |  in |   32|  ap_memory |   weights_12  |     array    |
|weights_13_address0  | out |   12|  ap_memory |   weights_13  |     array    |
|weights_13_ce0       | out |    1|  ap_memory |   weights_13  |     array    |
|weights_13_q0        |  in |   32|  ap_memory |   weights_13  |     array    |
|weights_14_address0  | out |   12|  ap_memory |   weights_14  |     array    |
|weights_14_ce0       | out |    1|  ap_memory |   weights_14  |     array    |
|weights_14_q0        |  in |   32|  ap_memory |   weights_14  |     array    |
|weights_15_address0  | out |   12|  ap_memory |   weights_15  |     array    |
|weights_15_ce0       | out |    1|  ap_memory |   weights_15  |     array    |
|weights_15_q0        |  in |   32|  ap_memory |   weights_15  |     array    |
|bias_address0        | out |    7|  ap_memory |      bias     |     array    |
|bias_ce0             | out |    1|  ap_memory |      bias     |     array    |
|bias_q0              |  in |   32|  ap_memory |      bias     |     array    |
|output_0_0_address0  | out |    7|  ap_memory |   output_0_0  |     array    |
|output_0_0_ce0       | out |    1|  ap_memory |   output_0_0  |     array    |
|output_0_0_we0       | out |    1|  ap_memory |   output_0_0  |     array    |
|output_0_0_d0        | out |   32|  ap_memory |   output_0_0  |     array    |
+---------------------+-----+-----+------------+---------------+--------------+

