

================================================================
== Vivado HLS Report for 'relu_1'
================================================================
* Date:           Thu Oct 25 15:27:53 2018

* Version:        2018.2 (Build 2258646 on Thu Jun 14 20:25:20 MDT 2018)
* Project:        lenet
* Solution:       lenet
* Product family: zynq
* Target device:  xc7z020clg484-1


================================================================
== Performance Estimates
================================================================
+ Timing (ns): 
    * Summary: 
    +--------+-------+----------+------------+
    |  Clock | Target| Estimated| Uncertainty|
    +--------+-------+----------+------------+
    |ap_clk  |  10.00|     7.767|        1.25|
    +--------+-------+----------+------------+

+ Latency (clock cycles): 
    * Summary: 
    +-------+-------+-------+-------+---------+
    |    Latency    |    Interval   | Pipeline|
    |  min  |  max  |  min  |  max  |   Type  |
    +-------+-------+-------+-------+---------+
    |  14461|  14461|  14461|  14461|   none  |
    +-------+-------+-------+-------+---------+

    + Detail: 
        * Instance: 
        N/A

        * Loop: 
        +-----------------+-------+-------+----------+-----------+-----------+------+----------+
        |                 |    Latency    | Iteration|  Initiation Interval  | Trip |          |
        |    Loop Name    |  min  |  max  |  Latency |  achieved |   target  | Count| Pipelined|
        +-----------------+-------+-------+----------+-----------+-----------+------+----------+
        |- Loop 1         |  14460|  14460|      2410|          -|          -|     6|    no    |
        | + Loop 1.1      |   2408|   2408|        86|          -|          -|    28|    no    |
        |  ++ Loop 1.1.1  |     84|     84|         3|          -|          -|    28|    no    |
        +-----------------+-------+-------+----------+-----------+-----------+------+----------+



================================================================
== Utilization Estimates
================================================================
* Summary: 
+-----------------+---------+-------+--------+-------+
|       Name      | BRAM_18K| DSP48E|   FF   |  LUT  |
+-----------------+---------+-------+--------+-------+
|DSP              |        -|      -|       -|      -|
|Expression       |        -|      -|       0|    173|
|FIFO             |        -|      -|       -|      -|
|Instance         |        -|      0|      66|    239|
|Memory           |        -|      -|       -|      -|
|Multiplexer      |        -|      -|       -|     80|
|Register         |        -|      -|      97|      -|
+-----------------+---------+-------+--------+-------+
|Total            |        0|      0|     163|    492|
+-----------------+---------+-------+--------+-------+
|Available        |      280|    220|  106400|  53200|
+-----------------+---------+-------+--------+-------+
|Utilization (%)  |        0|      0|   ~0   |   ~0  |
+-----------------+---------+-------+--------+-------+

+ Detail: 
    * Instance: 
    +--------------------------+----------------------+---------+-------+----+-----+
    |         Instance         |        Module        | BRAM_18K| DSP48E| FF | LUT |
    +--------------------------+----------------------+---------+-------+----+-----+
    |conv1_fcmp_32ns_3dEe_U20  |conv1_fcmp_32ns_3dEe  |        0|      0|  66|  239|
    +--------------------------+----------------------+---------+-------+----+-----+
    |Total                     |                      |        0|      0|  66|  239|
    +--------------------------+----------------------+---------+-------+----+-----+

    * DSP48: 
    N/A

    * Memory: 
    N/A

    * FIFO: 
    N/A

    * Expression: 
    +---------------------+----------+-------+---+----+------------+------------+
    |    Variable Name    | Operation| DSP48E| FF| LUT| Bitwidth P0| Bitwidth P1|
    +---------------------+----------+-------+---+----+------------+------------+
    |i_6_fu_102_p2        |     +    |      0|  0|  12|           3|           1|
    |j_5_fu_148_p2        |     +    |      0|  0|  15|           5|           1|
    |k_4_fu_199_p2        |     +    |      0|  0|  15|           5|           1|
    |tmp_15_fu_158_p2     |     +    |      0|  0|  14|          10|          10|
    |tmp_19_fu_209_p2     |     +    |      0|  0|  19|          14|          14|
    |tmp_14_fu_132_p2     |     -    |      0|  0|  15|           9|           9|
    |tmp_18_fu_187_p2     |     -    |      0|  0|  19|          14|          14|
    |tmp_4_fu_254_p2      |    and   |      0|  0|   2|           1|           1|
    |exitcond1_fu_142_p2  |   icmp   |      0|  0|  11|           5|           4|
    |exitcond2_fu_96_p2   |   icmp   |      0|  0|   9|           3|           3|
    |exitcond_fu_193_p2   |   icmp   |      0|  0|  11|           5|           4|
    |notlhs_fu_236_p2     |   icmp   |      0|  0|  11|           8|           2|
    |notrhs_fu_242_p2     |   icmp   |      0|  0|  18|          23|           1|
    |tmp_1_fu_248_p2      |    or    |      0|  0|   2|           1|           1|
    +---------------------+----------+-------+---+----+------------+------------+
    |Total                |          |      0|  0| 173|         106|          66|
    +---------------------+----------+-------+---+----+------------+------------+

    * Multiplexer: 
    +-------------------+----+-----------+-----+-----------+
    |        Name       | LUT| Input Size| Bits| Total Bits|
    +-------------------+----+-----------+-----+-----------+
    |ap_NS_fsm          |  38|          7|    1|          7|
    |i_reg_58           |   9|          2|    3|          6|
    |j_reg_69           |   9|          2|    5|         10|
    |k_reg_80           |   9|          2|    5|         10|
    |output_r_address0  |  15|          3|   13|         39|
    +-------------------+----+-----------+-----+-----------+
    |Total              |  80|         16|   27|         72|
    +-------------------+----+-----------+-----+-----------+

    * Register: 
    +---------------------+----+----+-----+-----------+
    |         Name        | FF | LUT| Bits| Const Bits|
    +---------------------+----+----+-----+-----------+
    |ap_CS_fsm            |   6|   0|    6|          0|
    |i_6_reg_263          |   3|   0|    3|          0|
    |i_reg_58             |   3|   0|    3|          0|
    |j_5_reg_276          |   5|   0|    5|          0|
    |j_reg_69             |   5|   0|    5|          0|
    |k_4_reg_289          |   5|   0|    5|          0|
    |k_reg_80             |   5|   0|    5|          0|
    |output_addr_reg_294  |  13|   0|   13|          0|
    |output_load_reg_299  |  32|   0|   32|          0|
    |tmp_18_reg_281       |  12|   0|   14|          2|
    |tmp_27_cast_reg_268  |   8|   0|   10|          2|
    +---------------------+----+----+-----+-----------+
    |Total                |  97|   0|  101|          4|
    +---------------------+----+----+-----+-----------+



================================================================
== Interface
================================================================
* Summary: 
+-------------------+-----+-----+------------+--------------+--------------+
|     RTL Ports     | Dir | Bits|  Protocol  | Source Object|    C Type    |
+-------------------+-----+-----+------------+--------------+--------------+
|ap_clk             |  in |    1| ap_ctrl_hs |    relu_1    | return value |
|ap_rst             |  in |    1| ap_ctrl_hs |    relu_1    | return value |
|ap_start           |  in |    1| ap_ctrl_hs |    relu_1    | return value |
|ap_done            | out |    1| ap_ctrl_hs |    relu_1    | return value |
|ap_idle            | out |    1| ap_ctrl_hs |    relu_1    | return value |
|ap_ready           | out |    1| ap_ctrl_hs |    relu_1    | return value |
|output_r_address0  | out |   13|  ap_memory |   output_r   |     array    |
|output_r_ce0       | out |    1|  ap_memory |   output_r   |     array    |
|output_r_we0       | out |    1|  ap_memory |   output_r   |     array    |
|output_r_d0        | out |   32|  ap_memory |   output_r   |     array    |
|output_r_q0        |  in |   32|  ap_memory |   output_r   |     array    |
+-------------------+-----+-----+------------+--------------+--------------+

