

================================================================
== Vivado HLS Report for 'relu_3'
================================================================
* Date:           Wed Oct 31 20:17:52 2018

* Version:        2018.2 (Build 2258646 on Thu Jun 14 20:25:20 MDT 2018)
* Project:        lenet
* Solution:       lenet
* Product family: zynq
* Target device:  xc7z020clg484-1


================================================================
== Performance Estimates
================================================================
+ Timing (ns): 
    * Summary: 
    +--------+-------+----------+------------+
    |  Clock | Target| Estimated| Uncertainty|
    +--------+-------+----------+------------+
    |ap_clk  |  10.00|     7.767|        1.25|
    +--------+-------+----------+------------+

+ Latency (clock cycles): 
    * Summary: 
    +------+------+------+------+---------+
    |   Latency   |   Interval  | Pipeline|
    |  min |  max |  min |  max |   Type  |
    +------+------+------+------+---------+
    |  5153|  5153|  5153|  5153|   none  |
    +------+------+------+------+---------+

    + Detail: 
        * Instance: 
        N/A

        * Loop: 
        +-----------------+------+------+----------+-----------+-----------+------+----------+
        |                 |   Latency   | Iteration|  Initiation Interval  | Trip |          |
        |    Loop Name    |  min |  max |  Latency |  achieved |   target  | Count| Pipelined|
        +-----------------+------+------+----------+-----------+-----------+------+----------+
        |- Loop 1         |  5152|  5152|       322|          -|          -|    16|    no    |
        | + Loop 1.1      |   320|   320|        32|          -|          -|    10|    no    |
        |  ++ Loop 1.1.1  |    30|    30|         3|          -|          -|    10|    no    |
        +-----------------+------+------+----------+-----------+-----------+------+----------+



================================================================
== Utilization Estimates
================================================================
* Summary: 
+-----------------+---------+-------+--------+-------+
|       Name      | BRAM_18K| DSP48E|   FF   |  LUT  |
+-----------------+---------+-------+--------+-------+
|DSP              |        -|      -|       -|      -|
|Expression       |        -|      -|       0|    157|
|FIFO             |        -|      -|       -|      -|
|Instance         |        -|      0|      66|    239|
|Memory           |        -|      -|       -|      -|
|Multiplexer      |        -|      -|       -|     80|
|Register         |        -|      -|      94|      -|
+-----------------+---------+-------+--------+-------+
|Total            |        0|      0|     160|    476|
+-----------------+---------+-------+--------+-------+
|Available        |      280|    220|  106400|  53200|
+-----------------+---------+-------+--------+-------+
|Utilization (%)  |        0|      0|   ~0   |   ~0  |
+-----------------+---------+-------+--------+-------+

+ Detail: 
    * Instance: 
    +--------------------------+----------------------+---------+-------+----+-----+
    |         Instance         |        Module        | BRAM_18K| DSP48E| FF | LUT |
    +--------------------------+----------------------+---------+-------+----+-----+
    |conv1_fcmp_32ns_3dEe_U51  |conv1_fcmp_32ns_3dEe  |        0|      0|  66|  239|
    +--------------------------+----------------------+---------+-------+----+-----+
    |Total                     |                      |        0|      0|  66|  239|
    +--------------------------+----------------------+---------+-------+----+-----+

    * DSP48: 
    N/A

    * Memory: 
    N/A

    * FIFO: 
    N/A

    * Expression: 
    +---------------------+----------+-------+---+----+------------+------------+
    |    Variable Name    | Operation| DSP48E| FF| LUT| Bitwidth P0| Bitwidth P1|
    +---------------------+----------+-------+---+----+------------+------------+
    |i_10_fu_104_p2       |     +    |      0|  0|  15|           5|           1|
    |j_6_fu_146_p2        |     +    |      0|  0|  13|           4|           1|
    |k_5_fu_193_p2        |     +    |      0|  0|  13|           4|           1|
    |tmp_27_fu_134_p2     |     +    |      0|  0|  15|           9|           9|
    |tmp_28_fu_156_p2     |     +    |      0|  0|  15|           9|           9|
    |tmp_29_fu_181_p2     |     +    |      0|  0|  12|          12|          12|
    |tmp_30_fu_203_p2     |     +    |      0|  0|  12|          12|          12|
    |tmp_10_fu_248_p2     |    and   |      0|  0|   2|           1|           1|
    |exitcond1_fu_140_p2  |   icmp   |      0|  0|   9|           4|           4|
    |exitcond2_fu_98_p2   |   icmp   |      0|  0|  11|           5|           6|
    |exitcond_fu_187_p2   |   icmp   |      0|  0|   9|           4|           4|
    |notlhs_fu_230_p2     |   icmp   |      0|  0|  11|           8|           2|
    |notrhs_fu_236_p2     |   icmp   |      0|  0|  18|          23|           1|
    |tmp_8_fu_242_p2      |    or    |      0|  0|   2|           1|           1|
    +---------------------+----------+-------+---+----+------------+------------+
    |Total                |          |      0|  0| 157|         101|          64|
    +---------------------+----------+-------+---+----+------------+------------+

    * Multiplexer: 
    +-------------------+----+-----------+-----+-----------+
    |        Name       | LUT| Input Size| Bits| Total Bits|
    +-------------------+----+-----------+-----+-----------+
    |ap_NS_fsm          |  38|          7|    1|          7|
    |i_reg_60           |   9|          2|    5|         10|
    |j_reg_71           |   9|          2|    4|          8|
    |k_reg_82           |   9|          2|    4|          8|
    |output_r_address0  |  15|          3|   11|         33|
    +-------------------+----+-----------+-----+-----------+
    |Total              |  80|         16|   25|         66|
    +-------------------+----+-----------+-----+-----------+

    * Register: 
    +---------------------+----+----+-----+-----------+
    |         Name        | FF | LUT| Bits| Const Bits|
    +---------------------+----+----+-----+-----------+
    |ap_CS_fsm            |   6|   0|    6|          0|
    |i_10_reg_257         |   5|   0|    5|          0|
    |i_reg_60             |   5|   0|    5|          0|
    |j_6_reg_270          |   4|   0|    4|          0|
    |j_reg_71             |   4|   0|    4|          0|
    |k_5_reg_283          |   4|   0|    4|          0|
    |k_reg_82             |   4|   0|    4|          0|
    |output_addr_reg_288  |  11|   0|   11|          0|
    |output_load_reg_293  |  32|   0|   32|          0|
    |tmp_27_reg_262       |   8|   0|    9|          1|
    |tmp_29_reg_275       |  11|   0|   12|          1|
    +---------------------+----+----+-----+-----------+
    |Total                |  94|   0|   96|          2|
    +---------------------+----+----+-----+-----------+



================================================================
== Interface
================================================================
* Summary: 
+-------------------+-----+-----+------------+--------------+--------------+
|     RTL Ports     | Dir | Bits|  Protocol  | Source Object|    C Type    |
+-------------------+-----+-----+------------+--------------+--------------+
|ap_clk             |  in |    1| ap_ctrl_hs |    relu_3    | return value |
|ap_rst             |  in |    1| ap_ctrl_hs |    relu_3    | return value |
|ap_start           |  in |    1| ap_ctrl_hs |    relu_3    | return value |
|ap_done            | out |    1| ap_ctrl_hs |    relu_3    | return value |
|ap_idle            | out |    1| ap_ctrl_hs |    relu_3    | return value |
|ap_ready           | out |    1| ap_ctrl_hs |    relu_3    | return value |
|output_r_address0  | out |   11|  ap_memory |   output_r   |     array    |
|output_r_ce0       | out |    1|  ap_memory |   output_r   |     array    |
|output_r_we0       | out |    1|  ap_memory |   output_r   |     array    |
|output_r_d0        | out |   32|  ap_memory |   output_r   |     array    |
|output_r_q0        |  in |   32|  ap_memory |   output_r   |     array    |
+-------------------+-----+-----+------------+--------------+--------------+

