

================================================================
== Vivado HLS Report for 'store_weights_3'
================================================================
* Date:           Wed Nov  7 21:45:52 2018

* Version:        2018.2 (Build 2258646 on Thu Jun 14 20:25:20 MDT 2018)
* Project:        lenet
* Solution:       lenet
* Product family: zynq
* Target device:  xc7z020clg484-1


================================================================
== Performance Estimates
================================================================
+ Timing (ns): 
    * Summary: 
    +--------+-------+----------+------------+
    |  Clock | Target| Estimated| Uncertainty|
    +--------+-------+----------+------------+
    |ap_clk  |  10.00|     8.750|        1.25|
    +--------+-------+----------+------------+

+ Latency (clock cycles): 
    * Summary: 
    +------+------+------+------+---------+
    |   Latency   |   Interval  | Pipeline|
    |  min |  max |  min |  max |   Type  |
    +------+------+------+------+---------+
    |  1553|  1553|  1553|  1553|   none  |
    +------+------+------+------+---------+

    + Detail: 
        * Instance: 
        N/A

        * Loop: 
        +-----------------+------+------+----------+-----------+-----------+------+----------+
        |                 |   Latency   | Iteration|  Initiation Interval  | Trip |          |
        |    Loop Name    |  min |  max |  Latency |  achieved |   target  | Count| Pipelined|
        +-----------------+------+------+----------+-----------+-----------+------+----------+
        |- Loop 1         |  1552|  1552|        97|          -|          -|    16|    no    |
        | + Loop 1.1      |    95|    95|        19|          -|          -|     5|    no    |
        |  ++ Loop 1.1.1  |    10|    10|         2|          -|          -|     5|    no    |
        +-----------------+------+------+----------+-----------+-----------+------+----------+



================================================================
== Utilization Estimates
================================================================
* Summary: 
+-----------------+---------+-------+--------+-------+
|       Name      | BRAM_18K| DSP48E|   FF   |  LUT  |
+-----------------+---------+-------+--------+-------+
|DSP              |        -|      -|       -|      -|
|Expression       |        -|      -|       0|    323|
|FIFO             |        -|      -|       -|      -|
|Instance         |        -|      -|       -|      -|
|Memory           |        -|      -|       -|      -|
|Multiplexer      |        -|      -|       -|    110|
|Register         |        -|      -|     233|      -|
+-----------------+---------+-------+--------+-------+
|Total            |        0|      0|     233|    433|
+-----------------+---------+-------+--------+-------+
|Available        |      280|    220|  106400|  53200|
+-----------------+---------+-------+--------+-------+
|Utilization (%)  |        0|      0|   ~0   |   ~0  |
+-----------------+---------+-------+--------+-------+

+ Detail: 
    * Instance: 
    N/A

    * DSP48: 
    N/A

    * Memory: 
    N/A

    * FIFO: 
    N/A

    * Expression: 
    +---------------------+----------+-------+---+----+------------+------------+
    |    Variable Name    | Operation| DSP48E| FF| LUT| Bitwidth P0| Bitwidth P1|
    +---------------------+----------+-------+---+----+------------+------------+
    |i_2_fu_154_p2        |     +    |      0|  0|  15|           5|           1|
    |j_2_fu_249_p2        |     +    |      0|  0|  12|           3|           1|
    |k_2_fu_318_p2        |     +    |      0|  0|  12|           3|           1|
    |tmp_14_fu_285_p2     |     +    |      0|  0|  12|          64|          64|
    |tmp_18_fu_198_p2     |     +    |      0|  0|  14|          10|          10|
    |tmp_19_fu_219_p2     |     +    |      0|  0|  71|          64|          64|
    |tmp_21_fu_237_p2     |     +    |      0|  0|  15|           8|           8|
    |tmp_22_fu_263_p2     |     +    |      0|  0|  71|          64|          64|
    |tmp_23_fu_274_p2     |     +    |      0|  0|  12|          64|          64|
    |tmp_24_fu_280_p2     |     +    |      0|  0|  15|           8|           8|
    |tmp_25_fu_306_p2     |     +    |      0|  0|  14|          10|          10|
    |tmp_26_fu_328_p2     |     +    |      0|  0|  14|          10|          10|
    |tmp_17_fu_188_p2     |     -    |      0|  0|  15|           9|           9|
    |ap_block_state11     |    and   |      0|  0|   2|           1|           1|
    |exitcond1_fu_243_p2  |   icmp   |      0|  0|   9|           3|           3|
    |exitcond2_fu_148_p2  |   icmp   |      0|  0|  11|           5|           6|
    |exitcond_fu_312_p2   |   icmp   |      0|  0|   9|           3|           3|
    +---------------------+----------+-------+---+----+------------+------------+
    |Total                |          |      0|  0| 323|         334|         327|
    +---------------------+----------+-------+---+----+------------+------------+

    * Multiplexer: 
    +--------------------------------------+----+-----------+-----+-----------+
    |                 Name                 | LUT| Input Size| Bits| Total Bits|
    +--------------------------------------+----+-----------+-----+-----------+
    |ap_NS_fsm                             |  56|         13|    1|         13|
    |ap_sig_ioackin_m_axi_weights_ARREADY  |   9|          2|    1|          2|
    |i_reg_107                             |   9|          2|    5|         10|
    |j_reg_118                             |   9|          2|    3|          6|
    |k_reg_129                             |   9|          2|    3|          6|
    |weights_blk_n_AR                      |   9|          2|    1|          2|
    |weights_blk_n_R                       |   9|          2|    1|          2|
    +--------------------------------------+----+-----------+-----+-----------+
    |Total                                 | 110|         25|   15|         41|
    +--------------------------------------+----+-----------+-----+-----------+

    * Register: 
    +--------------------------------------+----+----+-----+-----------+
    |                 Name                 | FF | LUT| Bits| Const Bits|
    +--------------------------------------+----+----+-----+-----------+
    |ap_CS_fsm                             |  12|   0|   12|          0|
    |ap_reg_ioackin_m_axi_weights_ARREADY  |   1|   0|    1|          0|
    |i_2_reg_350                           |   5|   0|    5|          0|
    |i_reg_107                             |   5|   0|    5|          0|
    |j_2_reg_368                           |   3|   0|    3|          0|
    |j_reg_118                             |   3|   0|    3|          0|
    |k_2_reg_393                           |   3|   0|    3|          0|
    |k_reg_129                             |   3|   0|    3|          0|
    |sext_reg_342                          |  30|   0|   64|         34|
    |tmp_19_reg_355                        |  64|   0|   64|          0|
    |tmp_21_reg_360                        |   8|   0|    8|          0|
    |tmp_24_reg_373                        |   8|   0|    8|          0|
    |tmp_25_reg_385                        |  10|   0|   10|          0|
    |tmp_26_reg_398                        |  10|   0|   10|          0|
    |tmp_cast_reg_337                      |   4|   0|   10|          6|
    |weights_addr_read_reg_403             |  32|   0|   32|          0|
    |weights_addr_reg_379                  |  32|   0|   32|          0|
    +--------------------------------------+----+----+-----+-----------+
    |Total                                 | 233|   0|  273|         40|
    +--------------------------------------+----+----+-----+-----------+



================================================================
== Interface
================================================================
* Summary: 
+------------------------+-----+-----+------------+-----------------+--------------+
|        RTL Ports       | Dir | Bits|  Protocol  |  Source Object  |    C Type    |
+------------------------+-----+-----+------------+-----------------+--------------+
|ap_clk                  |  in |    1| ap_ctrl_hs | store_weights_3 | return value |
|ap_rst                  |  in |    1| ap_ctrl_hs | store_weights_3 | return value |
|ap_start                |  in |    1| ap_ctrl_hs | store_weights_3 | return value |
|ap_done                 | out |    1| ap_ctrl_hs | store_weights_3 | return value |
|ap_idle                 | out |    1| ap_ctrl_hs | store_weights_3 | return value |
|ap_ready                | out |    1| ap_ctrl_hs | store_weights_3 | return value |
|m_axi_weights_AWVALID   | out |    1|    m_axi   |     weights     |    pointer   |
|m_axi_weights_AWREADY   |  in |    1|    m_axi   |     weights     |    pointer   |
|m_axi_weights_AWADDR    | out |   32|    m_axi   |     weights     |    pointer   |
|m_axi_weights_AWID      | out |    1|    m_axi   |     weights     |    pointer   |
|m_axi_weights_AWLEN     | out |   32|    m_axi   |     weights     |    pointer   |
|m_axi_weights_AWSIZE    | out |    3|    m_axi   |     weights     |    pointer   |
|m_axi_weights_AWBURST   | out |    2|    m_axi   |     weights     |    pointer   |
|m_axi_weights_AWLOCK    | out |    2|    m_axi   |     weights     |    pointer   |
|m_axi_weights_AWCACHE   | out |    4|    m_axi   |     weights     |    pointer   |
|m_axi_weights_AWPROT    | out |    3|    m_axi   |     weights     |    pointer   |
|m_axi_weights_AWQOS     | out |    4|    m_axi   |     weights     |    pointer   |
|m_axi_weights_AWREGION  | out |    4|    m_axi   |     weights     |    pointer   |
|m_axi_weights_AWUSER    | out |    1|    m_axi   |     weights     |    pointer   |
|m_axi_weights_WVALID    | out |    1|    m_axi   |     weights     |    pointer   |
|m_axi_weights_WREADY    |  in |    1|    m_axi   |     weights     |    pointer   |
|m_axi_weights_WDATA     | out |   32|    m_axi   |     weights     |    pointer   |
|m_axi_weights_WSTRB     | out |    4|    m_axi   |     weights     |    pointer   |
|m_axi_weights_WLAST     | out |    1|    m_axi   |     weights     |    pointer   |
|m_axi_weights_WID       | out |    1|    m_axi   |     weights     |    pointer   |
|m_axi_weights_WUSER     | out |    1|    m_axi   |     weights     |    pointer   |
|m_axi_weights_ARVALID   | out |    1|    m_axi   |     weights     |    pointer   |
|m_axi_weights_ARREADY   |  in |    1|    m_axi   |     weights     |    pointer   |
|m_axi_weights_ARADDR    | out |   32|    m_axi   |     weights     |    pointer   |
|m_axi_weights_ARID      | out |    1|    m_axi   |     weights     |    pointer   |
|m_axi_weights_ARLEN     | out |   32|    m_axi   |     weights     |    pointer   |
|m_axi_weights_ARSIZE    | out |    3|    m_axi   |     weights     |    pointer   |
|m_axi_weights_ARBURST   | out |    2|    m_axi   |     weights     |    pointer   |
|m_axi_weights_ARLOCK    | out |    2|    m_axi   |     weights     |    pointer   |
|m_axi_weights_ARCACHE   | out |    4|    m_axi   |     weights     |    pointer   |
|m_axi_weights_ARPROT    | out |    3|    m_axi   |     weights     |    pointer   |
|m_axi_weights_ARQOS     | out |    4|    m_axi   |     weights     |    pointer   |
|m_axi_weights_ARREGION  | out |    4|    m_axi   |     weights     |    pointer   |
|m_axi_weights_ARUSER    | out |    1|    m_axi   |     weights     |    pointer   |
|m_axi_weights_RVALID    |  in |    1|    m_axi   |     weights     |    pointer   |
|m_axi_weights_RREADY    | out |    1|    m_axi   |     weights     |    pointer   |
|m_axi_weights_RDATA     |  in |   32|    m_axi   |     weights     |    pointer   |
|m_axi_weights_RLAST     |  in |    1|    m_axi   |     weights     |    pointer   |
|m_axi_weights_RID       |  in |    1|    m_axi   |     weights     |    pointer   |
|m_axi_weights_RUSER     |  in |    1|    m_axi   |     weights     |    pointer   |
|m_axi_weights_RRESP     |  in |    2|    m_axi   |     weights     |    pointer   |
|m_axi_weights_BVALID    |  in |    1|    m_axi   |     weights     |    pointer   |
|m_axi_weights_BREADY    | out |    1|    m_axi   |     weights     |    pointer   |
|m_axi_weights_BRESP     |  in |    2|    m_axi   |     weights     |    pointer   |
|m_axi_weights_BID       |  in |    1|    m_axi   |     weights     |    pointer   |
|m_axi_weights_BUSER     |  in |    1|    m_axi   |     weights     |    pointer   |
|weights_offset          |  in |   30|   ap_none  |  weights_offset |    scalar    |
|weights_oc_address0     | out |    9|  ap_memory |    weights_oc   |     array    |
|weights_oc_ce0          | out |    1|  ap_memory |    weights_oc   |     array    |
|weights_oc_we0          | out |    1|  ap_memory |    weights_oc   |     array    |
|weights_oc_d0           | out |   32|  ap_memory |    weights_oc   |     array    |
|input_channel           |  in |    4|   ap_none  |  input_channel  |    scalar    |
+------------------------+-----+-----+------------+-----------------+--------------+

