

================================================================
== Vivado HLS Report for 'store_weights'
================================================================
* Date:           Thu Oct 25 23:32:27 2018

* Version:        2018.2 (Build 2258646 on Thu Jun 14 20:25:20 MDT 2018)
* Project:        lenet
* Solution:       lenet
* Product family: zynq
* Target device:  xc7z020clg484-1


================================================================
== Performance Estimates
================================================================
+ Timing (ns): 
    * Summary: 
    +--------+-------+----------+------------+
    |  Clock | Target| Estimated| Uncertainty|
    +--------+-------+----------+------------+
    |ap_clk  |  10.00|     8.750|        1.25|
    +--------+-------+----------+------------+

+ Latency (clock cycles): 
    * Summary: 
    +-----+-----+-----+-----+---------+
    |  Latency  |  Interval | Pipeline|
    | min | max | min | max |   Type  |
    +-----+-----+-----+-----+---------+
    |  583|  583|  583|  583|   none  |
    +-----+-----+-----+-----+---------+

    + Detail: 
        * Instance: 
        N/A

        * Loop: 
        +-----------------+-----+-----+----------+-----------+-----------+------+----------+
        |                 |  Latency  | Iteration|  Initiation Interval  | Trip |          |
        |    Loop Name    | min | max |  Latency |  achieved |   target  | Count| Pipelined|
        +-----------------+-----+-----+----------+-----------+-----------+------+----------+
        |- Loop 1         |  582|  582|        97|          -|          -|     6|    no    |
        | + Loop 1.1      |   95|   95|        19|          -|          -|     5|    no    |
        |  ++ Loop 1.1.1  |   10|   10|         2|          -|          -|     5|    no    |
        +-----------------+-----+-----+----------+-----------+-----------+------+----------+



================================================================
== Utilization Estimates
================================================================
* Summary: 
+-----------------+---------+-------+--------+-------+
|       Name      | BRAM_18K| DSP48E|   FF   |  LUT  |
+-----------------+---------+-------+--------+-------+
|DSP              |        -|      -|       -|      -|
|Expression       |        -|      -|       0|    308|
|FIFO             |        -|      -|       -|      -|
|Instance         |        -|      -|       -|      -|
|Memory           |        -|      -|       -|      -|
|Multiplexer      |        -|      -|       -|    110|
|Register         |        -|      -|     259|      -|
+-----------------+---------+-------+--------+-------+
|Total            |        0|      0|     259|    418|
+-----------------+---------+-------+--------+-------+
|Available        |      280|    220|  106400|  53200|
+-----------------+---------+-------+--------+-------+
|Utilization (%)  |        0|      0|   ~0   |   ~0  |
+-----------------+---------+-------+--------+-------+

+ Detail: 
    * Instance: 
    N/A

    * DSP48: 
    N/A

    * Memory: 
    N/A

    * FIFO: 
    N/A

    * Expression: 
    +---------------------+----------+-------+---+----+------------+------------+
    |    Variable Name    | Operation| DSP48E| FF| LUT| Bitwidth P0| Bitwidth P1|
    +---------------------+----------+-------+---+----+------------+------------+
    |i_3_fu_126_p2        |     +    |      0|  0|  12|           3|           1|
    |j_3_fu_160_p2        |     +    |      0|  0|  12|           3|           1|
    |k_3_fu_214_p2        |     +    |      0|  0|  12|           3|           1|
    |tmp_17_fu_148_p2     |     +    |      0|  0|  15|           6|           6|
    |tmp_18_fu_170_p2     |     +    |      0|  0|  15|           6|           6|
    |tmp_19_fu_191_p2     |     +    |      0|  0|  71|          64|          64|
    |tmp_20_fu_224_p2     |     +    |      0|  0|  71|          64|          64|
    |tmp_9_fu_197_p2      |     +    |      0|  0|  71|          64|          64|
    |ap_block_state11     |    and   |      0|  0|   2|           1|           1|
    |exitcond1_fu_154_p2  |   icmp   |      0|  0|   9|           3|           3|
    |exitcond2_fu_120_p2  |   icmp   |      0|  0|   9|           3|           3|
    |exitcond_fu_208_p2   |   icmp   |      0|  0|   9|           3|           3|
    +---------------------+----------+-------+---+----+------------+------------+
    |Total                |          |      0|  0| 308|         223|         217|
    +---------------------+----------+-------+---+----+------------+------------+

    * Multiplexer: 
    +--------------------------------------+----+-----------+-----+-----------+
    |                 Name                 | LUT| Input Size| Bits| Total Bits|
    +--------------------------------------+----+-----------+-----+-----------+
    |ap_NS_fsm                             |  56|         13|    1|         13|
    |ap_sig_ioackin_m_axi_weights_ARREADY  |   9|          2|    1|          2|
    |i_reg_83                              |   9|          2|    3|          6|
    |j_reg_94                              |   9|          2|    3|          6|
    |k_reg_105                             |   9|          2|    3|          6|
    |weights_blk_n_AR                      |   9|          2|    1|          2|
    |weights_blk_n_R                       |   9|          2|    1|          2|
    +--------------------------------------+----+-----------+-----+-----------+
    |Total                                 | 110|         25|   13|         37|
    +--------------------------------------+----+-----------+-----+-----------+

    * Register: 
    +--------------------------------------+----+----+-----+-----------+
    |                 Name                 | FF | LUT| Bits| Const Bits|
    +--------------------------------------+----+----+-----+-----------+
    |ap_CS_fsm                             |  12|   0|   12|          0|
    |ap_reg_ioackin_m_axi_weights_ARREADY  |   1|   0|    1|          0|
    |i_3_reg_237                           |   3|   0|    3|          0|
    |i_reg_83                              |   3|   0|    3|          0|
    |j_3_reg_250                           |   3|   0|    3|          0|
    |j_reg_94                              |   3|   0|    3|          0|
    |k_3_reg_269                           |   3|   0|    3|          0|
    |k_reg_105                             |   3|   0|    3|          0|
    |sext_reg_229                          |  30|   0|   64|         34|
    |tmp_17_reg_242                        |   6|   0|    6|          0|
    |tmp_19_reg_255                        |  64|   0|   64|          0|
    |tmp_20_reg_274                        |  64|   0|   64|          0|
    |weights_addr_read_reg_279             |  32|   0|   32|          0|
    |weights_addr_reg_260                  |  32|   0|   32|          0|
    +--------------------------------------+----+----+-----+-----------+
    |Total                                 | 259|   0|  293|         34|
    +--------------------------------------+----+----+-----+-----------+



================================================================
== Interface
================================================================
* Summary: 
+------------------------+-----+-----+------------+----------------+--------------+
|        RTL Ports       | Dir | Bits|  Protocol  |  Source Object |    C Type    |
+------------------------+-----+-----+------------+----------------+--------------+
|ap_clk                  |  in |    1| ap_ctrl_hs |  store_weights | return value |
|ap_rst                  |  in |    1| ap_ctrl_hs |  store_weights | return value |
|ap_start                |  in |    1| ap_ctrl_hs |  store_weights | return value |
|ap_done                 | out |    1| ap_ctrl_hs |  store_weights | return value |
|ap_idle                 | out |    1| ap_ctrl_hs |  store_weights | return value |
|ap_ready                | out |    1| ap_ctrl_hs |  store_weights | return value |
|m_axi_weights_AWVALID   | out |    1|    m_axi   |     weights    |    pointer   |
|m_axi_weights_AWREADY   |  in |    1|    m_axi   |     weights    |    pointer   |
|m_axi_weights_AWADDR    | out |   32|    m_axi   |     weights    |    pointer   |
|m_axi_weights_AWID      | out |    1|    m_axi   |     weights    |    pointer   |
|m_axi_weights_AWLEN     | out |   32|    m_axi   |     weights    |    pointer   |
|m_axi_weights_AWSIZE    | out |    3|    m_axi   |     weights    |    pointer   |
|m_axi_weights_AWBURST   | out |    2|    m_axi   |     weights    |    pointer   |
|m_axi_weights_AWLOCK    | out |    2|    m_axi   |     weights    |    pointer   |
|m_axi_weights_AWCACHE   | out |    4|    m_axi   |     weights    |    pointer   |
|m_axi_weights_AWPROT    | out |    3|    m_axi   |     weights    |    pointer   |
|m_axi_weights_AWQOS     | out |    4|    m_axi   |     weights    |    pointer   |
|m_axi_weights_AWREGION  | out |    4|    m_axi   |     weights    |    pointer   |
|m_axi_weights_AWUSER    | out |    1|    m_axi   |     weights    |    pointer   |
|m_axi_weights_WVALID    | out |    1|    m_axi   |     weights    |    pointer   |
|m_axi_weights_WREADY    |  in |    1|    m_axi   |     weights    |    pointer   |
|m_axi_weights_WDATA     | out |   32|    m_axi   |     weights    |    pointer   |
|m_axi_weights_WSTRB     | out |    4|    m_axi   |     weights    |    pointer   |
|m_axi_weights_WLAST     | out |    1|    m_axi   |     weights    |    pointer   |
|m_axi_weights_WID       | out |    1|    m_axi   |     weights    |    pointer   |
|m_axi_weights_WUSER     | out |    1|    m_axi   |     weights    |    pointer   |
|m_axi_weights_ARVALID   | out |    1|    m_axi   |     weights    |    pointer   |
|m_axi_weights_ARREADY   |  in |    1|    m_axi   |     weights    |    pointer   |
|m_axi_weights_ARADDR    | out |   32|    m_axi   |     weights    |    pointer   |
|m_axi_weights_ARID      | out |    1|    m_axi   |     weights    |    pointer   |
|m_axi_weights_ARLEN     | out |   32|    m_axi   |     weights    |    pointer   |
|m_axi_weights_ARSIZE    | out |    3|    m_axi   |     weights    |    pointer   |
|m_axi_weights_ARBURST   | out |    2|    m_axi   |     weights    |    pointer   |
|m_axi_weights_ARLOCK    | out |    2|    m_axi   |     weights    |    pointer   |
|m_axi_weights_ARCACHE   | out |    4|    m_axi   |     weights    |    pointer   |
|m_axi_weights_ARPROT    | out |    3|    m_axi   |     weights    |    pointer   |
|m_axi_weights_ARQOS     | out |    4|    m_axi   |     weights    |    pointer   |
|m_axi_weights_ARREGION  | out |    4|    m_axi   |     weights    |    pointer   |
|m_axi_weights_ARUSER    | out |    1|    m_axi   |     weights    |    pointer   |
|m_axi_weights_RVALID    |  in |    1|    m_axi   |     weights    |    pointer   |
|m_axi_weights_RREADY    | out |    1|    m_axi   |     weights    |    pointer   |
|m_axi_weights_RDATA     |  in |   32|    m_axi   |     weights    |    pointer   |
|m_axi_weights_RLAST     |  in |    1|    m_axi   |     weights    |    pointer   |
|m_axi_weights_RID       |  in |    1|    m_axi   |     weights    |    pointer   |
|m_axi_weights_RUSER     |  in |    1|    m_axi   |     weights    |    pointer   |
|m_axi_weights_RRESP     |  in |    2|    m_axi   |     weights    |    pointer   |
|m_axi_weights_BVALID    |  in |    1|    m_axi   |     weights    |    pointer   |
|m_axi_weights_BREADY    | out |    1|    m_axi   |     weights    |    pointer   |
|m_axi_weights_BRESP     |  in |    2|    m_axi   |     weights    |    pointer   |
|m_axi_weights_BID       |  in |    1|    m_axi   |     weights    |    pointer   |
|m_axi_weights_BUSER     |  in |    1|    m_axi   |     weights    |    pointer   |
|weights_offset          |  in |   30|   ap_none  | weights_offset |    scalar    |
|weights_oc_0_address0   | out |    8|  ap_memory |  weights_oc_0  |     array    |
|weights_oc_0_ce0        | out |    1|  ap_memory |  weights_oc_0  |     array    |
|weights_oc_0_we0        | out |    1|  ap_memory |  weights_oc_0  |     array    |
|weights_oc_0_d0         | out |   32|  ap_memory |  weights_oc_0  |     array    |
+------------------------+-----+-----+------------+----------------+--------------+

