

================================================================
== Vivado HLS Report for 'store_weights_5'
================================================================
* Date:           Thu Oct 25 23:32:29 2018

* Version:        2018.2 (Build 2258646 on Thu Jun 14 20:25:20 MDT 2018)
* Project:        lenet
* Solution:       lenet
* Product family: zynq
* Target device:  xc7z020clg484-1


================================================================
== Performance Estimates
================================================================
+ Timing (ns): 
    * Summary: 
    +--------+-------+----------+------------+
    |  Clock | Target| Estimated| Uncertainty|
    +--------+-------+----------+------------+
    |ap_clk  |  10.00|     8.750|        1.25|
    +--------+-------+----------+------------+

+ Latency (clock cycles): 
    * Summary: 
    +--------+--------+--------+--------+---------+
    |     Latency     |     Interval    | Pipeline|
    |   min  |   max  |   min  |   max  |   Type  |
    +--------+--------+--------+--------+---------+
    |  186481|  186481|  186481|  186481|   none  |
    +--------+--------+--------+--------+---------+

    + Detail: 
        * Instance: 
        N/A

        * Loop: 
        +---------------------+--------+--------+----------+-----------+-----------+------+----------+
        |                     |     Latency     | Iteration|  Initiation Interval  | Trip |          |
        |      Loop Name      |   min  |   max  |  Latency |  achieved |   target  | Count| Pipelined|
        +---------------------+--------+--------+----------+-----------+-----------+------+----------+
        |- Loop 1             |  186480|  186480|      1554|          -|          -|   120|    no    |
        | + Loop 1.1          |    1552|    1552|        97|          -|          -|    16|    no    |
        |  ++ Loop 1.1.1      |      95|      95|        19|          -|          -|     5|    no    |
        |   +++ Loop 1.1.1.1  |      10|      10|         2|          -|          -|     5|    no    |
        +---------------------+--------+--------+----------+-----------+-----------+------+----------+



================================================================
== Utilization Estimates
================================================================
* Summary: 
+-----------------+---------+-------+--------+-------+
|       Name      | BRAM_18K| DSP48E|   FF   |  LUT  |
+-----------------+---------+-------+--------+-------+
|DSP              |        -|      -|       -|      -|
|Expression       |        -|      -|       0|    463|
|FIFO             |        -|      -|       -|      -|
|Instance         |        -|      -|       -|      -|
|Memory           |        -|      -|       -|      -|
|Multiplexer      |        -|      -|       -|    122|
|Register         |        -|      -|     343|      -|
+-----------------+---------+-------+--------+-------+
|Total            |        0|      0|     343|    585|
+-----------------+---------+-------+--------+-------+
|Available        |      280|    220|  106400|  53200|
+-----------------+---------+-------+--------+-------+
|Utilization (%)  |        0|      0|   ~0   |      1|
+-----------------+---------+-------+--------+-------+

+ Detail: 
    * Instance: 
    N/A

    * DSP48: 
    N/A

    * Memory: 
    N/A

    * FIFO: 
    N/A

    * Expression: 
    +---------------------+----------+-------+---+----+------------+------------+
    |    Variable Name    | Operation| DSP48E| FF| LUT| Bitwidth P0| Bitwidth P1|
    +---------------------+----------+-------+---+----+------------+------------+
    |i_1_fu_153_p2        |     +    |      0|  0|  15|           7|           1|
    |j_1_fu_220_p2        |     +    |      0|  0|  12|           3|           1|
    |k_1_fu_264_p2        |     +    |      0|  0|  12|           3|           1|
    |l_1_fu_177_p2        |     +    |      0|  0|  15|           5|           1|
    |tmp_3_fu_187_p2      |     +    |      0|  0|  12|          12|          12|
    |tmp_5_fu_247_p2      |     +    |      0|  0|  71|          64|          64|
    |tmp_7_fu_208_p2      |     +    |      0|  0|  71|          64|          64|
    |tmp_8_fu_230_p2      |     +    |      0|  0|  71|          64|          64|
    |tmp_9_fu_274_p2      |     +    |      0|  0|  71|          64|          64|
    |tmp_s_fu_241_p2      |     +    |      0|  0|  71|          64|          64|
    |ap_block_state12     |    and   |      0|  0|   2|           1|           1|
    |exitcond1_fu_214_p2  |   icmp   |      0|  0|   9|           3|           3|
    |exitcond2_fu_171_p2  |   icmp   |      0|  0|  11|           5|           6|
    |exitcond3_fu_147_p2  |   icmp   |      0|  0|  11|           7|           5|
    |exitcond_fu_258_p2   |   icmp   |      0|  0|   9|           3|           3|
    +---------------------+----------+-------+---+----+------------+------------+
    |Total                |          |      0|  0| 463|         369|         354|
    +---------------------+----------+-------+---+----+------------+------------+

    * Multiplexer: 
    +--------------------------------------+----+-----------+-----+-----------+
    |                 Name                 | LUT| Input Size| Bits| Total Bits|
    +--------------------------------------+----+-----------+-----+-----------+
    |ap_NS_fsm                             |  59|         14|    1|         14|
    |ap_sig_ioackin_m_axi_weights_ARREADY  |   9|          2|    1|          2|
    |i_reg_99                              |   9|          2|    7|         14|
    |j_reg_121                             |   9|          2|    3|          6|
    |k_reg_132                             |   9|          2|    3|          6|
    |l_reg_110                             |   9|          2|    5|         10|
    |weights_blk_n_AR                      |   9|          2|    1|          2|
    |weights_blk_n_R                       |   9|          2|    1|          2|
    +--------------------------------------+----+-----------+-----+-----------+
    |Total                                 | 122|         28|   22|         56|
    +--------------------------------------+----+-----------+-----+-----------+

    * Register: 
    +--------------------------------------+----+----+-----+-----------+
    |                 Name                 | FF | LUT| Bits| Const Bits|
    +--------------------------------------+----+----+-----+-----------+
    |ap_CS_fsm                             |  13|   0|   13|          0|
    |ap_reg_ioackin_m_axi_weights_ARREADY  |   1|   0|    1|          0|
    |i_1_reg_287                           |   7|   0|    7|          0|
    |i_reg_99                              |   7|   0|    7|          0|
    |j_1_reg_313                           |   3|   0|    3|          0|
    |j_reg_121                             |   3|   0|    3|          0|
    |k_1_reg_332                           |   3|   0|    3|          0|
    |k_reg_132                             |   3|   0|    3|          0|
    |l_1_reg_300                           |   5|   0|    5|          0|
    |l_reg_110                             |   5|   0|    5|          0|
    |sext_reg_279                          |  30|   0|   64|         34|
    |tmp_1_cast_reg_292                    |   7|   0|   12|          5|
    |tmp_7_reg_305                         |  64|   0|   64|          0|
    |tmp_9_reg_337                         |  64|   0|   64|          0|
    |tmp_s_reg_318                         |  64|   0|   64|          0|
    |weights_addr_read_reg_342             |  32|   0|   32|          0|
    |weights_addr_reg_323                  |  32|   0|   32|          0|
    +--------------------------------------+----+----+-----+-----------+
    |Total                                 | 343|   0|  382|         39|
    +--------------------------------------+----+----+-----+-----------+



================================================================
== Interface
================================================================
* Summary: 
+------------------------+-----+-----+------------+-----------------+--------------+
|        RTL Ports       | Dir | Bits|  Protocol  |  Source Object  |    C Type    |
+------------------------+-----+-----+------------+-----------------+--------------+
|ap_clk                  |  in |    1| ap_ctrl_hs | store_weights_5 | return value |
|ap_rst                  |  in |    1| ap_ctrl_hs | store_weights_5 | return value |
|ap_start                |  in |    1| ap_ctrl_hs | store_weights_5 | return value |
|ap_done                 | out |    1| ap_ctrl_hs | store_weights_5 | return value |
|ap_idle                 | out |    1| ap_ctrl_hs | store_weights_5 | return value |
|ap_ready                | out |    1| ap_ctrl_hs | store_weights_5 | return value |
|m_axi_weights_AWVALID   | out |    1|    m_axi   |     weights     |    pointer   |
|m_axi_weights_AWREADY   |  in |    1|    m_axi   |     weights     |    pointer   |
|m_axi_weights_AWADDR    | out |   32|    m_axi   |     weights     |    pointer   |
|m_axi_weights_AWID      | out |    1|    m_axi   |     weights     |    pointer   |
|m_axi_weights_AWLEN     | out |   32|    m_axi   |     weights     |    pointer   |
|m_axi_weights_AWSIZE    | out |    3|    m_axi   |     weights     |    pointer   |
|m_axi_weights_AWBURST   | out |    2|    m_axi   |     weights     |    pointer   |
|m_axi_weights_AWLOCK    | out |    2|    m_axi   |     weights     |    pointer   |
|m_axi_weights_AWCACHE   | out |    4|    m_axi   |     weights     |    pointer   |
|m_axi_weights_AWPROT    | out |    3|    m_axi   |     weights     |    pointer   |
|m_axi_weights_AWQOS     | out |    4|    m_axi   |     weights     |    pointer   |
|m_axi_weights_AWREGION  | out |    4|    m_axi   |     weights     |    pointer   |
|m_axi_weights_AWUSER    | out |    1|    m_axi   |     weights     |    pointer   |
|m_axi_weights_WVALID    | out |    1|    m_axi   |     weights     |    pointer   |
|m_axi_weights_WREADY    |  in |    1|    m_axi   |     weights     |    pointer   |
|m_axi_weights_WDATA     | out |   32|    m_axi   |     weights     |    pointer   |
|m_axi_weights_WSTRB     | out |    4|    m_axi   |     weights     |    pointer   |
|m_axi_weights_WLAST     | out |    1|    m_axi   |     weights     |    pointer   |
|m_axi_weights_WID       | out |    1|    m_axi   |     weights     |    pointer   |
|m_axi_weights_WUSER     | out |    1|    m_axi   |     weights     |    pointer   |
|m_axi_weights_ARVALID   | out |    1|    m_axi   |     weights     |    pointer   |
|m_axi_weights_ARREADY   |  in |    1|    m_axi   |     weights     |    pointer   |
|m_axi_weights_ARADDR    | out |   32|    m_axi   |     weights     |    pointer   |
|m_axi_weights_ARID      | out |    1|    m_axi   |     weights     |    pointer   |
|m_axi_weights_ARLEN     | out |   32|    m_axi   |     weights     |    pointer   |
|m_axi_weights_ARSIZE    | out |    3|    m_axi   |     weights     |    pointer   |
|m_axi_weights_ARBURST   | out |    2|    m_axi   |     weights     |    pointer   |
|m_axi_weights_ARLOCK    | out |    2|    m_axi   |     weights     |    pointer   |
|m_axi_weights_ARCACHE   | out |    4|    m_axi   |     weights     |    pointer   |
|m_axi_weights_ARPROT    | out |    3|    m_axi   |     weights     |    pointer   |
|m_axi_weights_ARQOS     | out |    4|    m_axi   |     weights     |    pointer   |
|m_axi_weights_ARREGION  | out |    4|    m_axi   |     weights     |    pointer   |
|m_axi_weights_ARUSER    | out |    1|    m_axi   |     weights     |    pointer   |
|m_axi_weights_RVALID    |  in |    1|    m_axi   |     weights     |    pointer   |
|m_axi_weights_RREADY    | out |    1|    m_axi   |     weights     |    pointer   |
|m_axi_weights_RDATA     |  in |   32|    m_axi   |     weights     |    pointer   |
|m_axi_weights_RLAST     |  in |    1|    m_axi   |     weights     |    pointer   |
|m_axi_weights_RID       |  in |    1|    m_axi   |     weights     |    pointer   |
|m_axi_weights_RUSER     |  in |    1|    m_axi   |     weights     |    pointer   |
|m_axi_weights_RRESP     |  in |    2|    m_axi   |     weights     |    pointer   |
|m_axi_weights_BVALID    |  in |    1|    m_axi   |     weights     |    pointer   |
|m_axi_weights_BREADY    | out |    1|    m_axi   |     weights     |    pointer   |
|m_axi_weights_BRESP     |  in |    2|    m_axi   |     weights     |    pointer   |
|m_axi_weights_BID       |  in |    1|    m_axi   |     weights     |    pointer   |
|m_axi_weights_BUSER     |  in |    1|    m_axi   |     weights     |    pointer   |
|weights_offset          |  in |   30|   ap_none  |  weights_offset |    scalar    |
|weights_oc_address0     | out |   16|  ap_memory |    weights_oc   |     array    |
|weights_oc_ce0          | out |    1|  ap_memory |    weights_oc   |     array    |
|weights_oc_we0          | out |    1|  ap_memory |    weights_oc   |     array    |
|weights_oc_d0           | out |   32|  ap_memory |    weights_oc   |     array    |
+------------------------+-----+-----+------------+-----------------+--------------+

