

================================================================
== Vivado HLS Report for 'fc_6'
================================================================
* Date:           Thu Oct 25 23:32:20 2018

* Version:        2018.2 (Build 2258646 on Thu Jun 14 20:25:20 MDT 2018)
* Project:        lenet
* Solution:       lenet
* Product family: zynq
* Target device:  xc7z020clg484-1


================================================================
== Performance Estimates
================================================================
+ Timing (ns): 
    * Summary: 
    +--------+-------+----------+------------+
    |  Clock | Target| Estimated| Uncertainty|
    +--------+-------+----------+------------+
    |ap_clk  |  10.00|     8.750|        1.25|
    +--------+-------+----------+------------+

+ Latency (clock cycles): 
    * Summary: 
    +-------+-------+-------+-------+---------+
    |    Latency    |    Interval   | Pipeline|
    |  min  |  max  |  min  |  max  |   Type  |
    +-------+-------+-------+-------+---------+
    |  13357|  13357|  13357|  13357|   none  |
    +-------+-------+-------+-------+---------+

    + Detail: 
        * Instance: 
        N/A

        * Loop: 
        +-------------+-------+-------+----------+-----------+-----------+------+----------+
        |             |    Latency    | Iteration|  Initiation Interval  | Trip |          |
        |  Loop Name  |  min  |  max  |  Latency |  achieved |   target  | Count| Pipelined|
        +-------------+-------+-------+----------+-----------+-----------+------+----------+
        |- Loop 1     |  13350|  13350|      1335|          -|          -|    10|    no    |
        | + Loop 1.1  |   1320|   1320|        11|          -|          -|   120|    no    |
        +-------------+-------+-------+----------+-----------+-----------+------+----------+

============================================================
+ Verbose Summary: Synthesis Manager
============================================================
InlineROM: 1
ExposeGlobal: 0
============================================================
+ Verbose Summary: CDFG Model
============================================================
IsTopModel: 0
ResetActiveHigh: 1
IsCombinational: 0
IsDatapathOnly: 0
HasWiredReturn: 1
HasMFsm: 0
HasVarLatency: 1
IsPipeline: 0
IsRtlPipelined: 0
IsInstanceOverlapped: 0
IsDontTouch: 0
HasImplIP: 0
IsGatedGlobalClock: 0


============================================================
+ Verbose Summary: Schedule
============================================================
* Number of FSM states : 32
* Pipeline : 0
* Dataflow Pipeline: 0

* FSM state transitions: 
1 --> 
	2  / true
2 --> 
	3  / true
3 --> 
	4  / true
4 --> 
	5  / true
5 --> 
	6  / true
6 --> 
	7  / true
7 --> 
	8  / true
8 --> 
	9  / (!exitcond1)
9 --> 
	10  / true
10 --> 
	11  / true
11 --> 
	12  / true
12 --> 
	13  / true
13 --> 
	14  / true
14 --> 
	15  / true
15 --> 
	16  / true
16 --> 
	17  / (!exitcond)
	27  / (exitcond)
17 --> 
	18  / true
18 --> 
	19  / true
19 --> 
	20  / true
20 --> 
	21  / true
21 --> 
	22  / true
22 --> 
	23  / true
23 --> 
	24  / true
24 --> 
	25  / true
25 --> 
	26  / true
26 --> 
	16  / true
27 --> 
	28  / true
28 --> 
	29  / true
29 --> 
	30  / true
30 --> 
	31  / true
31 --> 
	32  / true
32 --> 
	8  / true

* FSM state operations: 

State 1 <SV = 0> <Delay = 8.75>
ST_1 : Operation 33 [1/1] (0.00ns)   --->   "%bias_offset_read = call i30 @_ssdm_op_Read.ap_auto.i30(i30 %bias_offset)"   --->   Operation 33 'read' 'bias_offset_read' <Predicate = true> <Delay = 0.00>
ST_1 : Operation 34 [1/1] (0.00ns)   --->   "%sext2 = zext i30 %bias_offset_read to i64"   --->   Operation 34 'zext' 'sext2' <Predicate = true> <Delay = 0.00>
ST_1 : Operation 35 [1/1] (0.00ns)   --->   "%bias_addr = getelementptr float* %bias, i64 %sext2"   --->   Operation 35 'getelementptr' 'bias_addr' <Predicate = true> <Delay = 0.00>
ST_1 : Operation 36 [7/7] (8.75ns)   --->   "%bias_addr_rd_req = call i1 @_ssdm_op_ReadReq.m_axi.floatP(float* %bias_addr, i32 10)" [ECE527_MP4_Tutorial_Files/Tutorial_Files/accelerator_hls/lenet_acc.cpp:236]   --->   Operation 36 'readreq' 'bias_addr_rd_req' <Predicate = true> <Delay = 8.75> <Core = "m_axi">   --->   Core 9 'm_axi' <Latency = 6> <II = 1> <Delay = 1.00> <Adapter> <Opcode : 'read' 'write' 'readreq' 'writereq' 'writeresp'>

State 2 <SV = 1> <Delay = 8.75>
ST_2 : Operation 37 [6/7] (8.75ns)   --->   "%bias_addr_rd_req = call i1 @_ssdm_op_ReadReq.m_axi.floatP(float* %bias_addr, i32 10)" [ECE527_MP4_Tutorial_Files/Tutorial_Files/accelerator_hls/lenet_acc.cpp:236]   --->   Operation 37 'readreq' 'bias_addr_rd_req' <Predicate = true> <Delay = 8.75> <Core = "m_axi">   --->   Core 9 'm_axi' <Latency = 6> <II = 1> <Delay = 1.00> <Adapter> <Opcode : 'read' 'write' 'readreq' 'writereq' 'writeresp'>

State 3 <SV = 2> <Delay = 8.75>
ST_3 : Operation 38 [5/7] (8.75ns)   --->   "%bias_addr_rd_req = call i1 @_ssdm_op_ReadReq.m_axi.floatP(float* %bias_addr, i32 10)" [ECE527_MP4_Tutorial_Files/Tutorial_Files/accelerator_hls/lenet_acc.cpp:236]   --->   Operation 38 'readreq' 'bias_addr_rd_req' <Predicate = true> <Delay = 8.75> <Core = "m_axi">   --->   Core 9 'm_axi' <Latency = 6> <II = 1> <Delay = 1.00> <Adapter> <Opcode : 'read' 'write' 'readreq' 'writereq' 'writeresp'>

State 4 <SV = 3> <Delay = 8.75>
ST_4 : Operation 39 [4/7] (8.75ns)   --->   "%bias_addr_rd_req = call i1 @_ssdm_op_ReadReq.m_axi.floatP(float* %bias_addr, i32 10)" [ECE527_MP4_Tutorial_Files/Tutorial_Files/accelerator_hls/lenet_acc.cpp:236]   --->   Operation 39 'readreq' 'bias_addr_rd_req' <Predicate = true> <Delay = 8.75> <Core = "m_axi">   --->   Core 9 'm_axi' <Latency = 6> <II = 1> <Delay = 1.00> <Adapter> <Opcode : 'read' 'write' 'readreq' 'writereq' 'writeresp'>

State 5 <SV = 4> <Delay = 8.75>
ST_5 : Operation 40 [3/7] (8.75ns)   --->   "%bias_addr_rd_req = call i1 @_ssdm_op_ReadReq.m_axi.floatP(float* %bias_addr, i32 10)" [ECE527_MP4_Tutorial_Files/Tutorial_Files/accelerator_hls/lenet_acc.cpp:236]   --->   Operation 40 'readreq' 'bias_addr_rd_req' <Predicate = true> <Delay = 8.75> <Core = "m_axi">   --->   Core 9 'm_axi' <Latency = 6> <II = 1> <Delay = 1.00> <Adapter> <Opcode : 'read' 'write' 'readreq' 'writereq' 'writeresp'>

State 6 <SV = 5> <Delay = 8.75>
ST_6 : Operation 41 [2/7] (8.75ns)   --->   "%bias_addr_rd_req = call i1 @_ssdm_op_ReadReq.m_axi.floatP(float* %bias_addr, i32 10)" [ECE527_MP4_Tutorial_Files/Tutorial_Files/accelerator_hls/lenet_acc.cpp:236]   --->   Operation 41 'readreq' 'bias_addr_rd_req' <Predicate = true> <Delay = 8.75> <Core = "m_axi">   --->   Core 9 'm_axi' <Latency = 6> <II = 1> <Delay = 1.00> <Adapter> <Opcode : 'read' 'write' 'readreq' 'writereq' 'writeresp'>

State 7 <SV = 6> <Delay = 8.75>
ST_7 : Operation 42 [1/1] (0.00ns)   --->   "%weights_offset_read = call i30 @_ssdm_op_Read.ap_auto.i30(i30 %weights_offset)"   --->   Operation 42 'read' 'weights_offset_read' <Predicate = true> <Delay = 0.00>
ST_7 : Operation 43 [1/1] (0.00ns)   --->   "%weights_offset_cast = zext i30 %weights_offset_read to i32"   --->   Operation 43 'zext' 'weights_offset_cast' <Predicate = true> <Delay = 0.00>
ST_7 : Operation 44 [1/1] (0.00ns)   --->   "call void (...)* @_ssdm_op_SpecInterface(float* %bias, [6 x i8]* @p_str514, i32 0, i32 0, [1 x i8]* @p_str211, i32 0, i32 120, [10 x i8]* @p_str918, [6 x i8]* @p_str716, [1 x i8]* @p_str211, i32 16, i32 16, i32 16, i32 16, [1 x i8]* @p_str211, [1 x i8]* @p_str211)"   --->   Operation 44 'specinterface' <Predicate = true> <Delay = 0.00>
ST_7 : Operation 45 [1/1] (0.00ns)   --->   "call void (...)* @_ssdm_op_SpecInterface(float* %weights, [6 x i8]* @p_str514, i32 0, i32 0, [1 x i8]* @p_str211, i32 0, i32 1200, [12 x i8]* @p_str817, [6 x i8]* @p_str716, [1 x i8]* @p_str211, i32 16, i32 16, i32 16, i32 16, [1 x i8]* @p_str211, [1 x i8]* @p_str211)"   --->   Operation 45 'specinterface' <Predicate = true> <Delay = 0.00>
ST_7 : Operation 46 [1/7] (8.75ns)   --->   "%bias_addr_rd_req = call i1 @_ssdm_op_ReadReq.m_axi.floatP(float* %bias_addr, i32 10)" [ECE527_MP4_Tutorial_Files/Tutorial_Files/accelerator_hls/lenet_acc.cpp:236]   --->   Operation 46 'readreq' 'bias_addr_rd_req' <Predicate = true> <Delay = 8.75> <Core = "m_axi">   --->   Core 9 'm_axi' <Latency = 6> <II = 1> <Delay = 1.00> <Adapter> <Opcode : 'read' 'write' 'readreq' 'writereq' 'writeresp'>
ST_7 : Operation 47 [1/1] (1.76ns)   --->   "br label %1" [ECE527_MP4_Tutorial_Files/Tutorial_Files/accelerator_hls/lenet_acc.cpp:229]   --->   Operation 47 'br' <Predicate = true> <Delay = 1.76>

State 8 <SV = 7> <Delay = 4.13>
ST_8 : Operation 48 [1/1] (0.00ns)   --->   "%n = phi i4 [ 0, %0 ], [ %n_1, %5 ]"   --->   Operation 48 'phi' 'n' <Predicate = true> <Delay = 0.00>
ST_8 : Operation 49 [1/1] (1.30ns)   --->   "%exitcond1 = icmp eq i4 %n, -6" [ECE527_MP4_Tutorial_Files/Tutorial_Files/accelerator_hls/lenet_acc.cpp:229]   --->   Operation 49 'icmp' 'exitcond1' <Predicate = true> <Delay = 1.30> <Core = "Cmp">   --->   Core 25 'Cmp' <Latency = 0> <II = 1> <Delay = 1.48> <FuncUnit> <Opcode : 'icmp'> <InPorts = 2> <OutPorts = 1>
ST_8 : Operation 50 [1/1] (0.00ns)   --->   "%empty = call i32 (...)* @_ssdm_op_SpecLoopTripCount(i64 10, i64 10, i64 10)"   --->   Operation 50 'speclooptripcount' 'empty' <Predicate = true> <Delay = 0.00>
ST_8 : Operation 51 [1/1] (1.73ns)   --->   "%n_1 = add i4 %n, 1" [ECE527_MP4_Tutorial_Files/Tutorial_Files/accelerator_hls/lenet_acc.cpp:229]   --->   Operation 51 'add' 'n_1' <Predicate = true> <Delay = 1.73> <Core = "AddSub">   --->   Core 14 'AddSub' <Latency = 0> <II = 1> <Delay = 1.87> <FuncUnit> <Opcode : 'add' 'sub'> <InPorts = 2> <OutPorts = 1>
ST_8 : Operation 52 [1/1] (0.00ns)   --->   "br i1 %exitcond1, label %6, label %2" [ECE527_MP4_Tutorial_Files/Tutorial_Files/accelerator_hls/lenet_acc.cpp:229]   --->   Operation 52 'br' <Predicate = true> <Delay = 0.00>
ST_8 : Operation 53 [1/1] (0.00ns)   --->   "%tmp_59 = call i11 @_ssdm_op_BitConcatenate.i11.i4.i7(i4 %n, i7 0)" [ECE527_MP4_Tutorial_Files/Tutorial_Files/accelerator_hls/lenet_acc.cpp:229]   --->   Operation 53 'bitconcatenate' 'tmp_59' <Predicate = (!exitcond1)> <Delay = 0.00>
ST_8 : Operation 54 [1/1] (0.00ns)   --->   "%p_shl_cast = zext i11 %tmp_59 to i12" [ECE527_MP4_Tutorial_Files/Tutorial_Files/accelerator_hls/lenet_acc.cpp:229]   --->   Operation 54 'zext' 'p_shl_cast' <Predicate = (!exitcond1)> <Delay = 0.00>
ST_8 : Operation 55 [1/1] (0.00ns)   --->   "%tmp_60 = call i7 @_ssdm_op_BitConcatenate.i7.i4.i3(i4 %n, i3 0)" [ECE527_MP4_Tutorial_Files/Tutorial_Files/accelerator_hls/lenet_acc.cpp:229]   --->   Operation 55 'bitconcatenate' 'tmp_60' <Predicate = (!exitcond1)> <Delay = 0.00>
ST_8 : Operation 56 [1/1] (0.00ns)   --->   "%p_shl6_cast = zext i7 %tmp_60 to i12" [ECE527_MP4_Tutorial_Files/Tutorial_Files/accelerator_hls/lenet_acc.cpp:234]   --->   Operation 56 'zext' 'p_shl6_cast' <Predicate = (!exitcond1)> <Delay = 0.00>
ST_8 : Operation 57 [1/1] (1.63ns)   --->   "%tmp_61 = sub i12 %p_shl_cast, %p_shl6_cast" [ECE527_MP4_Tutorial_Files/Tutorial_Files/accelerator_hls/lenet_acc.cpp:234]   --->   Operation 57 'sub' 'tmp_61' <Predicate = (!exitcond1)> <Delay = 1.63> <Core = "AddSub">   --->   Core 14 'AddSub' <Latency = 0> <II = 1> <Delay = 1.87> <FuncUnit> <Opcode : 'add' 'sub'> <InPorts = 2> <OutPorts = 1>
ST_8 : Operation 58 [1/1] (0.00ns)   --->   "%tmp_43 = sext i12 %tmp_61 to i32" [ECE527_MP4_Tutorial_Files/Tutorial_Files/accelerator_hls/lenet_acc.cpp:234]   --->   Operation 58 'sext' 'tmp_43' <Predicate = (!exitcond1)> <Delay = 0.00>
ST_8 : Operation 59 [1/1] (2.49ns)   --->   "%tmp_44 = add i32 %weights_offset_cast, %tmp_43" [ECE527_MP4_Tutorial_Files/Tutorial_Files/accelerator_hls/lenet_acc.cpp:234]   --->   Operation 59 'add' 'tmp_44' <Predicate = (!exitcond1)> <Delay = 2.49> <Core = "AddSub">   --->   Core 14 'AddSub' <Latency = 0> <II = 1> <Delay = 1.87> <FuncUnit> <Opcode : 'add' 'sub'> <InPorts = 2> <OutPorts = 1>
ST_8 : Operation 60 [1/1] (0.00ns)   --->   "ret void" [ECE527_MP4_Tutorial_Files/Tutorial_Files/accelerator_hls/lenet_acc.cpp:238]   --->   Operation 60 'ret' <Predicate = (exitcond1)> <Delay = 0.00>

State 9 <SV = 8> <Delay = 8.75>
ST_9 : Operation 61 [1/1] (0.00ns)   --->   "%tmp_45 = sext i32 %tmp_44 to i64" [ECE527_MP4_Tutorial_Files/Tutorial_Files/accelerator_hls/lenet_acc.cpp:234]   --->   Operation 61 'sext' 'tmp_45' <Predicate = true> <Delay = 0.00>
ST_9 : Operation 62 [1/1] (0.00ns)   --->   "%weights_addr = getelementptr float* %weights, i64 %tmp_45" [ECE527_MP4_Tutorial_Files/Tutorial_Files/accelerator_hls/lenet_acc.cpp:234]   --->   Operation 62 'getelementptr' 'weights_addr' <Predicate = true> <Delay = 0.00>
ST_9 : Operation 63 [7/7] (8.75ns)   --->   "%p_rd_req = call i1 @_ssdm_op_ReadReq.m_axi.floatP(float* %weights_addr, i32 120)" [ECE527_MP4_Tutorial_Files/Tutorial_Files/accelerator_hls/lenet_acc.cpp:234]   --->   Operation 63 'readreq' 'p_rd_req' <Predicate = true> <Delay = 8.75> <Core = "m_axi">   --->   Core 9 'm_axi' <Latency = 6> <II = 1> <Delay = 1.00> <Adapter> <Opcode : 'read' 'write' 'readreq' 'writereq' 'writeresp'>

State 10 <SV = 9> <Delay = 8.75>
ST_10 : Operation 64 [6/7] (8.75ns)   --->   "%p_rd_req = call i1 @_ssdm_op_ReadReq.m_axi.floatP(float* %weights_addr, i32 120)" [ECE527_MP4_Tutorial_Files/Tutorial_Files/accelerator_hls/lenet_acc.cpp:234]   --->   Operation 64 'readreq' 'p_rd_req' <Predicate = true> <Delay = 8.75> <Core = "m_axi">   --->   Core 9 'm_axi' <Latency = 6> <II = 1> <Delay = 1.00> <Adapter> <Opcode : 'read' 'write' 'readreq' 'writereq' 'writeresp'>

State 11 <SV = 10> <Delay = 8.75>
ST_11 : Operation 65 [5/7] (8.75ns)   --->   "%p_rd_req = call i1 @_ssdm_op_ReadReq.m_axi.floatP(float* %weights_addr, i32 120)" [ECE527_MP4_Tutorial_Files/Tutorial_Files/accelerator_hls/lenet_acc.cpp:234]   --->   Operation 65 'readreq' 'p_rd_req' <Predicate = true> <Delay = 8.75> <Core = "m_axi">   --->   Core 9 'm_axi' <Latency = 6> <II = 1> <Delay = 1.00> <Adapter> <Opcode : 'read' 'write' 'readreq' 'writereq' 'writeresp'>

State 12 <SV = 11> <Delay = 8.75>
ST_12 : Operation 66 [4/7] (8.75ns)   --->   "%p_rd_req = call i1 @_ssdm_op_ReadReq.m_axi.floatP(float* %weights_addr, i32 120)" [ECE527_MP4_Tutorial_Files/Tutorial_Files/accelerator_hls/lenet_acc.cpp:234]   --->   Operation 66 'readreq' 'p_rd_req' <Predicate = true> <Delay = 8.75> <Core = "m_axi">   --->   Core 9 'm_axi' <Latency = 6> <II = 1> <Delay = 1.00> <Adapter> <Opcode : 'read' 'write' 'readreq' 'writereq' 'writeresp'>

State 13 <SV = 12> <Delay = 8.75>
ST_13 : Operation 67 [3/7] (8.75ns)   --->   "%p_rd_req = call i1 @_ssdm_op_ReadReq.m_axi.floatP(float* %weights_addr, i32 120)" [ECE527_MP4_Tutorial_Files/Tutorial_Files/accelerator_hls/lenet_acc.cpp:234]   --->   Operation 67 'readreq' 'p_rd_req' <Predicate = true> <Delay = 8.75> <Core = "m_axi">   --->   Core 9 'm_axi' <Latency = 6> <II = 1> <Delay = 1.00> <Adapter> <Opcode : 'read' 'write' 'readreq' 'writereq' 'writeresp'>

State 14 <SV = 13> <Delay = 8.75>
ST_14 : Operation 68 [2/7] (8.75ns)   --->   "%p_rd_req = call i1 @_ssdm_op_ReadReq.m_axi.floatP(float* %weights_addr, i32 120)" [ECE527_MP4_Tutorial_Files/Tutorial_Files/accelerator_hls/lenet_acc.cpp:234]   --->   Operation 68 'readreq' 'p_rd_req' <Predicate = true> <Delay = 8.75> <Core = "m_axi">   --->   Core 9 'm_axi' <Latency = 6> <II = 1> <Delay = 1.00> <Adapter> <Opcode : 'read' 'write' 'readreq' 'writereq' 'writeresp'>

State 15 <SV = 14> <Delay = 8.75>
ST_15 : Operation 69 [1/1] (0.00ns)   --->   "%tmp = zext i4 %n to i64" [ECE527_MP4_Tutorial_Files/Tutorial_Files/accelerator_hls/lenet_acc.cpp:231]   --->   Operation 69 'zext' 'tmp' <Predicate = true> <Delay = 0.00>
ST_15 : Operation 70 [1/1] (0.00ns)   --->   "%output_addr = getelementptr [10 x float]* %output_r, i64 0, i64 %tmp" [ECE527_MP4_Tutorial_Files/Tutorial_Files/accelerator_hls/lenet_acc.cpp:231]   --->   Operation 70 'getelementptr' 'output_addr' <Predicate = true> <Delay = 0.00>
ST_15 : Operation 71 [1/7] (8.75ns)   --->   "%p_rd_req = call i1 @_ssdm_op_ReadReq.m_axi.floatP(float* %weights_addr, i32 120)" [ECE527_MP4_Tutorial_Files/Tutorial_Files/accelerator_hls/lenet_acc.cpp:234]   --->   Operation 71 'readreq' 'p_rd_req' <Predicate = true> <Delay = 8.75> <Core = "m_axi">   --->   Core 9 'm_axi' <Latency = 6> <II = 1> <Delay = 1.00> <Adapter> <Opcode : 'read' 'write' 'readreq' 'writereq' 'writeresp'>
ST_15 : Operation 72 [1/1] (1.76ns)   --->   "br label %3" [ECE527_MP4_Tutorial_Files/Tutorial_Files/accelerator_hls/lenet_acc.cpp:232]   --->   Operation 72 'br' <Predicate = true> <Delay = 1.76>

State 16 <SV = 15> <Delay = 8.75>
ST_16 : Operation 73 [1/1] (0.00ns)   --->   "%tmp_s = phi float [ 0.000000e+00, %2 ], [ %tmp_4, %4 ]" [ECE527_MP4_Tutorial_Files/Tutorial_Files/accelerator_hls/lenet_acc.cpp:234]   --->   Operation 73 'phi' 'tmp_s' <Predicate = true> <Delay = 0.00>
ST_16 : Operation 74 [1/1] (0.00ns)   --->   "%c = phi i7 [ 0, %2 ], [ %c_3, %4 ]"   --->   Operation 74 'phi' 'c' <Predicate = true> <Delay = 0.00>
ST_16 : Operation 75 [1/1] (1.48ns)   --->   "%exitcond = icmp eq i7 %c, -8" [ECE527_MP4_Tutorial_Files/Tutorial_Files/accelerator_hls/lenet_acc.cpp:232]   --->   Operation 75 'icmp' 'exitcond' <Predicate = true> <Delay = 1.48> <Core = "Cmp">   --->   Core 25 'Cmp' <Latency = 0> <II = 1> <Delay = 1.48> <FuncUnit> <Opcode : 'icmp'> <InPorts = 2> <OutPorts = 1>
ST_16 : Operation 76 [1/1] (0.00ns)   --->   "%empty_32 = call i32 (...)* @_ssdm_op_SpecLoopTripCount(i64 120, i64 120, i64 120)"   --->   Operation 76 'speclooptripcount' 'empty_32' <Predicate = true> <Delay = 0.00>
ST_16 : Operation 77 [1/1] (1.87ns)   --->   "%c_3 = add i7 %c, 1" [ECE527_MP4_Tutorial_Files/Tutorial_Files/accelerator_hls/lenet_acc.cpp:232]   --->   Operation 77 'add' 'c_3' <Predicate = true> <Delay = 1.87> <Core = "AddSub">   --->   Core 14 'AddSub' <Latency = 0> <II = 1> <Delay = 1.87> <FuncUnit> <Opcode : 'add' 'sub'> <InPorts = 2> <OutPorts = 1>
ST_16 : Operation 78 [1/1] (0.00ns)   --->   "br i1 %exitcond, label %5, label %4" [ECE527_MP4_Tutorial_Files/Tutorial_Files/accelerator_hls/lenet_acc.cpp:232]   --->   Operation 78 'br' <Predicate = true> <Delay = 0.00>
ST_16 : Operation 79 [1/1] (0.00ns)   --->   "%tmp_2 = zext i7 %c to i64" [ECE527_MP4_Tutorial_Files/Tutorial_Files/accelerator_hls/lenet_acc.cpp:234]   --->   Operation 79 'zext' 'tmp_2' <Predicate = (!exitcond)> <Delay = 0.00>
ST_16 : Operation 80 [1/1] (0.00ns)   --->   "%input_0_0_addr = getelementptr [120 x float]* %input_0_0, i64 0, i64 %tmp_2" [ECE527_MP4_Tutorial_Files/Tutorial_Files/accelerator_hls/lenet_acc.cpp:234]   --->   Operation 80 'getelementptr' 'input_0_0_addr' <Predicate = (!exitcond)> <Delay = 0.00>
ST_16 : Operation 81 [2/2] (3.25ns)   --->   "%input_0_0_load = load float* %input_0_0_addr, align 4" [ECE527_MP4_Tutorial_Files/Tutorial_Files/accelerator_hls/lenet_acc.cpp:234]   --->   Operation 81 'load' 'input_0_0_load' <Predicate = (!exitcond)> <Delay = 3.25> <Core = "RAM">   --->   Core 37 'RAM' <Latency = 1> <II = 1> <Delay = 2.32> <Storage> <Opcode : 'load' 'store'> <Ports = 2> <Width = 32> <Depth = 10> <RAM>
ST_16 : Operation 82 [1/1] (8.75ns)   --->   "%bias_addr_read = call float @_ssdm_op_Read.m_axi.floatP(float* %bias_addr)" [ECE527_MP4_Tutorial_Files/Tutorial_Files/accelerator_hls/lenet_acc.cpp:236]   --->   Operation 82 'read' 'bias_addr_read' <Predicate = (exitcond)> <Delay = 8.75> <Core = "m_axi">   --->   Core 9 'm_axi' <Latency = 6> <II = 1> <Delay = 1.00> <Adapter> <Opcode : 'read' 'write' 'readreq' 'writereq' 'writeresp'>

State 17 <SV = 16> <Delay = 8.75>
ST_17 : Operation 83 [1/1] (8.75ns)   --->   "%weights_addr_read = call float @_ssdm_op_Read.m_axi.floatP(float* %weights_addr)" [ECE527_MP4_Tutorial_Files/Tutorial_Files/accelerator_hls/lenet_acc.cpp:234]   --->   Operation 83 'read' 'weights_addr_read' <Predicate = true> <Delay = 8.75> <Core = "m_axi">   --->   Core 9 'm_axi' <Latency = 6> <II = 1> <Delay = 1.00> <Adapter> <Opcode : 'read' 'write' 'readreq' 'writereq' 'writeresp'>
ST_17 : Operation 84 [1/2] (3.25ns)   --->   "%input_0_0_load = load float* %input_0_0_addr, align 4" [ECE527_MP4_Tutorial_Files/Tutorial_Files/accelerator_hls/lenet_acc.cpp:234]   --->   Operation 84 'load' 'input_0_0_load' <Predicate = true> <Delay = 3.25> <Core = "RAM">   --->   Core 37 'RAM' <Latency = 1> <II = 1> <Delay = 2.32> <Storage> <Opcode : 'load' 'store'> <Ports = 2> <Width = 32> <Depth = 10> <RAM>

State 18 <SV = 17> <Delay = 5.70>
ST_18 : Operation 85 [4/4] (5.70ns)   --->   "%tmp_3 = fmul float %weights_addr_read, %input_0_0_load" [ECE527_MP4_Tutorial_Files/Tutorial_Files/accelerator_hls/lenet_acc.cpp:234]   --->   Operation 85 'fmul' 'tmp_3' <Predicate = true> <Delay = 5.70> <Core = "FMul">   --->   Core 100 'FMul' <Latency = 3> <II = 1> <Delay = 5.70> <FuncUnit> <Opcode : 'fmul'> <InPorts = 2> <OutPorts = 1>

State 19 <SV = 18> <Delay = 5.70>
ST_19 : Operation 86 [3/4] (5.70ns)   --->   "%tmp_3 = fmul float %weights_addr_read, %input_0_0_load" [ECE527_MP4_Tutorial_Files/Tutorial_Files/accelerator_hls/lenet_acc.cpp:234]   --->   Operation 86 'fmul' 'tmp_3' <Predicate = true> <Delay = 5.70> <Core = "FMul">   --->   Core 100 'FMul' <Latency = 3> <II = 1> <Delay = 5.70> <FuncUnit> <Opcode : 'fmul'> <InPorts = 2> <OutPorts = 1>

State 20 <SV = 19> <Delay = 5.70>
ST_20 : Operation 87 [2/4] (5.70ns)   --->   "%tmp_3 = fmul float %weights_addr_read, %input_0_0_load" [ECE527_MP4_Tutorial_Files/Tutorial_Files/accelerator_hls/lenet_acc.cpp:234]   --->   Operation 87 'fmul' 'tmp_3' <Predicate = true> <Delay = 5.70> <Core = "FMul">   --->   Core 100 'FMul' <Latency = 3> <II = 1> <Delay = 5.70> <FuncUnit> <Opcode : 'fmul'> <InPorts = 2> <OutPorts = 1>

State 21 <SV = 20> <Delay = 5.70>
ST_21 : Operation 88 [1/4] (5.70ns)   --->   "%tmp_3 = fmul float %weights_addr_read, %input_0_0_load" [ECE527_MP4_Tutorial_Files/Tutorial_Files/accelerator_hls/lenet_acc.cpp:234]   --->   Operation 88 'fmul' 'tmp_3' <Predicate = true> <Delay = 5.70> <Core = "FMul">   --->   Core 100 'FMul' <Latency = 3> <II = 1> <Delay = 5.70> <FuncUnit> <Opcode : 'fmul'> <InPorts = 2> <OutPorts = 1>

State 22 <SV = 21> <Delay = 7.25>
ST_22 : Operation 89 [5/5] (7.25ns)   --->   "%tmp_4 = fadd float %tmp_s, %tmp_3" [ECE527_MP4_Tutorial_Files/Tutorial_Files/accelerator_hls/lenet_acc.cpp:234]   --->   Operation 89 'fadd' 'tmp_4' <Predicate = true> <Delay = 7.25> <Core = "FAddSub">   --->   Core 99 'FAddSub' <Latency = 4> <II = 1> <Delay = 7.25> <FuncUnit> <Opcode : 'fadd' 'fsub'> <InPorts = 2> <OutPorts = 1>

State 23 <SV = 22> <Delay = 7.25>
ST_23 : Operation 90 [4/5] (7.25ns)   --->   "%tmp_4 = fadd float %tmp_s, %tmp_3" [ECE527_MP4_Tutorial_Files/Tutorial_Files/accelerator_hls/lenet_acc.cpp:234]   --->   Operation 90 'fadd' 'tmp_4' <Predicate = true> <Delay = 7.25> <Core = "FAddSub">   --->   Core 99 'FAddSub' <Latency = 4> <II = 1> <Delay = 7.25> <FuncUnit> <Opcode : 'fadd' 'fsub'> <InPorts = 2> <OutPorts = 1>

State 24 <SV = 23> <Delay = 7.25>
ST_24 : Operation 91 [3/5] (7.25ns)   --->   "%tmp_4 = fadd float %tmp_s, %tmp_3" [ECE527_MP4_Tutorial_Files/Tutorial_Files/accelerator_hls/lenet_acc.cpp:234]   --->   Operation 91 'fadd' 'tmp_4' <Predicate = true> <Delay = 7.25> <Core = "FAddSub">   --->   Core 99 'FAddSub' <Latency = 4> <II = 1> <Delay = 7.25> <FuncUnit> <Opcode : 'fadd' 'fsub'> <InPorts = 2> <OutPorts = 1>

State 25 <SV = 24> <Delay = 7.25>
ST_25 : Operation 92 [2/5] (7.25ns)   --->   "%tmp_4 = fadd float %tmp_s, %tmp_3" [ECE527_MP4_Tutorial_Files/Tutorial_Files/accelerator_hls/lenet_acc.cpp:234]   --->   Operation 92 'fadd' 'tmp_4' <Predicate = true> <Delay = 7.25> <Core = "FAddSub">   --->   Core 99 'FAddSub' <Latency = 4> <II = 1> <Delay = 7.25> <FuncUnit> <Opcode : 'fadd' 'fsub'> <InPorts = 2> <OutPorts = 1>

State 26 <SV = 25> <Delay = 7.25>
ST_26 : Operation 93 [1/5] (7.25ns)   --->   "%tmp_4 = fadd float %tmp_s, %tmp_3" [ECE527_MP4_Tutorial_Files/Tutorial_Files/accelerator_hls/lenet_acc.cpp:234]   --->   Operation 93 'fadd' 'tmp_4' <Predicate = true> <Delay = 7.25> <Core = "FAddSub">   --->   Core 99 'FAddSub' <Latency = 4> <II = 1> <Delay = 7.25> <FuncUnit> <Opcode : 'fadd' 'fsub'> <InPorts = 2> <OutPorts = 1>
ST_26 : Operation 94 [1/1] (0.00ns)   --->   "br label %3" [ECE527_MP4_Tutorial_Files/Tutorial_Files/accelerator_hls/lenet_acc.cpp:232]   --->   Operation 94 'br' <Predicate = true> <Delay = 0.00>

State 27 <SV = 16> <Delay = 7.25>
ST_27 : Operation 95 [5/5] (7.25ns)   --->   "%tmp_1 = fadd float %tmp_s, %bias_addr_read" [ECE527_MP4_Tutorial_Files/Tutorial_Files/accelerator_hls/lenet_acc.cpp:236]   --->   Operation 95 'fadd' 'tmp_1' <Predicate = true> <Delay = 7.25> <Core = "FAddSub">   --->   Core 99 'FAddSub' <Latency = 4> <II = 1> <Delay = 7.25> <FuncUnit> <Opcode : 'fadd' 'fsub'> <InPorts = 2> <OutPorts = 1>

State 28 <SV = 17> <Delay = 7.25>
ST_28 : Operation 96 [4/5] (7.25ns)   --->   "%tmp_1 = fadd float %tmp_s, %bias_addr_read" [ECE527_MP4_Tutorial_Files/Tutorial_Files/accelerator_hls/lenet_acc.cpp:236]   --->   Operation 96 'fadd' 'tmp_1' <Predicate = true> <Delay = 7.25> <Core = "FAddSub">   --->   Core 99 'FAddSub' <Latency = 4> <II = 1> <Delay = 7.25> <FuncUnit> <Opcode : 'fadd' 'fsub'> <InPorts = 2> <OutPorts = 1>

State 29 <SV = 18> <Delay = 7.25>
ST_29 : Operation 97 [3/5] (7.25ns)   --->   "%tmp_1 = fadd float %tmp_s, %bias_addr_read" [ECE527_MP4_Tutorial_Files/Tutorial_Files/accelerator_hls/lenet_acc.cpp:236]   --->   Operation 97 'fadd' 'tmp_1' <Predicate = true> <Delay = 7.25> <Core = "FAddSub">   --->   Core 99 'FAddSub' <Latency = 4> <II = 1> <Delay = 7.25> <FuncUnit> <Opcode : 'fadd' 'fsub'> <InPorts = 2> <OutPorts = 1>

State 30 <SV = 19> <Delay = 7.25>
ST_30 : Operation 98 [2/5] (7.25ns)   --->   "%tmp_1 = fadd float %tmp_s, %bias_addr_read" [ECE527_MP4_Tutorial_Files/Tutorial_Files/accelerator_hls/lenet_acc.cpp:236]   --->   Operation 98 'fadd' 'tmp_1' <Predicate = true> <Delay = 7.25> <Core = "FAddSub">   --->   Core 99 'FAddSub' <Latency = 4> <II = 1> <Delay = 7.25> <FuncUnit> <Opcode : 'fadd' 'fsub'> <InPorts = 2> <OutPorts = 1>

State 31 <SV = 20> <Delay = 7.25>
ST_31 : Operation 99 [1/5] (7.25ns)   --->   "%tmp_1 = fadd float %tmp_s, %bias_addr_read" [ECE527_MP4_Tutorial_Files/Tutorial_Files/accelerator_hls/lenet_acc.cpp:236]   --->   Operation 99 'fadd' 'tmp_1' <Predicate = true> <Delay = 7.25> <Core = "FAddSub">   --->   Core 99 'FAddSub' <Latency = 4> <II = 1> <Delay = 7.25> <FuncUnit> <Opcode : 'fadd' 'fsub'> <InPorts = 2> <OutPorts = 1>

State 32 <SV = 21> <Delay = 2.32>
ST_32 : Operation 100 [1/1] (2.32ns)   --->   "store float %tmp_1, float* %output_addr, align 4" [ECE527_MP4_Tutorial_Files/Tutorial_Files/accelerator_hls/lenet_acc.cpp:236]   --->   Operation 100 'store' <Predicate = true> <Delay = 2.32> <Core = "RAM">   --->   Core 37 'RAM' <Latency = 1> <II = 1> <Delay = 2.32> <Storage> <Opcode : 'load' 'store'> <Ports = 2> <Width = 32> <Depth = 10> <RAM>
ST_32 : Operation 101 [1/1] (0.00ns)   --->   "br label %1" [ECE527_MP4_Tutorial_Files/Tutorial_Files/accelerator_hls/lenet_acc.cpp:229]   --->   Operation 101 'br' <Predicate = true> <Delay = 0.00>


============================================================
+ Verbose Summary: Binding
============================================================
STG Binding: 
---------------- STG Properties BEGIN ----------------
- Is combinational: 0
- Is one-state seq: 0
- Is datapath-only: 0
- Is pipelined: 0
- Is top level: 0
Port [ Return ] is wired: 1; IO mode=ap_ctrl_hs:ce=0
Port [ input_0_0]:  wired=1; compound=1; hidden=0; nouse=0; global=0; static=0; extern=0; dir=0; type=1; pingpong=0; private_global=0; MemPort=[13]; IO mode=ap_memory:ce=0
Port [ weights]:  wired=1; compound=1; hidden=0; nouse=0; global=0; static=0; extern=0; dir=0; type=4; pingpong=0; private_global=0; IO mode=m_axi:ce=0
Port [ weights_offset]:  wired=1; compound=0; hidden=0; nouse=0; global=0; static=0; extern=0; dir=0; type=0; pingpong=0; private_global=0; IO mode=ap_none:ce=0
Port [ bias]:  wired=1; compound=1; hidden=0; nouse=0; global=0; static=0; extern=0; dir=0; type=4; pingpong=0; private_global=0; IO mode=m_axi:ce=0
Port [ bias_offset]:  wired=1; compound=0; hidden=0; nouse=0; global=0; static=0; extern=0; dir=0; type=0; pingpong=0; private_global=0; IO mode=ap_none:ce=0
Port [ output_r]:  wired=1; compound=1; hidden=0; nouse=0; global=0; static=0; extern=0; dir=1; type=1; pingpong=0; private_global=0; MemPort=[03]; IO mode=ap_memory:ce=0
---------------- STG Properties END ------------------

---------------- Datapath Model BEGIN ----------------

<LifeTime>
<method=bitvector/>
bias_offset_read    (read             ) [ 000000000000000000000000000000000]
sext2               (zext             ) [ 000000000000000000000000000000000]
bias_addr           (getelementptr    ) [ 001111111111111111111111111111111]
weights_offset_read (read             ) [ 000000000000000000000000000000000]
weights_offset_cast (zext             ) [ 000000001111111111111111111111111]
StgValue_44         (specinterface    ) [ 000000000000000000000000000000000]
StgValue_45         (specinterface    ) [ 000000000000000000000000000000000]
bias_addr_rd_req    (readreq          ) [ 000000000000000000000000000000000]
StgValue_47         (br               ) [ 000000011111111111111111111111111]
n                   (phi              ) [ 000000001111111100000000000000000]
exitcond1           (icmp             ) [ 000000001111111111111111111111111]
empty               (speclooptripcount) [ 000000000000000000000000000000000]
n_1                 (add              ) [ 000000011111111111111111111111111]
StgValue_52         (br               ) [ 000000000000000000000000000000000]
tmp_59              (bitconcatenate   ) [ 000000000000000000000000000000000]
p_shl_cast          (zext             ) [ 000000000000000000000000000000000]
tmp_60              (bitconcatenate   ) [ 000000000000000000000000000000000]
p_shl6_cast         (zext             ) [ 000000000000000000000000000000000]
tmp_61              (sub              ) [ 000000000000000000000000000000000]
tmp_43              (sext             ) [ 000000000000000000000000000000000]
tmp_44              (add              ) [ 000000000100000000000000000000000]
StgValue_60         (ret              ) [ 000000000000000000000000000000000]
tmp_45              (sext             ) [ 000000000000000000000000000000000]
weights_addr        (getelementptr    ) [ 000000000011111111111111111000000]
tmp                 (zext             ) [ 000000000000000000000000000000000]
output_addr         (getelementptr    ) [ 000000000000000011111111111111111]
p_rd_req            (readreq          ) [ 000000000000000000000000000000000]
StgValue_72         (br               ) [ 000000001111111111111111111111111]
tmp_s               (phi              ) [ 000000000000000011111111111111110]
c                   (phi              ) [ 000000000000000010000000000000000]
exitcond            (icmp             ) [ 000000001111111111111111111111111]
empty_32            (speclooptripcount) [ 000000000000000000000000000000000]
c_3                 (add              ) [ 000000001111111111111111111111111]
StgValue_78         (br               ) [ 000000000000000000000000000000000]
tmp_2               (zext             ) [ 000000000000000000000000000000000]
input_0_0_addr      (getelementptr    ) [ 000000000000000001000000000000000]
bias_addr_read      (read             ) [ 000000000000000000000000000111110]
weights_addr_read   (read             ) [ 000000000000000000111100000000000]
input_0_0_load      (load             ) [ 000000000000000000111100000000000]
tmp_3               (fmul             ) [ 000000000000000000000011111000000]
tmp_4               (fadd             ) [ 000000001111111111111111111111111]
StgValue_94         (br               ) [ 000000001111111111111111111111111]
tmp_1               (fadd             ) [ 000000000000000000000000000000001]
StgValue_100        (store            ) [ 000000000000000000000000000000000]
StgValue_101        (br               ) [ 000000011111111111111111111111111]
</LifeTime>

<model>

<comp_list>
<comp id="0" class="1000" name="input_0_0">
<pin_list>
<pin id="1" dir="1" index="0" bw="1" slack="0"/>
</pin_list>
<bind>
<StgValue><ssdm name="input_0_0"/><MemPortTyVec>1 3 </MemPortTyVec>
</StgValue>
</bind>
</comp>

<comp id="2" class="1000" name="weights">
<pin_list>
<pin id="3" dir="1" index="0" bw="1" slack="0"/>
</pin_list>
<bind>
<StgValue><ssdm name="weights"/></StgValue>
</bind>
</comp>

<comp id="4" class="1000" name="weights_offset">
<pin_list>
<pin id="5" dir="1" index="0" bw="1" slack="0"/>
</pin_list>
<bind>
<StgValue><ssdm name="weights_offset"/></StgValue>
</bind>
</comp>

<comp id="6" class="1000" name="bias">
<pin_list>
<pin id="7" dir="1" index="0" bw="1" slack="0"/>
</pin_list>
<bind>
<StgValue><ssdm name="bias"/></StgValue>
</bind>
</comp>

<comp id="8" class="1000" name="bias_offset">
<pin_list>
<pin id="9" dir="1" index="0" bw="1" slack="0"/>
</pin_list>
<bind>
<StgValue><ssdm name="bias_offset"/></StgValue>
</bind>
</comp>

<comp id="10" class="1000" name="output_r">
<pin_list>
<pin id="11" dir="1" index="0" bw="1" slack="0"/>
</pin_list>
<bind>
<StgValue><ssdm name="output_r"/><MemPortTyVec>0 3 </MemPortTyVec>
</StgValue>
</bind>
</comp>

<comp id="12" class="1001" name="const_12">
<pin_list>
<pin id="13" dir="1" index="0" bw="1" slack="0"/>
</pin_list>
<bind>
<StgValue><ssdm name="_ssdm_op_Read.ap_auto.i30"/></StgValue>
</bind>
</comp>

<comp id="14" class="1001" name="const_14">
<pin_list>
<pin id="15" dir="1" index="0" bw="1" slack="0"/>
</pin_list>
<bind>
<StgValue><ssdm name="_ssdm_op_ReadReq.m_axi.floatP"/></StgValue>
</bind>
</comp>

<comp id="16" class="1001" name="const_16">
<pin_list>
<pin id="17" dir="1" index="0" bw="1" slack="0"/>
</pin_list>
<bind>
<StgValue><ssdm name=""/></StgValue>
</bind>
</comp>

<comp id="18" class="1001" name="const_18">
<pin_list>
<pin id="19" dir="1" index="0" bw="1" slack="2147483647"/>
</pin_list>
<bind>
<StgValue><ssdm name="_ssdm_op_SpecInterface"/></StgValue>
</bind>
</comp>

<comp id="20" class="1001" name="const_20">
<pin_list>
<pin id="21" dir="1" index="0" bw="1" slack="2147483647"/>
</pin_list>
<bind>
<StgValue><ssdm name="p_str514"/></StgValue>
</bind>
</comp>

<comp id="22" class="1001" name="const_22">
<pin_list>
<pin id="23" dir="1" index="0" bw="1" slack="2147483647"/>
</pin_list>
<bind>
<StgValue><ssdm name=""/></StgValue>
</bind>
</comp>

<comp id="24" class="1001" name="const_24">
<pin_list>
<pin id="25" dir="1" index="0" bw="1" slack="2147483647"/>
</pin_list>
<bind>
<StgValue><ssdm name="p_str211"/></StgValue>
</bind>
</comp>

<comp id="26" class="1001" name="const_26">
<pin_list>
<pin id="27" dir="1" index="0" bw="1" slack="0"/>
</pin_list>
<bind>
<StgValue><ssdm name=""/></StgValue>
</bind>
</comp>

<comp id="28" class="1001" name="const_28">
<pin_list>
<pin id="29" dir="1" index="0" bw="1" slack="2147483647"/>
</pin_list>
<bind>
<StgValue><ssdm name="p_str918"/></StgValue>
</bind>
</comp>

<comp id="30" class="1001" name="const_30">
<pin_list>
<pin id="31" dir="1" index="0" bw="1" slack="2147483647"/>
</pin_list>
<bind>
<StgValue><ssdm name="p_str716"/></StgValue>
</bind>
</comp>

<comp id="32" class="1001" name="const_32">
<pin_list>
<pin id="33" dir="1" index="0" bw="1" slack="2147483647"/>
</pin_list>
<bind>
<StgValue><ssdm name=""/></StgValue>
</bind>
</comp>

<comp id="34" class="1001" name="const_34">
<pin_list>
<pin id="35" dir="1" index="0" bw="1" slack="2147483647"/>
</pin_list>
<bind>
<StgValue><ssdm name=""/></StgValue>
</bind>
</comp>

<comp id="36" class="1001" name="const_36">
<pin_list>
<pin id="37" dir="1" index="0" bw="1" slack="2147483647"/>
</pin_list>
<bind>
<StgValue><ssdm name="p_str817"/></StgValue>
</bind>
</comp>

<comp id="38" class="1001" name="const_38">
<pin_list>
<pin id="39" dir="1" index="0" bw="1" slack="1"/>
</pin_list>
<bind>
<StgValue><ssdm name=""/></StgValue>
</bind>
</comp>

<comp id="40" class="1001" name="const_40">
<pin_list>
<pin id="41" dir="1" index="0" bw="1" slack="0"/>
</pin_list>
<bind>
<StgValue><ssdm name=""/></StgValue>
</bind>
</comp>

<comp id="42" class="1001" name="const_42">
<pin_list>
<pin id="43" dir="1" index="0" bw="1" slack="2147483647"/>
</pin_list>
<bind>
<StgValue><ssdm name="_ssdm_op_SpecLoopTripCount"/></StgValue>
</bind>
</comp>

<comp id="44" class="1001" name="const_44">
<pin_list>
<pin id="45" dir="1" index="0" bw="1" slack="2147483647"/>
</pin_list>
<bind>
<StgValue><ssdm name=""/></StgValue>
</bind>
</comp>

<comp id="46" class="1001" name="const_46">
<pin_list>
<pin id="47" dir="1" index="0" bw="1" slack="0"/>
</pin_list>
<bind>
<StgValue><ssdm name=""/></StgValue>
</bind>
</comp>

<comp id="48" class="1001" name="const_48">
<pin_list>
<pin id="49" dir="1" index="0" bw="1" slack="0"/>
</pin_list>
<bind>
<StgValue><ssdm name="_ssdm_op_BitConcatenate.i11.i4.i7"/></StgValue>
</bind>
</comp>

<comp id="50" class="1001" name="const_50">
<pin_list>
<pin id="51" dir="1" index="0" bw="1" slack="0"/>
</pin_list>
<bind>
<StgValue><ssdm name=""/></StgValue>
</bind>
</comp>

<comp id="52" class="1001" name="const_52">
<pin_list>
<pin id="53" dir="1" index="0" bw="1" slack="0"/>
</pin_list>
<bind>
<StgValue><ssdm name="_ssdm_op_BitConcatenate.i7.i4.i3"/></StgValue>
</bind>
</comp>

<comp id="54" class="1001" name="const_54">
<pin_list>
<pin id="55" dir="1" index="0" bw="1" slack="0"/>
</pin_list>
<bind>
<StgValue><ssdm name=""/></StgValue>
</bind>
</comp>

<comp id="56" class="1001" name="const_56">
<pin_list>
<pin id="57" dir="1" index="0" bw="1" slack="0"/>
</pin_list>
<bind>
<StgValue><ssdm name=""/></StgValue>
</bind>
</comp>

<comp id="58" class="1001" name="const_58">
<pin_list>
<pin id="59" dir="1" index="0" bw="1" slack="1"/>
</pin_list>
<bind>
<StgValue><ssdm name=""/></StgValue>
</bind>
</comp>

<comp id="60" class="1001" name="const_60">
<pin_list>
<pin id="61" dir="1" index="0" bw="1" slack="0"/>
</pin_list>
<bind>
<StgValue><ssdm name=""/></StgValue>
</bind>
</comp>

<comp id="62" class="1001" name="const_62">
<pin_list>
<pin id="63" dir="1" index="0" bw="1" slack="2147483647"/>
</pin_list>
<bind>
<StgValue><ssdm name=""/></StgValue>
</bind>
</comp>

<comp id="64" class="1001" name="const_64">
<pin_list>
<pin id="65" dir="1" index="0" bw="1" slack="0"/>
</pin_list>
<bind>
<StgValue><ssdm name=""/></StgValue>
</bind>
</comp>

<comp id="66" class="1001" name="const_66">
<pin_list>
<pin id="67" dir="1" index="0" bw="1" slack="0"/>
</pin_list>
<bind>
<StgValue><ssdm name="_ssdm_op_Read.m_axi.floatP"/></StgValue>
</bind>
</comp>

<comp id="68" class="1004" name="bias_offset_read_read_fu_68">
<pin_list>
<pin id="69" dir="0" index="0" bw="30" slack="0"/>
<pin id="70" dir="0" index="1" bw="30" slack="0"/>
<pin id="71" dir="1" index="2" bw="30" slack="0"/>
</pin_list>
<bind>
<opcode="read(1150) " fcode="read"/>
<opset="bias_offset_read/1 "/>
</bind>
</comp>

<comp id="74" class="1004" name="grp_readreq_fu_74">
<pin_list>
<pin id="75" dir="0" index="0" bw="1" slack="0"/>
<pin id="76" dir="0" index="1" bw="32" slack="0"/>
<pin id="77" dir="0" index="2" bw="5" slack="0"/>
<pin id="78" dir="1" index="3" bw="1" slack="2147483647"/>
</pin_list>
<bind>
<opcode="readreq(1154) " fcode="readreq"/>
<opset="bias_addr_rd_req/1 "/>
</bind>
</comp>

<comp id="81" class="1004" name="weights_offset_read_read_fu_81">
<pin_list>
<pin id="82" dir="0" index="0" bw="30" slack="0"/>
<pin id="83" dir="0" index="1" bw="30" slack="0"/>
<pin id="84" dir="1" index="2" bw="30" slack="0"/>
</pin_list>
<bind>
<opcode="read(1150) " fcode="read"/>
<opset="weights_offset_read/7 "/>
</bind>
</comp>

<comp id="87" class="1004" name="grp_readreq_fu_87">
<pin_list>
<pin id="88" dir="0" index="0" bw="1" slack="0"/>
<pin id="89" dir="0" index="1" bw="32" slack="0"/>
<pin id="90" dir="0" index="2" bw="8" slack="0"/>
<pin id="91" dir="1" index="3" bw="1" slack="2147483647"/>
</pin_list>
<bind>
<opcode="readreq(1154) " fcode="readreq"/>
<opset="p_rd_req/9 "/>
</bind>
</comp>

<comp id="94" class="1004" name="bias_addr_read_read_fu_94">
<pin_list>
<pin id="95" dir="0" index="0" bw="32" slack="0"/>
<pin id="96" dir="0" index="1" bw="32" slack="15"/>
<pin id="97" dir="1" index="2" bw="32" slack="1"/>
</pin_list>
<bind>
<opcode="read(1150) " fcode="read"/>
<opset="bias_addr_read/16 "/>
</bind>
</comp>

<comp id="99" class="1004" name="weights_addr_read_read_fu_99">
<pin_list>
<pin id="100" dir="0" index="0" bw="32" slack="0"/>
<pin id="101" dir="0" index="1" bw="32" slack="8"/>
<pin id="102" dir="1" index="2" bw="32" slack="1"/>
</pin_list>
<bind>
<opcode="read(1150) " fcode="read"/>
<opset="weights_addr_read/17 "/>
</bind>
</comp>

<comp id="104" class="1004" name="output_addr_gep_fu_104">
<pin_list>
<pin id="105" dir="0" index="0" bw="32" slack="0"/>
<pin id="106" dir="0" index="1" bw="1" slack="0"/>
<pin id="107" dir="0" index="2" bw="4" slack="0"/>
<pin id="108" dir="1" index="3" bw="4" slack="7"/>
</pin_list>
<bind>
<opcode="getelementptr(29) " fcode="getelementptr"/>
<opset="output_addr/15 "/>
</bind>
</comp>

<comp id="111" class="1004" name="input_0_0_addr_gep_fu_111">
<pin_list>
<pin id="112" dir="0" index="0" bw="32" slack="0"/>
<pin id="113" dir="0" index="1" bw="1" slack="0"/>
<pin id="114" dir="0" index="2" bw="7" slack="0"/>
<pin id="115" dir="1" index="3" bw="7" slack="0"/>
</pin_list>
<bind>
<opcode="getelementptr(29) " fcode="getelementptr"/>
<opset="input_0_0_addr/16 "/>
</bind>
</comp>

<comp id="118" class="1004" name="grp_access_fu_118">
<pin_list>
<pin id="119" dir="0" index="0" bw="7" slack="0"/>
<pin id="120" dir="0" index="1" bw="32" slack="2147483647"/>
<pin id="121" dir="0" index="2" bw="0" slack="2147483647"/>
<pin id="122" dir="1" index="3" bw="32" slack="1"/>
</pin_list>
<bind>
<opcode="load(27) " fcode="load"/>
<opset="input_0_0_load/16 "/>
</bind>
</comp>

<comp id="124" class="1004" name="StgValue_100_access_fu_124">
<pin_list>
<pin id="125" dir="0" index="0" bw="4" slack="7"/>
<pin id="126" dir="0" index="1" bw="32" slack="1"/>
<pin id="127" dir="0" index="2" bw="0" slack="2147483647"/>
<pin id="128" dir="1" index="3" bw="32" slack="2147483647"/>
</pin_list>
<bind>
<opcode="store(28) " fcode="store"/>
<opset="StgValue_100/32 "/>
</bind>
</comp>

<comp id="129" class="1005" name="n_reg_129">
<pin_list>
<pin id="130" dir="0" index="0" bw="4" slack="1"/>
<pin id="131" dir="1" index="1" bw="4" slack="1"/>
</pin_list>
<bind>
<opset="n (phireg) "/>
</bind>
</comp>

<comp id="133" class="1004" name="n_phi_fu_133">
<pin_list>
<pin id="134" dir="0" index="0" bw="1" slack="1"/>
<pin id="135" dir="0" index="1" bw="0" slack="2147483647"/>
<pin id="136" dir="0" index="2" bw="4" slack="0"/>
<pin id="137" dir="0" index="3" bw="0" slack="2147483647"/>
<pin id="138" dir="1" index="4" bw="4" slack="0"/>
</pin_list>
<bind>
<opcode="phi(47) " fcode="phi"/>
<opset="n/8 "/>
</bind>
</comp>

<comp id="141" class="1005" name="tmp_s_reg_141">
<pin_list>
<pin id="142" dir="0" index="0" bw="32" slack="1"/>
<pin id="143" dir="1" index="1" bw="32" slack="1"/>
</pin_list>
<bind>
<opset="tmp_s (phireg) "/>
</bind>
</comp>

<comp id="145" class="1004" name="tmp_s_phi_fu_145">
<pin_list>
<pin id="146" dir="0" index="0" bw="32" slack="1"/>
<pin id="147" dir="0" index="1" bw="0" slack="2147483647"/>
<pin id="148" dir="0" index="2" bw="32" slack="1"/>
<pin id="149" dir="0" index="3" bw="0" slack="2147483647"/>
<pin id="150" dir="1" index="4" bw="32" slack="1"/>
</pin_list>
<bind>
<opcode="phi(47) " fcode="phi"/>
<opset="tmp_s/16 "/>
</bind>
</comp>

<comp id="153" class="1005" name="c_reg_153">
<pin_list>
<pin id="154" dir="0" index="0" bw="7" slack="1"/>
<pin id="155" dir="1" index="1" bw="7" slack="1"/>
</pin_list>
<bind>
<opset="c (phireg) "/>
</bind>
</comp>

<comp id="157" class="1004" name="c_phi_fu_157">
<pin_list>
<pin id="158" dir="0" index="0" bw="1" slack="1"/>
<pin id="159" dir="0" index="1" bw="0" slack="2147483647"/>
<pin id="160" dir="0" index="2" bw="7" slack="0"/>
<pin id="161" dir="0" index="3" bw="0" slack="2147483647"/>
<pin id="162" dir="1" index="4" bw="7" slack="0"/>
</pin_list>
<bind>
<opcode="phi(47) " fcode="phi"/>
<opset="c/16 "/>
</bind>
</comp>

<comp id="164" class="1004" name="grp_fu_164">
<pin_list>
<pin id="165" dir="0" index="0" bw="32" slack="1"/>
<pin id="166" dir="0" index="1" bw="32" slack="1"/>
<pin id="167" dir="1" index="2" bw="32" slack="1"/>
</pin_list>
<bind>
<opcode="fadd(9) " fcode="fadd"/>
<opset="tmp_4/22 tmp_1/27 "/>
</bind>
</comp>

<comp id="169" class="1004" name="grp_fu_169">
<pin_list>
<pin id="170" dir="0" index="0" bw="32" slack="1"/>
<pin id="171" dir="0" index="1" bw="32" slack="1"/>
<pin id="172" dir="1" index="2" bw="32" slack="1"/>
</pin_list>
<bind>
<opcode="fmul(13) " fcode="fmul"/>
<opset="tmp_3/18 "/>
</bind>
</comp>

<comp id="173" class="1004" name="sext2_fu_173">
<pin_list>
<pin id="174" dir="0" index="0" bw="30" slack="0"/>
<pin id="175" dir="1" index="1" bw="64" slack="0"/>
</pin_list>
<bind>
<opcode="zext(34) " fcode="zext"/>
<opset="sext2/1 "/>
</bind>
</comp>

<comp id="177" class="1004" name="bias_addr_fu_177">
<pin_list>
<pin id="178" dir="0" index="0" bw="32" slack="0"/>
<pin id="179" dir="0" index="1" bw="30" slack="0"/>
<pin id="180" dir="1" index="2" bw="32" slack="0"/>
</pin_list>
<bind>
<opcode="getelementptr(29) " fcode="getelementptr"/>
<opset="bias_addr/1 "/>
</bind>
</comp>

<comp id="184" class="1004" name="weights_offset_cast_fu_184">
<pin_list>
<pin id="185" dir="0" index="0" bw="30" slack="0"/>
<pin id="186" dir="1" index="1" bw="32" slack="1"/>
</pin_list>
<bind>
<opcode="zext(34) " fcode="zext"/>
<opset="weights_offset_cast/7 "/>
</bind>
</comp>

<comp id="188" class="1004" name="exitcond1_fu_188">
<pin_list>
<pin id="189" dir="0" index="0" bw="4" slack="0"/>
<pin id="190" dir="0" index="1" bw="4" slack="0"/>
<pin id="191" dir="1" index="2" bw="1" slack="2147483647"/>
</pin_list>
<bind>
<opcode="icmp(45) " fcode="icmp"/>
<opset="exitcond1/8 "/>
</bind>
</comp>

<comp id="194" class="1004" name="n_1_fu_194">
<pin_list>
<pin id="195" dir="0" index="0" bw="4" slack="0"/>
<pin id="196" dir="0" index="1" bw="1" slack="0"/>
<pin id="197" dir="1" index="2" bw="4" slack="0"/>
</pin_list>
<bind>
<opcode="add(8) " fcode="add"/>
<opset="n_1/8 "/>
</bind>
</comp>

<comp id="200" class="1004" name="tmp_59_fu_200">
<pin_list>
<pin id="201" dir="0" index="0" bw="11" slack="0"/>
<pin id="202" dir="0" index="1" bw="4" slack="0"/>
<pin id="203" dir="0" index="2" bw="1" slack="0"/>
<pin id="204" dir="1" index="3" bw="11" slack="0"/>
</pin_list>
<bind>
<opcode="bitconcatenate(1004) " fcode="bitconcatenate"/>
<opset="tmp_59/8 "/>
</bind>
</comp>

<comp id="208" class="1004" name="p_shl_cast_fu_208">
<pin_list>
<pin id="209" dir="0" index="0" bw="11" slack="0"/>
<pin id="210" dir="1" index="1" bw="12" slack="0"/>
</pin_list>
<bind>
<opcode="zext(34) " fcode="zext"/>
<opset="p_shl_cast/8 "/>
</bind>
</comp>

<comp id="212" class="1004" name="tmp_60_fu_212">
<pin_list>
<pin id="213" dir="0" index="0" bw="7" slack="0"/>
<pin id="214" dir="0" index="1" bw="4" slack="0"/>
<pin id="215" dir="0" index="2" bw="1" slack="0"/>
<pin id="216" dir="1" index="3" bw="7" slack="0"/>
</pin_list>
<bind>
<opcode="bitconcatenate(1004) " fcode="bitconcatenate"/>
<opset="tmp_60/8 "/>
</bind>
</comp>

<comp id="220" class="1004" name="p_shl6_cast_fu_220">
<pin_list>
<pin id="221" dir="0" index="0" bw="7" slack="0"/>
<pin id="222" dir="1" index="1" bw="12" slack="0"/>
</pin_list>
<bind>
<opcode="zext(34) " fcode="zext"/>
<opset="p_shl6_cast/8 "/>
</bind>
</comp>

<comp id="224" class="1004" name="tmp_61_fu_224">
<pin_list>
<pin id="225" dir="0" index="0" bw="11" slack="0"/>
<pin id="226" dir="0" index="1" bw="7" slack="0"/>
<pin id="227" dir="1" index="2" bw="12" slack="0"/>
</pin_list>
<bind>
<opcode="sub(10) " fcode="sub"/>
<opset="tmp_61/8 "/>
</bind>
</comp>

<comp id="230" class="1004" name="tmp_43_fu_230">
<pin_list>
<pin id="231" dir="0" index="0" bw="12" slack="0"/>
<pin id="232" dir="1" index="1" bw="32" slack="0"/>
</pin_list>
<bind>
<opcode="sext(35) " fcode="sext"/>
<opset="tmp_43/8 "/>
</bind>
</comp>

<comp id="234" class="1004" name="tmp_44_fu_234">
<pin_list>
<pin id="235" dir="0" index="0" bw="30" slack="1"/>
<pin id="236" dir="0" index="1" bw="12" slack="0"/>
<pin id="237" dir="1" index="2" bw="32" slack="1"/>
</pin_list>
<bind>
<opcode="add(8) " fcode="add"/>
<opset="tmp_44/8 "/>
</bind>
</comp>

<comp id="239" class="1004" name="tmp_45_fu_239">
<pin_list>
<pin id="240" dir="0" index="0" bw="32" slack="1"/>
<pin id="241" dir="1" index="1" bw="64" slack="0"/>
</pin_list>
<bind>
<opcode="sext(35) " fcode="sext"/>
<opset="tmp_45/9 "/>
</bind>
</comp>

<comp id="242" class="1004" name="weights_addr_fu_242">
<pin_list>
<pin id="243" dir="0" index="0" bw="32" slack="0"/>
<pin id="244" dir="0" index="1" bw="32" slack="0"/>
<pin id="245" dir="1" index="2" bw="32" slack="0"/>
</pin_list>
<bind>
<opcode="getelementptr(29) " fcode="getelementptr"/>
<opset="weights_addr/9 "/>
</bind>
</comp>

<comp id="249" class="1004" name="tmp_fu_249">
<pin_list>
<pin id="250" dir="0" index="0" bw="4" slack="7"/>
<pin id="251" dir="1" index="1" bw="64" slack="0"/>
</pin_list>
<bind>
<opcode="zext(34) " fcode="zext"/>
<opset="tmp/15 "/>
</bind>
</comp>

<comp id="254" class="1004" name="exitcond_fu_254">
<pin_list>
<pin id="255" dir="0" index="0" bw="7" slack="0"/>
<pin id="256" dir="0" index="1" bw="4" slack="0"/>
<pin id="257" dir="1" index="2" bw="1" slack="2147483647"/>
</pin_list>
<bind>
<opcode="icmp(45) " fcode="icmp"/>
<opset="exitcond/16 "/>
</bind>
</comp>

<comp id="260" class="1004" name="c_3_fu_260">
<pin_list>
<pin id="261" dir="0" index="0" bw="7" slack="0"/>
<pin id="262" dir="0" index="1" bw="1" slack="0"/>
<pin id="263" dir="1" index="2" bw="7" slack="0"/>
</pin_list>
<bind>
<opcode="add(8) " fcode="add"/>
<opset="c_3/16 "/>
</bind>
</comp>

<comp id="266" class="1004" name="tmp_2_fu_266">
<pin_list>
<pin id="267" dir="0" index="0" bw="7" slack="0"/>
<pin id="268" dir="1" index="1" bw="64" slack="0"/>
</pin_list>
<bind>
<opcode="zext(34) " fcode="zext"/>
<opset="tmp_2/16 "/>
</bind>
</comp>

<comp id="271" class="1005" name="bias_addr_reg_271">
<pin_list>
<pin id="272" dir="0" index="0" bw="32" slack="1"/>
<pin id="273" dir="1" index="1" bw="32" slack="1"/>
</pin_list>
<bind>
<opset="bias_addr "/>
</bind>
</comp>

<comp id="277" class="1005" name="weights_offset_cast_reg_277">
<pin_list>
<pin id="278" dir="0" index="0" bw="32" slack="1"/>
<pin id="279" dir="1" index="1" bw="32" slack="1"/>
</pin_list>
<bind>
<opset="weights_offset_cast "/>
</bind>
</comp>

<comp id="285" class="1005" name="n_1_reg_285">
<pin_list>
<pin id="286" dir="0" index="0" bw="4" slack="0"/>
<pin id="287" dir="1" index="1" bw="4" slack="0"/>
</pin_list>
<bind>
<opset="n_1 "/>
</bind>
</comp>

<comp id="290" class="1005" name="tmp_44_reg_290">
<pin_list>
<pin id="291" dir="0" index="0" bw="32" slack="1"/>
<pin id="292" dir="1" index="1" bw="32" slack="1"/>
</pin_list>
<bind>
<opset="tmp_44 "/>
</bind>
</comp>

<comp id="295" class="1005" name="weights_addr_reg_295">
<pin_list>
<pin id="296" dir="0" index="0" bw="32" slack="1"/>
<pin id="297" dir="1" index="1" bw="32" slack="1"/>
</pin_list>
<bind>
<opset="weights_addr "/>
</bind>
</comp>

<comp id="301" class="1005" name="output_addr_reg_301">
<pin_list>
<pin id="302" dir="0" index="0" bw="4" slack="7"/>
<pin id="303" dir="1" index="1" bw="4" slack="7"/>
</pin_list>
<bind>
<opset="output_addr "/>
</bind>
</comp>

<comp id="309" class="1005" name="c_3_reg_309">
<pin_list>
<pin id="310" dir="0" index="0" bw="7" slack="0"/>
<pin id="311" dir="1" index="1" bw="7" slack="0"/>
</pin_list>
<bind>
<opset="c_3 "/>
</bind>
</comp>

<comp id="314" class="1005" name="input_0_0_addr_reg_314">
<pin_list>
<pin id="315" dir="0" index="0" bw="7" slack="1"/>
<pin id="316" dir="1" index="1" bw="7" slack="1"/>
</pin_list>
<bind>
<opset="input_0_0_addr "/>
</bind>
</comp>

<comp id="319" class="1005" name="bias_addr_read_reg_319">
<pin_list>
<pin id="320" dir="0" index="0" bw="32" slack="1"/>
<pin id="321" dir="1" index="1" bw="32" slack="1"/>
</pin_list>
<bind>
<opset="bias_addr_read "/>
</bind>
</comp>

<comp id="324" class="1005" name="weights_addr_read_reg_324">
<pin_list>
<pin id="325" dir="0" index="0" bw="32" slack="1"/>
<pin id="326" dir="1" index="1" bw="32" slack="1"/>
</pin_list>
<bind>
<opset="weights_addr_read "/>
</bind>
</comp>

<comp id="329" class="1005" name="input_0_0_load_reg_329">
<pin_list>
<pin id="330" dir="0" index="0" bw="32" slack="1"/>
<pin id="331" dir="1" index="1" bw="32" slack="1"/>
</pin_list>
<bind>
<opset="input_0_0_load "/>
</bind>
</comp>

<comp id="334" class="1005" name="tmp_3_reg_334">
<pin_list>
<pin id="335" dir="0" index="0" bw="32" slack="1"/>
<pin id="336" dir="1" index="1" bw="32" slack="1"/>
</pin_list>
<bind>
<opset="tmp_3 "/>
</bind>
</comp>

<comp id="339" class="1005" name="tmp_4_reg_339">
<pin_list>
<pin id="340" dir="0" index="0" bw="32" slack="1"/>
<pin id="341" dir="1" index="1" bw="32" slack="1"/>
</pin_list>
<bind>
<opset="tmp_4 "/>
</bind>
</comp>

<comp id="344" class="1005" name="tmp_1_reg_344">
<pin_list>
<pin id="345" dir="0" index="0" bw="32" slack="1"/>
<pin id="346" dir="1" index="1" bw="32" slack="1"/>
</pin_list>
<bind>
<opset="tmp_1 "/>
</bind>
</comp>

</comp_list>

<net_list>
<net id="72"><net_src comp="12" pin="0"/><net_sink comp="68" pin=0"/></net>

<net id="73"><net_src comp="8" pin="0"/><net_sink comp="68" pin=1"/></net>

<net id="79"><net_src comp="14" pin="0"/><net_sink comp="74" pin=0"/></net>

<net id="80"><net_src comp="16" pin="0"/><net_sink comp="74" pin=2"/></net>

<net id="85"><net_src comp="12" pin="0"/><net_sink comp="81" pin=0"/></net>

<net id="86"><net_src comp="4" pin="0"/><net_sink comp="81" pin=1"/></net>

<net id="92"><net_src comp="14" pin="0"/><net_sink comp="87" pin=0"/></net>

<net id="93"><net_src comp="26" pin="0"/><net_sink comp="87" pin=2"/></net>

<net id="98"><net_src comp="66" pin="0"/><net_sink comp="94" pin=0"/></net>

<net id="103"><net_src comp="66" pin="0"/><net_sink comp="99" pin=0"/></net>

<net id="109"><net_src comp="10" pin="0"/><net_sink comp="104" pin=0"/></net>

<net id="110"><net_src comp="56" pin="0"/><net_sink comp="104" pin=1"/></net>

<net id="116"><net_src comp="0" pin="0"/><net_sink comp="111" pin=0"/></net>

<net id="117"><net_src comp="56" pin="0"/><net_sink comp="111" pin=1"/></net>

<net id="123"><net_src comp="111" pin="3"/><net_sink comp="118" pin=0"/></net>

<net id="132"><net_src comp="38" pin="0"/><net_sink comp="129" pin=0"/></net>

<net id="139"><net_src comp="129" pin="1"/><net_sink comp="133" pin=0"/></net>

<net id="140"><net_src comp="133" pin="4"/><net_sink comp="129" pin=0"/></net>

<net id="144"><net_src comp="58" pin="0"/><net_sink comp="141" pin=0"/></net>

<net id="151"><net_src comp="141" pin="1"/><net_sink comp="145" pin=0"/></net>

<net id="152"><net_src comp="145" pin="4"/><net_sink comp="141" pin=0"/></net>

<net id="156"><net_src comp="50" pin="0"/><net_sink comp="153" pin=0"/></net>

<net id="163"><net_src comp="153" pin="1"/><net_sink comp="157" pin=0"/></net>

<net id="168"><net_src comp="141" pin="1"/><net_sink comp="164" pin=0"/></net>

<net id="176"><net_src comp="68" pin="2"/><net_sink comp="173" pin=0"/></net>

<net id="181"><net_src comp="6" pin="0"/><net_sink comp="177" pin=0"/></net>

<net id="182"><net_src comp="173" pin="1"/><net_sink comp="177" pin=1"/></net>

<net id="183"><net_src comp="177" pin="2"/><net_sink comp="74" pin=1"/></net>

<net id="187"><net_src comp="81" pin="2"/><net_sink comp="184" pin=0"/></net>

<net id="192"><net_src comp="133" pin="4"/><net_sink comp="188" pin=0"/></net>

<net id="193"><net_src comp="40" pin="0"/><net_sink comp="188" pin=1"/></net>

<net id="198"><net_src comp="133" pin="4"/><net_sink comp="194" pin=0"/></net>

<net id="199"><net_src comp="46" pin="0"/><net_sink comp="194" pin=1"/></net>

<net id="205"><net_src comp="48" pin="0"/><net_sink comp="200" pin=0"/></net>

<net id="206"><net_src comp="133" pin="4"/><net_sink comp="200" pin=1"/></net>

<net id="207"><net_src comp="50" pin="0"/><net_sink comp="200" pin=2"/></net>

<net id="211"><net_src comp="200" pin="3"/><net_sink comp="208" pin=0"/></net>

<net id="217"><net_src comp="52" pin="0"/><net_sink comp="212" pin=0"/></net>

<net id="218"><net_src comp="133" pin="4"/><net_sink comp="212" pin=1"/></net>

<net id="219"><net_src comp="54" pin="0"/><net_sink comp="212" pin=2"/></net>

<net id="223"><net_src comp="212" pin="3"/><net_sink comp="220" pin=0"/></net>

<net id="228"><net_src comp="208" pin="1"/><net_sink comp="224" pin=0"/></net>

<net id="229"><net_src comp="220" pin="1"/><net_sink comp="224" pin=1"/></net>

<net id="233"><net_src comp="224" pin="2"/><net_sink comp="230" pin=0"/></net>

<net id="238"><net_src comp="230" pin="1"/><net_sink comp="234" pin=1"/></net>

<net id="246"><net_src comp="2" pin="0"/><net_sink comp="242" pin=0"/></net>

<net id="247"><net_src comp="239" pin="1"/><net_sink comp="242" pin=1"/></net>

<net id="248"><net_src comp="242" pin="2"/><net_sink comp="87" pin=1"/></net>

<net id="252"><net_src comp="129" pin="1"/><net_sink comp="249" pin=0"/></net>

<net id="253"><net_src comp="249" pin="1"/><net_sink comp="104" pin=2"/></net>

<net id="258"><net_src comp="157" pin="4"/><net_sink comp="254" pin=0"/></net>

<net id="259"><net_src comp="60" pin="0"/><net_sink comp="254" pin=1"/></net>

<net id="264"><net_src comp="157" pin="4"/><net_sink comp="260" pin=0"/></net>

<net id="265"><net_src comp="64" pin="0"/><net_sink comp="260" pin=1"/></net>

<net id="269"><net_src comp="157" pin="4"/><net_sink comp="266" pin=0"/></net>

<net id="270"><net_src comp="266" pin="1"/><net_sink comp="111" pin=2"/></net>

<net id="274"><net_src comp="177" pin="2"/><net_sink comp="271" pin=0"/></net>

<net id="275"><net_src comp="271" pin="1"/><net_sink comp="74" pin=1"/></net>

<net id="276"><net_src comp="271" pin="1"/><net_sink comp="94" pin=1"/></net>

<net id="280"><net_src comp="184" pin="1"/><net_sink comp="277" pin=0"/></net>

<net id="281"><net_src comp="277" pin="1"/><net_sink comp="234" pin=0"/></net>

<net id="288"><net_src comp="194" pin="2"/><net_sink comp="285" pin=0"/></net>

<net id="289"><net_src comp="285" pin="1"/><net_sink comp="133" pin=2"/></net>

<net id="293"><net_src comp="234" pin="2"/><net_sink comp="290" pin=0"/></net>

<net id="294"><net_src comp="290" pin="1"/><net_sink comp="239" pin=0"/></net>

<net id="298"><net_src comp="242" pin="2"/><net_sink comp="295" pin=0"/></net>

<net id="299"><net_src comp="295" pin="1"/><net_sink comp="87" pin=1"/></net>

<net id="300"><net_src comp="295" pin="1"/><net_sink comp="99" pin=1"/></net>

<net id="304"><net_src comp="104" pin="3"/><net_sink comp="301" pin=0"/></net>

<net id="305"><net_src comp="301" pin="1"/><net_sink comp="124" pin=0"/></net>

<net id="312"><net_src comp="260" pin="2"/><net_sink comp="309" pin=0"/></net>

<net id="313"><net_src comp="309" pin="1"/><net_sink comp="157" pin=2"/></net>

<net id="317"><net_src comp="111" pin="3"/><net_sink comp="314" pin=0"/></net>

<net id="318"><net_src comp="314" pin="1"/><net_sink comp="118" pin=0"/></net>

<net id="322"><net_src comp="94" pin="2"/><net_sink comp="319" pin=0"/></net>

<net id="323"><net_src comp="319" pin="1"/><net_sink comp="164" pin=1"/></net>

<net id="327"><net_src comp="99" pin="2"/><net_sink comp="324" pin=0"/></net>

<net id="328"><net_src comp="324" pin="1"/><net_sink comp="169" pin=0"/></net>

<net id="332"><net_src comp="118" pin="3"/><net_sink comp="329" pin=0"/></net>

<net id="333"><net_src comp="329" pin="1"/><net_sink comp="169" pin=1"/></net>

<net id="337"><net_src comp="169" pin="2"/><net_sink comp="334" pin=0"/></net>

<net id="338"><net_src comp="334" pin="1"/><net_sink comp="164" pin=1"/></net>

<net id="342"><net_src comp="164" pin="2"/><net_sink comp="339" pin=0"/></net>

<net id="343"><net_src comp="339" pin="1"/><net_sink comp="145" pin=2"/></net>

<net id="347"><net_src comp="164" pin="2"/><net_sink comp="344" pin=0"/></net>

<net id="348"><net_src comp="344" pin="1"/><net_sink comp="124" pin=1"/></net>

</net_list>

</model> 
---------------- Datapath Model END ------------------

* FSMD analyzer results:
  - Output states:
	Port: output_r | {32 }
 - Input state : 
	Port: fc_6 : input_0_0 | {16 17 }
	Port: fc_6 : weights | {9 10 11 12 13 14 15 17 }
	Port: fc_6 : weights_offset | {7 }
	Port: fc_6 : bias | {1 2 3 4 5 6 7 16 }
	Port: fc_6 : bias_offset | {1 }
  - Chain level:
	State 1
		bias_addr : 1
		bias_addr_rd_req : 2
	State 2
	State 3
	State 4
	State 5
	State 6
	State 7
	State 8
		exitcond1 : 1
		n_1 : 1
		StgValue_52 : 2
		tmp_59 : 1
		p_shl_cast : 2
		tmp_60 : 1
		p_shl6_cast : 2
		tmp_61 : 3
		tmp_43 : 4
		tmp_44 : 5
	State 9
		weights_addr : 1
		p_rd_req : 2
	State 10
	State 11
	State 12
	State 13
	State 14
	State 15
		output_addr : 1
	State 16
		exitcond : 1
		c_3 : 1
		StgValue_78 : 2
		tmp_2 : 1
		input_0_0_addr : 2
		input_0_0_load : 3
	State 17
	State 18
	State 19
	State 20
	State 21
	State 22
	State 23
	State 24
	State 25
	State 26
	State 27
	State 28
	State 29
	State 30
	State 31
	State 32


============================================================
+ Verbose Summary: Datapath Resource usage 
============================================================

* Functional unit list:
|----------|--------------------------------|---------|---------|---------|
| Operation|         Functional Unit        |  DSP48E |    FF   |   LUT   |
|----------|--------------------------------|---------|---------|---------|
|   fadd   |           grp_fu_164           |    2    |   205   |   390   |
|----------|--------------------------------|---------|---------|---------|
|   fmul   |           grp_fu_169           |    3    |   143   |   321   |
|----------|--------------------------------|---------|---------|---------|
|          |           n_1_fu_194           |    0    |    0    |    13   |
|    add   |          tmp_44_fu_234         |    0    |    0    |    37   |
|          |           c_3_fu_260           |    0    |    0    |    15   |
|----------|--------------------------------|---------|---------|---------|
|   icmp   |        exitcond1_fu_188        |    0    |    0    |    9    |
|          |         exitcond_fu_254        |    0    |    0    |    11   |
|----------|--------------------------------|---------|---------|---------|
|    sub   |          tmp_61_fu_224         |    0    |    0    |    13   |
|----------|--------------------------------|---------|---------|---------|
|          |   bias_offset_read_read_fu_68  |    0    |    0    |    0    |
|   read   | weights_offset_read_read_fu_81 |    0    |    0    |    0    |
|          |    bias_addr_read_read_fu_94   |    0    |    0    |    0    |
|          |  weights_addr_read_read_fu_99  |    0    |    0    |    0    |
|----------|--------------------------------|---------|---------|---------|
|  readreq |        grp_readreq_fu_74       |    0    |    0    |    0    |
|          |        grp_readreq_fu_87       |    0    |    0    |    0    |
|----------|--------------------------------|---------|---------|---------|
|          |          sext2_fu_173          |    0    |    0    |    0    |
|          |   weights_offset_cast_fu_184   |    0    |    0    |    0    |
|   zext   |        p_shl_cast_fu_208       |    0    |    0    |    0    |
|          |       p_shl6_cast_fu_220       |    0    |    0    |    0    |
|          |           tmp_fu_249           |    0    |    0    |    0    |
|          |          tmp_2_fu_266          |    0    |    0    |    0    |
|----------|--------------------------------|---------|---------|---------|
|bitconcatenate|          tmp_59_fu_200         |    0    |    0    |    0    |
|          |          tmp_60_fu_212         |    0    |    0    |    0    |
|----------|--------------------------------|---------|---------|---------|
|   sext   |          tmp_43_fu_230         |    0    |    0    |    0    |
|          |          tmp_45_fu_239         |    0    |    0    |    0    |
|----------|--------------------------------|---------|---------|---------|
|   Total  |                                |    5    |   348   |   809   |
|----------|--------------------------------|---------|---------|---------|

Memories:
N/A

* Register list:
+---------------------------+--------+
|                           |   FF   |
+---------------------------+--------+
|   bias_addr_read_reg_319  |   32   |
|     bias_addr_reg_271     |   32   |
|        c_3_reg_309        |    7   |
|         c_reg_153         |    7   |
|   input_0_0_addr_reg_314  |    7   |
|   input_0_0_load_reg_329  |   32   |
|        n_1_reg_285        |    4   |
|         n_reg_129         |    4   |
|    output_addr_reg_301    |    4   |
|       tmp_1_reg_344       |   32   |
|       tmp_3_reg_334       |   32   |
|       tmp_44_reg_290      |   32   |
|       tmp_4_reg_339       |   32   |
|       tmp_s_reg_141       |   32   |
| weights_addr_read_reg_324 |   32   |
|    weights_addr_reg_295   |   32   |
|weights_offset_cast_reg_277|   32   |
+---------------------------+--------+
|           Total           |   385  |
+---------------------------+--------+

* Multiplexer (MUX) list: 
|-------------------|------|------|------|--------||---------||---------|
|        Comp       |  Pin | Size |  BW  | S x BW ||  Delay  ||   LUT   |
|-------------------|------|------|------|--------||---------||---------|
| grp_readreq_fu_74 |  p1  |   2  |  32  |   64   ||    9    |
| grp_readreq_fu_87 |  p1  |   2  |  32  |   64   ||    9    |
| grp_access_fu_118 |  p0  |   2  |   7  |   14   ||    9    |
|     n_reg_129     |  p0  |   2  |   4  |    8   ||    9    |
|   tmp_s_reg_141   |  p0  |   2  |  32  |   64   ||    9    |
|     grp_fu_164    |  p1  |   2  |  32  |   64   ||    9    |
|-------------------|------|------|------|--------||---------||---------|
|       Total       |      |      |      |   278  ||  10.614 ||    54   |
|-------------------|------|------|------|--------||---------||---------|



* Summary:
+-----------+--------+--------+--------+--------+
|           | DSP48E |  Delay |   FF   |   LUT  |
+-----------+--------+--------+--------+--------+
|  Function |    5   |    -   |   348  |   809  |
|   Memory  |    -   |    -   |    -   |    -   |
|Multiplexer|    -   |   10   |    -   |   54   |
|  Register |    -   |    -   |   385  |    -   |
+-----------+--------+--------+--------+--------+
|   Total   |    5   |   10   |   733  |   863  |
+-----------+--------+--------+--------+--------+
