#-----------------------------------------------------------
# xsim v2018.2 (64-bit)
# SW Build 2258646 on Thu Jun 14 20:03:12 MDT 2018
# IP Build 2256618 on Thu Jun 14 22:10:49 MDT 2018
# Start of session at: Thu Oct  4 00:58:11 2018
# Process ID: 17416
# Current directory: C:/Users/Patel/Downloads/ECE527/exp/MP3/PartA/solution3/sim/verilog
# Command line: xsim.exe -mode tcl -source {xsim.dir/parta1_3/xsim_script.tcl}
# Log file: C:/Users/Patel/Downloads/ECE527/exp/MP3/PartA/solution3/sim/verilog/xsim.log
# Journal file: C:/Users/Patel/Downloads/ECE527/exp/MP3/PartA/solution3/sim/verilog\xsim.jou
#-----------------------------------------------------------
source xsim.dir/parta1_3/xsim_script.tcl
# xsim {parta1_3} -autoloadwcfg -tclbatch {parta1_3.tcl}
Vivado Simulator 2018.2
Time resolution is 1 ps
source parta1_3.tcl
## run all
////////////////////////////////////////////////////////////////////////////////////
// Inter-Transaction Progress: Completed Transaction / Total Transaction
// Intra-Transaction Progress: Measured Latency / Latency Estimation * 100%
//
// RTL Simulation : "Inter-Transaction Progress" ["Intra-Transaction Progress"] @ "Simulation Time"
////////////////////////////////////////////////////////////////////////////////////
// RTL Simulation : 0 / 27 [n/a] @ "125000"
// RTL Simulation : 1 / 27 [n/a] @ "3293795000"
// RTL Simulation : 2 / 27 [n/a] @ "5646655000"
// RTL Simulation : 3 / 27 [n/a] @ "11574555000"
// RTL Simulation : 4 / 27 [n/a] @ "14956415000"
// RTL Simulation : 5 / 27 [n/a] @ "17372275000"
// RTL Simulation : 6 / 27 [n/a] @ "23458935000"
// RTL Simulation : 7 / 27 [n/a] @ "26296895000"
// RTL Simulation : 8 / 27 [n/a] @ "28324255000"
// RTL Simulation : 9 / 27 [n/a] @ "33431895000"
// RTL Simulation : 10 / 27 [n/a] @ "33510335000"
// RTL Simulation : 11 / 27 [n/a] @ "33566375000"
// RTL Simulation : 12 / 27 [n/a] @ "33707535000"
// RTL Simulation : 13 / 27 [n/a] @ "33788075000"
// RTL Simulation : 14 / 27 [n/a] @ "33845615000"
// RTL Simulation : 15 / 27 [n/a] @ "33990555000"
// RTL Simulation : 16 / 27 [n/a] @ "34058145000"
// RTL Simulation : 17 / 27 [n/a] @ "34106435000"
// RTL Simulation : 18 / 27 [n/a] @ "34228065000"
// RTL Simulation : 19 / 27 [n/a] @ "40423265000"
// RTL Simulation : 20 / 27 [n/a] @ "44848865000"
// RTL Simulation : 21 / 27 [n/a] @ "55998945000"
// RTL Simulation : 22 / 27 [n/a] @ "62360045000"
// RTL Simulation : 23 / 27 [n/a] @ "66904145000"
// RTL Simulation : 24 / 27 [n/a] @ "78352845000"
// RTL Simulation : 25 / 27 [n/a] @ "83690895000"
// RTL Simulation : 26 / 27 [n/a] @ "87504245000"
// RTL Simulation : 27 / 27 [n/a] @ "97111455000"
////////////////////////////////////////////////////////////////////////////////////
$finish called at time : 97111495 ns : File "C:/Users/Patel/Downloads/ECE527/exp/MP3/PartA/solution3/sim/verilog/parta1_3.autotb.v" Line 523
run: Time (s): cpu = 00:00:00 ; elapsed = 00:02:11 . Memory (MB): peak = 213.500 ; gain = 0.000
## quit
INFO: [Common 17-206] Exiting xsim at Thu Oct  4 01:00:29 2018...
