16:59:01 INFO  : Registering command handlers for SDK TCF services
16:59:02 INFO  : Launching XSCT server: xsct.bat -interactive C:\Users\Patel\Downloads\ECE527\exp\MP4\lenet\Lenet.sdk\temp_xsdb_launch_script.tcl
16:59:05 INFO  : XSCT server has started successfully.
16:59:06 INFO  : Processing command line option -hwspec C:/Users/Patel/Downloads/ECE527/exp/MP4/lenet/Lenet.sdk/design_1_wrapper.hdf.
16:59:06 INFO  : Successfully done setting XSCT server connection channel  
16:59:06 INFO  : Successfully done setting SDK workspace  
17:01:33 INFO  : Refreshed build settings on project lenet
17:03:41 INFO  : 'targets -set -filter {jtag_cable_name =~ "Digilent Zed 210248690957" && level==0} -index 1' command is executed.
17:03:41 INFO  : 'fpga -state' command is executed.
17:03:41 INFO  : Connected to target on host '127.0.0.1' and port '3121'.
17:03:41 INFO  : Jtag cable 'Digilent Zed 210248690957' is selected.
17:03:41 INFO  : 'jtag frequency' command is executed.
17:03:41 INFO  : Sourcing of 'C:/Users/Patel/Downloads/ECE527/exp/MP4/lenet/Lenet.sdk/design_1_wrapper_hw_platform_0/ps7_init.tcl' is done.
17:03:41 INFO  : Context for 'APU' is selected.
17:03:42 INFO  : Hardware design information is loaded from 'C:/Users/Patel/Downloads/ECE527/exp/MP4/lenet/Lenet.sdk/design_1_wrapper_hw_platform_0/system.hdf'.
17:03:42 INFO  : 'configparams force-mem-access 1' command is executed.
17:03:42 INFO  : Context for 'APU' is selected.
17:03:42 INFO  : 'stop' command is executed.
17:03:42 INFO  : 'ps7_init' command is executed.
17:03:42 INFO  : 'ps7_post_config' command is executed.
17:03:42 INFO  : Context for processor 'ps7_cortexa9_0' is selected.
17:03:42 INFO  : Processor reset is completed for 'ps7_cortexa9_0'.
17:03:42 INFO  : Context for processor 'ps7_cortexa9_0' is selected.
17:03:44 INFO  : The application 'C:/Users/Patel/Downloads/ECE527/exp/MP4/lenet/Lenet.sdk/lenet/Debug/lenet.elf' is downloaded to processor 'ps7_cortexa9_0'.
17:03:44 INFO  : 'configparams force-mem-access 0' command is executed.
17:03:44 INFO  : ----------------XSDB Script----------------
connect -url tcp:127.0.0.1:3121
source C:/Users/Patel/Downloads/ECE527/exp/MP4/lenet/Lenet.sdk/design_1_wrapper_hw_platform_0/ps7_init.tcl
targets -set -nocase -filter {name =~"APU*" && jtag_cable_name =~ "Digilent Zed 210248690957"} -index 0
loadhw -hw C:/Users/Patel/Downloads/ECE527/exp/MP4/lenet/Lenet.sdk/design_1_wrapper_hw_platform_0/system.hdf -mem-ranges [list {0x40000000 0xbfffffff}]
configparams force-mem-access 1
targets -set -nocase -filter {name =~"APU*" && jtag_cable_name =~ "Digilent Zed 210248690957"} -index 0
stop
ps7_init
ps7_post_config
targets -set -nocase -filter {name =~ "ARM*#0" && jtag_cable_name =~ "Digilent Zed 210248690957"} -index 0
rst -processor
targets -set -nocase -filter {name =~ "ARM*#0" && jtag_cable_name =~ "Digilent Zed 210248690957"} -index 0
dow C:/Users/Patel/Downloads/ECE527/exp/MP4/lenet/Lenet.sdk/lenet/Debug/lenet.elf
configparams force-mem-access 0
----------------End of Script----------------

17:03:45 INFO  : Memory regions updated for context APU
17:03:45 INFO  : Context for processor 'ps7_cortexa9_0' is selected.
17:03:45 INFO  : 'con' command is executed.
17:03:45 INFO  : ----------------XSDB Script (After Launch)----------------
targets -set -nocase -filter {name =~ "ARM*#0" && jtag_cable_name =~ "Digilent Zed 210248690957"} -index 0
con
----------------End of Script----------------

17:03:45 INFO  : Launch script is exported to file 'C:\Users\Patel\Downloads\ECE527\exp\MP4\lenet\Lenet.sdk\.sdk\launch_scripts\xilinx_c-c++_application_(system_debugger)\system_debugger_using_debug_lenet.elf_on_local.tcl'
17:04:11 INFO  : Disconnected from the channel tcfchan#1.
17:04:12 INFO  : 'targets -set -filter {jtag_cable_name =~ "Digilent Zed 210248690957" && level==0} -index 1' command is executed.
17:04:12 INFO  : 'fpga -state' command is executed.
17:04:12 INFO  : Connected to target on host '127.0.0.1' and port '3121'.
17:04:12 INFO  : Jtag cable 'Digilent Zed 210248690957' is selected.
17:04:12 INFO  : 'jtag frequency' command is executed.
17:04:12 INFO  : Sourcing of 'C:/Users/Patel/Downloads/ECE527/exp/MP4/lenet/Lenet.sdk/design_1_wrapper_hw_platform_0/ps7_init.tcl' is done.
17:04:12 INFO  : Context for 'APU' is selected.
17:04:16 INFO  : Hardware design information is loaded from 'C:/Users/Patel/Downloads/ECE527/exp/MP4/lenet/Lenet.sdk/design_1_wrapper_hw_platform_0/system.hdf'.
17:04:16 INFO  : 'configparams force-mem-access 1' command is executed.
17:04:16 INFO  : Context for 'APU' is selected.
17:04:16 INFO  : 'stop' command is executed.
17:04:17 INFO  : 'ps7_init' command is executed.
17:04:17 INFO  : 'ps7_post_config' command is executed.
17:04:17 INFO  : Context for processor 'ps7_cortexa9_0' is selected.
17:04:17 INFO  : Processor reset is completed for 'ps7_cortexa9_0'.
17:04:17 INFO  : Context for processor 'ps7_cortexa9_0' is selected.
17:04:19 INFO  : The application 'C:/Users/Patel/Downloads/ECE527/exp/MP4/lenet/Lenet.sdk/lenet/Debug/lenet.elf' is downloaded to processor 'ps7_cortexa9_0'.
17:04:19 INFO  : 'configparams force-mem-access 0' command is executed.
17:04:19 INFO  : ----------------XSDB Script----------------
connect -url tcp:127.0.0.1:3121
source C:/Users/Patel/Downloads/ECE527/exp/MP4/lenet/Lenet.sdk/design_1_wrapper_hw_platform_0/ps7_init.tcl
targets -set -nocase -filter {name =~"APU*" && jtag_cable_name =~ "Digilent Zed 210248690957"} -index 0
loadhw -hw C:/Users/Patel/Downloads/ECE527/exp/MP4/lenet/Lenet.sdk/design_1_wrapper_hw_platform_0/system.hdf -mem-ranges [list {0x40000000 0xbfffffff}]
configparams force-mem-access 1
targets -set -nocase -filter {name =~"APU*" && jtag_cable_name =~ "Digilent Zed 210248690957"} -index 0
stop
ps7_init
ps7_post_config
targets -set -nocase -filter {name =~ "ARM*#0" && jtag_cable_name =~ "Digilent Zed 210248690957"} -index 0
rst -processor
targets -set -nocase -filter {name =~ "ARM*#0" && jtag_cable_name =~ "Digilent Zed 210248690957"} -index 0
dow C:/Users/Patel/Downloads/ECE527/exp/MP4/lenet/Lenet.sdk/lenet/Debug/lenet.elf
configparams force-mem-access 0
----------------End of Script----------------

17:04:19 INFO  : Memory regions updated for context APU
17:04:19 INFO  : Context for processor 'ps7_cortexa9_0' is selected.
17:04:19 INFO  : 'con' command is executed.
17:04:19 INFO  : ----------------XSDB Script (After Launch)----------------
targets -set -nocase -filter {name =~ "ARM*#0" && jtag_cable_name =~ "Digilent Zed 210248690957"} -index 0
con
----------------End of Script----------------

17:04:19 INFO  : Launch script is exported to file 'C:\Users\Patel\Downloads\ECE527\exp\MP4\lenet\Lenet.sdk\.sdk\launch_scripts\xilinx_c-c++_application_(system_debugger)\system_debugger_using_debug_lenet.elf_on_local.tcl'
17:05:10 INFO  : Disconnected from the channel tcfchan#2.
17:05:12 INFO  : 'targets -set -filter {jtag_cable_name =~ "Digilent Zed 210248690957" && level==0} -index 1' command is executed.
17:05:12 INFO  : 'fpga -state' command is executed.
17:05:12 INFO  : Connected to target on host '127.0.0.1' and port '3121'.
17:05:12 INFO  : Jtag cable 'Digilent Zed 210248690957' is selected.
17:05:12 INFO  : 'jtag frequency' command is executed.
17:05:12 INFO  : Sourcing of 'C:/Users/Patel/Downloads/ECE527/exp/MP4/lenet/Lenet.sdk/design_1_wrapper_hw_platform_0/ps7_init.tcl' is done.
17:05:12 INFO  : Context for 'APU' is selected.
17:05:17 INFO  : Hardware design information is loaded from 'C:/Users/Patel/Downloads/ECE527/exp/MP4/lenet/Lenet.sdk/design_1_wrapper_hw_platform_0/system.hdf'.
17:05:17 INFO  : 'configparams force-mem-access 1' command is executed.
17:05:17 INFO  : Context for 'APU' is selected.
17:05:17 INFO  : 'stop' command is executed.
17:05:17 INFO  : 'ps7_init' command is executed.
17:05:17 INFO  : 'ps7_post_config' command is executed.
17:05:17 INFO  : Context for processor 'ps7_cortexa9_0' is selected.
17:05:17 INFO  : Processor reset is completed for 'ps7_cortexa9_0'.
17:05:17 INFO  : Context for processor 'ps7_cortexa9_0' is selected.
17:05:19 INFO  : The application 'C:/Users/Patel/Downloads/ECE527/exp/MP4/lenet/Lenet.sdk/lenet/Debug/lenet.elf' is downloaded to processor 'ps7_cortexa9_0'.
17:05:19 INFO  : 'configparams force-mem-access 0' command is executed.
17:05:19 INFO  : ----------------XSDB Script----------------
connect -url tcp:127.0.0.1:3121
source C:/Users/Patel/Downloads/ECE527/exp/MP4/lenet/Lenet.sdk/design_1_wrapper_hw_platform_0/ps7_init.tcl
targets -set -nocase -filter {name =~"APU*" && jtag_cable_name =~ "Digilent Zed 210248690957"} -index 0
loadhw -hw C:/Users/Patel/Downloads/ECE527/exp/MP4/lenet/Lenet.sdk/design_1_wrapper_hw_platform_0/system.hdf -mem-ranges [list {0x40000000 0xbfffffff}]
configparams force-mem-access 1
targets -set -nocase -filter {name =~"APU*" && jtag_cable_name =~ "Digilent Zed 210248690957"} -index 0
stop
ps7_init
ps7_post_config
targets -set -nocase -filter {name =~ "ARM*#0" && jtag_cable_name =~ "Digilent Zed 210248690957"} -index 0
rst -processor
targets -set -nocase -filter {name =~ "ARM*#0" && jtag_cable_name =~ "Digilent Zed 210248690957"} -index 0
dow C:/Users/Patel/Downloads/ECE527/exp/MP4/lenet/Lenet.sdk/lenet/Debug/lenet.elf
configparams force-mem-access 0
----------------End of Script----------------

17:05:19 INFO  : Memory regions updated for context APU
17:05:19 INFO  : Context for processor 'ps7_cortexa9_0' is selected.
17:05:19 INFO  : 'con' command is executed.
17:05:19 INFO  : ----------------XSDB Script (After Launch)----------------
targets -set -nocase -filter {name =~ "ARM*#0" && jtag_cable_name =~ "Digilent Zed 210248690957"} -index 0
con
----------------End of Script----------------

17:05:19 INFO  : Launch script is exported to file 'C:\Users\Patel\Downloads\ECE527\exp\MP4\lenet\Lenet.sdk\.sdk\launch_scripts\xilinx_c-c++_application_(system_debugger)\system_debugger_using_debug_lenet.elf_on_local.tcl'
17:06:22 INFO  : Disconnected from the channel tcfchan#3.
17:06:24 INFO  : 'targets -set -filter {jtag_cable_name =~ "Digilent Zed 210248690957" && level==0} -index 1' command is executed.
17:06:24 INFO  : 'fpga -state' command is executed.
17:06:24 INFO  : Connected to target on host '127.0.0.1' and port '3121'.
17:06:24 INFO  : Jtag cable 'Digilent Zed 210248690957' is selected.
17:06:24 INFO  : 'jtag frequency' command is executed.
17:06:24 INFO  : Sourcing of 'C:/Users/Patel/Downloads/ECE527/exp/MP4/lenet/Lenet.sdk/design_1_wrapper_hw_platform_0/ps7_init.tcl' is done.
17:06:24 INFO  : Context for 'APU' is selected.
17:06:27 INFO  : Hardware design information is loaded from 'C:/Users/Patel/Downloads/ECE527/exp/MP4/lenet/Lenet.sdk/design_1_wrapper_hw_platform_0/system.hdf'.
17:06:27 INFO  : 'configparams force-mem-access 1' command is executed.
17:06:28 INFO  : Context for 'APU' is selected.
17:06:28 INFO  : 'stop' command is executed.
17:06:28 INFO  : 'ps7_init' command is executed.
17:06:28 INFO  : 'ps7_post_config' command is executed.
17:06:28 INFO  : Context for processor 'ps7_cortexa9_0' is selected.
17:06:28 INFO  : Processor reset is completed for 'ps7_cortexa9_0'.
17:06:28 INFO  : Context for processor 'ps7_cortexa9_0' is selected.
17:06:30 INFO  : The application 'C:/Users/Patel/Downloads/ECE527/exp/MP4/lenet/Lenet.sdk/lenet/Debug/lenet.elf' is downloaded to processor 'ps7_cortexa9_0'.
17:06:30 INFO  : 'configparams force-mem-access 0' command is executed.
17:06:30 INFO  : ----------------XSDB Script----------------
connect -url tcp:127.0.0.1:3121
source C:/Users/Patel/Downloads/ECE527/exp/MP4/lenet/Lenet.sdk/design_1_wrapper_hw_platform_0/ps7_init.tcl
targets -set -nocase -filter {name =~"APU*" && jtag_cable_name =~ "Digilent Zed 210248690957"} -index 0
loadhw -hw C:/Users/Patel/Downloads/ECE527/exp/MP4/lenet/Lenet.sdk/design_1_wrapper_hw_platform_0/system.hdf -mem-ranges [list {0x40000000 0xbfffffff}]
configparams force-mem-access 1
targets -set -nocase -filter {name =~"APU*" && jtag_cable_name =~ "Digilent Zed 210248690957"} -index 0
stop
ps7_init
ps7_post_config
targets -set -nocase -filter {name =~ "ARM*#0" && jtag_cable_name =~ "Digilent Zed 210248690957"} -index 0
rst -processor
targets -set -nocase -filter {name =~ "ARM*#0" && jtag_cable_name =~ "Digilent Zed 210248690957"} -index 0
dow C:/Users/Patel/Downloads/ECE527/exp/MP4/lenet/Lenet.sdk/lenet/Debug/lenet.elf
configparams force-mem-access 0
----------------End of Script----------------

17:06:30 INFO  : Memory regions updated for context APU
17:06:30 INFO  : Context for processor 'ps7_cortexa9_0' is selected.
17:06:30 INFO  : 'con' command is executed.
17:06:30 INFO  : ----------------XSDB Script (After Launch)----------------
targets -set -nocase -filter {name =~ "ARM*#0" && jtag_cable_name =~ "Digilent Zed 210248690957"} -index 0
con
----------------End of Script----------------

17:06:30 INFO  : Launch script is exported to file 'C:\Users\Patel\Downloads\ECE527\exp\MP4\lenet\Lenet.sdk\.sdk\launch_scripts\xilinx_c-c++_application_(system_debugger)\system_debugger_using_debug_lenet.elf_on_local.tcl'
17:09:10 INFO  : Disconnected from the channel tcfchan#4.
17:09:11 INFO  : 'targets -set -filter {jtag_cable_name =~ "Digilent Zed 210248690957" && level==0} -index 1' command is executed.
17:09:11 INFO  : 'fpga -state' command is executed.
17:09:11 INFO  : Connected to target on host '127.0.0.1' and port '3121'.
17:09:11 INFO  : Jtag cable 'Digilent Zed 210248690957' is selected.
17:09:11 INFO  : 'jtag frequency' command is executed.
17:09:11 INFO  : Sourcing of 'C:/Users/Patel/Downloads/ECE527/exp/MP4/lenet/Lenet.sdk/design_1_wrapper_hw_platform_0/ps7_init.tcl' is done.
17:09:11 INFO  : Context for 'APU' is selected.
17:09:15 INFO  : Hardware design information is loaded from 'C:/Users/Patel/Downloads/ECE527/exp/MP4/lenet/Lenet.sdk/design_1_wrapper_hw_platform_0/system.hdf'.
17:09:15 INFO  : 'configparams force-mem-access 1' command is executed.
17:09:15 INFO  : Context for 'APU' is selected.
17:09:15 INFO  : 'stop' command is executed.
17:09:15 INFO  : 'ps7_init' command is executed.
17:09:15 INFO  : 'ps7_post_config' command is executed.
17:09:15 INFO  : Context for processor 'ps7_cortexa9_0' is selected.
17:09:15 INFO  : Processor reset is completed for 'ps7_cortexa9_0'.
17:09:15 INFO  : Context for processor 'ps7_cortexa9_0' is selected.
17:09:17 INFO  : The application 'C:/Users/Patel/Downloads/ECE527/exp/MP4/lenet/Lenet.sdk/lenet/Debug/lenet.elf' is downloaded to processor 'ps7_cortexa9_0'.
17:09:17 INFO  : 'configparams force-mem-access 0' command is executed.
17:09:17 INFO  : ----------------XSDB Script----------------
connect -url tcp:127.0.0.1:3121
source C:/Users/Patel/Downloads/ECE527/exp/MP4/lenet/Lenet.sdk/design_1_wrapper_hw_platform_0/ps7_init.tcl
targets -set -nocase -filter {name =~"APU*" && jtag_cable_name =~ "Digilent Zed 210248690957"} -index 0
loadhw -hw C:/Users/Patel/Downloads/ECE527/exp/MP4/lenet/Lenet.sdk/design_1_wrapper_hw_platform_0/system.hdf -mem-ranges [list {0x40000000 0xbfffffff}]
configparams force-mem-access 1
targets -set -nocase -filter {name =~"APU*" && jtag_cable_name =~ "Digilent Zed 210248690957"} -index 0
stop
ps7_init
ps7_post_config
targets -set -nocase -filter {name =~ "ARM*#0" && jtag_cable_name =~ "Digilent Zed 210248690957"} -index 0
rst -processor
targets -set -nocase -filter {name =~ "ARM*#0" && jtag_cable_name =~ "Digilent Zed 210248690957"} -index 0
dow C:/Users/Patel/Downloads/ECE527/exp/MP4/lenet/Lenet.sdk/lenet/Debug/lenet.elf
configparams force-mem-access 0
----------------End of Script----------------

17:09:17 INFO  : Memory regions updated for context APU
17:09:18 INFO  : Context for processor 'ps7_cortexa9_0' is selected.
17:09:18 INFO  : 'con' command is executed.
17:09:18 INFO  : ----------------XSDB Script (After Launch)----------------
targets -set -nocase -filter {name =~ "ARM*#0" && jtag_cable_name =~ "Digilent Zed 210248690957"} -index 0
con
----------------End of Script----------------

17:09:18 INFO  : Launch script is exported to file 'C:\Users\Patel\Downloads\ECE527\exp\MP4\lenet\Lenet.sdk\.sdk\launch_scripts\xilinx_c-c++_application_(system_debugger)\system_debugger_using_debug_lenet.elf_on_local.tcl'
17:09:53 INFO  : Disconnected from the channel tcfchan#5.
17:09:54 INFO  : 'targets -set -filter {jtag_cable_name =~ "Digilent Zed 210248690957" && level==0} -index 1' command is executed.
17:09:54 INFO  : 'fpga -state' command is executed.
17:09:54 INFO  : Connected to target on host '127.0.0.1' and port '3121'.
17:09:54 INFO  : Jtag cable 'Digilent Zed 210248690957' is selected.
17:09:54 INFO  : 'jtag frequency' command is executed.
17:09:54 INFO  : Sourcing of 'C:/Users/Patel/Downloads/ECE527/exp/MP4/lenet/Lenet.sdk/design_1_wrapper_hw_platform_0/ps7_init.tcl' is done.
17:09:54 INFO  : Context for 'APU' is selected.
17:09:58 INFO  : Hardware design information is loaded from 'C:/Users/Patel/Downloads/ECE527/exp/MP4/lenet/Lenet.sdk/design_1_wrapper_hw_platform_0/system.hdf'.
17:09:58 INFO  : 'configparams force-mem-access 1' command is executed.
17:09:58 INFO  : Context for 'APU' is selected.
17:09:58 INFO  : 'stop' command is executed.
17:09:58 INFO  : 'ps7_init' command is executed.
17:09:58 INFO  : 'ps7_post_config' command is executed.
17:09:58 INFO  : Context for processor 'ps7_cortexa9_0' is selected.
17:09:58 INFO  : Processor reset is completed for 'ps7_cortexa9_0'.
17:09:59 INFO  : Context for processor 'ps7_cortexa9_0' is selected.
17:10:00 INFO  : The application 'C:/Users/Patel/Downloads/ECE527/exp/MP4/lenet/Lenet.sdk/lenet/Debug/lenet.elf' is downloaded to processor 'ps7_cortexa9_0'.
17:10:00 INFO  : 'configparams force-mem-access 0' command is executed.
17:10:00 INFO  : ----------------XSDB Script----------------
connect -url tcp:127.0.0.1:3121
source C:/Users/Patel/Downloads/ECE527/exp/MP4/lenet/Lenet.sdk/design_1_wrapper_hw_platform_0/ps7_init.tcl
targets -set -nocase -filter {name =~"APU*" && jtag_cable_name =~ "Digilent Zed 210248690957"} -index 0
loadhw -hw C:/Users/Patel/Downloads/ECE527/exp/MP4/lenet/Lenet.sdk/design_1_wrapper_hw_platform_0/system.hdf -mem-ranges [list {0x40000000 0xbfffffff}]
configparams force-mem-access 1
targets -set -nocase -filter {name =~"APU*" && jtag_cable_name =~ "Digilent Zed 210248690957"} -index 0
stop
ps7_init
ps7_post_config
targets -set -nocase -filter {name =~ "ARM*#0" && jtag_cable_name =~ "Digilent Zed 210248690957"} -index 0
rst -processor
targets -set -nocase -filter {name =~ "ARM*#0" && jtag_cable_name =~ "Digilent Zed 210248690957"} -index 0
dow C:/Users/Patel/Downloads/ECE527/exp/MP4/lenet/Lenet.sdk/lenet/Debug/lenet.elf
configparams force-mem-access 0
----------------End of Script----------------

17:10:01 INFO  : Memory regions updated for context APU
17:10:01 INFO  : Context for processor 'ps7_cortexa9_0' is selected.
17:10:01 INFO  : 'con' command is executed.
17:10:01 INFO  : ----------------XSDB Script (After Launch)----------------
targets -set -nocase -filter {name =~ "ARM*#0" && jtag_cable_name =~ "Digilent Zed 210248690957"} -index 0
con
----------------End of Script----------------

17:10:01 INFO  : Launch script is exported to file 'C:\Users\Patel\Downloads\ECE527\exp\MP4\lenet\Lenet.sdk\.sdk\launch_scripts\xilinx_c-c++_application_(system_debugger)\system_debugger_using_debug_lenet.elf_on_local.tcl'
17:10:41 INFO  : Disconnected from the channel tcfchan#6.
17:10:42 INFO  : 'targets -set -filter {jtag_cable_name =~ "Digilent Zed 210248690957" && level==0} -index 1' command is executed.
17:10:42 INFO  : 'fpga -state' command is executed.
17:10:42 INFO  : Connected to target on host '127.0.0.1' and port '3121'.
17:10:43 INFO  : Jtag cable 'Digilent Zed 210248690957' is selected.
17:10:43 INFO  : 'jtag frequency' command is executed.
17:10:43 INFO  : Sourcing of 'C:/Users/Patel/Downloads/ECE527/exp/MP4/lenet/Lenet.sdk/design_1_wrapper_hw_platform_0/ps7_init.tcl' is done.
17:10:43 INFO  : Context for 'APU' is selected.
17:10:46 INFO  : Hardware design information is loaded from 'C:/Users/Patel/Downloads/ECE527/exp/MP4/lenet/Lenet.sdk/design_1_wrapper_hw_platform_0/system.hdf'.
17:10:46 INFO  : 'configparams force-mem-access 1' command is executed.
17:10:46 INFO  : Context for 'APU' is selected.
17:10:46 INFO  : 'stop' command is executed.
17:10:46 INFO  : 'ps7_init' command is executed.
17:10:46 INFO  : 'ps7_post_config' command is executed.
17:10:47 INFO  : Context for processor 'ps7_cortexa9_0' is selected.
17:10:47 INFO  : Processor reset is completed for 'ps7_cortexa9_0'.
17:10:47 INFO  : Context for processor 'ps7_cortexa9_0' is selected.
17:10:49 INFO  : The application 'C:/Users/Patel/Downloads/ECE527/exp/MP4/lenet/Lenet.sdk/lenet/Debug/lenet.elf' is downloaded to processor 'ps7_cortexa9_0'.
17:10:49 INFO  : 'configparams force-mem-access 0' command is executed.
17:10:49 INFO  : ----------------XSDB Script----------------
connect -url tcp:127.0.0.1:3121
source C:/Users/Patel/Downloads/ECE527/exp/MP4/lenet/Lenet.sdk/design_1_wrapper_hw_platform_0/ps7_init.tcl
targets -set -nocase -filter {name =~"APU*" && jtag_cable_name =~ "Digilent Zed 210248690957"} -index 0
loadhw -hw C:/Users/Patel/Downloads/ECE527/exp/MP4/lenet/Lenet.sdk/design_1_wrapper_hw_platform_0/system.hdf -mem-ranges [list {0x40000000 0xbfffffff}]
configparams force-mem-access 1
targets -set -nocase -filter {name =~"APU*" && jtag_cable_name =~ "Digilent Zed 210248690957"} -index 0
stop
ps7_init
ps7_post_config
targets -set -nocase -filter {name =~ "ARM*#0" && jtag_cable_name =~ "Digilent Zed 210248690957"} -index 0
rst -processor
targets -set -nocase -filter {name =~ "ARM*#0" && jtag_cable_name =~ "Digilent Zed 210248690957"} -index 0
dow C:/Users/Patel/Downloads/ECE527/exp/MP4/lenet/Lenet.sdk/lenet/Debug/lenet.elf
configparams force-mem-access 0
----------------End of Script----------------

17:10:49 INFO  : Memory regions updated for context APU
17:10:49 INFO  : Context for processor 'ps7_cortexa9_0' is selected.
17:10:49 INFO  : 'con' command is executed.
17:10:49 INFO  : ----------------XSDB Script (After Launch)----------------
targets -set -nocase -filter {name =~ "ARM*#0" && jtag_cable_name =~ "Digilent Zed 210248690957"} -index 0
con
----------------End of Script----------------

17:10:49 INFO  : Launch script is exported to file 'C:\Users\Patel\Downloads\ECE527\exp\MP4\lenet\Lenet.sdk\.sdk\launch_scripts\xilinx_c-c++_application_(system_debugger)\system_debugger_using_debug_lenet.elf_on_local.tcl'
17:12:06 INFO  : Disconnected from the channel tcfchan#7.
17:12:07 INFO  : 'targets -set -filter {jtag_cable_name =~ "Digilent Zed 210248690957" && level==0} -index 1' command is executed.
17:12:07 INFO  : 'fpga -state' command is executed.
17:12:07 INFO  : Connected to target on host '127.0.0.1' and port '3121'.
17:12:07 INFO  : Jtag cable 'Digilent Zed 210248690957' is selected.
17:12:07 INFO  : 'jtag frequency' command is executed.
17:12:07 INFO  : Sourcing of 'C:/Users/Patel/Downloads/ECE527/exp/MP4/lenet/Lenet.sdk/design_1_wrapper_hw_platform_0/ps7_init.tcl' is done.
17:12:07 INFO  : Context for 'APU' is selected.
17:12:10 INFO  : Hardware design information is loaded from 'C:/Users/Patel/Downloads/ECE527/exp/MP4/lenet/Lenet.sdk/design_1_wrapper_hw_platform_0/system.hdf'.
17:12:10 INFO  : 'configparams force-mem-access 1' command is executed.
17:12:11 INFO  : Context for 'APU' is selected.
17:12:11 INFO  : 'stop' command is executed.
17:12:11 INFO  : 'ps7_init' command is executed.
17:12:11 INFO  : 'ps7_post_config' command is executed.
17:12:11 INFO  : Context for processor 'ps7_cortexa9_0' is selected.
17:12:11 INFO  : Processor reset is completed for 'ps7_cortexa9_0'.
17:12:11 INFO  : Context for processor 'ps7_cortexa9_0' is selected.
17:12:13 INFO  : The application 'C:/Users/Patel/Downloads/ECE527/exp/MP4/lenet/Lenet.sdk/lenet/Debug/lenet.elf' is downloaded to processor 'ps7_cortexa9_0'.
17:12:13 INFO  : 'configparams force-mem-access 0' command is executed.
17:12:13 INFO  : ----------------XSDB Script----------------
connect -url tcp:127.0.0.1:3121
source C:/Users/Patel/Downloads/ECE527/exp/MP4/lenet/Lenet.sdk/design_1_wrapper_hw_platform_0/ps7_init.tcl
targets -set -nocase -filter {name =~"APU*" && jtag_cable_name =~ "Digilent Zed 210248690957"} -index 0
loadhw -hw C:/Users/Patel/Downloads/ECE527/exp/MP4/lenet/Lenet.sdk/design_1_wrapper_hw_platform_0/system.hdf -mem-ranges [list {0x40000000 0xbfffffff}]
configparams force-mem-access 1
targets -set -nocase -filter {name =~"APU*" && jtag_cable_name =~ "Digilent Zed 210248690957"} -index 0
stop
ps7_init
ps7_post_config
targets -set -nocase -filter {name =~ "ARM*#0" && jtag_cable_name =~ "Digilent Zed 210248690957"} -index 0
rst -processor
targets -set -nocase -filter {name =~ "ARM*#0" && jtag_cable_name =~ "Digilent Zed 210248690957"} -index 0
dow C:/Users/Patel/Downloads/ECE527/exp/MP4/lenet/Lenet.sdk/lenet/Debug/lenet.elf
configparams force-mem-access 0
----------------End of Script----------------

17:12:13 INFO  : Memory regions updated for context APU
17:12:13 INFO  : Context for processor 'ps7_cortexa9_0' is selected.
17:12:13 INFO  : 'con' command is executed.
17:12:13 INFO  : ----------------XSDB Script (After Launch)----------------
targets -set -nocase -filter {name =~ "ARM*#0" && jtag_cable_name =~ "Digilent Zed 210248690957"} -index 0
con
----------------End of Script----------------

17:12:13 INFO  : Launch script is exported to file 'C:\Users\Patel\Downloads\ECE527\exp\MP4\lenet\Lenet.sdk\.sdk\launch_scripts\xilinx_c-c++_application_(system_debugger)\system_debugger_using_debug_lenet.elf_on_local.tcl'
17:12:47 INFO  : Disconnected from the channel tcfchan#8.
17:12:48 INFO  : 'targets -set -filter {jtag_cable_name =~ "Digilent Zed 210248690957" && level==0} -index 1' command is executed.
17:12:48 INFO  : 'fpga -state' command is executed.
17:12:48 INFO  : Connected to target on host '127.0.0.1' and port '3121'.
17:12:48 INFO  : Jtag cable 'Digilent Zed 210248690957' is selected.
17:12:48 INFO  : 'jtag frequency' command is executed.
17:12:48 INFO  : Sourcing of 'C:/Users/Patel/Downloads/ECE527/exp/MP4/lenet/Lenet.sdk/design_1_wrapper_hw_platform_0/ps7_init.tcl' is done.
17:12:48 INFO  : Context for 'APU' is selected.
17:12:52 INFO  : Hardware design information is loaded from 'C:/Users/Patel/Downloads/ECE527/exp/MP4/lenet/Lenet.sdk/design_1_wrapper_hw_platform_0/system.hdf'.
17:12:52 INFO  : 'configparams force-mem-access 1' command is executed.
17:12:52 INFO  : Context for 'APU' is selected.
17:12:52 INFO  : 'stop' command is executed.
17:12:53 INFO  : 'ps7_init' command is executed.
17:12:53 INFO  : 'ps7_post_config' command is executed.
17:12:53 INFO  : Context for processor 'ps7_cortexa9_0' is selected.
17:12:53 INFO  : Processor reset is completed for 'ps7_cortexa9_0'.
17:12:53 INFO  : Context for processor 'ps7_cortexa9_0' is selected.
17:12:55 INFO  : The application 'C:/Users/Patel/Downloads/ECE527/exp/MP4/lenet/Lenet.sdk/lenet/Debug/lenet.elf' is downloaded to processor 'ps7_cortexa9_0'.
17:12:55 INFO  : 'configparams force-mem-access 0' command is executed.
17:12:55 INFO  : ----------------XSDB Script----------------
connect -url tcp:127.0.0.1:3121
source C:/Users/Patel/Downloads/ECE527/exp/MP4/lenet/Lenet.sdk/design_1_wrapper_hw_platform_0/ps7_init.tcl
targets -set -nocase -filter {name =~"APU*" && jtag_cable_name =~ "Digilent Zed 210248690957"} -index 0
loadhw -hw C:/Users/Patel/Downloads/ECE527/exp/MP4/lenet/Lenet.sdk/design_1_wrapper_hw_platform_0/system.hdf -mem-ranges [list {0x40000000 0xbfffffff}]
configparams force-mem-access 1
targets -set -nocase -filter {name =~"APU*" && jtag_cable_name =~ "Digilent Zed 210248690957"} -index 0
stop
ps7_init
ps7_post_config
targets -set -nocase -filter {name =~ "ARM*#0" && jtag_cable_name =~ "Digilent Zed 210248690957"} -index 0
rst -processor
targets -set -nocase -filter {name =~ "ARM*#0" && jtag_cable_name =~ "Digilent Zed 210248690957"} -index 0
dow C:/Users/Patel/Downloads/ECE527/exp/MP4/lenet/Lenet.sdk/lenet/Debug/lenet.elf
configparams force-mem-access 0
----------------End of Script----------------

17:12:55 INFO  : Memory regions updated for context APU
17:12:55 INFO  : Context for processor 'ps7_cortexa9_0' is selected.
17:12:55 INFO  : 'con' command is executed.
17:12:55 INFO  : ----------------XSDB Script (After Launch)----------------
targets -set -nocase -filter {name =~ "ARM*#0" && jtag_cable_name =~ "Digilent Zed 210248690957"} -index 0
con
----------------End of Script----------------

17:12:55 INFO  : Launch script is exported to file 'C:\Users\Patel\Downloads\ECE527\exp\MP4\lenet\Lenet.sdk\.sdk\launch_scripts\xilinx_c-c++_application_(system_debugger)\system_debugger_using_debug_lenet.elf_on_local.tcl'
17:13:55 INFO  : Disconnected from the channel tcfchan#9.
17:13:56 INFO  : 'targets -set -filter {jtag_cable_name =~ "Digilent Zed 210248690957" && level==0} -index 1' command is executed.
17:13:56 INFO  : 'fpga -state' command is executed.
17:13:56 INFO  : Connected to target on host '127.0.0.1' and port '3121'.
17:13:56 INFO  : Jtag cable 'Digilent Zed 210248690957' is selected.
17:13:56 INFO  : 'jtag frequency' command is executed.
17:13:56 INFO  : Sourcing of 'C:/Users/Patel/Downloads/ECE527/exp/MP4/lenet/Lenet.sdk/design_1_wrapper_hw_platform_0/ps7_init.tcl' is done.
17:13:56 INFO  : Context for 'APU' is selected.
17:14:01 INFO  : Hardware design information is loaded from 'C:/Users/Patel/Downloads/ECE527/exp/MP4/lenet/Lenet.sdk/design_1_wrapper_hw_platform_0/system.hdf'.
17:14:01 INFO  : 'configparams force-mem-access 1' command is executed.
17:14:01 INFO  : Context for 'APU' is selected.
17:14:01 INFO  : 'stop' command is executed.
17:14:01 INFO  : 'ps7_init' command is executed.
17:14:01 INFO  : 'ps7_post_config' command is executed.
17:14:01 INFO  : Context for processor 'ps7_cortexa9_0' is selected.
17:14:01 INFO  : Processor reset is completed for 'ps7_cortexa9_0'.
17:14:01 INFO  : Context for processor 'ps7_cortexa9_0' is selected.
17:14:03 INFO  : The application 'C:/Users/Patel/Downloads/ECE527/exp/MP4/lenet/Lenet.sdk/lenet/Debug/lenet.elf' is downloaded to processor 'ps7_cortexa9_0'.
17:14:03 INFO  : 'configparams force-mem-access 0' command is executed.
17:14:03 INFO  : ----------------XSDB Script----------------
connect -url tcp:127.0.0.1:3121
source C:/Users/Patel/Downloads/ECE527/exp/MP4/lenet/Lenet.sdk/design_1_wrapper_hw_platform_0/ps7_init.tcl
targets -set -nocase -filter {name =~"APU*" && jtag_cable_name =~ "Digilent Zed 210248690957"} -index 0
loadhw -hw C:/Users/Patel/Downloads/ECE527/exp/MP4/lenet/Lenet.sdk/design_1_wrapper_hw_platform_0/system.hdf -mem-ranges [list {0x40000000 0xbfffffff}]
configparams force-mem-access 1
targets -set -nocase -filter {name =~"APU*" && jtag_cable_name =~ "Digilent Zed 210248690957"} -index 0
stop
ps7_init
ps7_post_config
targets -set -nocase -filter {name =~ "ARM*#0" && jtag_cable_name =~ "Digilent Zed 210248690957"} -index 0
rst -processor
targets -set -nocase -filter {name =~ "ARM*#0" && jtag_cable_name =~ "Digilent Zed 210248690957"} -index 0
dow C:/Users/Patel/Downloads/ECE527/exp/MP4/lenet/Lenet.sdk/lenet/Debug/lenet.elf
configparams force-mem-access 0
----------------End of Script----------------

17:14:03 INFO  : Memory regions updated for context APU
17:14:03 INFO  : Context for processor 'ps7_cortexa9_0' is selected.
17:14:03 INFO  : 'con' command is executed.
17:14:03 INFO  : ----------------XSDB Script (After Launch)----------------
targets -set -nocase -filter {name =~ "ARM*#0" && jtag_cable_name =~ "Digilent Zed 210248690957"} -index 0
con
----------------End of Script----------------

17:14:03 INFO  : Launch script is exported to file 'C:\Users\Patel\Downloads\ECE527\exp\MP4\lenet\Lenet.sdk\.sdk\launch_scripts\xilinx_c-c++_application_(system_debugger)\system_debugger_using_debug_lenet.elf_on_local.tcl'
17:15:08 INFO  : Disconnected from the channel tcfchan#10.
17:15:09 INFO  : 'targets -set -filter {jtag_cable_name =~ "Digilent Zed 210248690957" && level==0} -index 1' command is executed.
17:15:09 INFO  : 'fpga -state' command is executed.
17:15:09 INFO  : Connected to target on host '127.0.0.1' and port '3121'.
17:15:10 INFO  : Jtag cable 'Digilent Zed 210248690957' is selected.
17:15:10 INFO  : 'jtag frequency' command is executed.
17:15:10 INFO  : Sourcing of 'C:/Users/Patel/Downloads/ECE527/exp/MP4/lenet/Lenet.sdk/design_1_wrapper_hw_platform_0/ps7_init.tcl' is done.
17:15:10 INFO  : Context for 'APU' is selected.
17:15:13 INFO  : Hardware design information is loaded from 'C:/Users/Patel/Downloads/ECE527/exp/MP4/lenet/Lenet.sdk/design_1_wrapper_hw_platform_0/system.hdf'.
17:15:13 INFO  : 'configparams force-mem-access 1' command is executed.
17:15:13 INFO  : Context for 'APU' is selected.
17:15:13 INFO  : 'stop' command is executed.
17:15:13 INFO  : 'ps7_init' command is executed.
17:15:13 INFO  : 'ps7_post_config' command is executed.
17:15:13 INFO  : Context for processor 'ps7_cortexa9_0' is selected.
17:15:13 INFO  : Processor reset is completed for 'ps7_cortexa9_0'.
17:15:13 INFO  : Context for processor 'ps7_cortexa9_0' is selected.
17:15:15 INFO  : The application 'C:/Users/Patel/Downloads/ECE527/exp/MP4/lenet/Lenet.sdk/lenet/Debug/lenet.elf' is downloaded to processor 'ps7_cortexa9_0'.
17:15:15 INFO  : 'configparams force-mem-access 0' command is executed.
17:15:15 INFO  : ----------------XSDB Script----------------
connect -url tcp:127.0.0.1:3121
source C:/Users/Patel/Downloads/ECE527/exp/MP4/lenet/Lenet.sdk/design_1_wrapper_hw_platform_0/ps7_init.tcl
targets -set -nocase -filter {name =~"APU*" && jtag_cable_name =~ "Digilent Zed 210248690957"} -index 0
loadhw -hw C:/Users/Patel/Downloads/ECE527/exp/MP4/lenet/Lenet.sdk/design_1_wrapper_hw_platform_0/system.hdf -mem-ranges [list {0x40000000 0xbfffffff}]
configparams force-mem-access 1
targets -set -nocase -filter {name =~"APU*" && jtag_cable_name =~ "Digilent Zed 210248690957"} -index 0
stop
ps7_init
ps7_post_config
targets -set -nocase -filter {name =~ "ARM*#0" && jtag_cable_name =~ "Digilent Zed 210248690957"} -index 0
rst -processor
targets -set -nocase -filter {name =~ "ARM*#0" && jtag_cable_name =~ "Digilent Zed 210248690957"} -index 0
dow C:/Users/Patel/Downloads/ECE527/exp/MP4/lenet/Lenet.sdk/lenet/Debug/lenet.elf
configparams force-mem-access 0
----------------End of Script----------------

17:15:15 INFO  : Memory regions updated for context APU
17:15:16 INFO  : Context for processor 'ps7_cortexa9_0' is selected.
17:15:16 INFO  : 'con' command is executed.
17:15:16 INFO  : ----------------XSDB Script (After Launch)----------------
targets -set -nocase -filter {name =~ "ARM*#0" && jtag_cable_name =~ "Digilent Zed 210248690957"} -index 0
con
----------------End of Script----------------

17:15:16 INFO  : Launch script is exported to file 'C:\Users\Patel\Downloads\ECE527\exp\MP4\lenet\Lenet.sdk\.sdk\launch_scripts\xilinx_c-c++_application_(system_debugger)\system_debugger_using_debug_lenet.elf_on_local.tcl'
17:16:11 INFO  : Disconnected from the channel tcfchan#11.
17:16:12 INFO  : 'targets -set -filter {jtag_cable_name =~ "Digilent Zed 210248690957" && level==0} -index 1' command is executed.
17:16:12 INFO  : 'fpga -state' command is executed.
17:16:12 INFO  : Connected to target on host '127.0.0.1' and port '3121'.
17:16:12 INFO  : Jtag cable 'Digilent Zed 210248690957' is selected.
17:16:12 INFO  : 'jtag frequency' command is executed.
17:16:12 INFO  : Sourcing of 'C:/Users/Patel/Downloads/ECE527/exp/MP4/lenet/Lenet.sdk/design_1_wrapper_hw_platform_0/ps7_init.tcl' is done.
17:16:12 INFO  : Context for 'APU' is selected.
17:16:16 INFO  : Hardware design information is loaded from 'C:/Users/Patel/Downloads/ECE527/exp/MP4/lenet/Lenet.sdk/design_1_wrapper_hw_platform_0/system.hdf'.
17:16:16 INFO  : 'configparams force-mem-access 1' command is executed.
17:16:16 INFO  : Context for 'APU' is selected.
17:16:16 INFO  : 'stop' command is executed.
17:16:16 INFO  : 'ps7_init' command is executed.
17:16:16 INFO  : 'ps7_post_config' command is executed.
17:16:16 INFO  : Context for processor 'ps7_cortexa9_0' is selected.
17:16:16 INFO  : Processor reset is completed for 'ps7_cortexa9_0'.
17:16:16 INFO  : Context for processor 'ps7_cortexa9_0' is selected.
17:16:18 INFO  : The application 'C:/Users/Patel/Downloads/ECE527/exp/MP4/lenet/Lenet.sdk/lenet/Debug/lenet.elf' is downloaded to processor 'ps7_cortexa9_0'.
17:16:18 INFO  : 'configparams force-mem-access 0' command is executed.
17:16:18 INFO  : ----------------XSDB Script----------------
connect -url tcp:127.0.0.1:3121
source C:/Users/Patel/Downloads/ECE527/exp/MP4/lenet/Lenet.sdk/design_1_wrapper_hw_platform_0/ps7_init.tcl
targets -set -nocase -filter {name =~"APU*" && jtag_cable_name =~ "Digilent Zed 210248690957"} -index 0
loadhw -hw C:/Users/Patel/Downloads/ECE527/exp/MP4/lenet/Lenet.sdk/design_1_wrapper_hw_platform_0/system.hdf -mem-ranges [list {0x40000000 0xbfffffff}]
configparams force-mem-access 1
targets -set -nocase -filter {name =~"APU*" && jtag_cable_name =~ "Digilent Zed 210248690957"} -index 0
stop
ps7_init
ps7_post_config
targets -set -nocase -filter {name =~ "ARM*#0" && jtag_cable_name =~ "Digilent Zed 210248690957"} -index 0
rst -processor
targets -set -nocase -filter {name =~ "ARM*#0" && jtag_cable_name =~ "Digilent Zed 210248690957"} -index 0
dow C:/Users/Patel/Downloads/ECE527/exp/MP4/lenet/Lenet.sdk/lenet/Debug/lenet.elf
configparams force-mem-access 0
----------------End of Script----------------

17:16:18 INFO  : Memory regions updated for context APU
17:16:19 INFO  : Context for processor 'ps7_cortexa9_0' is selected.
17:16:19 INFO  : 'con' command is executed.
17:16:19 INFO  : ----------------XSDB Script (After Launch)----------------
targets -set -nocase -filter {name =~ "ARM*#0" && jtag_cable_name =~ "Digilent Zed 210248690957"} -index 0
con
----------------End of Script----------------

17:16:19 INFO  : Launch script is exported to file 'C:\Users\Patel\Downloads\ECE527\exp\MP4\lenet\Lenet.sdk\.sdk\launch_scripts\xilinx_c-c++_application_(system_debugger)\system_debugger_using_debug_lenet.elf_on_local.tcl'
17:22:04 INFO  : Disconnected from the channel tcfchan#12.
17:22:05 INFO  : 'targets -set -filter {jtag_cable_name =~ "Digilent Zed 210248690957" && level==0} -index 1' command is executed.
17:22:05 INFO  : 'fpga -state' command is executed.
17:22:05 INFO  : Connected to target on host '127.0.0.1' and port '3121'.
17:22:06 INFO  : Jtag cable 'Digilent Zed 210248690957' is selected.
17:22:06 INFO  : 'jtag frequency' command is executed.
17:22:06 INFO  : Sourcing of 'C:/Users/Patel/Downloads/ECE527/exp/MP4/lenet/Lenet.sdk/design_1_wrapper_hw_platform_0/ps7_init.tcl' is done.
17:22:06 INFO  : Context for 'APU' is selected.
17:22:09 INFO  : Hardware design information is loaded from 'C:/Users/Patel/Downloads/ECE527/exp/MP4/lenet/Lenet.sdk/design_1_wrapper_hw_platform_0/system.hdf'.
17:22:09 INFO  : 'configparams force-mem-access 1' command is executed.
17:22:09 INFO  : Context for 'APU' is selected.
17:22:09 INFO  : 'stop' command is executed.
17:22:10 INFO  : 'ps7_init' command is executed.
17:22:10 INFO  : 'ps7_post_config' command is executed.
17:22:10 INFO  : Context for processor 'ps7_cortexa9_0' is selected.
17:22:10 INFO  : Processor reset is completed for 'ps7_cortexa9_0'.
17:22:10 INFO  : Context for processor 'ps7_cortexa9_0' is selected.
17:22:12 INFO  : The application 'C:/Users/Patel/Downloads/ECE527/exp/MP4/lenet/Lenet.sdk/lenet/Debug/lenet.elf' is downloaded to processor 'ps7_cortexa9_0'.
17:22:12 INFO  : 'configparams force-mem-access 0' command is executed.
17:22:12 INFO  : ----------------XSDB Script----------------
connect -url tcp:127.0.0.1:3121
source C:/Users/Patel/Downloads/ECE527/exp/MP4/lenet/Lenet.sdk/design_1_wrapper_hw_platform_0/ps7_init.tcl
targets -set -nocase -filter {name =~"APU*" && jtag_cable_name =~ "Digilent Zed 210248690957"} -index 0
loadhw -hw C:/Users/Patel/Downloads/ECE527/exp/MP4/lenet/Lenet.sdk/design_1_wrapper_hw_platform_0/system.hdf -mem-ranges [list {0x40000000 0xbfffffff}]
configparams force-mem-access 1
targets -set -nocase -filter {name =~"APU*" && jtag_cable_name =~ "Digilent Zed 210248690957"} -index 0
stop
ps7_init
ps7_post_config
targets -set -nocase -filter {name =~ "ARM*#0" && jtag_cable_name =~ "Digilent Zed 210248690957"} -index 0
rst -processor
targets -set -nocase -filter {name =~ "ARM*#0" && jtag_cable_name =~ "Digilent Zed 210248690957"} -index 0
dow C:/Users/Patel/Downloads/ECE527/exp/MP4/lenet/Lenet.sdk/lenet/Debug/lenet.elf
configparams force-mem-access 0
----------------End of Script----------------

17:22:12 INFO  : Memory regions updated for context APU
17:22:12 INFO  : Context for processor 'ps7_cortexa9_0' is selected.
17:22:12 INFO  : 'con' command is executed.
17:22:12 INFO  : ----------------XSDB Script (After Launch)----------------
targets -set -nocase -filter {name =~ "ARM*#0" && jtag_cable_name =~ "Digilent Zed 210248690957"} -index 0
con
----------------End of Script----------------

17:22:12 INFO  : Launch script is exported to file 'C:\Users\Patel\Downloads\ECE527\exp\MP4\lenet\Lenet.sdk\.sdk\launch_scripts\xilinx_c-c++_application_(system_debugger)\system_debugger_using_debug_lenet.elf_on_local.tcl'
17:23:42 INFO  : Disconnected from the channel tcfchan#13.
17:23:43 INFO  : 'targets -set -filter {jtag_cable_name =~ "Digilent Zed 210248690957" && level==0} -index 1' command is executed.
17:23:43 INFO  : 'fpga -state' command is executed.
17:23:43 INFO  : Connected to target on host '127.0.0.1' and port '3121'.
17:23:43 INFO  : Jtag cable 'Digilent Zed 210248690957' is selected.
17:23:43 INFO  : 'jtag frequency' command is executed.
17:23:43 INFO  : Sourcing of 'C:/Users/Patel/Downloads/ECE527/exp/MP4/lenet/Lenet.sdk/design_1_wrapper_hw_platform_0/ps7_init.tcl' is done.
17:23:43 INFO  : Context for 'APU' is selected.
17:23:47 INFO  : Hardware design information is loaded from 'C:/Users/Patel/Downloads/ECE527/exp/MP4/lenet/Lenet.sdk/design_1_wrapper_hw_platform_0/system.hdf'.
17:23:47 INFO  : 'configparams force-mem-access 1' command is executed.
17:23:47 INFO  : Context for 'APU' is selected.
17:23:47 INFO  : 'stop' command is executed.
17:23:47 INFO  : 'ps7_init' command is executed.
17:23:47 INFO  : 'ps7_post_config' command is executed.
17:23:48 INFO  : Context for processor 'ps7_cortexa9_0' is selected.
17:23:48 INFO  : Processor reset is completed for 'ps7_cortexa9_0'.
17:23:48 INFO  : Context for processor 'ps7_cortexa9_0' is selected.
17:23:50 INFO  : The application 'C:/Users/Patel/Downloads/ECE527/exp/MP4/lenet/Lenet.sdk/lenet/Debug/lenet.elf' is downloaded to processor 'ps7_cortexa9_0'.
17:23:50 INFO  : 'configparams force-mem-access 0' command is executed.
17:23:50 INFO  : ----------------XSDB Script----------------
connect -url tcp:127.0.0.1:3121
source C:/Users/Patel/Downloads/ECE527/exp/MP4/lenet/Lenet.sdk/design_1_wrapper_hw_platform_0/ps7_init.tcl
targets -set -nocase -filter {name =~"APU*" && jtag_cable_name =~ "Digilent Zed 210248690957"} -index 0
loadhw -hw C:/Users/Patel/Downloads/ECE527/exp/MP4/lenet/Lenet.sdk/design_1_wrapper_hw_platform_0/system.hdf -mem-ranges [list {0x40000000 0xbfffffff}]
configparams force-mem-access 1
targets -set -nocase -filter {name =~"APU*" && jtag_cable_name =~ "Digilent Zed 210248690957"} -index 0
stop
ps7_init
ps7_post_config
targets -set -nocase -filter {name =~ "ARM*#0" && jtag_cable_name =~ "Digilent Zed 210248690957"} -index 0
rst -processor
targets -set -nocase -filter {name =~ "ARM*#0" && jtag_cable_name =~ "Digilent Zed 210248690957"} -index 0
dow C:/Users/Patel/Downloads/ECE527/exp/MP4/lenet/Lenet.sdk/lenet/Debug/lenet.elf
configparams force-mem-access 0
----------------End of Script----------------

17:23:50 INFO  : Memory regions updated for context APU
17:23:50 INFO  : Context for processor 'ps7_cortexa9_0' is selected.
17:23:50 INFO  : 'con' command is executed.
17:23:50 INFO  : ----------------XSDB Script (After Launch)----------------
targets -set -nocase -filter {name =~ "ARM*#0" && jtag_cable_name =~ "Digilent Zed 210248690957"} -index 0
con
----------------End of Script----------------

17:23:50 INFO  : Launch script is exported to file 'C:\Users\Patel\Downloads\ECE527\exp\MP4\lenet\Lenet.sdk\.sdk\launch_scripts\xilinx_c-c++_application_(system_debugger)\system_debugger_using_debug_lenet.elf_on_local.tcl'
17:25:04 INFO  : Disconnected from the channel tcfchan#14.
17:25:06 INFO  : 'targets -set -filter {jtag_cable_name =~ "Digilent Zed 210248690957" && level==0} -index 1' command is executed.
17:25:06 INFO  : 'fpga -state' command is executed.
17:25:06 INFO  : Connected to target on host '127.0.0.1' and port '3121'.
17:25:06 INFO  : Jtag cable 'Digilent Zed 210248690957' is selected.
17:25:06 INFO  : 'jtag frequency' command is executed.
17:25:06 INFO  : Sourcing of 'C:/Users/Patel/Downloads/ECE527/exp/MP4/lenet/Lenet.sdk/design_1_wrapper_hw_platform_0/ps7_init.tcl' is done.
17:25:06 INFO  : Context for 'APU' is selected.
17:25:09 INFO  : Hardware design information is loaded from 'C:/Users/Patel/Downloads/ECE527/exp/MP4/lenet/Lenet.sdk/design_1_wrapper_hw_platform_0/system.hdf'.
17:25:10 INFO  : 'configparams force-mem-access 1' command is executed.
17:25:10 INFO  : Context for 'APU' is selected.
17:25:10 INFO  : 'stop' command is executed.
17:25:10 INFO  : 'ps7_init' command is executed.
17:25:10 INFO  : 'ps7_post_config' command is executed.
17:25:10 INFO  : Context for processor 'ps7_cortexa9_0' is selected.
17:25:10 INFO  : Processor reset is completed for 'ps7_cortexa9_0'.
17:25:10 INFO  : Context for processor 'ps7_cortexa9_0' is selected.
17:25:12 INFO  : The application 'C:/Users/Patel/Downloads/ECE527/exp/MP4/lenet/Lenet.sdk/lenet/Debug/lenet.elf' is downloaded to processor 'ps7_cortexa9_0'.
17:25:12 INFO  : 'configparams force-mem-access 0' command is executed.
17:25:12 INFO  : ----------------XSDB Script----------------
connect -url tcp:127.0.0.1:3121
source C:/Users/Patel/Downloads/ECE527/exp/MP4/lenet/Lenet.sdk/design_1_wrapper_hw_platform_0/ps7_init.tcl
targets -set -nocase -filter {name =~"APU*" && jtag_cable_name =~ "Digilent Zed 210248690957"} -index 0
loadhw -hw C:/Users/Patel/Downloads/ECE527/exp/MP4/lenet/Lenet.sdk/design_1_wrapper_hw_platform_0/system.hdf -mem-ranges [list {0x40000000 0xbfffffff}]
configparams force-mem-access 1
targets -set -nocase -filter {name =~"APU*" && jtag_cable_name =~ "Digilent Zed 210248690957"} -index 0
stop
ps7_init
ps7_post_config
targets -set -nocase -filter {name =~ "ARM*#0" && jtag_cable_name =~ "Digilent Zed 210248690957"} -index 0
rst -processor
targets -set -nocase -filter {name =~ "ARM*#0" && jtag_cable_name =~ "Digilent Zed 210248690957"} -index 0
dow C:/Users/Patel/Downloads/ECE527/exp/MP4/lenet/Lenet.sdk/lenet/Debug/lenet.elf
configparams force-mem-access 0
----------------End of Script----------------

17:25:12 INFO  : Memory regions updated for context APU
17:25:12 INFO  : Context for processor 'ps7_cortexa9_0' is selected.
17:25:12 INFO  : 'con' command is executed.
17:25:12 INFO  : ----------------XSDB Script (After Launch)----------------
targets -set -nocase -filter {name =~ "ARM*#0" && jtag_cable_name =~ "Digilent Zed 210248690957"} -index 0
con
----------------End of Script----------------

17:25:12 INFO  : Launch script is exported to file 'C:\Users\Patel\Downloads\ECE527\exp\MP4\lenet\Lenet.sdk\.sdk\launch_scripts\xilinx_c-c++_application_(system_debugger)\system_debugger_using_debug_lenet.elf_on_local.tcl'
17:29:33 INFO  : Disconnected from the channel tcfchan#15.
17:29:35 INFO  : 'targets -set -filter {jtag_cable_name =~ "Digilent Zed 210248690957" && level==0} -index 1' command is executed.
17:29:35 INFO  : 'fpga -state' command is executed.
17:29:35 INFO  : Connected to target on host '127.0.0.1' and port '3121'.
17:29:35 INFO  : Jtag cable 'Digilent Zed 210248690957' is selected.
17:29:35 INFO  : 'jtag frequency' command is executed.
17:29:35 INFO  : Sourcing of 'C:/Users/Patel/Downloads/ECE527/exp/MP4/lenet/Lenet.sdk/design_1_wrapper_hw_platform_0/ps7_init.tcl' is done.
17:29:35 INFO  : Context for 'APU' is selected.
17:29:39 INFO  : Hardware design information is loaded from 'C:/Users/Patel/Downloads/ECE527/exp/MP4/lenet/Lenet.sdk/design_1_wrapper_hw_platform_0/system.hdf'.
17:29:39 INFO  : 'configparams force-mem-access 1' command is executed.
17:29:39 INFO  : Context for 'APU' is selected.
17:29:39 INFO  : 'stop' command is executed.
17:29:39 INFO  : 'ps7_init' command is executed.
17:29:40 INFO  : 'ps7_post_config' command is executed.
17:29:40 INFO  : Context for processor 'ps7_cortexa9_0' is selected.
17:29:40 INFO  : Processor reset is completed for 'ps7_cortexa9_0'.
17:29:40 INFO  : Context for processor 'ps7_cortexa9_0' is selected.
17:29:42 INFO  : The application 'C:/Users/Patel/Downloads/ECE527/exp/MP4/lenet/Lenet.sdk/lenet/Debug/lenet.elf' is downloaded to processor 'ps7_cortexa9_0'.
17:29:42 INFO  : 'configparams force-mem-access 0' command is executed.
17:29:42 INFO  : ----------------XSDB Script----------------
connect -url tcp:127.0.0.1:3121
source C:/Users/Patel/Downloads/ECE527/exp/MP4/lenet/Lenet.sdk/design_1_wrapper_hw_platform_0/ps7_init.tcl
targets -set -nocase -filter {name =~"APU*" && jtag_cable_name =~ "Digilent Zed 210248690957"} -index 0
loadhw -hw C:/Users/Patel/Downloads/ECE527/exp/MP4/lenet/Lenet.sdk/design_1_wrapper_hw_platform_0/system.hdf -mem-ranges [list {0x40000000 0xbfffffff}]
configparams force-mem-access 1
targets -set -nocase -filter {name =~"APU*" && jtag_cable_name =~ "Digilent Zed 210248690957"} -index 0
stop
ps7_init
ps7_post_config
targets -set -nocase -filter {name =~ "ARM*#0" && jtag_cable_name =~ "Digilent Zed 210248690957"} -index 0
rst -processor
targets -set -nocase -filter {name =~ "ARM*#0" && jtag_cable_name =~ "Digilent Zed 210248690957"} -index 0
dow C:/Users/Patel/Downloads/ECE527/exp/MP4/lenet/Lenet.sdk/lenet/Debug/lenet.elf
configparams force-mem-access 0
----------------End of Script----------------

17:29:42 INFO  : Memory regions updated for context APU
17:29:42 INFO  : Context for processor 'ps7_cortexa9_0' is selected.
17:29:42 INFO  : 'con' command is executed.
17:29:42 INFO  : ----------------XSDB Script (After Launch)----------------
targets -set -nocase -filter {name =~ "ARM*#0" && jtag_cable_name =~ "Digilent Zed 210248690957"} -index 0
con
----------------End of Script----------------

17:29:42 INFO  : Launch script is exported to file 'C:\Users\Patel\Downloads\ECE527\exp\MP4\lenet\Lenet.sdk\.sdk\launch_scripts\xilinx_c-c++_application_(system_debugger)\system_debugger_using_debug_lenet.elf_on_local.tcl'
17:31:57 INFO  : Disconnected from the channel tcfchan#16.
17:31:58 INFO  : 'targets -set -filter {jtag_cable_name =~ "Digilent Zed 210248690957" && level==0} -index 1' command is executed.
17:31:58 INFO  : 'fpga -state' command is executed.
17:31:58 INFO  : Connected to target on host '127.0.0.1' and port '3121'.
17:31:58 INFO  : Jtag cable 'Digilent Zed 210248690957' is selected.
17:31:58 INFO  : 'jtag frequency' command is executed.
17:31:58 INFO  : Sourcing of 'C:/Users/Patel/Downloads/ECE527/exp/MP4/lenet/Lenet.sdk/design_1_wrapper_hw_platform_0/ps7_init.tcl' is done.
17:31:58 INFO  : Context for 'APU' is selected.
17:32:02 INFO  : Hardware design information is loaded from 'C:/Users/Patel/Downloads/ECE527/exp/MP4/lenet/Lenet.sdk/design_1_wrapper_hw_platform_0/system.hdf'.
17:32:02 INFO  : 'configparams force-mem-access 1' command is executed.
17:32:02 INFO  : Context for 'APU' is selected.
17:32:02 INFO  : 'stop' command is executed.
17:32:02 INFO  : 'ps7_init' command is executed.
17:32:02 INFO  : 'ps7_post_config' command is executed.
17:32:02 INFO  : Context for processor 'ps7_cortexa9_0' is selected.
17:32:02 INFO  : Processor reset is completed for 'ps7_cortexa9_0'.
17:32:02 INFO  : Context for processor 'ps7_cortexa9_0' is selected.
17:32:04 INFO  : The application 'C:/Users/Patel/Downloads/ECE527/exp/MP4/lenet/Lenet.sdk/lenet/Debug/lenet.elf' is downloaded to processor 'ps7_cortexa9_0'.
17:32:04 INFO  : 'configparams force-mem-access 0' command is executed.
17:32:04 INFO  : ----------------XSDB Script----------------
connect -url tcp:127.0.0.1:3121
source C:/Users/Patel/Downloads/ECE527/exp/MP4/lenet/Lenet.sdk/design_1_wrapper_hw_platform_0/ps7_init.tcl
targets -set -nocase -filter {name =~"APU*" && jtag_cable_name =~ "Digilent Zed 210248690957"} -index 0
loadhw -hw C:/Users/Patel/Downloads/ECE527/exp/MP4/lenet/Lenet.sdk/design_1_wrapper_hw_platform_0/system.hdf -mem-ranges [list {0x40000000 0xbfffffff}]
configparams force-mem-access 1
targets -set -nocase -filter {name =~"APU*" && jtag_cable_name =~ "Digilent Zed 210248690957"} -index 0
stop
ps7_init
ps7_post_config
targets -set -nocase -filter {name =~ "ARM*#0" && jtag_cable_name =~ "Digilent Zed 210248690957"} -index 0
rst -processor
targets -set -nocase -filter {name =~ "ARM*#0" && jtag_cable_name =~ "Digilent Zed 210248690957"} -index 0
dow C:/Users/Patel/Downloads/ECE527/exp/MP4/lenet/Lenet.sdk/lenet/Debug/lenet.elf
configparams force-mem-access 0
----------------End of Script----------------

17:32:04 INFO  : Memory regions updated for context APU
17:32:05 INFO  : Context for processor 'ps7_cortexa9_0' is selected.
17:32:05 INFO  : 'con' command is executed.
17:32:05 INFO  : ----------------XSDB Script (After Launch)----------------
targets -set -nocase -filter {name =~ "ARM*#0" && jtag_cable_name =~ "Digilent Zed 210248690957"} -index 0
con
----------------End of Script----------------

17:32:05 INFO  : Launch script is exported to file 'C:\Users\Patel\Downloads\ECE527\exp\MP4\lenet\Lenet.sdk\.sdk\launch_scripts\xilinx_c-c++_application_(system_debugger)\system_debugger_using_debug_lenet.elf_on_local.tcl'
17:32:36 INFO  : Disconnected from the channel tcfchan#17.
17:32:37 INFO  : 'targets -set -filter {jtag_cable_name =~ "Digilent Zed 210248690957" && level==0} -index 1' command is executed.
17:32:37 INFO  : 'fpga -state' command is executed.
17:32:37 INFO  : Connected to target on host '127.0.0.1' and port '3121'.
17:32:38 INFO  : Jtag cable 'Digilent Zed 210248690957' is selected.
17:32:38 INFO  : 'jtag frequency' command is executed.
17:32:38 INFO  : Sourcing of 'C:/Users/Patel/Downloads/ECE527/exp/MP4/lenet/Lenet.sdk/design_1_wrapper_hw_platform_0/ps7_init.tcl' is done.
17:32:38 INFO  : Context for 'APU' is selected.
17:32:41 INFO  : Hardware design information is loaded from 'C:/Users/Patel/Downloads/ECE527/exp/MP4/lenet/Lenet.sdk/design_1_wrapper_hw_platform_0/system.hdf'.
17:32:41 INFO  : 'configparams force-mem-access 1' command is executed.
17:32:42 INFO  : Context for 'APU' is selected.
17:32:42 INFO  : 'stop' command is executed.
17:32:42 INFO  : 'ps7_init' command is executed.
17:32:42 INFO  : 'ps7_post_config' command is executed.
17:32:42 INFO  : Context for processor 'ps7_cortexa9_0' is selected.
17:32:42 INFO  : Processor reset is completed for 'ps7_cortexa9_0'.
17:32:42 INFO  : Context for processor 'ps7_cortexa9_0' is selected.
17:32:44 INFO  : The application 'C:/Users/Patel/Downloads/ECE527/exp/MP4/lenet/Lenet.sdk/lenet/Debug/lenet.elf' is downloaded to processor 'ps7_cortexa9_0'.
17:32:44 INFO  : 'configparams force-mem-access 0' command is executed.
17:32:44 INFO  : ----------------XSDB Script----------------
connect -url tcp:127.0.0.1:3121
source C:/Users/Patel/Downloads/ECE527/exp/MP4/lenet/Lenet.sdk/design_1_wrapper_hw_platform_0/ps7_init.tcl
targets -set -nocase -filter {name =~"APU*" && jtag_cable_name =~ "Digilent Zed 210248690957"} -index 0
loadhw -hw C:/Users/Patel/Downloads/ECE527/exp/MP4/lenet/Lenet.sdk/design_1_wrapper_hw_platform_0/system.hdf -mem-ranges [list {0x40000000 0xbfffffff}]
configparams force-mem-access 1
targets -set -nocase -filter {name =~"APU*" && jtag_cable_name =~ "Digilent Zed 210248690957"} -index 0
stop
ps7_init
ps7_post_config
targets -set -nocase -filter {name =~ "ARM*#0" && jtag_cable_name =~ "Digilent Zed 210248690957"} -index 0
rst -processor
targets -set -nocase -filter {name =~ "ARM*#0" && jtag_cable_name =~ "Digilent Zed 210248690957"} -index 0
dow C:/Users/Patel/Downloads/ECE527/exp/MP4/lenet/Lenet.sdk/lenet/Debug/lenet.elf
configparams force-mem-access 0
----------------End of Script----------------

17:32:44 INFO  : Memory regions updated for context APU
17:32:45 INFO  : Context for processor 'ps7_cortexa9_0' is selected.
17:32:45 INFO  : 'con' command is executed.
17:32:45 INFO  : ----------------XSDB Script (After Launch)----------------
targets -set -nocase -filter {name =~ "ARM*#0" && jtag_cable_name =~ "Digilent Zed 210248690957"} -index 0
con
----------------End of Script----------------

17:32:45 INFO  : Launch script is exported to file 'C:\Users\Patel\Downloads\ECE527\exp\MP4\lenet\Lenet.sdk\.sdk\launch_scripts\xilinx_c-c++_application_(system_debugger)\system_debugger_using_debug_lenet.elf_on_local.tcl'
17:34:14 INFO  : Disconnected from the channel tcfchan#18.
17:34:15 INFO  : 'targets -set -filter {jtag_cable_name =~ "Digilent Zed 210248690957" && level==0} -index 1' command is executed.
17:34:15 INFO  : 'fpga -state' command is executed.
17:34:15 INFO  : Connected to target on host '127.0.0.1' and port '3121'.
17:34:15 INFO  : Jtag cable 'Digilent Zed 210248690957' is selected.
17:34:15 INFO  : 'jtag frequency' command is executed.
17:34:15 INFO  : Sourcing of 'C:/Users/Patel/Downloads/ECE527/exp/MP4/lenet/Lenet.sdk/design_1_wrapper_hw_platform_0/ps7_init.tcl' is done.
17:34:15 INFO  : Context for 'APU' is selected.
17:34:19 INFO  : Hardware design information is loaded from 'C:/Users/Patel/Downloads/ECE527/exp/MP4/lenet/Lenet.sdk/design_1_wrapper_hw_platform_0/system.hdf'.
17:34:19 INFO  : 'configparams force-mem-access 1' command is executed.
17:34:19 INFO  : Context for 'APU' is selected.
17:34:19 INFO  : 'stop' command is executed.
17:34:19 INFO  : 'ps7_init' command is executed.
17:34:19 INFO  : 'ps7_post_config' command is executed.
17:34:20 INFO  : Context for processor 'ps7_cortexa9_0' is selected.
17:34:20 INFO  : Processor reset is completed for 'ps7_cortexa9_0'.
17:34:20 INFO  : Context for processor 'ps7_cortexa9_0' is selected.
17:34:22 INFO  : The application 'C:/Users/Patel/Downloads/ECE527/exp/MP4/lenet/Lenet.sdk/lenet/Debug/lenet.elf' is downloaded to processor 'ps7_cortexa9_0'.
17:34:22 INFO  : 'configparams force-mem-access 0' command is executed.
17:34:22 INFO  : ----------------XSDB Script----------------
connect -url tcp:127.0.0.1:3121
source C:/Users/Patel/Downloads/ECE527/exp/MP4/lenet/Lenet.sdk/design_1_wrapper_hw_platform_0/ps7_init.tcl
targets -set -nocase -filter {name =~"APU*" && jtag_cable_name =~ "Digilent Zed 210248690957"} -index 0
loadhw -hw C:/Users/Patel/Downloads/ECE527/exp/MP4/lenet/Lenet.sdk/design_1_wrapper_hw_platform_0/system.hdf -mem-ranges [list {0x40000000 0xbfffffff}]
configparams force-mem-access 1
targets -set -nocase -filter {name =~"APU*" && jtag_cable_name =~ "Digilent Zed 210248690957"} -index 0
stop
ps7_init
ps7_post_config
targets -set -nocase -filter {name =~ "ARM*#0" && jtag_cable_name =~ "Digilent Zed 210248690957"} -index 0
rst -processor
targets -set -nocase -filter {name =~ "ARM*#0" && jtag_cable_name =~ "Digilent Zed 210248690957"} -index 0
dow C:/Users/Patel/Downloads/ECE527/exp/MP4/lenet/Lenet.sdk/lenet/Debug/lenet.elf
configparams force-mem-access 0
----------------End of Script----------------

17:34:22 INFO  : Memory regions updated for context APU
17:34:22 INFO  : Context for processor 'ps7_cortexa9_0' is selected.
17:34:22 INFO  : 'con' command is executed.
17:34:22 INFO  : ----------------XSDB Script (After Launch)----------------
targets -set -nocase -filter {name =~ "ARM*#0" && jtag_cable_name =~ "Digilent Zed 210248690957"} -index 0
con
----------------End of Script----------------

17:34:22 INFO  : Launch script is exported to file 'C:\Users\Patel\Downloads\ECE527\exp\MP4\lenet\Lenet.sdk\.sdk\launch_scripts\xilinx_c-c++_application_(system_debugger)\system_debugger_using_debug_lenet.elf_on_local.tcl'
17:41:05 INFO  : Disconnected from the channel tcfchan#19.
