

================================================================
== Vivado HLS Report for 'parta1_5'
================================================================
* Date:           Thu Oct  4 15:47:18 2018

* Version:        2018.2 (Build 2258646 on Thu Jun 14 20:25:20 MDT 2018)
* Project:        PartA
* Solution:       solution5
* Product family: zynq
* Target device:  xc7z020clg484-1


================================================================
== Performance Estimates
================================================================
+ Timing (ns): 
    * Summary: 
    +--------+-------+----------+------------+
    |  Clock | Target| Estimated| Uncertainty|
    +--------+-------+----------+------------+
    |ap_clk  |  10.00|     8.510|        1.25|
    +--------+-------+----------+------------+

+ Latency (clock cycles): 
    * Summary: 
    +-----+-----+-----+-----+---------+
    |  Latency  |  Interval | Pipeline|
    | min | max | min | max |   Type  |
    +-----+-----+-----+-----+---------+
    |    ?|    ?|    ?|    ?|   none  |
    +-----+-----+-----+-----+---------+

    + Detail: 
        * Instance: 
        N/A

        * Loop: 
        +-----------------+-----+-----+----------+-----------+-----------+------+----------+
        |                 |  Latency  | Iteration|  Initiation Interval  | Trip |          |
        |    Loop Name    | min | max |  Latency |  achieved |   target  | Count| Pipelined|
        +-----------------+-----+-----+----------+-----------+-----------+------+----------+
        |- for_c_row      |    ?|    ?|         ?|          -|          -|     ?|    no    |
        | + for_c_col     |    ?|    ?|         ?|          -|          -|     ?|    no    |
        |  ++ for_common  |    ?|    ?|         4|          -|          -|     ?|    no    |
        +-----------------+-----+-----+----------+-----------+-----------+------+----------+

============================================================
+ Verbose Summary: Synthesis Manager
============================================================
InlineROM: 1
ExposeGlobal: 0
============================================================
+ Verbose Summary: CDFG Model
============================================================
IsTopModel: 1
ResetActiveHigh: 1
IsCombinational: 0
IsDatapathOnly: 0
HasWiredReturn: 1
HasMFsm: 0
HasVarLatency: 1
IsPipeline: 0
IsRtlPipelined: 0
IsInstanceOverlapped: 0
IsDontTouch: 0
HasImplIP: 0
IsGatedGlobalClock: 0


============================================================
+ Verbose Summary: Schedule
============================================================
* Number of FSM states : 7
* Pipeline : 0
* Dataflow Pipeline: 0

* FSM state transitions: 
1 --> 
	2  / true
2 --> 
	3  / (tmp)
3 --> 
	4  / (tmp_2)
	2  / (!tmp_2)
4 --> 
	5  / (tmp_5)
	3  / (!tmp_5)
5 --> 
	6  / true
6 --> 
	7  / true
7 --> 
	4  / true

* FSM state operations: 

State 1 <SV = 0> <Delay = 1.76>
ST_1 : Operation 8 [1/1] (0.00ns)   --->   "call void (...)* @_ssdm_op_SpecBitsMap([10000 x i32]* %A) nounwind, !map !7"   --->   Operation 8 'specbitsmap' <Predicate = true> <Delay = 0.00>
ST_1 : Operation 9 [1/1] (0.00ns)   --->   "call void (...)* @_ssdm_op_SpecBitsMap([10000 x i32]* %B) nounwind, !map !13"   --->   Operation 9 'specbitsmap' <Predicate = true> <Delay = 0.00>
ST_1 : Operation 10 [1/1] (0.00ns)   --->   "call void (...)* @_ssdm_op_SpecBitsMap([10000 x i32]* %C) nounwind, !map !17"   --->   Operation 10 'specbitsmap' <Predicate = true> <Delay = 0.00>
ST_1 : Operation 11 [1/1] (0.00ns)   --->   "call void (...)* @_ssdm_op_SpecBitsMap(i32 %mA) nounwind, !map !21"   --->   Operation 11 'specbitsmap' <Predicate = true> <Delay = 0.00>
ST_1 : Operation 12 [1/1] (0.00ns)   --->   "call void (...)* @_ssdm_op_SpecBitsMap(i32 %nA) nounwind, !map !27"   --->   Operation 12 'specbitsmap' <Predicate = true> <Delay = 0.00>
ST_1 : Operation 13 [1/1] (0.00ns)   --->   "call void (...)* @_ssdm_op_SpecBitsMap(i32 %mB) nounwind, !map !31"   --->   Operation 13 'specbitsmap' <Predicate = true> <Delay = 0.00>
ST_1 : Operation 14 [1/1] (0.00ns)   --->   "call void (...)* @_ssdm_op_SpecBitsMap(i32 %nB) nounwind, !map !35"   --->   Operation 14 'specbitsmap' <Predicate = true> <Delay = 0.00>
ST_1 : Operation 15 [1/1] (0.00ns)   --->   "call void (...)* @_ssdm_op_SpecBitsMap(i32 %mC) nounwind, !map !39"   --->   Operation 15 'specbitsmap' <Predicate = true> <Delay = 0.00>
ST_1 : Operation 16 [1/1] (0.00ns)   --->   "call void (...)* @_ssdm_op_SpecBitsMap(i32 %nC) nounwind, !map !43"   --->   Operation 16 'specbitsmap' <Predicate = true> <Delay = 0.00>
ST_1 : Operation 17 [1/1] (0.00ns)   --->   "call void (...)* @_ssdm_op_SpecTopModule([9 x i8]* @parta1_5_str) nounwind"   --->   Operation 17 'spectopmodule' <Predicate = true> <Delay = 0.00>
ST_1 : Operation 18 [1/1] (0.00ns)   --->   "%nC_read = call i32 @_ssdm_op_Read.ap_auto.i32(i32 %nC) nounwind"   --->   Operation 18 'read' 'nC_read' <Predicate = true> <Delay = 0.00>
ST_1 : Operation 19 [1/1] (0.00ns)   --->   "%mC_read = call i32 @_ssdm_op_Read.ap_auto.i32(i32 %mC) nounwind"   --->   Operation 19 'read' 'mC_read' <Predicate = true> <Delay = 0.00>
ST_1 : Operation 20 [1/1] (0.00ns)   --->   "%nA_read = call i32 @_ssdm_op_Read.ap_auto.i32(i32 %nA) nounwind"   --->   Operation 20 'read' 'nA_read' <Predicate = true> <Delay = 0.00>
ST_1 : Operation 21 [1/1] (1.76ns)   --->   "br label %1" [PartA/parta1_5.cpp:7]   --->   Operation 21 'br' <Predicate = true> <Delay = 1.76>

State 2 <SV = 1> <Delay = 2.79>
ST_2 : Operation 22 [1/1] (0.00ns)   --->   "%i = phi i31 [ 0, %0 ], [ %i_1, %8 ]"   --->   Operation 22 'phi' 'i' <Predicate = true> <Delay = 0.00>
ST_2 : Operation 23 [1/1] (0.00ns)   --->   "%phi_mul1 = phi i38 [ 0, %0 ], [ %next_mul2, %8 ]"   --->   Operation 23 'phi' 'phi_mul1' <Predicate = true> <Delay = 0.00>
ST_2 : Operation 24 [1/1] (0.00ns)   --->   "%tmp_1 = trunc i38 %phi_mul1 to i15"   --->   Operation 24 'trunc' 'tmp_1' <Predicate = true> <Delay = 0.00>
ST_2 : Operation 25 [1/1] (0.00ns)   --->   "%phi_mul1_cast = zext i38 %phi_mul1 to i64"   --->   Operation 25 'zext' 'phi_mul1_cast' <Predicate = true> <Delay = 0.00>
ST_2 : Operation 26 [1/1] (2.79ns)   --->   "%next_mul2 = add i38 100, %phi_mul1"   --->   Operation 26 'add' 'next_mul2' <Predicate = true> <Delay = 2.79> <Core = "AddSub">   --->   Core 14 'AddSub' <Latency = 0> <II = 1> <Delay = 2.55> <FuncUnit> <Opcode : 'add' 'sub'> <InPorts = 2> <OutPorts = 1>
ST_2 : Operation 27 [1/1] (0.00ns)   --->   "%i_cast = zext i31 %i to i32" [PartA/parta1_5.cpp:7]   --->   Operation 27 'zext' 'i_cast' <Predicate = true> <Delay = 0.00>
ST_2 : Operation 28 [1/1] (2.47ns)   --->   "%tmp = icmp slt i32 %i_cast, %mC_read" [PartA/parta1_5.cpp:7]   --->   Operation 28 'icmp' 'tmp' <Predicate = true> <Delay = 2.47> <Core = "Cmp">   --->   Core 25 'Cmp' <Latency = 0> <II = 1> <Delay = 2.47> <FuncUnit> <Opcode : 'icmp'> <InPorts = 2> <OutPorts = 1>
ST_2 : Operation 29 [1/1] (2.52ns)   --->   "%i_1 = add i31 1, %i" [PartA/parta1_5.cpp:7]   --->   Operation 29 'add' 'i_1' <Predicate = true> <Delay = 2.52> <Core = "AddSub">   --->   Core 14 'AddSub' <Latency = 0> <II = 1> <Delay = 2.55> <FuncUnit> <Opcode : 'add' 'sub'> <InPorts = 2> <OutPorts = 1>
ST_2 : Operation 30 [1/1] (0.00ns)   --->   "br i1 %tmp, label %2, label %9" [PartA/parta1_5.cpp:7]   --->   Operation 30 'br' <Predicate = true> <Delay = 0.00>
ST_2 : Operation 31 [1/1] (0.00ns)   --->   "call void (...)* @_ssdm_op_SpecLoopName([10 x i8]* @p_str3) nounwind" [PartA/parta1_5.cpp:8]   --->   Operation 31 'specloopname' <Predicate = (tmp)> <Delay = 0.00>
ST_2 : Operation 32 [1/1] (0.00ns)   --->   "%tmp_4 = call i32 (...)* @_ssdm_op_SpecRegionBegin([10 x i8]* @p_str3) nounwind" [PartA/parta1_5.cpp:8]   --->   Operation 32 'specregionbegin' 'tmp_4' <Predicate = (tmp)> <Delay = 0.00>
ST_2 : Operation 33 [1/1] (0.00ns)   --->   "%A_addr = getelementptr [10000 x i32]* %A, i64 0, i64 %phi_mul1_cast" [PartA/parta1_5.cpp:12]   --->   Operation 33 'getelementptr' 'A_addr' <Predicate = (tmp)> <Delay = 0.00>
ST_2 : Operation 34 [1/1] (0.00ns)   --->   "%C_addr = getelementptr [10000 x i32]* %C, i64 0, i64 %phi_mul1_cast" [PartA/parta1_5.cpp:9]   --->   Operation 34 'getelementptr' 'C_addr' <Predicate = (tmp)> <Delay = 0.00>
ST_2 : Operation 35 [1/1] (0.00ns)   --->   "call void (...)* @_ssdm_op_SpecInterface(i32* %C_addr, [8 x i8]* @p_str14, i32 0, i32 0, [1 x i8]* @p_str25, i32 0, i32 0, [1 x i8]* @p_str25, [1 x i8]* @p_str25, [1 x i8]* @p_str25, i32 0, i32 0, i32 0, i32 0, [1 x i8]* @p_str25, [1 x i8]* @p_str25) nounwind" [PartA/parta1_5.cpp:9]   --->   Operation 35 'specinterface' <Predicate = (tmp)> <Delay = 0.00>
ST_2 : Operation 36 [1/1] (1.76ns)   --->   "br label %3" [PartA/parta1_5.cpp:10]   --->   Operation 36 'br' <Predicate = (tmp)> <Delay = 1.76>
ST_2 : Operation 37 [1/1] (0.00ns)   --->   "ret void" [PartA/parta1_5.cpp:20]   --->   Operation 37 'ret' <Predicate = (!tmp)> <Delay = 0.00>

State 3 <SV = 2> <Delay = 2.52>
ST_3 : Operation 38 [1/1] (0.00ns)   --->   "%j = phi i31 [ 0, %2 ], [ %j_1, %7 ]"   --->   Operation 38 'phi' 'j' <Predicate = true> <Delay = 0.00>
ST_3 : Operation 39 [1/1] (0.00ns)   --->   "%j_cast = zext i31 %j to i32" [PartA/parta1_5.cpp:10]   --->   Operation 39 'zext' 'j_cast' <Predicate = true> <Delay = 0.00>
ST_3 : Operation 40 [1/1] (2.47ns)   --->   "%tmp_2 = icmp slt i32 %j_cast, %nC_read" [PartA/parta1_5.cpp:10]   --->   Operation 40 'icmp' 'tmp_2' <Predicate = true> <Delay = 2.47> <Core = "Cmp">   --->   Core 25 'Cmp' <Latency = 0> <II = 1> <Delay = 2.47> <FuncUnit> <Opcode : 'icmp'> <InPorts = 2> <OutPorts = 1>
ST_3 : Operation 41 [1/1] (2.52ns)   --->   "%j_1 = add i31 %j, 1" [PartA/parta1_5.cpp:10]   --->   Operation 41 'add' 'j_1' <Predicate = true> <Delay = 2.52> <Core = "AddSub">   --->   Core 14 'AddSub' <Latency = 0> <II = 1> <Delay = 2.55> <FuncUnit> <Opcode : 'add' 'sub'> <InPorts = 2> <OutPorts = 1>
ST_3 : Operation 42 [1/1] (0.00ns)   --->   "br i1 %tmp_2, label %4, label %8" [PartA/parta1_5.cpp:10]   --->   Operation 42 'br' <Predicate = true> <Delay = 0.00>
ST_3 : Operation 43 [1/1] (0.00ns)   --->   "call void (...)* @_ssdm_op_SpecLoopName([10 x i8]* @p_str36) nounwind" [PartA/parta1_5.cpp:11]   --->   Operation 43 'specloopname' <Predicate = (tmp_2)> <Delay = 0.00>
ST_3 : Operation 44 [1/1] (0.00ns)   --->   "%tmp_9 = call i32 (...)* @_ssdm_op_SpecRegionBegin([10 x i8]* @p_str36) nounwind" [PartA/parta1_5.cpp:11]   --->   Operation 44 'specregionbegin' 'tmp_9' <Predicate = (tmp_2)> <Delay = 0.00>
ST_3 : Operation 45 [1/1] (0.00ns)   --->   "call void (...)* @_ssdm_op_SpecInterface(i32* %A_addr, [8 x i8]* @p_str14, i32 0, i32 0, [1 x i8]* @p_str25, i32 0, i32 0, [1 x i8]* @p_str25, [1 x i8]* @p_str25, [1 x i8]* @p_str25, i32 0, i32 0, i32 0, i32 0, [1 x i8]* @p_str25, [1 x i8]* @p_str25) nounwind" [PartA/parta1_5.cpp:12]   --->   Operation 45 'specinterface' <Predicate = (tmp_2)> <Delay = 0.00>
ST_3 : Operation 46 [1/1] (0.00ns)   --->   "call void (...)* @_ssdm_op_SpecPipeline(i32 1, i32 1, i32 1, i32 0, [1 x i8]* @p_str25) nounwind" [PartA/parta1_5.cpp:13]   --->   Operation 46 'specpipeline' <Predicate = (tmp_2)> <Delay = 0.00>
ST_3 : Operation 47 [1/1] (0.00ns)   --->   "%tmp_3 = trunc i31 %j to i15" [PartA/parta1_5.cpp:16]   --->   Operation 47 'trunc' 'tmp_3' <Predicate = (tmp_2)> <Delay = 0.00>
ST_3 : Operation 48 [1/1] (1.94ns)   --->   "%tmp_s = add i15 %tmp_1, %tmp_3" [PartA/parta1_5.cpp:16]   --->   Operation 48 'add' 'tmp_s' <Predicate = (tmp_2)> <Delay = 1.94> <Core = "AddSub">   --->   Core 14 'AddSub' <Latency = 0> <II = 1> <Delay = 2.55> <FuncUnit> <Opcode : 'add' 'sub'> <InPorts = 2> <OutPorts = 1>
ST_3 : Operation 49 [1/1] (0.00ns)   --->   "%tmp_11_cast = zext i15 %tmp_s to i64" [PartA/parta1_5.cpp:16]   --->   Operation 49 'zext' 'tmp_11_cast' <Predicate = (tmp_2)> <Delay = 0.00>
ST_3 : Operation 50 [1/1] (0.00ns)   --->   "%C_addr_1 = getelementptr [10000 x i32]* %C, i64 0, i64 %tmp_11_cast" [PartA/parta1_5.cpp:16]   --->   Operation 50 'getelementptr' 'C_addr_1' <Predicate = (tmp_2)> <Delay = 0.00>
ST_3 : Operation 51 [1/1] (1.76ns)   --->   "br label %5" [PartA/parta1_5.cpp:14]   --->   Operation 51 'br' <Predicate = (tmp_2)> <Delay = 1.76>
ST_3 : Operation 52 [1/1] (0.00ns)   --->   "%empty_2 = call i32 (...)* @_ssdm_op_SpecRegionEnd([10 x i8]* @p_str3, i32 %tmp_4) nounwind" [PartA/parta1_5.cpp:19]   --->   Operation 52 'specregionend' 'empty_2' <Predicate = (!tmp_2)> <Delay = 0.00>
ST_3 : Operation 53 [1/1] (0.00ns)   --->   "br label %1" [PartA/parta1_5.cpp:7]   --->   Operation 53 'br' <Predicate = (!tmp_2)> <Delay = 0.00>

State 4 <SV = 3> <Delay = 5.19>
ST_4 : Operation 54 [1/1] (0.00ns)   --->   "%k = phi i31 [ 0, %4 ], [ %k_1, %6 ]"   --->   Operation 54 'phi' 'k' <Predicate = true> <Delay = 0.00>
ST_4 : Operation 55 [1/1] (0.00ns)   --->   "%phi_mul = phi i38 [ 0, %4 ], [ %next_mul, %6 ]"   --->   Operation 55 'phi' 'phi_mul' <Predicate = true> <Delay = 0.00>
ST_4 : Operation 56 [1/1] (0.00ns)   --->   "%tmp_6 = trunc i38 %phi_mul to i15" [PartA/parta1_5.cpp:14]   --->   Operation 56 'trunc' 'tmp_6' <Predicate = true> <Delay = 0.00>
ST_4 : Operation 57 [1/1] (0.00ns)   --->   "%k_cast = zext i31 %k to i32" [PartA/parta1_5.cpp:14]   --->   Operation 57 'zext' 'k_cast' <Predicate = true> <Delay = 0.00>
ST_4 : Operation 58 [1/1] (2.47ns)   --->   "%tmp_5 = icmp slt i32 %k_cast, %nA_read" [PartA/parta1_5.cpp:14]   --->   Operation 58 'icmp' 'tmp_5' <Predicate = true> <Delay = 2.47> <Core = "Cmp">   --->   Core 25 'Cmp' <Latency = 0> <II = 1> <Delay = 2.47> <FuncUnit> <Opcode : 'icmp'> <InPorts = 2> <OutPorts = 1>
ST_4 : Operation 59 [1/1] (2.52ns)   --->   "%k_1 = add i31 1, %k" [PartA/parta1_5.cpp:14]   --->   Operation 59 'add' 'k_1' <Predicate = true> <Delay = 2.52> <Core = "AddSub">   --->   Core 14 'AddSub' <Latency = 0> <II = 1> <Delay = 2.55> <FuncUnit> <Opcode : 'add' 'sub'> <InPorts = 2> <OutPorts = 1>
ST_4 : Operation 60 [1/1] (0.00ns)   --->   "br i1 %tmp_5, label %6, label %7" [PartA/parta1_5.cpp:14]   --->   Operation 60 'br' <Predicate = true> <Delay = 0.00>
ST_4 : Operation 61 [1/1] (0.00ns)   --->   "%tmp_10 = trunc i31 %k to i15" [PartA/parta1_5.cpp:16]   --->   Operation 61 'trunc' 'tmp_10' <Predicate = (tmp_5)> <Delay = 0.00>
ST_4 : Operation 62 [1/1] (1.94ns)   --->   "%tmp_11 = add i15 %tmp_1, %tmp_10" [PartA/parta1_5.cpp:16]   --->   Operation 62 'add' 'tmp_11' <Predicate = (tmp_5)> <Delay = 1.94> <Core = "AddSub">   --->   Core 14 'AddSub' <Latency = 0> <II = 1> <Delay = 2.55> <FuncUnit> <Opcode : 'add' 'sub'> <InPorts = 2> <OutPorts = 1>
ST_4 : Operation 63 [1/1] (0.00ns)   --->   "%tmp_12_cast = zext i15 %tmp_11 to i64" [PartA/parta1_5.cpp:16]   --->   Operation 63 'zext' 'tmp_12_cast' <Predicate = (tmp_5)> <Delay = 0.00>
ST_4 : Operation 64 [1/1] (0.00ns)   --->   "%A_addr_1 = getelementptr [10000 x i32]* %A, i64 0, i64 %tmp_12_cast" [PartA/parta1_5.cpp:16]   --->   Operation 64 'getelementptr' 'A_addr_1' <Predicate = (tmp_5)> <Delay = 0.00>
ST_4 : Operation 65 [1/1] (2.79ns)   --->   "%next_mul = add i38 100, %phi_mul"   --->   Operation 65 'add' 'next_mul' <Predicate = (tmp_5)> <Delay = 2.79> <Core = "AddSub">   --->   Core 14 'AddSub' <Latency = 0> <II = 1> <Delay = 2.55> <FuncUnit> <Opcode : 'add' 'sub'> <InPorts = 2> <OutPorts = 1>
ST_4 : Operation 66 [1/1] (1.94ns)   --->   "%tmp_12 = add i15 %tmp_6, %tmp_3" [PartA/parta1_5.cpp:16]   --->   Operation 66 'add' 'tmp_12' <Predicate = (tmp_5)> <Delay = 1.94> <Core = "AddSub">   --->   Core 14 'AddSub' <Latency = 0> <II = 1> <Delay = 2.55> <FuncUnit> <Opcode : 'add' 'sub'> <InPorts = 2> <OutPorts = 1>
ST_4 : Operation 67 [1/1] (0.00ns)   --->   "%tmp_14_cast = zext i15 %tmp_12 to i64" [PartA/parta1_5.cpp:16]   --->   Operation 67 'zext' 'tmp_14_cast' <Predicate = (tmp_5)> <Delay = 0.00>
ST_4 : Operation 68 [1/1] (0.00ns)   --->   "%B_addr = getelementptr [10000 x i32]* %B, i64 0, i64 %tmp_14_cast" [PartA/parta1_5.cpp:16]   --->   Operation 68 'getelementptr' 'B_addr' <Predicate = (tmp_5)> <Delay = 0.00>
ST_4 : Operation 69 [2/2] (3.25ns)   --->   "%A_load = load i32* %A_addr_1, align 4" [PartA/parta1_5.cpp:16]   --->   Operation 69 'load' 'A_load' <Predicate = (tmp_5)> <Delay = 3.25> <Core = "RAM">   --->   Core 37 'RAM' <Latency = 1> <II = 1> <Delay = 3.25> <Storage> <Opcode : 'load' 'store'> <Ports = 2> <Width = 32> <Depth = 10000> <RAM>
ST_4 : Operation 70 [2/2] (3.25ns)   --->   "%B_load = load i32* %B_addr, align 4" [PartA/parta1_5.cpp:16]   --->   Operation 70 'load' 'B_load' <Predicate = (tmp_5)> <Delay = 3.25> <Core = "RAM">   --->   Core 37 'RAM' <Latency = 1> <II = 1> <Delay = 3.25> <Storage> <Opcode : 'load' 'store'> <Ports = 2> <Width = 32> <Depth = 10000> <RAM>
ST_4 : Operation 71 [1/1] (0.00ns)   --->   "%empty = call i32 (...)* @_ssdm_op_SpecRegionEnd([10 x i8]* @p_str36, i32 %tmp_9) nounwind" [PartA/parta1_5.cpp:18]   --->   Operation 71 'specregionend' 'empty' <Predicate = (!tmp_5)> <Delay = 0.00>
ST_4 : Operation 72 [1/1] (0.00ns)   --->   "br label %3" [PartA/parta1_5.cpp:10]   --->   Operation 72 'br' <Predicate = (!tmp_5)> <Delay = 0.00>

State 5 <SV = 4> <Delay = 3.25>
ST_5 : Operation 73 [1/2] (3.25ns)   --->   "%A_load = load i32* %A_addr_1, align 4" [PartA/parta1_5.cpp:16]   --->   Operation 73 'load' 'A_load' <Predicate = true> <Delay = 3.25> <Core = "RAM">   --->   Core 37 'RAM' <Latency = 1> <II = 1> <Delay = 3.25> <Storage> <Opcode : 'load' 'store'> <Ports = 2> <Width = 32> <Depth = 10000> <RAM>
ST_5 : Operation 74 [1/2] (3.25ns)   --->   "%B_load = load i32* %B_addr, align 4" [PartA/parta1_5.cpp:16]   --->   Operation 74 'load' 'B_load' <Predicate = true> <Delay = 3.25> <Core = "RAM">   --->   Core 37 'RAM' <Latency = 1> <II = 1> <Delay = 3.25> <Storage> <Opcode : 'load' 'store'> <Ports = 2> <Width = 32> <Depth = 10000> <RAM>
ST_5 : Operation 75 [2/2] (3.25ns)   --->   "%C_load = load i32* %C_addr_1, align 4" [PartA/parta1_5.cpp:16]   --->   Operation 75 'load' 'C_load' <Predicate = true> <Delay = 3.25> <Core = "RAM">   --->   Core 37 'RAM' <Latency = 1> <II = 1> <Delay = 3.25> <Storage> <Opcode : 'load' 'store'> <Ports = 2> <Width = 32> <Depth = 10000> <RAM>

State 6 <SV = 5> <Delay = 8.51>
ST_6 : Operation 76 [1/1] (8.51ns)   --->   "%tmp_7 = mul nsw i32 %B_load, %A_load" [PartA/parta1_5.cpp:16]   --->   Operation 76 'mul' 'tmp_7' <Predicate = true> <Delay = 8.51> <Core = "Mul">   --->   Core 16 'Mul' <Latency = 0> <II = 1> <Delay = 8.51> <FuncUnit> <Opcode : 'mul'> <InPorts = 2> <OutPorts = 1>
ST_6 : Operation 77 [1/2] (3.25ns)   --->   "%C_load = load i32* %C_addr_1, align 4" [PartA/parta1_5.cpp:16]   --->   Operation 77 'load' 'C_load' <Predicate = true> <Delay = 3.25> <Core = "RAM">   --->   Core 37 'RAM' <Latency = 1> <II = 1> <Delay = 3.25> <Storage> <Opcode : 'load' 'store'> <Ports = 2> <Width = 32> <Depth = 10000> <RAM>

State 7 <SV = 6> <Delay = 5.80>
ST_7 : Operation 78 [1/1] (0.00ns)   --->   "call void (...)* @_ssdm_op_SpecLoopName([11 x i8]* @p_str4) nounwind" [PartA/parta1_5.cpp:15]   --->   Operation 78 'specloopname' <Predicate = true> <Delay = 0.00>
ST_7 : Operation 79 [1/1] (2.55ns)   --->   "%tmp_8 = add nsw i32 %tmp_7, %C_load" [PartA/parta1_5.cpp:16]   --->   Operation 79 'add' 'tmp_8' <Predicate = true> <Delay = 2.55> <Core = "AddSub">   --->   Core 14 'AddSub' <Latency = 0> <II = 1> <Delay = 2.55> <FuncUnit> <Opcode : 'add' 'sub'> <InPorts = 2> <OutPorts = 1>
ST_7 : Operation 80 [1/1] (3.25ns)   --->   "store i32 %tmp_8, i32* %C_addr_1, align 4" [PartA/parta1_5.cpp:16]   --->   Operation 80 'store' <Predicate = true> <Delay = 3.25> <Core = "RAM">   --->   Core 37 'RAM' <Latency = 1> <II = 1> <Delay = 3.25> <Storage> <Opcode : 'load' 'store'> <Ports = 2> <Width = 32> <Depth = 10000> <RAM>
ST_7 : Operation 81 [1/1] (0.00ns)   --->   "br label %5" [PartA/parta1_5.cpp:14]   --->   Operation 81 'br' <Predicate = true> <Delay = 0.00>


============================================================
+ Verbose Summary: Binding
============================================================
STG Binding: 
---------------- STG Properties BEGIN ----------------
- Is combinational: 0
- Is one-state seq: 0
- Is datapath-only: 0
- Is pipelined: 0
- Is top level: 1
Port [ Return ] is wired: 1; IO mode=ap_ctrl_hs:ce=0
Port [ A]:  wired=1; compound=1; hidden=0; nouse=0; global=0; static=0; extern=0; dir=0; type=1; pingpong=0; private_global=0; MemPort=[13]; IO mode=ap_memory:ce=0
Port [ B]:  wired=1; compound=1; hidden=0; nouse=0; global=0; static=0; extern=0; dir=0; type=1; pingpong=0; private_global=0; MemPort=[13]; IO mode=ap_memory:ce=0
Port [ C]:  wired=1; compound=1; hidden=0; nouse=0; global=0; static=0; extern=0; dir=2; type=1; pingpong=0; private_global=0; MemPort=[23]; IO mode=ap_memory:ce=0
Port [ mA]:  wired=1; compound=0; hidden=0; nouse=1; global=0; static=0; extern=0; dir=0; type=0; pingpong=0; private_global=0; IO mode=ap_none:ce=0
Port [ nA]:  wired=1; compound=0; hidden=0; nouse=0; global=0; static=0; extern=0; dir=0; type=0; pingpong=0; private_global=0; IO mode=ap_none:ce=0
Port [ mB]:  wired=1; compound=0; hidden=0; nouse=1; global=0; static=0; extern=0; dir=0; type=0; pingpong=0; private_global=0; IO mode=ap_none:ce=0
Port [ nB]:  wired=1; compound=0; hidden=0; nouse=1; global=0; static=0; extern=0; dir=0; type=0; pingpong=0; private_global=0; IO mode=ap_none:ce=0
Port [ mC]:  wired=1; compound=0; hidden=0; nouse=0; global=0; static=0; extern=0; dir=0; type=0; pingpong=0; private_global=0; IO mode=ap_none:ce=0
Port [ nC]:  wired=1; compound=0; hidden=0; nouse=0; global=0; static=0; extern=0; dir=0; type=0; pingpong=0; private_global=0; IO mode=ap_none:ce=0
---------------- STG Properties END ------------------

---------------- Datapath Model BEGIN ----------------

<LifeTime>
<method=bitvector/>
StgValue_8    (specbitsmap    ) [ 00000000]
StgValue_9    (specbitsmap    ) [ 00000000]
StgValue_10   (specbitsmap    ) [ 00000000]
StgValue_11   (specbitsmap    ) [ 00000000]
StgValue_12   (specbitsmap    ) [ 00000000]
StgValue_13   (specbitsmap    ) [ 00000000]
StgValue_14   (specbitsmap    ) [ 00000000]
StgValue_15   (specbitsmap    ) [ 00000000]
StgValue_16   (specbitsmap    ) [ 00000000]
StgValue_17   (spectopmodule  ) [ 00000000]
nC_read       (read           ) [ 00111111]
mC_read       (read           ) [ 00111111]
nA_read       (read           ) [ 00111111]
StgValue_21   (br             ) [ 01111111]
i             (phi            ) [ 00100000]
phi_mul1      (phi            ) [ 00100000]
tmp_1         (trunc          ) [ 00011111]
phi_mul1_cast (zext           ) [ 00000000]
next_mul2     (add            ) [ 01111111]
i_cast        (zext           ) [ 00000000]
tmp           (icmp           ) [ 00111111]
i_1           (add            ) [ 01111111]
StgValue_30   (br             ) [ 00000000]
StgValue_31   (specloopname   ) [ 00000000]
tmp_4         (specregionbegin) [ 00011111]
A_addr        (getelementptr  ) [ 00011111]
C_addr        (getelementptr  ) [ 00000000]
StgValue_35   (specinterface  ) [ 00000000]
StgValue_36   (br             ) [ 00111111]
StgValue_37   (ret            ) [ 00000000]
j             (phi            ) [ 00010000]
j_cast        (zext           ) [ 00000000]
tmp_2         (icmp           ) [ 00111111]
j_1           (add            ) [ 00111111]
StgValue_42   (br             ) [ 00000000]
StgValue_43   (specloopname   ) [ 00000000]
tmp_9         (specregionbegin) [ 00001111]
StgValue_45   (specinterface  ) [ 00000000]
StgValue_46   (specpipeline   ) [ 00000000]
tmp_3         (trunc          ) [ 00001111]
tmp_s         (add            ) [ 00000000]
tmp_11_cast   (zext           ) [ 00000000]
C_addr_1      (getelementptr  ) [ 00001111]
StgValue_51   (br             ) [ 00111111]
empty_2       (specregionend  ) [ 00000000]
StgValue_53   (br             ) [ 01111111]
k             (phi            ) [ 00001000]
phi_mul       (phi            ) [ 00001000]
tmp_6         (trunc          ) [ 00000000]
k_cast        (zext           ) [ 00000000]
tmp_5         (icmp           ) [ 00111111]
k_1           (add            ) [ 00111111]
StgValue_60   (br             ) [ 00000000]
tmp_10        (trunc          ) [ 00000000]
tmp_11        (add            ) [ 00000000]
tmp_12_cast   (zext           ) [ 00000000]
A_addr_1      (getelementptr  ) [ 00000100]
next_mul      (add            ) [ 00111111]
tmp_12        (add            ) [ 00000000]
tmp_14_cast   (zext           ) [ 00000000]
B_addr        (getelementptr  ) [ 00000100]
empty         (specregionend  ) [ 00000000]
StgValue_72   (br             ) [ 00111111]
A_load        (load           ) [ 00000010]
B_load        (load           ) [ 00000010]
tmp_7         (mul            ) [ 00000001]
C_load        (load           ) [ 00000001]
StgValue_78   (specloopname   ) [ 00000000]
tmp_8         (add            ) [ 00000000]
StgValue_80   (store          ) [ 00000000]
StgValue_81   (br             ) [ 00111111]
</LifeTime>

<model>

<comp_list>
<comp id="0" class="1000" name="A">
<pin_list>
<pin id="1" dir="1" index="0" bw="1" slack="0"/>
</pin_list>
<bind>
<StgValue><ssdm name="A"/><MemPortTyVec>1 3 </MemPortTyVec>
</StgValue>
</bind>
</comp>

<comp id="2" class="1000" name="B">
<pin_list>
<pin id="3" dir="1" index="0" bw="1" slack="0"/>
</pin_list>
<bind>
<StgValue><ssdm name="B"/><MemPortTyVec>1 3 </MemPortTyVec>
</StgValue>
</bind>
</comp>

<comp id="4" class="1000" name="C">
<pin_list>
<pin id="5" dir="1" index="0" bw="1" slack="0"/>
</pin_list>
<bind>
<StgValue><ssdm name="C"/><MemPortTyVec>2 3 </MemPortTyVec>
</StgValue>
</bind>
</comp>

<comp id="6" class="1000" name="mA">
<pin_list>
<pin id="7" dir="1" index="0" bw="1" slack="2147483647"/>
</pin_list>
<bind>
<StgValue><ssdm name="mA"/></StgValue>
</bind>
</comp>

<comp id="8" class="1000" name="nA">
<pin_list>
<pin id="9" dir="1" index="0" bw="1" slack="0"/>
</pin_list>
<bind>
<StgValue><ssdm name="nA"/></StgValue>
</bind>
</comp>

<comp id="10" class="1000" name="mB">
<pin_list>
<pin id="11" dir="1" index="0" bw="1" slack="2147483647"/>
</pin_list>
<bind>
<StgValue><ssdm name="mB"/></StgValue>
</bind>
</comp>

<comp id="12" class="1000" name="nB">
<pin_list>
<pin id="13" dir="1" index="0" bw="1" slack="2147483647"/>
</pin_list>
<bind>
<StgValue><ssdm name="nB"/></StgValue>
</bind>
</comp>

<comp id="14" class="1000" name="mC">
<pin_list>
<pin id="15" dir="1" index="0" bw="1" slack="0"/>
</pin_list>
<bind>
<StgValue><ssdm name="mC"/></StgValue>
</bind>
</comp>

<comp id="16" class="1000" name="nC">
<pin_list>
<pin id="17" dir="1" index="0" bw="1" slack="0"/>
</pin_list>
<bind>
<StgValue><ssdm name="nC"/></StgValue>
</bind>
</comp>

<comp id="18" class="1001" name="const_18">
<pin_list>
<pin id="19" dir="1" index="0" bw="1" slack="2147483647"/>
</pin_list>
<bind>
<StgValue><ssdm name="_ssdm_op_SpecBitsMap"/></StgValue>
</bind>
</comp>

<comp id="20" class="1001" name="const_20">
<pin_list>
<pin id="21" dir="1" index="0" bw="1" slack="2147483647"/>
</pin_list>
<bind>
<StgValue><ssdm name="_ssdm_op_SpecTopModule"/></StgValue>
</bind>
</comp>

<comp id="22" class="1001" name="const_22">
<pin_list>
<pin id="23" dir="1" index="0" bw="1" slack="2147483647"/>
</pin_list>
<bind>
<StgValue><ssdm name="parta1_5_str"/></StgValue>
</bind>
</comp>

<comp id="24" class="1001" name="const_24">
<pin_list>
<pin id="25" dir="1" index="0" bw="1" slack="0"/>
</pin_list>
<bind>
<StgValue><ssdm name="_ssdm_op_Read.ap_auto.i32"/></StgValue>
</bind>
</comp>

<comp id="26" class="1001" name="const_26">
<pin_list>
<pin id="27" dir="1" index="0" bw="1" slack="1"/>
</pin_list>
<bind>
<StgValue><ssdm name=""/></StgValue>
</bind>
</comp>

<comp id="28" class="1001" name="const_28">
<pin_list>
<pin id="29" dir="1" index="0" bw="1" slack="1"/>
</pin_list>
<bind>
<StgValue><ssdm name=""/></StgValue>
</bind>
</comp>

<comp id="30" class="1001" name="const_30">
<pin_list>
<pin id="31" dir="1" index="0" bw="1" slack="0"/>
</pin_list>
<bind>
<StgValue><ssdm name=""/></StgValue>
</bind>
</comp>

<comp id="32" class="1001" name="const_32">
<pin_list>
<pin id="33" dir="1" index="0" bw="1" slack="0"/>
</pin_list>
<bind>
<StgValue><ssdm name=""/></StgValue>
</bind>
</comp>

<comp id="34" class="1001" name="const_34">
<pin_list>
<pin id="35" dir="1" index="0" bw="1" slack="2147483647"/>
</pin_list>
<bind>
<StgValue><ssdm name="_ssdm_op_SpecLoopName"/></StgValue>
</bind>
</comp>

<comp id="36" class="1001" name="const_36">
<pin_list>
<pin id="37" dir="1" index="0" bw="1" slack="2147483647"/>
</pin_list>
<bind>
<StgValue><ssdm name="p_str3"/></StgValue>
</bind>
</comp>

<comp id="38" class="1001" name="const_38">
<pin_list>
<pin id="39" dir="1" index="0" bw="1" slack="2147483647"/>
</pin_list>
<bind>
<StgValue><ssdm name="_ssdm_op_SpecRegionBegin"/></StgValue>
</bind>
</comp>

<comp id="40" class="1001" name="const_40">
<pin_list>
<pin id="41" dir="1" index="0" bw="1" slack="0"/>
</pin_list>
<bind>
<StgValue><ssdm name=""/></StgValue>
</bind>
</comp>

<comp id="42" class="1001" name="const_42">
<pin_list>
<pin id="43" dir="1" index="0" bw="1" slack="2147483647"/>
</pin_list>
<bind>
<StgValue><ssdm name="_ssdm_op_SpecInterface"/></StgValue>
</bind>
</comp>

<comp id="44" class="1001" name="const_44">
<pin_list>
<pin id="45" dir="1" index="0" bw="1" slack="2147483647"/>
</pin_list>
<bind>
<StgValue><ssdm name="p_str14"/></StgValue>
</bind>
</comp>

<comp id="46" class="1001" name="const_46">
<pin_list>
<pin id="47" dir="1" index="0" bw="1" slack="2147483647"/>
</pin_list>
<bind>
<StgValue><ssdm name=""/></StgValue>
</bind>
</comp>

<comp id="48" class="1001" name="const_48">
<pin_list>
<pin id="49" dir="1" index="0" bw="1" slack="2147483647"/>
</pin_list>
<bind>
<StgValue><ssdm name="p_str25"/></StgValue>
</bind>
</comp>

<comp id="50" class="1001" name="const_50">
<pin_list>
<pin id="51" dir="1" index="0" bw="1" slack="2147483647"/>
</pin_list>
<bind>
<StgValue><ssdm name="p_str36"/></StgValue>
</bind>
</comp>

<comp id="52" class="1001" name="const_52">
<pin_list>
<pin id="53" dir="1" index="0" bw="1" slack="2147483647"/>
</pin_list>
<bind>
<StgValue><ssdm name="_ssdm_op_SpecPipeline"/></StgValue>
</bind>
</comp>

<comp id="54" class="1001" name="const_54">
<pin_list>
<pin id="55" dir="1" index="0" bw="1" slack="2147483647"/>
</pin_list>
<bind>
<StgValue><ssdm name=""/></StgValue>
</bind>
</comp>

<comp id="56" class="1001" name="const_56">
<pin_list>
<pin id="57" dir="1" index="0" bw="1" slack="2147483647"/>
</pin_list>
<bind>
<StgValue><ssdm name="_ssdm_op_SpecRegionEnd"/></StgValue>
</bind>
</comp>

<comp id="58" class="1001" name="const_58">
<pin_list>
<pin id="59" dir="1" index="0" bw="1" slack="2147483647"/>
</pin_list>
<bind>
<StgValue><ssdm name="p_str4"/></StgValue>
</bind>
</comp>

<comp id="60" class="1004" name="nC_read_read_fu_60">
<pin_list>
<pin id="61" dir="0" index="0" bw="32" slack="0"/>
<pin id="62" dir="0" index="1" bw="32" slack="0"/>
<pin id="63" dir="1" index="2" bw="32" slack="2"/>
</pin_list>
<bind>
<opcode="read(1150) " fcode="read"/>
<opset="nC_read/1 "/>
</bind>
</comp>

<comp id="66" class="1004" name="mC_read_read_fu_66">
<pin_list>
<pin id="67" dir="0" index="0" bw="32" slack="0"/>
<pin id="68" dir="0" index="1" bw="32" slack="0"/>
<pin id="69" dir="1" index="2" bw="32" slack="1"/>
</pin_list>
<bind>
<opcode="read(1150) " fcode="read"/>
<opset="mC_read/1 "/>
</bind>
</comp>

<comp id="72" class="1004" name="nA_read_read_fu_72">
<pin_list>
<pin id="73" dir="0" index="0" bw="32" slack="0"/>
<pin id="74" dir="0" index="1" bw="32" slack="0"/>
<pin id="75" dir="1" index="2" bw="32" slack="3"/>
</pin_list>
<bind>
<opcode="read(1150) " fcode="read"/>
<opset="nA_read/1 "/>
</bind>
</comp>

<comp id="78" class="1004" name="A_addr_gep_fu_78">
<pin_list>
<pin id="79" dir="0" index="0" bw="32" slack="0"/>
<pin id="80" dir="0" index="1" bw="1" slack="0"/>
<pin id="81" dir="0" index="2" bw="38" slack="0"/>
<pin id="82" dir="1" index="3" bw="14" slack="1"/>
</pin_list>
<bind>
<opcode="getelementptr(29) " fcode="getelementptr"/>
<opset="A_addr/2 "/>
</bind>
</comp>

<comp id="85" class="1004" name="C_addr_gep_fu_85">
<pin_list>
<pin id="86" dir="0" index="0" bw="32" slack="0"/>
<pin id="87" dir="0" index="1" bw="1" slack="0"/>
<pin id="88" dir="0" index="2" bw="38" slack="0"/>
<pin id="89" dir="1" index="3" bw="14" slack="2147483647"/>
</pin_list>
<bind>
<opcode="getelementptr(29) " fcode="getelementptr"/>
<opset="C_addr/2 "/>
</bind>
</comp>

<comp id="92" class="1004" name="C_addr_1_gep_fu_92">
<pin_list>
<pin id="93" dir="0" index="0" bw="32" slack="0"/>
<pin id="94" dir="0" index="1" bw="1" slack="0"/>
<pin id="95" dir="0" index="2" bw="15" slack="0"/>
<pin id="96" dir="1" index="3" bw="14" slack="2"/>
</pin_list>
<bind>
<opcode="getelementptr(29) " fcode="getelementptr"/>
<opset="C_addr_1/3 "/>
</bind>
</comp>

<comp id="99" class="1004" name="A_addr_1_gep_fu_99">
<pin_list>
<pin id="100" dir="0" index="0" bw="32" slack="0"/>
<pin id="101" dir="0" index="1" bw="1" slack="0"/>
<pin id="102" dir="0" index="2" bw="15" slack="0"/>
<pin id="103" dir="1" index="3" bw="14" slack="0"/>
</pin_list>
<bind>
<opcode="getelementptr(29) " fcode="getelementptr"/>
<opset="A_addr_1/4 "/>
</bind>
</comp>

<comp id="106" class="1004" name="B_addr_gep_fu_106">
<pin_list>
<pin id="107" dir="0" index="0" bw="32" slack="0"/>
<pin id="108" dir="0" index="1" bw="1" slack="0"/>
<pin id="109" dir="0" index="2" bw="15" slack="0"/>
<pin id="110" dir="1" index="3" bw="14" slack="0"/>
</pin_list>
<bind>
<opcode="getelementptr(29) " fcode="getelementptr"/>
<opset="B_addr/4 "/>
</bind>
</comp>

<comp id="113" class="1004" name="grp_access_fu_113">
<pin_list>
<pin id="114" dir="0" index="0" bw="14" slack="0"/>
<pin id="115" dir="0" index="1" bw="32" slack="2147483647"/>
<pin id="116" dir="0" index="2" bw="0" slack="2147483647"/>
<pin id="117" dir="1" index="3" bw="32" slack="1"/>
</pin_list>
<bind>
<opcode="load(27) " fcode="load"/>
<opset="A_load/4 "/>
</bind>
</comp>

<comp id="119" class="1004" name="grp_access_fu_119">
<pin_list>
<pin id="120" dir="0" index="0" bw="14" slack="0"/>
<pin id="121" dir="0" index="1" bw="32" slack="2147483647"/>
<pin id="122" dir="0" index="2" bw="0" slack="2147483647"/>
<pin id="123" dir="1" index="3" bw="32" slack="1"/>
</pin_list>
<bind>
<opcode="load(27) " fcode="load"/>
<opset="B_load/4 "/>
</bind>
</comp>

<comp id="125" class="1004" name="grp_access_fu_125">
<pin_list>
<pin id="126" dir="0" index="0" bw="14" slack="2"/>
<pin id="127" dir="0" index="1" bw="32" slack="0"/>
<pin id="128" dir="0" index="2" bw="0" slack="2147483647"/>
<pin id="129" dir="1" index="3" bw="32" slack="1"/>
</pin_list>
<bind>
<opcode="load(27) store(28) " fcode="store"/>
<opset="C_load/5 StgValue_80/7 "/>
</bind>
</comp>

<comp id="130" class="1005" name="i_reg_130">
<pin_list>
<pin id="131" dir="0" index="0" bw="31" slack="1"/>
<pin id="132" dir="1" index="1" bw="31" slack="1"/>
</pin_list>
<bind>
<opset="i (phireg) "/>
</bind>
</comp>

<comp id="134" class="1004" name="i_phi_fu_134">
<pin_list>
<pin id="135" dir="0" index="0" bw="1" slack="1"/>
<pin id="136" dir="0" index="1" bw="0" slack="2147483647"/>
<pin id="137" dir="0" index="2" bw="31" slack="0"/>
<pin id="138" dir="0" index="3" bw="0" slack="2147483647"/>
<pin id="139" dir="1" index="4" bw="31" slack="0"/>
</pin_list>
<bind>
<opcode="phi(47) " fcode="phi"/>
<opset="i/2 "/>
</bind>
</comp>

<comp id="141" class="1005" name="phi_mul1_reg_141">
<pin_list>
<pin id="142" dir="0" index="0" bw="38" slack="1"/>
<pin id="143" dir="1" index="1" bw="38" slack="1"/>
</pin_list>
<bind>
<opset="phi_mul1 (phireg) "/>
</bind>
</comp>

<comp id="145" class="1004" name="phi_mul1_phi_fu_145">
<pin_list>
<pin id="146" dir="0" index="0" bw="1" slack="1"/>
<pin id="147" dir="0" index="1" bw="0" slack="2147483647"/>
<pin id="148" dir="0" index="2" bw="38" slack="0"/>
<pin id="149" dir="0" index="3" bw="0" slack="2147483647"/>
<pin id="150" dir="1" index="4" bw="38" slack="0"/>
</pin_list>
<bind>
<opcode="phi(47) " fcode="phi"/>
<opset="phi_mul1/2 "/>
</bind>
</comp>

<comp id="152" class="1005" name="j_reg_152">
<pin_list>
<pin id="153" dir="0" index="0" bw="31" slack="1"/>
<pin id="154" dir="1" index="1" bw="31" slack="1"/>
</pin_list>
<bind>
<opset="j (phireg) "/>
</bind>
</comp>

<comp id="156" class="1004" name="j_phi_fu_156">
<pin_list>
<pin id="157" dir="0" index="0" bw="1" slack="1"/>
<pin id="158" dir="0" index="1" bw="0" slack="2147483647"/>
<pin id="159" dir="0" index="2" bw="31" slack="0"/>
<pin id="160" dir="0" index="3" bw="0" slack="2147483647"/>
<pin id="161" dir="1" index="4" bw="31" slack="0"/>
</pin_list>
<bind>
<opcode="phi(47) " fcode="phi"/>
<opset="j/3 "/>
</bind>
</comp>

<comp id="163" class="1005" name="k_reg_163">
<pin_list>
<pin id="164" dir="0" index="0" bw="31" slack="1"/>
<pin id="165" dir="1" index="1" bw="31" slack="1"/>
</pin_list>
<bind>
<opset="k (phireg) "/>
</bind>
</comp>

<comp id="167" class="1004" name="k_phi_fu_167">
<pin_list>
<pin id="168" dir="0" index="0" bw="1" slack="1"/>
<pin id="169" dir="0" index="1" bw="0" slack="2147483647"/>
<pin id="170" dir="0" index="2" bw="31" slack="0"/>
<pin id="171" dir="0" index="3" bw="0" slack="2147483647"/>
<pin id="172" dir="1" index="4" bw="31" slack="0"/>
</pin_list>
<bind>
<opcode="phi(47) " fcode="phi"/>
<opset="k/4 "/>
</bind>
</comp>

<comp id="174" class="1005" name="phi_mul_reg_174">
<pin_list>
<pin id="175" dir="0" index="0" bw="38" slack="1"/>
<pin id="176" dir="1" index="1" bw="38" slack="1"/>
</pin_list>
<bind>
<opset="phi_mul (phireg) "/>
</bind>
</comp>

<comp id="178" class="1004" name="phi_mul_phi_fu_178">
<pin_list>
<pin id="179" dir="0" index="0" bw="1" slack="1"/>
<pin id="180" dir="0" index="1" bw="0" slack="2147483647"/>
<pin id="181" dir="0" index="2" bw="38" slack="0"/>
<pin id="182" dir="0" index="3" bw="0" slack="2147483647"/>
<pin id="183" dir="1" index="4" bw="38" slack="0"/>
</pin_list>
<bind>
<opcode="phi(47) " fcode="phi"/>
<opset="phi_mul/4 "/>
</bind>
</comp>

<comp id="185" class="1004" name="tmp_1_fu_185">
<pin_list>
<pin id="186" dir="0" index="0" bw="38" slack="0"/>
<pin id="187" dir="1" index="1" bw="15" slack="1"/>
</pin_list>
<bind>
<opcode="trunc(33) " fcode="trunc"/>
<opset="tmp_1/2 "/>
</bind>
</comp>

<comp id="189" class="1004" name="phi_mul1_cast_fu_189">
<pin_list>
<pin id="190" dir="0" index="0" bw="38" slack="0"/>
<pin id="191" dir="1" index="1" bw="64" slack="0"/>
</pin_list>
<bind>
<opcode="zext(34) " fcode="zext"/>
<opset="phi_mul1_cast/2 "/>
</bind>
</comp>

<comp id="195" class="1004" name="next_mul2_fu_195">
<pin_list>
<pin id="196" dir="0" index="0" bw="8" slack="0"/>
<pin id="197" dir="0" index="1" bw="38" slack="0"/>
<pin id="198" dir="1" index="2" bw="38" slack="0"/>
</pin_list>
<bind>
<opcode="add(8) " fcode="add"/>
<opset="next_mul2/2 "/>
</bind>
</comp>

<comp id="201" class="1004" name="i_cast_fu_201">
<pin_list>
<pin id="202" dir="0" index="0" bw="31" slack="0"/>
<pin id="203" dir="1" index="1" bw="32" slack="0"/>
</pin_list>
<bind>
<opcode="zext(34) " fcode="zext"/>
<opset="i_cast/2 "/>
</bind>
</comp>

<comp id="205" class="1004" name="tmp_fu_205">
<pin_list>
<pin id="206" dir="0" index="0" bw="31" slack="0"/>
<pin id="207" dir="0" index="1" bw="32" slack="1"/>
<pin id="208" dir="1" index="2" bw="1" slack="2147483647"/>
</pin_list>
<bind>
<opcode="icmp(45) " fcode="icmp"/>
<opset="tmp/2 "/>
</bind>
</comp>

<comp id="210" class="1004" name="i_1_fu_210">
<pin_list>
<pin id="211" dir="0" index="0" bw="1" slack="0"/>
<pin id="212" dir="0" index="1" bw="31" slack="0"/>
<pin id="213" dir="1" index="2" bw="31" slack="0"/>
</pin_list>
<bind>
<opcode="add(8) " fcode="add"/>
<opset="i_1/2 "/>
</bind>
</comp>

<comp id="216" class="1004" name="j_cast_fu_216">
<pin_list>
<pin id="217" dir="0" index="0" bw="31" slack="0"/>
<pin id="218" dir="1" index="1" bw="32" slack="0"/>
</pin_list>
<bind>
<opcode="zext(34) " fcode="zext"/>
<opset="j_cast/3 "/>
</bind>
</comp>

<comp id="220" class="1004" name="tmp_2_fu_220">
<pin_list>
<pin id="221" dir="0" index="0" bw="31" slack="0"/>
<pin id="222" dir="0" index="1" bw="32" slack="2"/>
<pin id="223" dir="1" index="2" bw="1" slack="2147483647"/>
</pin_list>
<bind>
<opcode="icmp(45) " fcode="icmp"/>
<opset="tmp_2/3 "/>
</bind>
</comp>

<comp id="225" class="1004" name="j_1_fu_225">
<pin_list>
<pin id="226" dir="0" index="0" bw="31" slack="0"/>
<pin id="227" dir="0" index="1" bw="1" slack="0"/>
<pin id="228" dir="1" index="2" bw="31" slack="0"/>
</pin_list>
<bind>
<opcode="add(8) " fcode="add"/>
<opset="j_1/3 "/>
</bind>
</comp>

<comp id="231" class="1004" name="tmp_3_fu_231">
<pin_list>
<pin id="232" dir="0" index="0" bw="31" slack="0"/>
<pin id="233" dir="1" index="1" bw="15" slack="0"/>
</pin_list>
<bind>
<opcode="trunc(33) " fcode="trunc"/>
<opset="tmp_3/3 "/>
</bind>
</comp>

<comp id="235" class="1004" name="tmp_s_fu_235">
<pin_list>
<pin id="236" dir="0" index="0" bw="15" slack="1"/>
<pin id="237" dir="0" index="1" bw="15" slack="0"/>
<pin id="238" dir="1" index="2" bw="15" slack="0"/>
</pin_list>
<bind>
<opcode="add(8) " fcode="add"/>
<opset="tmp_s/3 "/>
</bind>
</comp>

<comp id="240" class="1004" name="tmp_11_cast_fu_240">
<pin_list>
<pin id="241" dir="0" index="0" bw="15" slack="0"/>
<pin id="242" dir="1" index="1" bw="64" slack="0"/>
</pin_list>
<bind>
<opcode="zext(34) " fcode="zext"/>
<opset="tmp_11_cast/3 "/>
</bind>
</comp>

<comp id="245" class="1004" name="tmp_6_fu_245">
<pin_list>
<pin id="246" dir="0" index="0" bw="38" slack="0"/>
<pin id="247" dir="1" index="1" bw="15" slack="0"/>
</pin_list>
<bind>
<opcode="trunc(33) " fcode="trunc"/>
<opset="tmp_6/4 "/>
</bind>
</comp>

<comp id="249" class="1004" name="k_cast_fu_249">
<pin_list>
<pin id="250" dir="0" index="0" bw="31" slack="0"/>
<pin id="251" dir="1" index="1" bw="32" slack="0"/>
</pin_list>
<bind>
<opcode="zext(34) " fcode="zext"/>
<opset="k_cast/4 "/>
</bind>
</comp>

<comp id="253" class="1004" name="tmp_5_fu_253">
<pin_list>
<pin id="254" dir="0" index="0" bw="31" slack="0"/>
<pin id="255" dir="0" index="1" bw="32" slack="3"/>
<pin id="256" dir="1" index="2" bw="1" slack="2147483647"/>
</pin_list>
<bind>
<opcode="icmp(45) " fcode="icmp"/>
<opset="tmp_5/4 "/>
</bind>
</comp>

<comp id="258" class="1004" name="k_1_fu_258">
<pin_list>
<pin id="259" dir="0" index="0" bw="1" slack="0"/>
<pin id="260" dir="0" index="1" bw="31" slack="0"/>
<pin id="261" dir="1" index="2" bw="31" slack="0"/>
</pin_list>
<bind>
<opcode="add(8) " fcode="add"/>
<opset="k_1/4 "/>
</bind>
</comp>

<comp id="264" class="1004" name="tmp_10_fu_264">
<pin_list>
<pin id="265" dir="0" index="0" bw="31" slack="0"/>
<pin id="266" dir="1" index="1" bw="15" slack="0"/>
</pin_list>
<bind>
<opcode="trunc(33) " fcode="trunc"/>
<opset="tmp_10/4 "/>
</bind>
</comp>

<comp id="268" class="1004" name="tmp_11_fu_268">
<pin_list>
<pin id="269" dir="0" index="0" bw="15" slack="2"/>
<pin id="270" dir="0" index="1" bw="15" slack="0"/>
<pin id="271" dir="1" index="2" bw="15" slack="0"/>
</pin_list>
<bind>
<opcode="add(8) " fcode="add"/>
<opset="tmp_11/4 "/>
</bind>
</comp>

<comp id="273" class="1004" name="tmp_12_cast_fu_273">
<pin_list>
<pin id="274" dir="0" index="0" bw="15" slack="0"/>
<pin id="275" dir="1" index="1" bw="64" slack="0"/>
</pin_list>
<bind>
<opcode="zext(34) " fcode="zext"/>
<opset="tmp_12_cast/4 "/>
</bind>
</comp>

<comp id="278" class="1004" name="next_mul_fu_278">
<pin_list>
<pin id="279" dir="0" index="0" bw="8" slack="0"/>
<pin id="280" dir="0" index="1" bw="38" slack="0"/>
<pin id="281" dir="1" index="2" bw="38" slack="0"/>
</pin_list>
<bind>
<opcode="add(8) " fcode="add"/>
<opset="next_mul/4 "/>
</bind>
</comp>

<comp id="284" class="1004" name="tmp_12_fu_284">
<pin_list>
<pin id="285" dir="0" index="0" bw="15" slack="0"/>
<pin id="286" dir="0" index="1" bw="15" slack="1"/>
<pin id="287" dir="1" index="2" bw="15" slack="0"/>
</pin_list>
<bind>
<opcode="add(8) " fcode="add"/>
<opset="tmp_12/4 "/>
</bind>
</comp>

<comp id="289" class="1004" name="tmp_14_cast_fu_289">
<pin_list>
<pin id="290" dir="0" index="0" bw="15" slack="0"/>
<pin id="291" dir="1" index="1" bw="64" slack="0"/>
</pin_list>
<bind>
<opcode="zext(34) " fcode="zext"/>
<opset="tmp_14_cast/4 "/>
</bind>
</comp>

<comp id="294" class="1004" name="tmp_7_fu_294">
<pin_list>
<pin id="295" dir="0" index="0" bw="32" slack="1"/>
<pin id="296" dir="0" index="1" bw="32" slack="1"/>
<pin id="297" dir="1" index="2" bw="32" slack="1"/>
</pin_list>
<bind>
<opcode="mul(12) " fcode="mul"/>
<opset="tmp_7/6 "/>
</bind>
</comp>

<comp id="298" class="1004" name="tmp_8_fu_298">
<pin_list>
<pin id="299" dir="0" index="0" bw="32" slack="1"/>
<pin id="300" dir="0" index="1" bw="32" slack="1"/>
<pin id="301" dir="1" index="2" bw="32" slack="0"/>
</pin_list>
<bind>
<opcode="add(8) " fcode="add"/>
<opset="tmp_8/7 "/>
</bind>
</comp>

<comp id="303" class="1005" name="nC_read_reg_303">
<pin_list>
<pin id="304" dir="0" index="0" bw="32" slack="2"/>
<pin id="305" dir="1" index="1" bw="32" slack="2"/>
</pin_list>
<bind>
<opset="nC_read "/>
</bind>
</comp>

<comp id="308" class="1005" name="mC_read_reg_308">
<pin_list>
<pin id="309" dir="0" index="0" bw="32" slack="1"/>
<pin id="310" dir="1" index="1" bw="32" slack="1"/>
</pin_list>
<bind>
<opset="mC_read "/>
</bind>
</comp>

<comp id="313" class="1005" name="nA_read_reg_313">
<pin_list>
<pin id="314" dir="0" index="0" bw="32" slack="3"/>
<pin id="315" dir="1" index="1" bw="32" slack="3"/>
</pin_list>
<bind>
<opset="nA_read "/>
</bind>
</comp>

<comp id="318" class="1005" name="tmp_1_reg_318">
<pin_list>
<pin id="319" dir="0" index="0" bw="15" slack="1"/>
<pin id="320" dir="1" index="1" bw="15" slack="1"/>
</pin_list>
<bind>
<opset="tmp_1 "/>
</bind>
</comp>

<comp id="324" class="1005" name="next_mul2_reg_324">
<pin_list>
<pin id="325" dir="0" index="0" bw="38" slack="0"/>
<pin id="326" dir="1" index="1" bw="38" slack="0"/>
</pin_list>
<bind>
<opset="next_mul2 "/>
</bind>
</comp>

<comp id="332" class="1005" name="i_1_reg_332">
<pin_list>
<pin id="333" dir="0" index="0" bw="31" slack="0"/>
<pin id="334" dir="1" index="1" bw="31" slack="0"/>
</pin_list>
<bind>
<opset="i_1 "/>
</bind>
</comp>

<comp id="337" class="1005" name="A_addr_reg_337">
<pin_list>
<pin id="338" dir="0" index="0" bw="14" slack="1"/>
<pin id="339" dir="1" index="1" bw="14" slack="2147483647"/>
</pin_list>
<bind>
<opset="A_addr "/>
</bind>
</comp>

<comp id="344" class="1005" name="j_1_reg_344">
<pin_list>
<pin id="345" dir="0" index="0" bw="31" slack="0"/>
<pin id="346" dir="1" index="1" bw="31" slack="0"/>
</pin_list>
<bind>
<opset="j_1 "/>
</bind>
</comp>

<comp id="349" class="1005" name="tmp_3_reg_349">
<pin_list>
<pin id="350" dir="0" index="0" bw="15" slack="1"/>
<pin id="351" dir="1" index="1" bw="15" slack="1"/>
</pin_list>
<bind>
<opset="tmp_3 "/>
</bind>
</comp>

<comp id="354" class="1005" name="C_addr_1_reg_354">
<pin_list>
<pin id="355" dir="0" index="0" bw="14" slack="2"/>
<pin id="356" dir="1" index="1" bw="14" slack="2"/>
</pin_list>
<bind>
<opset="C_addr_1 "/>
</bind>
</comp>

<comp id="362" class="1005" name="k_1_reg_362">
<pin_list>
<pin id="363" dir="0" index="0" bw="31" slack="0"/>
<pin id="364" dir="1" index="1" bw="31" slack="0"/>
</pin_list>
<bind>
<opset="k_1 "/>
</bind>
</comp>

<comp id="367" class="1005" name="A_addr_1_reg_367">
<pin_list>
<pin id="368" dir="0" index="0" bw="14" slack="1"/>
<pin id="369" dir="1" index="1" bw="14" slack="1"/>
</pin_list>
<bind>
<opset="A_addr_1 "/>
</bind>
</comp>

<comp id="372" class="1005" name="next_mul_reg_372">
<pin_list>
<pin id="373" dir="0" index="0" bw="38" slack="0"/>
<pin id="374" dir="1" index="1" bw="38" slack="0"/>
</pin_list>
<bind>
<opset="next_mul "/>
</bind>
</comp>

<comp id="377" class="1005" name="B_addr_reg_377">
<pin_list>
<pin id="378" dir="0" index="0" bw="14" slack="1"/>
<pin id="379" dir="1" index="1" bw="14" slack="1"/>
</pin_list>
<bind>
<opset="B_addr "/>
</bind>
</comp>

<comp id="382" class="1005" name="A_load_reg_382">
<pin_list>
<pin id="383" dir="0" index="0" bw="32" slack="1"/>
<pin id="384" dir="1" index="1" bw="32" slack="1"/>
</pin_list>
<bind>
<opset="A_load "/>
</bind>
</comp>

<comp id="387" class="1005" name="B_load_reg_387">
<pin_list>
<pin id="388" dir="0" index="0" bw="32" slack="1"/>
<pin id="389" dir="1" index="1" bw="32" slack="1"/>
</pin_list>
<bind>
<opset="B_load "/>
</bind>
</comp>

<comp id="392" class="1005" name="tmp_7_reg_392">
<pin_list>
<pin id="393" dir="0" index="0" bw="32" slack="1"/>
<pin id="394" dir="1" index="1" bw="32" slack="1"/>
</pin_list>
<bind>
<opset="tmp_7 "/>
</bind>
</comp>

<comp id="397" class="1005" name="C_load_reg_397">
<pin_list>
<pin id="398" dir="0" index="0" bw="32" slack="1"/>
<pin id="399" dir="1" index="1" bw="32" slack="1"/>
</pin_list>
<bind>
<opset="C_load "/>
</bind>
</comp>

</comp_list>

<net_list>
<net id="64"><net_src comp="24" pin="0"/><net_sink comp="60" pin=0"/></net>

<net id="65"><net_src comp="16" pin="0"/><net_sink comp="60" pin=1"/></net>

<net id="70"><net_src comp="24" pin="0"/><net_sink comp="66" pin=0"/></net>

<net id="71"><net_src comp="14" pin="0"/><net_sink comp="66" pin=1"/></net>

<net id="76"><net_src comp="24" pin="0"/><net_sink comp="72" pin=0"/></net>

<net id="77"><net_src comp="8" pin="0"/><net_sink comp="72" pin=1"/></net>

<net id="83"><net_src comp="0" pin="0"/><net_sink comp="78" pin=0"/></net>

<net id="84"><net_src comp="40" pin="0"/><net_sink comp="78" pin=1"/></net>

<net id="90"><net_src comp="4" pin="0"/><net_sink comp="85" pin=0"/></net>

<net id="91"><net_src comp="40" pin="0"/><net_sink comp="85" pin=1"/></net>

<net id="97"><net_src comp="4" pin="0"/><net_sink comp="92" pin=0"/></net>

<net id="98"><net_src comp="40" pin="0"/><net_sink comp="92" pin=1"/></net>

<net id="104"><net_src comp="0" pin="0"/><net_sink comp="99" pin=0"/></net>

<net id="105"><net_src comp="40" pin="0"/><net_sink comp="99" pin=1"/></net>

<net id="111"><net_src comp="2" pin="0"/><net_sink comp="106" pin=0"/></net>

<net id="112"><net_src comp="40" pin="0"/><net_sink comp="106" pin=1"/></net>

<net id="118"><net_src comp="99" pin="3"/><net_sink comp="113" pin=0"/></net>

<net id="124"><net_src comp="106" pin="3"/><net_sink comp="119" pin=0"/></net>

<net id="133"><net_src comp="26" pin="0"/><net_sink comp="130" pin=0"/></net>

<net id="140"><net_src comp="130" pin="1"/><net_sink comp="134" pin=0"/></net>

<net id="144"><net_src comp="28" pin="0"/><net_sink comp="141" pin=0"/></net>

<net id="151"><net_src comp="141" pin="1"/><net_sink comp="145" pin=0"/></net>

<net id="155"><net_src comp="26" pin="0"/><net_sink comp="152" pin=0"/></net>

<net id="162"><net_src comp="152" pin="1"/><net_sink comp="156" pin=0"/></net>

<net id="166"><net_src comp="26" pin="0"/><net_sink comp="163" pin=0"/></net>

<net id="173"><net_src comp="163" pin="1"/><net_sink comp="167" pin=0"/></net>

<net id="177"><net_src comp="28" pin="0"/><net_sink comp="174" pin=0"/></net>

<net id="184"><net_src comp="174" pin="1"/><net_sink comp="178" pin=0"/></net>

<net id="188"><net_src comp="145" pin="4"/><net_sink comp="185" pin=0"/></net>

<net id="192"><net_src comp="145" pin="4"/><net_sink comp="189" pin=0"/></net>

<net id="193"><net_src comp="189" pin="1"/><net_sink comp="78" pin=2"/></net>

<net id="194"><net_src comp="189" pin="1"/><net_sink comp="85" pin=2"/></net>

<net id="199"><net_src comp="30" pin="0"/><net_sink comp="195" pin=0"/></net>

<net id="200"><net_src comp="145" pin="4"/><net_sink comp="195" pin=1"/></net>

<net id="204"><net_src comp="134" pin="4"/><net_sink comp="201" pin=0"/></net>

<net id="209"><net_src comp="201" pin="1"/><net_sink comp="205" pin=0"/></net>

<net id="214"><net_src comp="32" pin="0"/><net_sink comp="210" pin=0"/></net>

<net id="215"><net_src comp="134" pin="4"/><net_sink comp="210" pin=1"/></net>

<net id="219"><net_src comp="156" pin="4"/><net_sink comp="216" pin=0"/></net>

<net id="224"><net_src comp="216" pin="1"/><net_sink comp="220" pin=0"/></net>

<net id="229"><net_src comp="156" pin="4"/><net_sink comp="225" pin=0"/></net>

<net id="230"><net_src comp="32" pin="0"/><net_sink comp="225" pin=1"/></net>

<net id="234"><net_src comp="156" pin="4"/><net_sink comp="231" pin=0"/></net>

<net id="239"><net_src comp="231" pin="1"/><net_sink comp="235" pin=1"/></net>

<net id="243"><net_src comp="235" pin="2"/><net_sink comp="240" pin=0"/></net>

<net id="244"><net_src comp="240" pin="1"/><net_sink comp="92" pin=2"/></net>

<net id="248"><net_src comp="178" pin="4"/><net_sink comp="245" pin=0"/></net>

<net id="252"><net_src comp="167" pin="4"/><net_sink comp="249" pin=0"/></net>

<net id="257"><net_src comp="249" pin="1"/><net_sink comp="253" pin=0"/></net>

<net id="262"><net_src comp="32" pin="0"/><net_sink comp="258" pin=0"/></net>

<net id="263"><net_src comp="167" pin="4"/><net_sink comp="258" pin=1"/></net>

<net id="267"><net_src comp="167" pin="4"/><net_sink comp="264" pin=0"/></net>

<net id="272"><net_src comp="264" pin="1"/><net_sink comp="268" pin=1"/></net>

<net id="276"><net_src comp="268" pin="2"/><net_sink comp="273" pin=0"/></net>

<net id="277"><net_src comp="273" pin="1"/><net_sink comp="99" pin=2"/></net>

<net id="282"><net_src comp="30" pin="0"/><net_sink comp="278" pin=0"/></net>

<net id="283"><net_src comp="178" pin="4"/><net_sink comp="278" pin=1"/></net>

<net id="288"><net_src comp="245" pin="1"/><net_sink comp="284" pin=0"/></net>

<net id="292"><net_src comp="284" pin="2"/><net_sink comp="289" pin=0"/></net>

<net id="293"><net_src comp="289" pin="1"/><net_sink comp="106" pin=2"/></net>

<net id="302"><net_src comp="298" pin="2"/><net_sink comp="125" pin=1"/></net>

<net id="306"><net_src comp="60" pin="2"/><net_sink comp="303" pin=0"/></net>

<net id="307"><net_src comp="303" pin="1"/><net_sink comp="220" pin=1"/></net>

<net id="311"><net_src comp="66" pin="2"/><net_sink comp="308" pin=0"/></net>

<net id="312"><net_src comp="308" pin="1"/><net_sink comp="205" pin=1"/></net>

<net id="316"><net_src comp="72" pin="2"/><net_sink comp="313" pin=0"/></net>

<net id="317"><net_src comp="313" pin="1"/><net_sink comp="253" pin=1"/></net>

<net id="321"><net_src comp="185" pin="1"/><net_sink comp="318" pin=0"/></net>

<net id="322"><net_src comp="318" pin="1"/><net_sink comp="235" pin=0"/></net>

<net id="323"><net_src comp="318" pin="1"/><net_sink comp="268" pin=0"/></net>

<net id="327"><net_src comp="195" pin="2"/><net_sink comp="324" pin=0"/></net>

<net id="328"><net_src comp="324" pin="1"/><net_sink comp="145" pin=2"/></net>

<net id="335"><net_src comp="210" pin="2"/><net_sink comp="332" pin=0"/></net>

<net id="336"><net_src comp="332" pin="1"/><net_sink comp="134" pin=2"/></net>

<net id="340"><net_src comp="78" pin="3"/><net_sink comp="337" pin=0"/></net>

<net id="347"><net_src comp="225" pin="2"/><net_sink comp="344" pin=0"/></net>

<net id="348"><net_src comp="344" pin="1"/><net_sink comp="156" pin=2"/></net>

<net id="352"><net_src comp="231" pin="1"/><net_sink comp="349" pin=0"/></net>

<net id="353"><net_src comp="349" pin="1"/><net_sink comp="284" pin=1"/></net>

<net id="357"><net_src comp="92" pin="3"/><net_sink comp="354" pin=0"/></net>

<net id="358"><net_src comp="354" pin="1"/><net_sink comp="125" pin=0"/></net>

<net id="365"><net_src comp="258" pin="2"/><net_sink comp="362" pin=0"/></net>

<net id="366"><net_src comp="362" pin="1"/><net_sink comp="167" pin=2"/></net>

<net id="370"><net_src comp="99" pin="3"/><net_sink comp="367" pin=0"/></net>

<net id="371"><net_src comp="367" pin="1"/><net_sink comp="113" pin=0"/></net>

<net id="375"><net_src comp="278" pin="2"/><net_sink comp="372" pin=0"/></net>

<net id="376"><net_src comp="372" pin="1"/><net_sink comp="178" pin=2"/></net>

<net id="380"><net_src comp="106" pin="3"/><net_sink comp="377" pin=0"/></net>

<net id="381"><net_src comp="377" pin="1"/><net_sink comp="119" pin=0"/></net>

<net id="385"><net_src comp="113" pin="3"/><net_sink comp="382" pin=0"/></net>

<net id="386"><net_src comp="382" pin="1"/><net_sink comp="294" pin=1"/></net>

<net id="390"><net_src comp="119" pin="3"/><net_sink comp="387" pin=0"/></net>

<net id="391"><net_src comp="387" pin="1"/><net_sink comp="294" pin=0"/></net>

<net id="395"><net_src comp="294" pin="2"/><net_sink comp="392" pin=0"/></net>

<net id="396"><net_src comp="392" pin="1"/><net_sink comp="298" pin=0"/></net>

<net id="400"><net_src comp="125" pin="3"/><net_sink comp="397" pin=0"/></net>

<net id="401"><net_src comp="397" pin="1"/><net_sink comp="298" pin=1"/></net>

</net_list>

</model> 
---------------- Datapath Model END ------------------

* FSMD analyzer results:
  - Output states:
	Port: C | {7 }
 - Input state : 
	Port: parta1_5 : A | {4 5 }
	Port: parta1_5 : B | {4 5 }
	Port: parta1_5 : C | {5 6 }
	Port: parta1_5 : nA | {1 }
	Port: parta1_5 : mC | {1 }
	Port: parta1_5 : nC | {1 }
  - Chain level:
	State 1
	State 2
		tmp_1 : 1
		phi_mul1_cast : 1
		next_mul2 : 1
		i_cast : 1
		tmp : 2
		i_1 : 1
		StgValue_30 : 3
		A_addr : 2
		C_addr : 2
		StgValue_35 : 3
	State 3
		j_cast : 1
		tmp_2 : 2
		j_1 : 1
		StgValue_42 : 3
		tmp_3 : 1
		tmp_s : 2
		tmp_11_cast : 3
		C_addr_1 : 4
	State 4
		tmp_6 : 1
		k_cast : 1
		tmp_5 : 2
		k_1 : 1
		StgValue_60 : 3
		tmp_10 : 1
		tmp_11 : 2
		tmp_12_cast : 3
		A_addr_1 : 4
		next_mul : 1
		tmp_12 : 2
		tmp_14_cast : 3
		B_addr : 4
		A_load : 5
		B_load : 5
	State 5
	State 6
	State 7
		StgValue_80 : 1


============================================================
+ Verbose Summary: Datapath Resource usage 
============================================================

* Functional unit list:
|----------|----------------------|---------|---------|---------|
| Operation|    Functional Unit   |  DSP48E |    FF   |   LUT   |
|----------|----------------------|---------|---------|---------|
|          |   next_mul2_fu_195   |    0    |    0    |    45   |
|          |      i_1_fu_210      |    0    |    0    |    38   |
|          |      j_1_fu_225      |    0    |    0    |    38   |
|          |     tmp_s_fu_235     |    0    |    0    |    21   |
|    add   |      k_1_fu_258      |    0    |    0    |    38   |
|          |     tmp_11_fu_268    |    0    |    0    |    21   |
|          |    next_mul_fu_278   |    0    |    0    |    45   |
|          |     tmp_12_fu_284    |    0    |    0    |    21   |
|          |     tmp_8_fu_298     |    0    |    0    |    39   |
|----------|----------------------|---------|---------|---------|
|          |      tmp_fu_205      |    0    |    0    |    18   |
|   icmp   |     tmp_2_fu_220     |    0    |    0    |    18   |
|          |     tmp_5_fu_253     |    0    |    0    |    18   |
|----------|----------------------|---------|---------|---------|
|    mul   |     tmp_7_fu_294     |    3    |    0    |    20   |
|----------|----------------------|---------|---------|---------|
|          |  nC_read_read_fu_60  |    0    |    0    |    0    |
|   read   |  mC_read_read_fu_66  |    0    |    0    |    0    |
|          |  nA_read_read_fu_72  |    0    |    0    |    0    |
|----------|----------------------|---------|---------|---------|
|          |     tmp_1_fu_185     |    0    |    0    |    0    |
|   trunc  |     tmp_3_fu_231     |    0    |    0    |    0    |
|          |     tmp_6_fu_245     |    0    |    0    |    0    |
|          |     tmp_10_fu_264    |    0    |    0    |    0    |
|----------|----------------------|---------|---------|---------|
|          | phi_mul1_cast_fu_189 |    0    |    0    |    0    |
|          |     i_cast_fu_201    |    0    |    0    |    0    |
|          |     j_cast_fu_216    |    0    |    0    |    0    |
|   zext   |  tmp_11_cast_fu_240  |    0    |    0    |    0    |
|          |     k_cast_fu_249    |    0    |    0    |    0    |
|          |  tmp_12_cast_fu_273  |    0    |    0    |    0    |
|          |  tmp_14_cast_fu_289  |    0    |    0    |    0    |
|----------|----------------------|---------|---------|---------|
|   Total  |                      |    3    |    0    |   380   |
|----------|----------------------|---------|---------|---------|

Memories:
N/A

* Register list:
+-----------------+--------+
|                 |   FF   |
+-----------------+--------+
| A_addr_1_reg_367|   14   |
|  A_addr_reg_337 |   14   |
|  A_load_reg_382 |   32   |
|  B_addr_reg_377 |   14   |
|  B_load_reg_387 |   32   |
| C_addr_1_reg_354|   14   |
|  C_load_reg_397 |   32   |
|   i_1_reg_332   |   31   |
|    i_reg_130    |   31   |
|   j_1_reg_344   |   31   |
|    j_reg_152    |   31   |
|   k_1_reg_362   |   31   |
|    k_reg_163    |   31   |
| mC_read_reg_308 |   32   |
| nA_read_reg_313 |   32   |
| nC_read_reg_303 |   32   |
|next_mul2_reg_324|   38   |
| next_mul_reg_372|   38   |
| phi_mul1_reg_141|   38   |
| phi_mul_reg_174 |   38   |
|  tmp_1_reg_318  |   15   |
|  tmp_3_reg_349  |   15   |
|  tmp_7_reg_392  |   32   |
+-----------------+--------+
|      Total      |   648  |
+-----------------+--------+

* Multiplexer (MUX) list: 
|-------------------|------|------|------|--------||---------||---------|
|        Comp       |  Pin | Size |  BW  | S x BW ||  Delay  ||   LUT   |
|-------------------|------|------|------|--------||---------||---------|
| grp_access_fu_113 |  p0  |   2  |  14  |   28   ||    9    |
| grp_access_fu_119 |  p0  |   2  |  14  |   28   ||    9    |
|-------------------|------|------|------|--------||---------||---------|
|       Total       |      |      |      |   56   ||  3.538  ||    18   |
|-------------------|------|------|------|--------||---------||---------|



* Summary:
+-----------+--------+--------+--------+--------+
|           | DSP48E |  Delay |   FF   |   LUT  |
+-----------+--------+--------+--------+--------+
|  Function |    3   |    -   |    0   |   380  |
|   Memory  |    -   |    -   |    -   |    -   |
|Multiplexer|    -   |    3   |    -   |   18   |
|  Register |    -   |    -   |   648  |    -   |
+-----------+--------+--------+--------+--------+
|   Total   |    3   |    3   |   648  |   398  |
+-----------+--------+--------+--------+--------+
