                             latency        interval
transaction       0:          402865          402866
transaction       1:          287785          287786
transaction       2:          725089          725090
transaction       3:          414625          414626
transaction       4:          296185          296186
transaction       5:          746257          746258
transaction       6:          349945          349946
transaction       7:          249985          249986
transaction       8:          629833          629834
transaction       9:            9593            9594
transaction      10:            6853            6854
transaction      11:           17265           17266
transaction      12:            9873            9874
transaction      13:            7053            7054
transaction      14:           17769           17770
transaction      15:            8333            8334
transaction      16:            5953            5954
transaction      17:           14997           14998
transaction      18:          757769          757770
transaction      19:          541309          541310
transaction      20:         1363857         1363858
transaction      21:          779889          779890
transaction      22:          557109          557110
transaction      23:         1403673         1403674
transaction      24:          658229          658230
transaction      25:          470209          470210
transaction      26:         1184685               x
