Passed A1-3 for mA = 42, nA = 68, nB = 35, 
Passed A1-3 for mA = 42, nA = 68, nB = 25, 
Passed A1-3 for mA = 42, nA = 68, nB = 63, 
Passed A1-3 for mA = 42, nA = 70, nB = 35, 
Passed A1-3 for mA = 42, nA = 70, nB = 25, 
Passed A1-3 for mA = 42, nA = 70, nB = 63, 
Passed A1-3 for mA = 42, nA = 59, nB = 35, 
Passed A1-3 for mA = 42, nA = 59, nB = 25, 
Passed A1-3 for mA = 42, nA = 59, nB = 63, 
Passed A1-3 for mA = 1, nA = 68, nB = 35, 
Passed A1-3 for mA = 1, nA = 68, nB = 25, 
Passed A1-3 for mA = 1, nA = 68, nB = 63, 
Passed A1-3 for mA = 1, nA = 70, nB = 35, 
Passed A1-3 for mA = 1, nA = 70, nB = 25, 
Passed A1-3 for mA = 1, nA = 70, nB = 63, 
Passed A1-3 for mA = 1, nA = 59, nB = 35, 
Passed A1-3 for mA = 1, nA = 59, nB = 25, 
Passed A1-3 for mA = 1, nA = 59, nB = 63, 
Passed A1-3 for mA = 79, nA = 68, nB = 35, 
Passed A1-3 for mA = 79, nA = 68, nB = 25, 
Passed A1-3 for mA = 79, nA = 68, nB = 63, 
Passed A1-3 for mA = 79, nA = 70, nB = 35, 
Passed A1-3 for mA = 79, nA = 70, nB = 25, 
Passed A1-3 for mA = 79, nA = 70, nB = 63, 
Passed A1-3 for mA = 79, nA = 59, nB = 35, 
Passed A1-3 for mA = 79, nA = 59, nB = 25, 
Passed A1-3 for mA = 79, nA = 59, nB = 63, 
Passed A1-3 for mA = 42, nA = 68, nB = 35, 
Passed A1-3 for mA = 42, nA = 68, nB = 25, 
Passed A1-3 for mA = 42, nA = 68, nB = 63, 
Passed A1-3 for mA = 42, nA = 70, nB = 35, 
Passed A1-3 for mA = 42, nA = 70, nB = 25, 
Passed A1-3 for mA = 42, nA = 70, nB = 63, 
Passed A1-3 for mA = 42, nA = 59, nB = 35, 
Passed A1-3 for mA = 42, nA = 59, nB = 25, 
Passed A1-3 for mA = 42, nA = 59, nB = 63, 
Passed A1-3 for mA = 1, nA = 68, nB = 35, 
Passed A1-3 for mA = 1, nA = 68, nB = 25, 
Passed A1-3 for mA = 1, nA = 68, nB = 63, 
Passed A1-3 for mA = 1, nA = 70, nB = 35, 
Passed A1-3 for mA = 1, nA = 70, nB = 25, 
Passed A1-3 for mA = 1, nA = 70, nB = 63, 
Passed A1-3 for mA = 1, nA = 59, nB = 35, 
Passed A1-3 for mA = 1, nA = 59, nB = 25, 
Passed A1-3 for mA = 1, nA = 59, nB = 63, 
Passed A1-3 for mA = 79, nA = 68, nB = 35, 
Passed A1-3 for mA = 79, nA = 68, nB = 25, 
Passed A1-3 for mA = 79, nA = 68, nB = 63, 
Passed A1-3 for mA = 79, nA = 70, nB = 35, 
Passed A1-3 for mA = 79, nA = 70, nB = 25, 
Passed A1-3 for mA = 79, nA = 70, nB = 63, 
Passed A1-3 for mA = 79, nA = 59, nB = 35, 
Passed A1-3 for mA = 79, nA = 59, nB = 25, 
Passed A1-3 for mA = 79, nA = 59, nB = 63, 

C:\Users\Patel\Downloads\ECE527\exp\MP3\PartA\solution3\sim\verilog>set PATH= 

C:\Users\Patel\Downloads\ECE527\exp\MP3\PartA\solution3\sim\verilog>call C:/Xilinx/Vivado/2018.2/bin/xelab xil_defaultlib.apatb_parta1_3_top glbl -prj parta1_3.prj -L smartconnect_v1_0 -L axi_protocol_checker_v1_1_12 -L axi_protocol_checker_v1_1_13 -L axis_protocol_checker_v1_1_11 -L axis_protocol_checker_v1_1_12 -L xil_defaultlib -L unisims_ver -L xpm --initfile "C:/Xilinx/Vivado/2018.2/data/xsim/ip/xsim_ip.ini" --lib "ieee_proposed=./ieee_proposed" -s parta1_3  
INFO: [XSIM 43-3496] Using init file passed via -initfile option "C:/Xilinx/Vivado/2018.2/data/xsim/ip/xsim_ip.ini".
Vivado Simulator 2018.2
Copyright 1986-1999, 2001-2018 Xilinx, Inc. All Rights Reserved.
Running: C:/Xilinx/Vivado/2018.2/bin/unwrapped/win64.o/xelab.exe xil_defaultlib.apatb_parta1_3_top glbl -prj parta1_3.prj -L smartconnect_v1_0 -L axi_protocol_checker_v1_1_12 -L axi_protocol_checker_v1_1_13 -L axis_protocol_checker_v1_1_11 -L axis_protocol_checker_v1_1_12 -L xil_defaultlib -L unisims_ver -L xpm --initfile C:/Xilinx/Vivado/2018.2/data/xsim/ip/xsim_ip.ini --lib ieee_proposed=./ieee_proposed -s parta1_3 
Multi-threading is on. Using 2 slave threads.
INFO: [VRFC 10-2263] Analyzing SystemVerilog file "C:/Users/Patel/Downloads/ECE527/exp/MP3/PartA/solution3/sim/verilog/glbl.v" into library work
INFO: [VRFC 10-311] analyzing module glbl
INFO: [VRFC 10-2263] Analyzing SystemVerilog file "C:/Users/Patel/Downloads/ECE527/exp/MP3/PartA/solution3/sim/verilog/AESL_automem_A.v" into library xil_defaultlib
INFO: [VRFC 10-311] analyzing module AESL_automem_A
INFO: [VRFC 10-2263] Analyzing SystemVerilog file "C:/Users/Patel/Downloads/ECE527/exp/MP3/PartA/solution3/sim/verilog/AESL_automem_B.v" into library xil_defaultlib
INFO: [VRFC 10-311] analyzing module AESL_automem_B
INFO: [VRFC 10-2263] Analyzing SystemVerilog file "C:/Users/Patel/Downloads/ECE527/exp/MP3/PartA/solution3/sim/verilog/AESL_automem_C.v" into library xil_defaultlib
INFO: [VRFC 10-311] analyzing module AESL_automem_C
INFO: [VRFC 10-2263] Analyzing SystemVerilog file "C:/Users/Patel/Downloads/ECE527/exp/MP3/PartA/solution3/sim/verilog/parta1_3.autotb.v" into library xil_defaultlib
INFO: [VRFC 10-311] analyzing module apatb_parta1_3_top
INFO: [VRFC 10-2263] Analyzing SystemVerilog file "C:/Users/Patel/Downloads/ECE527/exp/MP3/PartA/solution3/sim/verilog/parta1_3.v" into library xil_defaultlib
INFO: [VRFC 10-311] analyzing module parta1_3
INFO: [VRFC 10-2263] Analyzing SystemVerilog file "C:/Users/Patel/Downloads/ECE527/exp/MP3/PartA/solution3/sim/verilog/parta1_3_mac_mulabkb.v" into library xil_defaultlib
INFO: [VRFC 10-311] analyzing module parta1_3_mac_mulabkb_DSP48_0
INFO: [VRFC 10-311] analyzing module parta1_3_mac_mulabkb
Starting static elaboration
Completed static elaboration
Starting simulation data flow analysis
Completed simulation data flow analysis
Time Resolution for simulation is 1ps
Compiling module xil_defaultlib.parta1_3_mac_mulabkb_DSP48_0
Compiling module xil_defaultlib.parta1_3_mac_mulabkb(ID=1,NUM_ST...
Compiling module xil_defaultlib.parta1_3
Compiling module xil_defaultlib.AESL_automem_A
Compiling module xil_defaultlib.AESL_automem_B
Compiling module xil_defaultlib.AESL_automem_C
Compiling module xil_defaultlib.apatb_parta1_3_top
Compiling module work.glbl
Built simulation snapshot parta1_3

****** Webtalk v2018.2 (64-bit)
  **** SW Build 2258646 on Thu Jun 14 20:03:12 MDT 2018
  **** IP Build 2256618 on Thu Jun 14 22:10:49 MDT 2018
    ** Copyright 1986-2018 Xilinx, Inc. All Rights Reserved.

source C:/Users/Patel/Downloads/ECE527/exp/MP3/PartA/solution3/sim/verilog/xsim.dir/parta1_3/webtalk/xsim_webtalk.tcl -notrace
INFO: [Common 17-186] 'C:/Users/Patel/Downloads/ECE527/exp/MP3/PartA/solution3/sim/verilog/xsim.dir/parta1_3/webtalk/usage_statistics_ext_xsim.xml' has been successfully sent to Xilinx on Thu Oct  4 00:58:10 2018. For additional details about this file, please refer to the WebTalk help file at C:/Xilinx/Vivado/2018.2/doc/webtalk_introduction.html.
INFO: [Common 17-206] Exiting Webtalk at Thu Oct  4 00:58:10 2018...

****** xsim v2018.2 (64-bit)
  **** SW Build 2258646 on Thu Jun 14 20:03:12 MDT 2018
  **** IP Build 2256618 on Thu Jun 14 22:10:49 MDT 2018
    ** Copyright 1986-2018 Xilinx, Inc. All Rights Reserved.

source xsim.dir/parta1_3/xsim_script.tcl
# xsim {parta1_3} -autoloadwcfg -tclbatch {parta1_3.tcl}
Vivado Simulator 2018.2
Time resolution is 1 ps
source parta1_3.tcl
## run all
////////////////////////////////////////////////////////////////////////////////////
// Inter-Transaction Progress: Completed Transaction / Total Transaction
// Intra-Transaction Progress: Measured Latency / Latency Estimation * 100%
//
// RTL Simulation : "Inter-Transaction Progress" ["Intra-Transaction Progress"] @ "Simulation Time"
////////////////////////////////////////////////////////////////////////////////////
// RTL Simulation : 0 / 27 [n/a] @ "125000"
// RTL Simulation : 1 / 27 [n/a] @ "3293795000"
// RTL Simulation : 2 / 27 [n/a] @ "5646655000"
// RTL Simulation : 3 / 27 [n/a] @ "11574555000"
// RTL Simulation : 4 / 27 [n/a] @ "14956415000"
// RTL Simulation : 5 / 27 [n/a] @ "17372275000"
// RTL Simulation : 6 / 27 [n/a] @ "23458935000"
// RTL Simulation : 7 / 27 [n/a] @ "26296895000"
// RTL Simulation : 8 / 27 [n/a] @ "28324255000"
// RTL Simulation : 9 / 27 [n/a] @ "33431895000"
// RTL Simulation : 10 / 27 [n/a] @ "33510335000"
// RTL Simulation : 11 / 27 [n/a] @ "33566375000"
// RTL Simulation : 12 / 27 [n/a] @ "33707535000"
// RTL Simulation : 13 / 27 [n/a] @ "33788075000"
// RTL Simulation : 14 / 27 [n/a] @ "33845615000"
// RTL Simulation : 15 / 27 [n/a] @ "33990555000"
// RTL Simulation : 16 / 27 [n/a] @ "34058145000"
// RTL Simulation : 17 / 27 [n/a] @ "34106435000"
// RTL Simulation : 18 / 27 [n/a] @ "34228065000"
// RTL Simulation : 19 / 27 [n/a] @ "40423265000"
// RTL Simulation : 20 / 27 [n/a] @ "44848865000"
// RTL Simulation : 21 / 27 [n/a] @ "55998945000"
// RTL Simulation : 22 / 27 [n/a] @ "62360045000"
// RTL Simulation : 23 / 27 [n/a] @ "66904145000"
// RTL Simulation : 24 / 27 [n/a] @ "78352845000"
// RTL Simulation : 25 / 27 [n/a] @ "83690895000"
// RTL Simulation : 26 / 27 [n/a] @ "87504245000"
// RTL Simulation : 27 / 27 [n/a] @ "97111455000"
////////////////////////////////////////////////////////////////////////////////////
$finish called at time : 97111495 ns : File "C:/Users/Patel/Downloads/ECE527/exp/MP3/PartA/solution3/sim/verilog/parta1_3.autotb.v" Line 523
run: Time (s): cpu = 00:00:00 ; elapsed = 00:02:11 . Memory (MB): peak = 213.500 ; gain = 0.000
## quit
INFO: [Common 17-206] Exiting xsim at Thu Oct  4 01:00:29 2018...
Passed A1-3 for mA = 42, nA = 68, nB = 35, 
Passed A1-3 for mA = 42, nA = 68, nB = 25, 
Passed A1-3 for mA = 42, nA = 68, nB = 63, 
Passed A1-3 for mA = 42, nA = 70, nB = 35, 
Passed A1-3 for mA = 42, nA = 70, nB = 25, 
Passed A1-3 for mA = 42, nA = 70, nB = 63, 
Passed A1-3 for mA = 42, nA = 59, nB = 35, 
Passed A1-3 for mA = 42, nA = 59, nB = 25, 
Passed A1-3 for mA = 42, nA = 59, nB = 63, 
Passed A1-3 for mA = 1, nA = 68, nB = 35, 
Passed A1-3 for mA = 1, nA = 68, nB = 25, 
Passed A1-3 for mA = 1, nA = 68, nB = 63, 
Passed A1-3 for mA = 1, nA = 70, nB = 35, 
Passed A1-3 for mA = 1, nA = 70, nB = 25, 
Passed A1-3 for mA = 1, nA = 70, nB = 63, 
Passed A1-3 for mA = 1, nA = 59, nB = 35, 
Passed A1-3 for mA = 1, nA = 59, nB = 25, 
Passed A1-3 for mA = 1, nA = 59, nB = 63, 
Passed A1-3 for mA = 79, nA = 68, nB = 35, 
Passed A1-3 for mA = 79, nA = 68, nB = 25, 
Passed A1-3 for mA = 79, nA = 68, nB = 63, 
Passed A1-3 for mA = 79, nA = 70, nB = 35, 
Passed A1-3 for mA = 79, nA = 70, nB = 25, 
Passed A1-3 for mA = 79, nA = 70, nB = 63, 
Passed A1-3 for mA = 79, nA = 59, nB = 35, 
Passed A1-3 for mA = 79, nA = 59, nB = 25, 
Passed A1-3 for mA = 79, nA = 59, nB = 63, 
